2020-12-20T08:04:36.479Z - info: Website generation (lazy) started at 4:04:33 PM
2020-12-20T08:04:44.519Z - info: Building assets...
2020-12-20T08:04:50.012Z - info: Assets built
2020-12-20T08:04:50.012Z - info: Generating landing page...
2020-12-20T08:04:51.222Z - info: Landing page built, other pages will be built as you navigate to them!
2020-12-20T08:04:51.691Z - info: Site data built
2020-12-20T08:04:51.691Z - info: Website generation (lazy) complete! Total build time: 17.947s
2020-12-20T08:04:52.506Z - info: Serving "C:\repos\nus-cs2103-AY2021S1\cs2103-website\_site" at http://127.0.0.1:8080
2020-12-20T08:04:52.507Z - info: Press CTRL+C to stop ...
2020-12-20T08:06:20.012Z - info: [4:06:20 PM] Reload for file change: C:\repos\nus-cs2103-AY2021S1\cs2103-website\_markbind\headers\header.md
2020-12-20T08:06:21.024Z - info: Rebuilding 1 pages
2020-12-20T08:06:22.083Z - info: Site data built
2020-12-20T08:06:22.083Z - info: Pages rebuilt
2020-12-20T08:06:22.083Z - info: Website regeneration complete! Total build time: 1.06s
2020-12-20T08:06:38.421Z - info: [4:06:38 PM] Reload for file change: C:\repos\nus-cs2103-AY2021S1\cs2103-website\_markbind\variables.md
2020-12-20T08:06:39.433Z - info: Assets built
2020-12-20T08:06:54.709Z - info: Website generation (lazy) started at 4:06:52 PM
2020-12-20T08:07:03.234Z - info: Building assets...
2020-12-20T08:07:08.682Z - info: Assets built
2020-12-20T08:07:08.684Z - info: Generating landing page...
2020-12-20T08:07:09.608Z - info: Landing page built, other pages will be built as you navigate to them!
2020-12-20T08:07:10.073Z - info: Site data built
2020-12-20T08:07:10.073Z - info: Website generation (lazy) complete! Total build time: 18.057s
2020-12-20T08:07:10.911Z - info: Serving "C:\repos\nus-cs2103-AY2021S1\cs2103-website\_site" at http://127.0.0.1:8080
2020-12-20T08:07:10.911Z - info: Press CTRL+C to stop ...
2020-12-20T08:07:37.455Z - info: Building C:\repos\nus-cs2103-AY2021S1\cs2103-website\admin\weeklySchedule as some of its dependencies were changed since the last visit
2020-12-20T08:07:37.811Z - info: Site data built
2020-12-20T08:07:37.811Z - info: Lazy website regeneration complete! Total build time: 0.356s
2020-12-20T08:07:54.908Z - info: Website generation started at 4:07:51 PM
2020-12-20T08:08:03.214Z - info: Building assets...
2020-12-20T08:08:09.244Z - info: Assets built
2020-12-20T08:08:09.245Z - info: Generating pages...
2020-12-20T08:08:24.235Z - debug:  
2020-12-20T08:08:24.236Z - debug:  
2020-12-20T08:08:24.237Z - debug:  
2020-12-20T08:08:24.237Z - debug:  
2020-12-20T08:08:24.237Z - debug:  
2020-12-20T08:08:24.237Z - debug:  
2020-12-20T08:08:55.880Z - warn: You might have an invalid intra-link! Ignore this warning if it was intended.
'/website/book/about/usage.html' found in file 'C:\repos\nus-cs2103-AY2021S1\cs2103-website\book\index.md'
2020-12-20T08:08:55.883Z - warn: You might have an invalid intra-link! Ignore this warning if it was intended.
'/website/book/softwareEngineering/print.html' found in file 'C:\repos\nus-cs2103-AY2021S1\cs2103-website\book\index.md'
2020-12-20T08:08:55.884Z - warn: You might have an invalid intra-link! Ignore this warning if it was intended.
'/website/book/oop/print.html' found in file 'C:\repos\nus-cs2103-AY2021S1\cs2103-website\book\index.md'
2020-12-20T08:08:55.885Z - warn: You might have an invalid intra-link! Ignore this warning if it was intended.
'/website/book/requirements/print.html' found in file 'C:\repos\nus-cs2103-AY2021S1\cs2103-website\book\index.md'
2020-12-20T08:08:55.885Z - warn: You might have an invalid intra-link! Ignore this warning if it was intended.
'/website/book/gatheringRequirements/print.html' found in file 'C:\repos\nus-cs2103-AY2021S1\cs2103-website\book\index.md'
2020-12-20T08:08:55.886Z - warn: You might have an invalid intra-link! Ignore this warning if it was intended.
'/website/book/specifyingRequirements/print.html' found in file 'C:\repos\nus-cs2103-AY2021S1\cs2103-website\book\index.md'
2020-12-20T08:08:55.887Z - warn: You might have an invalid intra-link! Ignore this warning if it was intended.
'/website/book/design/print.html' found in file 'C:\repos\nus-cs2103-AY2021S1\cs2103-website\book\index.md'
2020-12-20T08:08:55.887Z - warn: You might have an invalid intra-link! Ignore this warning if it was intended.
'/website/book/designFundamentals/print.html' found in file 'C:\repos\nus-cs2103-AY2021S1\cs2103-website\book\index.md'
2020-12-20T08:08:55.888Z - warn: You might have an invalid intra-link! Ignore this warning if it was intended.
'/website/book/modeling/print.html' found in file 'C:\repos\nus-cs2103-AY2021S1\cs2103-website\book\index.md'
2020-12-20T08:08:55.889Z - warn: You might have an invalid intra-link! Ignore this warning if it was intended.
'/website/book/architecture/print.html' found in file 'C:\repos\nus-cs2103-AY2021S1\cs2103-website\book\index.md'
2020-12-20T08:08:55.889Z - warn: You might have an invalid intra-link! Ignore this warning if it was intended.
'/website/book/designPatterns/print.html' found in file 'C:\repos\nus-cs2103-AY2021S1\cs2103-website\book\index.md'
2020-12-20T08:08:55.890Z - warn: You might have an invalid intra-link! Ignore this warning if it was intended.
'/website/book/designApproaches/print.html' found in file 'C:\repos\nus-cs2103-AY2021S1\cs2103-website\book\index.md'
2020-12-20T08:08:55.890Z - warn: You might have an invalid intra-link! Ignore this warning if it was intended.
'/website/book/ides/print.html' found in file 'C:\repos\nus-cs2103-AY2021S1\cs2103-website\book\index.md'
2020-12-20T08:08:55.891Z - warn: You might have an invalid intra-link! Ignore this warning if it was intended.
'/website/book/codeQuality/print.html' found in file 'C:\repos\nus-cs2103-AY2021S1\cs2103-website\book\index.md'
2020-12-20T08:08:55.892Z - warn: You might have an invalid intra-link! Ignore this warning if it was intended.
'/website/book/refactoring/print.html' found in file 'C:\repos\nus-cs2103-AY2021S1\cs2103-website\book\index.md'
2020-12-20T08:08:55.892Z - warn: You might have an invalid intra-link! Ignore this warning if it was intended.
'/website/book/documentation/print.html' found in file 'C:\repos\nus-cs2103-AY2021S1\cs2103-website\book\index.md'
2020-12-20T08:08:55.893Z - warn: You might have an invalid intra-link! Ignore this warning if it was intended.
'/website/book/errorHandling/print.html' found in file 'C:\repos\nus-cs2103-AY2021S1\cs2103-website\book\index.md'
2020-12-20T08:08:55.893Z - warn: You might have an invalid intra-link! Ignore this warning if it was intended.
'/website/book/integration/print.html' found in file 'C:\repos\nus-cs2103-AY2021S1\cs2103-website\book\index.md'
2020-12-20T08:08:55.894Z - warn: You might have an invalid intra-link! Ignore this warning if it was intended.
'/website/book/reuse/print.html' found in file 'C:\repos\nus-cs2103-AY2021S1\cs2103-website\book\index.md'
2020-12-20T08:08:55.895Z - warn: You might have an invalid intra-link! Ignore this warning if it was intended.
'/website/book/qualityAssurance/print.html' found in file 'C:\repos\nus-cs2103-AY2021S1\cs2103-website\book\index.md'
2020-12-20T08:08:55.895Z - warn: You might have an invalid intra-link! Ignore this warning if it was intended.
'/website/book/testing/print.html' found in file 'C:\repos\nus-cs2103-AY2021S1\cs2103-website\book\index.md'
2020-12-20T08:08:55.896Z - warn: You might have an invalid intra-link! Ignore this warning if it was intended.
'/website/book/testCaseDesign/print.html' found in file 'C:\repos\nus-cs2103-AY2021S1\cs2103-website\book\index.md'
2020-12-20T08:08:55.897Z - warn: You might have an invalid intra-link! Ignore this warning if it was intended.
'/website/book/revisionControl/print.html' found in file 'C:\repos\nus-cs2103-AY2021S1\cs2103-website\book\index.md'
2020-12-20T08:08:55.898Z - warn: You might have an invalid intra-link! Ignore this warning if it was intended.
'/website/book/projectPlanning/print.html' found in file 'C:\repos\nus-cs2103-AY2021S1\cs2103-website\book\index.md'
2020-12-20T08:08:55.898Z - warn: You might have an invalid intra-link! Ignore this warning if it was intended.
'/website/book/teamwork/print.html' found in file 'C:\repos\nus-cs2103-AY2021S1\cs2103-website\book\index.md'
2020-12-20T08:08:55.899Z - warn: You might have an invalid intra-link! Ignore this warning if it was intended.
'/website/book/processModels/print.html' found in file 'C:\repos\nus-cs2103-AY2021S1\cs2103-website\book\index.md'
2020-12-20T08:08:55.900Z - warn: You might have an invalid intra-link! Ignore this warning if it was intended.
'/website/book/uml/print.html' found in file 'C:\repos\nus-cs2103-AY2021S1\cs2103-website\book\index.md'
2020-12-20T08:08:55.901Z - warn: You might have an invalid intra-link! Ignore this warning if it was intended.
'/website/book/intellij/print.html' found in file 'C:\repos\nus-cs2103-AY2021S1\cs2103-website\book\index.md'
2020-12-20T08:08:55.901Z - warn: You might have an invalid intra-link! Ignore this warning if it was intended.
'/website/book/gitAndGithub/print.html' found in file 'C:\repos\nus-cs2103-AY2021S1\cs2103-website\book\index.md'
2020-12-20T08:08:55.902Z - warn: You might have an invalid intra-link! Ignore this warning if it was intended.
'/website/book/principles/print.html' found in file 'C:\repos\nus-cs2103-AY2021S1\cs2103-website\book\index.md'
2020-12-20T08:08:55.903Z - warn: You might have an invalid intra-link! Ignore this warning if it was intended.
'/website/book/cppToJava/print.html' found in file 'C:\repos\nus-cs2103-AY2021S1\cs2103-website\book\index.md'
2020-12-20T08:08:55.903Z - warn: You might have an invalid intra-link! Ignore this warning if it was intended.
'/website/book/common/definitions.html' found in file 'C:\repos\nus-cs2103-AY2021S1\cs2103-website\book\index.md'
2020-12-20T08:08:55.904Z - warn: You might have an invalid intra-link! Ignore this warning if it was intended.
'/website/book/common/references.html' found in file 'C:\repos\nus-cs2103-AY2021S1\cs2103-website\book\index.md'
2020-12-20T08:08:55.904Z - warn: You might have an invalid intra-link! Ignore this warning if it was intended.
'/website/book/common/outcomes.html' found in file 'C:\repos\nus-cs2103-AY2021S1\cs2103-website\book\index.md'
2020-12-20T08:08:55.905Z - warn: You might have an invalid intra-link! Ignore this warning if it was intended.
'/website/book/common/print.html' found in file 'C:\repos\nus-cs2103-AY2021S1\cs2103-website\book\index.md'
2020-12-20T08:10:51.773Z - debug:  
2020-12-20T08:11:07.909Z - debug:  
2020-12-20T08:11:07.914Z - debug:  
2020-12-20T08:11:20.932Z - info: Pages built
2020-12-20T08:11:21.459Z - info: Site data built
2020-12-20T08:11:21.460Z - info: Website generation complete! Total build time: 209.602s
2020-12-20T08:11:21.460Z - info: Build success!
2020-12-20T08:11:26.350Z - info: Deployed at https://nus-tic4002-ay2021s2.github.io/website!
