2021-04-01T03:58:41.393Z - info: Website generation (lazy) started at 11:58:32 AM
2021-04-01T03:58:51.315Z - info: Building assets...
2021-04-01T03:58:57.099Z - info: Assets built
2021-04-01T03:58:57.099Z - info: Generating landing page...
2021-04-01T03:58:58.791Z - info: Landing page built, other pages will be built as you navigate to them!
2021-04-01T03:58:59.244Z - info: Site data built
2021-04-01T03:58:59.245Z - info: Website generation (lazy) complete! Total build time: 26.835s
2021-04-01T03:59:00.104Z - info: Serving "C:\repos\nus-cs2103-AY2021S1\cs2103-website\_site" at http://127.0.0.1:8080
2021-04-01T03:59:00.105Z - info: Press CTRL+C to stop ...
2021-04-01T04:03:30.059Z - info: Building C:\repos\nus-cs2103-AY2021S1\cs2103-website\schedule\week12\index as some of its dependencies were changed since the last visit
2021-04-01T04:03:31.119Z - info: Site data built
2021-04-01T04:03:31.119Z - info: Lazy website regeneration complete! Total build time: 1.064s
2021-04-01T04:04:30.333Z - info: Building C:\repos\nus-cs2103-AY2021S1\cs2103-website\schedule\week12\project as some of its dependencies were changed since the last visit
2021-04-01T04:04:34.405Z - info: Site data built
2021-04-01T04:04:34.405Z - info: Lazy website regeneration complete! Total build time: 4.073s
2021-04-01T04:07:10.809Z - info: [12:07:10 PM] Reload for file change: C:\repos\nus-cs2103-AY2021S1\cs2103-website\admin\tp-tasks.mbdf
2021-04-01T04:07:11.815Z - info: Rebuilding 1 pages
2021-04-01T04:07:14.793Z - info: Site data built
2021-04-01T04:07:14.795Z - info: Pages rebuilt
2021-04-01T04:07:14.795Z - info: Website regeneration complete! Total build time: 2.981s
2021-04-01T04:07:55.246Z - info: [12:07:55 PM] Reload for file change: C:\repos\nus-cs2103-AY2021S1\cs2103-website\admin\tp-tasks.mbdf
2021-04-01T04:07:56.274Z - info: Rebuilding 1 pages
2021-04-01T04:07:59.334Z - info: Site data built
2021-04-01T04:07:59.337Z - info: Pages rebuilt
2021-04-01T04:07:59.338Z - info: Website regeneration complete! Total build time: 3.065s
2021-04-01T04:08:17.765Z - info: Building C:\repos\nus-cs2103-AY2021S1\cs2103-website\schedule\week11\index as some of its dependencies were changed since the last visit
2021-04-01T04:08:18.636Z - info: Site data built
2021-04-01T04:08:18.637Z - info: Lazy website regeneration complete! Total build time: 0.872s
2021-04-01T04:08:23.514Z - info: Building C:\repos\nus-cs2103-AY2021S1\cs2103-website\schedule\week11\project as some of its dependencies were changed since the last visit
2021-04-01T04:08:24.408Z - info: Site data built
2021-04-01T04:08:24.408Z - info: Lazy website regeneration complete! Total build time: 0.894s
2021-04-01T04:15:05.826Z - info: [12:15:05 PM] Reload for file change: C:\repos\nus-cs2103-AY2021S1\cs2103-website\admin\tp-tasks.mbdf
2021-04-01T04:15:06.834Z - info: Rebuilding 1 pages
2021-04-01T04:15:08.360Z - info: Site data built
2021-04-01T04:15:08.361Z - info: Pages rebuilt
2021-04-01T04:15:08.361Z - info: Website regeneration complete! Total build time: 1.528s
2021-04-01T04:15:16.559Z - info: [12:15:16 PM] Reload for file change: C:\repos\nus-cs2103-AY2021S1\cs2103-website\admin\tp-tasks.mbdf
2021-04-01T04:15:17.567Z - info: Rebuilding 1 pages
2021-04-01T04:15:19.372Z - info: Site data built
2021-04-01T04:15:19.372Z - info: Pages rebuilt
2021-04-01T04:15:19.373Z - info: Website regeneration complete! Total build time: 1.809s
2021-04-01T04:16:20.768Z - info: [12:16:20 PM] Reload for file change: C:\repos\nus-cs2103-AY2021S1\cs2103-website\admin\tp-tasks.mbdf
2021-04-01T04:16:21.782Z - info: Rebuilding 1 pages
2021-04-01T04:16:23.473Z - info: Site data built
2021-04-01T04:16:23.473Z - info: Pages rebuilt
2021-04-01T04:16:23.473Z - info: Website regeneration complete! Total build time: 1.696s
2021-04-01T04:16:55.504Z - info: [12:16:55 PM] Reload for file change: C:\repos\nus-cs2103-AY2021S1\cs2103-website\admin\tp-tasks.mbdf
2021-04-01T04:16:56.515Z - info: Rebuilding 1 pages
2021-04-01T04:16:58.068Z - info: Site data built
2021-04-01T04:16:58.069Z - info: Pages rebuilt
2021-04-01T04:16:58.069Z - info: Website regeneration complete! Total build time: 1.559s
2021-04-01T04:19:07.394Z - info: [12:19:07 PM] Reload for file change: C:\repos\nus-cs2103-AY2021S1\cs2103-website\admin\tp-tasks.mbdf
2021-04-01T04:19:08.410Z - info: Rebuilding 1 pages
2021-04-01T04:19:10.084Z - info: Site data built
2021-04-01T04:19:10.085Z - info: Pages rebuilt
2021-04-01T04:19:10.085Z - info: Website regeneration complete! Total build time: 1.68s
2021-04-01T04:19:21.168Z - info: [12:19:21 PM] Reload for file change: C:\repos\nus-cs2103-AY2021S1\cs2103-website\admin\tp-tasks.mbdf
2021-04-01T04:19:22.172Z - info: Rebuilding 1 pages
2021-04-01T04:19:23.423Z - info: Site data built
2021-04-01T04:19:23.423Z - info: Pages rebuilt
2021-04-01T04:19:23.423Z - info: Website regeneration complete! Total build time: 1.254s
2021-04-01T04:19:29.593Z - info: [12:19:29 PM] Reload for file change: C:\repos\nus-cs2103-AY2021S1\cs2103-website\admin\tp-tasks.mbdf
2021-04-01T04:19:30.606Z - info: Rebuilding 1 pages
2021-04-01T04:19:31.675Z - info: Site data built
2021-04-01T04:19:31.676Z - info: Pages rebuilt
2021-04-01T04:19:31.676Z - info: Website regeneration complete! Total build time: 1.074s
2021-04-01T04:20:50.837Z - info: [12:20:50 PM] Reload for file change: C:\repos\nus-cs2103-AY2021S1\cs2103-website\admin\tp-tasks.mbdf
2021-04-01T04:20:51.847Z - info: Rebuilding 1 pages
2021-04-01T04:20:53.724Z - info: Site data built
2021-04-01T04:20:53.725Z - info: Pages rebuilt
2021-04-01T04:20:53.725Z - info: Website regeneration complete! Total build time: 1.881s
2021-04-01T04:21:21.423Z - info: Website generation started at 12:21:17 PM
2021-04-01T04:21:35.930Z - info: Building assets...
2021-04-01T04:21:45.735Z - info: Assets built
2021-04-01T04:21:45.736Z - info: Generating pages...
2021-04-01T04:22:01.465Z - debug:  
2021-04-01T04:22:01.465Z - debug:  
2021-04-01T04:22:01.466Z - debug:  
2021-04-01T04:22:01.490Z - debug:  
2021-04-01T04:22:01.490Z - debug:  
2021-04-01T04:22:01.490Z - debug:  
2021-04-01T04:22:46.856Z - warn: You might have an invalid intra-link! Ignore this warning if it was intended.
'/website/book/about/usage.html' found in file 'C:\repos\nus-cs2103-AY2021S1\cs2103-website\book\index.md'
2021-04-01T04:22:46.863Z - warn: You might have an invalid intra-link! Ignore this warning if it was intended.
'/website/book/softwareEngineering/print.html' found in file 'C:\repos\nus-cs2103-AY2021S1\cs2103-website\book\index.md'
2021-04-01T04:22:46.867Z - warn: You might have an invalid intra-link! Ignore this warning if it was intended.
'/website/book/oop/print.html' found in file 'C:\repos\nus-cs2103-AY2021S1\cs2103-website\book\index.md'
2021-04-01T04:22:46.870Z - warn: You might have an invalid intra-link! Ignore this warning if it was intended.
'/website/book/requirements/print.html' found in file 'C:\repos\nus-cs2103-AY2021S1\cs2103-website\book\index.md'
2021-04-01T04:22:46.872Z - warn: You might have an invalid intra-link! Ignore this warning if it was intended.
'/website/book/gatheringRequirements/print.html' found in file 'C:\repos\nus-cs2103-AY2021S1\cs2103-website\book\index.md'
2021-04-01T04:22:46.874Z - warn: You might have an invalid intra-link! Ignore this warning if it was intended.
'/website/book/specifyingRequirements/print.html' found in file 'C:\repos\nus-cs2103-AY2021S1\cs2103-website\book\index.md'
2021-04-01T04:22:46.877Z - warn: You might have an invalid intra-link! Ignore this warning if it was intended.
'/website/book/design/print.html' found in file 'C:\repos\nus-cs2103-AY2021S1\cs2103-website\book\index.md'
2021-04-01T04:22:46.879Z - warn: You might have an invalid intra-link! Ignore this warning if it was intended.
'/website/book/designFundamentals/print.html' found in file 'C:\repos\nus-cs2103-AY2021S1\cs2103-website\book\index.md'
2021-04-01T04:22:46.881Z - warn: You might have an invalid intra-link! Ignore this warning if it was intended.
'/website/book/modeling/print.html' found in file 'C:\repos\nus-cs2103-AY2021S1\cs2103-website\book\index.md'
2021-04-01T04:22:46.883Z - warn: You might have an invalid intra-link! Ignore this warning if it was intended.
'/website/book/architecture/print.html' found in file 'C:\repos\nus-cs2103-AY2021S1\cs2103-website\book\index.md'
2021-04-01T04:22:46.885Z - warn: You might have an invalid intra-link! Ignore this warning if it was intended.
'/website/book/designPatterns/print.html' found in file 'C:\repos\nus-cs2103-AY2021S1\cs2103-website\book\index.md'
2021-04-01T04:22:46.886Z - warn: You might have an invalid intra-link! Ignore this warning if it was intended.
'/website/book/designApproaches/print.html' found in file 'C:\repos\nus-cs2103-AY2021S1\cs2103-website\book\index.md'
2021-04-01T04:22:46.889Z - warn: You might have an invalid intra-link! Ignore this warning if it was intended.
'/website/book/ides/print.html' found in file 'C:\repos\nus-cs2103-AY2021S1\cs2103-website\book\index.md'
2021-04-01T04:22:46.891Z - warn: You might have an invalid intra-link! Ignore this warning if it was intended.
'/website/book/codeQuality/print.html' found in file 'C:\repos\nus-cs2103-AY2021S1\cs2103-website\book\index.md'
2021-04-01T04:22:46.894Z - warn: You might have an invalid intra-link! Ignore this warning if it was intended.
'/website/book/refactoring/print.html' found in file 'C:\repos\nus-cs2103-AY2021S1\cs2103-website\book\index.md'
2021-04-01T04:22:46.896Z - warn: You might have an invalid intra-link! Ignore this warning if it was intended.
'/website/book/documentation/print.html' found in file 'C:\repos\nus-cs2103-AY2021S1\cs2103-website\book\index.md'
2021-04-01T04:22:46.897Z - warn: You might have an invalid intra-link! Ignore this warning if it was intended.
'/website/book/errorHandling/print.html' found in file 'C:\repos\nus-cs2103-AY2021S1\cs2103-website\book\index.md'
2021-04-01T04:22:46.900Z - warn: You might have an invalid intra-link! Ignore this warning if it was intended.
'/website/book/integration/print.html' found in file 'C:\repos\nus-cs2103-AY2021S1\cs2103-website\book\index.md'
2021-04-01T04:22:46.902Z - warn: You might have an invalid intra-link! Ignore this warning if it was intended.
'/website/book/reuse/print.html' found in file 'C:\repos\nus-cs2103-AY2021S1\cs2103-website\book\index.md'
2021-04-01T04:22:46.905Z - warn: You might have an invalid intra-link! Ignore this warning if it was intended.
'/website/book/qualityAssurance/print.html' found in file 'C:\repos\nus-cs2103-AY2021S1\cs2103-website\book\index.md'
2021-04-01T04:22:46.907Z - warn: You might have an invalid intra-link! Ignore this warning if it was intended.
'/website/book/testing/print.html' found in file 'C:\repos\nus-cs2103-AY2021S1\cs2103-website\book\index.md'
2021-04-01T04:22:46.911Z - warn: You might have an invalid intra-link! Ignore this warning if it was intended.
'/website/book/testCaseDesign/print.html' found in file 'C:\repos\nus-cs2103-AY2021S1\cs2103-website\book\index.md'
2021-04-01T04:22:46.914Z - warn: You might have an invalid intra-link! Ignore this warning if it was intended.
'/website/book/revisionControl/print.html' found in file 'C:\repos\nus-cs2103-AY2021S1\cs2103-website\book\index.md'
2021-04-01T04:22:46.916Z - warn: You might have an invalid intra-link! Ignore this warning if it was intended.
'/website/book/projectPlanning/print.html' found in file 'C:\repos\nus-cs2103-AY2021S1\cs2103-website\book\index.md'
2021-04-01T04:22:46.918Z - warn: You might have an invalid intra-link! Ignore this warning if it was intended.
'/website/book/teamwork/print.html' found in file 'C:\repos\nus-cs2103-AY2021S1\cs2103-website\book\index.md'
2021-04-01T04:22:46.920Z - warn: You might have an invalid intra-link! Ignore this warning if it was intended.
'/website/book/processModels/print.html' found in file 'C:\repos\nus-cs2103-AY2021S1\cs2103-website\book\index.md'
2021-04-01T04:22:46.923Z - warn: You might have an invalid intra-link! Ignore this warning if it was intended.
'/website/book/uml/print.html' found in file 'C:\repos\nus-cs2103-AY2021S1\cs2103-website\book\index.md'
2021-04-01T04:22:46.926Z - warn: You might have an invalid intra-link! Ignore this warning if it was intended.
'/website/book/intellij/print.html' found in file 'C:\repos\nus-cs2103-AY2021S1\cs2103-website\book\index.md'
2021-04-01T04:22:46.928Z - warn: You might have an invalid intra-link! Ignore this warning if it was intended.
'/website/book/gitAndGithub/print.html' found in file 'C:\repos\nus-cs2103-AY2021S1\cs2103-website\book\index.md'
2021-04-01T04:22:46.931Z - warn: You might have an invalid intra-link! Ignore this warning if it was intended.
'/website/book/principles/print.html' found in file 'C:\repos\nus-cs2103-AY2021S1\cs2103-website\book\index.md'
2021-04-01T04:22:46.934Z - warn: You might have an invalid intra-link! Ignore this warning if it was intended.
'/website/book/cppToJava/print.html' found in file 'C:\repos\nus-cs2103-AY2021S1\cs2103-website\book\index.md'
2021-04-01T04:22:46.936Z - warn: You might have an invalid intra-link! Ignore this warning if it was intended.
'/website/book/common/definitions.html' found in file 'C:\repos\nus-cs2103-AY2021S1\cs2103-website\book\index.md'
2021-04-01T04:22:46.937Z - warn: You might have an invalid intra-link! Ignore this warning if it was intended.
'/website/book/common/references.html' found in file 'C:\repos\nus-cs2103-AY2021S1\cs2103-website\book\index.md'
2021-04-01T04:22:46.938Z - warn: You might have an invalid intra-link! Ignore this warning if it was intended.
'/website/book/common/outcomes.html' found in file 'C:\repos\nus-cs2103-AY2021S1\cs2103-website\book\index.md'
2021-04-01T04:22:46.939Z - warn: You might have an invalid intra-link! Ignore this warning if it was intended.
'/website/book/common/print.html' found in file 'C:\repos\nus-cs2103-AY2021S1\cs2103-website\book\index.md'
2021-04-01T04:25:13.239Z - debug:  
2021-04-01T04:25:33.576Z - debug:  
2021-04-01T04:25:33.577Z - debug:  
2021-04-01T04:25:47.323Z - info: Pages built
2021-04-01T04:25:47.873Z - info: Site data built
2021-04-01T04:25:47.873Z - info: Website generation complete! Total build time: 269.963s
2021-04-01T04:25:47.873Z - info: Build success!
2021-04-01T04:25:55.380Z - info: Deployed at https://nus-cs2103-ay2021s2.github.io/website!
2021-04-01T04:31:58.886Z - info: Website generation (lazy) started at 12:31:53 PM
2021-04-01T04:32:11.902Z - info: Building assets...
2021-04-01T04:32:19.288Z - info: Assets built
2021-04-01T04:32:19.288Z - info: Generating landing page...
2021-04-01T04:32:21.194Z - info: Landing page built, other pages will be built as you navigate to them!
2021-04-01T04:32:21.696Z - info: Site data built
2021-04-01T04:32:21.697Z - info: Website generation (lazy) complete! Total build time: 28.603s
2021-04-01T04:32:23.277Z - info: Serving "C:\repos\nus-cs2103-AY2021S1\cs2103-website\_site" at http://127.0.0.1:8080
2021-04-01T04:32:23.278Z - info: Press CTRL+C to stop ...
2021-04-01T04:32:23.888Z - info: [12:32:23 PM] Reload for file change: C:\repos\nus-cs2103-AY2021S1\cs2103-website\admin\tp-tasks.mbdf
2021-04-01T04:32:25.034Z - info: Rebuilding 1 pages
2021-04-01T04:32:27.652Z - info: Site data built
2021-04-01T04:32:27.653Z - info: Pages rebuilt
2021-04-01T04:32:27.653Z - info: Website regeneration complete! Total build time: 2.62s
2021-04-01T04:33:14.047Z - info: [12:33:14 PM] Reload for file change: C:\repos\nus-cs2103-AY2021S1\cs2103-website\admin\tp-tasks.mbdf
2021-04-01T04:33:15.056Z - info: Rebuilding 1 pages
2021-04-01T04:33:16.547Z - info: Site data built
2021-04-01T04:33:16.547Z - info: Pages rebuilt
2021-04-01T04:33:16.547Z - info: Website regeneration complete! Total build time: 1.497s
2021-04-01T04:33:18.762Z - info: Building C:\repos\nus-cs2103-AY2021S1\cs2103-website\schedule\week12\index as some of its dependencies were changed since the last visit
2021-04-01T04:33:19.244Z - info: Site data built
2021-04-01T04:33:19.244Z - info: Lazy website regeneration complete! Total build time: 0.483s
2021-04-01T04:33:22.227Z - info: Building C:\repos\nus-cs2103-AY2021S1\cs2103-website\schedule\week12\project as some of its dependencies were changed since the last visit
2021-04-01T04:33:24.815Z - info: Site data built
2021-04-01T04:33:24.815Z - info: Lazy website regeneration complete! Total build time: 2.589s
2021-04-01T04:33:48.731Z - info: [12:33:48 PM] Reload for file change: C:\repos\nus-cs2103-AY2021S1\cs2103-website\admin\tp-tasks.mbdf
2021-04-01T04:33:49.739Z - info: Rebuilding 1 pages
2021-04-01T04:33:52.787Z - info: Site data built
2021-04-01T04:33:52.788Z - info: Pages rebuilt
2021-04-01T04:33:52.789Z - info: Website regeneration complete! Total build time: 3.053s
2021-04-01T04:38:01.793Z - info: [12:38:01 PM] Reload for file change: C:\repos\nus-cs2103-AY2021S1\cs2103-website\admin\tp-tasks.mbdf
2021-04-01T04:38:02.821Z - info: Rebuilding 1 pages
2021-04-01T04:38:06.465Z - info: Site data built
2021-04-01T04:38:06.468Z - info: Pages rebuilt
2021-04-01T04:38:06.468Z - info: Website regeneration complete! Total build time: 3.652s
2021-04-01T04:38:11.426Z - info: [12:38:11 PM] Reload for file change: C:\repos\nus-cs2103-AY2021S1\cs2103-website\admin\tp-tasks.mbdf
2021-04-01T04:38:12.435Z - info: Rebuilding 1 pages
2021-04-01T04:38:15.172Z - info: Site data built
2021-04-01T04:38:15.173Z - info: Pages rebuilt
2021-04-01T04:38:15.173Z - info: Website regeneration complete! Total build time: 2.742s
2021-04-01T04:46:14.454Z - info: Building C:\repos\nus-cs2103-AY2021S1\cs2103-website\schedule\week13\project as some of its dependencies were changed since the last visit
2021-04-01T04:46:17.138Z - info: Site data built
2021-04-01T04:46:17.139Z - info: Lazy website regeneration complete! Total build time: 2.691s
2021-04-01T04:49:53.279Z - info: [12:49:53 PM] Reload for file change: C:\repos\nus-cs2103-AY2021S1\cs2103-website\admin\tp-tasks.mbdf
2021-04-01T04:49:54.300Z - info: Rebuilding 1 pages
2021-04-01T04:49:56.893Z - info: Site data built
2021-04-01T04:49:56.895Z - info: Pages rebuilt
2021-04-01T04:49:56.895Z - info: Website regeneration complete! Total build time: 2.599s
2021-04-01T04:51:43.876Z - info: [12:51:43 PM] Reload for file change: C:\repos\nus-cs2103-AY2021S1\cs2103-website\admin\tp-deliverables-ug.mbdf
2021-04-01T04:51:44.900Z - info: Rebuilding 1 pages
2021-04-01T04:51:47.369Z - info: Site data built
2021-04-01T04:51:47.371Z - info: Pages rebuilt
2021-04-01T04:51:47.371Z - info: Website regeneration complete! Total build time: 2.475s
2021-04-01T04:54:43.020Z - info: [12:54:43 PM] Reload for file change: C:\repos\nus-cs2103-AY2021S1\cs2103-website\admin\tp-deliverables-ppp.mbdf
2021-04-01T04:54:44.034Z - info: Rebuilding 1 pages
2021-04-01T04:54:46.718Z - info: Site data built
2021-04-01T04:54:46.719Z - info: Pages rebuilt
2021-04-01T04:54:46.719Z - info: Website regeneration complete! Total build time: 2.69s
2021-04-01T04:57:46.324Z - info: [12:57:46 PM] Reload for file change: C:\repos\nus-cs2103-AY2021S1\cs2103-website\admin\tp-deliverables-ppp.mbdf
2021-04-01T04:57:47.330Z - info: Rebuilding 1 pages
2021-04-01T04:57:50.242Z - info: Site data built
2021-04-01T04:57:50.243Z - info: Pages rebuilt
2021-04-01T04:57:50.243Z - info: Website regeneration complete! Total build time: 2.914s
2021-04-01T04:58:54.888Z - info: [12:58:54 PM] Reload for file change: C:\repos\nus-cs2103-AY2021S1\cs2103-website\admin\tp-deliverables-demo.mbdf
2021-04-01T04:58:55.901Z - info: Rebuilding 1 pages
2021-04-01T04:58:58.737Z - info: Site data built
2021-04-01T04:58:58.744Z - info: Pages rebuilt
2021-04-01T04:58:58.744Z - info: Website regeneration complete! Total build time: 2.847s
2021-04-01T05:02:00.523Z - info: [1:02:00 PM] Reload for file change: C:\repos\nus-cs2103-AY2021S1\cs2103-website\admin\tp-deliverables-demo.mbdf
2021-04-01T05:02:01.540Z - info: Rebuilding 1 pages
2021-04-01T05:02:04.208Z - info: Site data built
2021-04-01T05:02:04.209Z - info: Pages rebuilt
2021-04-01T05:02:04.209Z - info: Website regeneration complete! Total build time: 2.673s
2021-04-01T05:11:48.779Z - info: [1:11:48 PM] Reload for file change: C:\repos\nus-cs2103-AY2021S1\cs2103-website\admin\tp-pe.mbdf
2021-04-01T05:11:49.797Z - info: Rebuilding 1 pages
2021-04-01T05:11:52.213Z - info: Site data built
2021-04-01T05:11:52.220Z - info: Pages rebuilt
2021-04-01T05:11:52.220Z - info: Website regeneration complete! Total build time: 2.429s
2021-04-01T05:14:01.342Z - info: [1:14:01 PM] Reload for file change: C:\repos\nus-cs2103-AY2021S1\cs2103-website\admin\tp-pe.mbdf
2021-04-01T05:14:02.362Z - info: Rebuilding 1 pages
2021-04-01T05:14:04.835Z - info: Site data built
2021-04-01T05:14:04.841Z - info: Pages rebuilt
2021-04-01T05:14:04.842Z - info: Website regeneration complete! Total build time: 2.486s
2021-04-01T05:18:45.682Z - info: [1:18:45 PM] Reload for file change: C:\repos\nus-cs2103-AY2021S1\cs2103-website\admin\tp-pe.mbdf
2021-04-01T05:18:46.707Z - info: Rebuilding 1 pages
2021-04-01T05:18:49.635Z - info: Site data built
2021-04-01T05:18:49.635Z - info: Pages rebuilt
2021-04-01T05:18:49.635Z - info: Website regeneration complete! Total build time: 2.936s
2021-04-01T05:19:20.871Z - info: Building C:\repos\nus-cs2103-AY2021S1\cs2103-website\admin\index as some of its dependencies were changed since the last visit
2021-04-01T05:19:21.765Z - info: Site data built
2021-04-01T05:19:21.765Z - info: Lazy website regeneration complete! Total build time: 0.895s
2021-04-01T05:19:30.543Z - info: Building C:\repos\nus-cs2103-AY2021S1\cs2103-website\admin\tp-pe as some of its dependencies were changed since the last visit
2021-04-01T05:19:32.275Z - info: Site data built
2021-04-01T05:19:32.276Z - info: Lazy website regeneration complete! Total build time: 1.733s
2021-04-01T05:23:42.555Z - info: [1:23:42 PM] Reload for file change: C:\repos\nus-cs2103-AY2021S1\cs2103-website\admin\tp-pe.mbdf
2021-04-01T05:23:43.564Z - info: Rebuilding 1 pages
2021-04-01T05:23:45.889Z - info: Site data built
2021-04-01T05:23:45.891Z - info: Pages rebuilt
2021-04-01T05:23:45.891Z - info: Website regeneration complete! Total build time: 2.331s
2021-04-01T05:24:00.249Z - info: [1:24:00 PM] Reload for file change: C:\repos\nus-cs2103-AY2021S1\cs2103-website\admin\tp-pe.mbdf
2021-04-01T05:24:01.257Z - info: Rebuilding 1 pages
2021-04-01T05:24:02.777Z - info: Site data built
2021-04-01T05:24:02.779Z - info: Pages rebuilt
2021-04-01T05:24:02.779Z - info: Website regeneration complete! Total build time: 1.525s
2021-04-01T05:26:26.831Z - info: [1:26:26 PM] Reload for file change: C:\repos\nus-cs2103-AY2021S1\cs2103-website\admin\tp-pe.mbdf
2021-04-01T05:26:27.842Z - info: Rebuilding 1 pages
2021-04-01T05:26:30.025Z - info: Site data built
2021-04-01T05:26:30.025Z - info: Pages rebuilt
2021-04-01T05:26:30.025Z - info: Website regeneration complete! Total build time: 2.188s
2021-04-01T05:27:12.926Z - info: [1:27:12 PM] Reload for file change: C:\repos\nus-cs2103-AY2021S1\cs2103-website\admin\tp-pe.mbdf
2021-04-01T05:27:13.942Z - info: Rebuilding 1 pages
2021-04-01T05:27:15.846Z - info: Site data built
2021-04-01T05:27:15.848Z - info: Pages rebuilt
2021-04-01T05:27:15.848Z - info: Website regeneration complete! Total build time: 1.91s
2021-04-01T05:28:03.911Z - info: [1:28:03 PM] Reload for file change: C:\repos\nus-cs2103-AY2021S1\cs2103-website\admin\tp-pe.mbdf
2021-04-01T05:28:04.916Z - info: Rebuilding 1 pages
2021-04-01T05:28:06.648Z - info: Site data built
2021-04-01T05:28:06.648Z - info: Pages rebuilt
2021-04-01T05:28:06.648Z - info: Website regeneration complete! Total build time: 1.733s
2021-04-01T05:28:32.909Z - info: [1:28:32 PM] Reload for file change: C:\repos\nus-cs2103-AY2021S1\cs2103-website\admin\tp-pe.mbdf
2021-04-01T05:28:33.921Z - info: Rebuilding 1 pages
2021-04-01T05:28:35.940Z - info: Site data built
2021-04-01T05:28:35.941Z - info: Pages rebuilt
2021-04-01T05:28:35.941Z - info: Website regeneration complete! Total build time: 2.025s
2021-04-01T05:29:13.400Z - info: [1:29:13 PM] Reload for file change: C:\repos\nus-cs2103-AY2021S1\cs2103-website\admin\tp-pe.mbdf
2021-04-01T05:29:14.412Z - info: Rebuilding 1 pages
2021-04-01T05:29:14.981Z - error:  Error: No such segment 'warning-use-catcher' in file: C:\repos\nus-cs2103-AY2021S1\cs2103-website\admin\tp-pe.mbdf
Missing reference in C:\repos\nus-cs2103-AY2021S1\cs2103-website\admin\tp-pe.mbdf
    at NodePreprocessor._preProcessInclude (C:\Users\damithch\AppData\Roaming\npm\node_modules\markbind-cli\node_modules\@markbind\core\src\html\NodePreprocessor.js:285:23)
    at NodePreprocessor.preProcessNode (C:\Users\damithch\AppData\Roaming\npm\node_modules\markbind-cli\node_modules\@markbind\core\src\html\NodePreprocessor.js:350:19)
    at C:\Users\damithch\AppData\Roaming\npm\node_modules\markbind-cli\node_modules\@markbind\core\src\html\NodePreprocessor.js:357:59
    at Array.map (<anonymous>)
    at NodePreprocessor.preProcessNode (C:\Users\damithch\AppData\Roaming\npm\node_modules\markbind-cli\node_modules\@markbind\core\src\html\NodePreprocessor.js:357:45)
    at C:\Users\damithch\AppData\Roaming\npm\node_modules\markbind-cli\node_modules\@markbind\core\src\html\NodePreprocessor.js:357:59
    at Array.map (<anonymous>)
    at NodePreprocessor.preProcessNode (C:\Users\damithch\AppData\Roaming\npm\node_modules\markbind-cli\node_modules\@markbind\core\src\html\NodePreprocessor.js:357:45)
    at C:\Users\damithch\AppData\Roaming\npm\node_modules\markbind-cli\node_modules\@markbind\core\src\html\NodePreprocessor.js:357:59
    at Array.map (<anonymous>)
    at NodePreprocessor.preProcessNode (C:\Users\damithch\AppData\Roaming\npm\node_modules\markbind-cli\node_modules\@markbind\core\src\html\NodePreprocessor.js:357:45)
    at C:\Users\damithch\AppData\Roaming\npm\node_modules\markbind-cli\node_modules\@markbind\core\src\html\NodePreprocessor.js:357:59
    at Array.map (<anonymous>)
    at NodePreprocessor.preProcessNode (C:\Users\damithch\AppData\Roaming\npm\node_modules\markbind-cli\node_modules\@markbind\core\src\html\NodePreprocessor.js:357:45)
    at C:\Users\damithch\AppData\Roaming\npm\node_modules\markbind-cli\node_modules\@markbind\core\src\html\NodePreprocessor.js:357:59
    at Array.map (<anonymous>)
2021-04-01T05:29:15.473Z - error:  Error: No such segment 'warning-use-catcher' in file: C:\repos\nus-cs2103-AY2021S1\cs2103-website\admin\tp-pe.mbdf
Missing reference in C:\repos\nus-cs2103-AY2021S1\cs2103-website\admin\tp-pe.mbdf
    at NodePreprocessor._preProcessInclude (C:\Users\damithch\AppData\Roaming\npm\node_modules\markbind-cli\node_modules\@markbind\core\src\html\NodePreprocessor.js:285:23)
    at NodePreprocessor.preProcessNode (C:\Users\damithch\AppData\Roaming\npm\node_modules\markbind-cli\node_modules\@markbind\core\src\html\NodePreprocessor.js:350:19)
    at C:\Users\damithch\AppData\Roaming\npm\node_modules\markbind-cli\node_modules\@markbind\core\src\html\NodePreprocessor.js:357:59
    at Array.map (<anonymous>)
    at NodePreprocessor.preProcessNode (C:\Users\damithch\AppData\Roaming\npm\node_modules\markbind-cli\node_modules\@markbind\core\src\html\NodePreprocessor.js:357:45)
    at C:\Users\damithch\AppData\Roaming\npm\node_modules\markbind-cli\node_modules\@markbind\core\src\html\NodePreprocessor.js:357:59
    at Array.map (<anonymous>)
    at NodePreprocessor.preProcessNode (C:\Users\damithch\AppData\Roaming\npm\node_modules\markbind-cli\node_modules\@markbind\core\src\html\NodePreprocessor.js:357:45)
    at C:\Users\damithch\AppData\Roaming\npm\node_modules\markbind-cli\node_modules\@markbind\core\src\html\NodePreprocessor.js:357:59
    at Array.map (<anonymous>)
    at NodePreprocessor.preProcessNode (C:\Users\damithch\AppData\Roaming\npm\node_modules\markbind-cli\node_modules\@markbind\core\src\html\NodePreprocessor.js:357:45)
    at C:\Users\damithch\AppData\Roaming\npm\node_modules\markbind-cli\node_modules\@markbind\core\src\html\NodePreprocessor.js:357:59
    at Array.map (<anonymous>)
    at NodePreprocessor.preProcessNode (C:\Users\damithch\AppData\Roaming\npm\node_modules\markbind-cli\node_modules\@markbind\core\src\html\NodePreprocessor.js:357:45)
    at C:\Users\damithch\AppData\Roaming\npm\node_modules\markbind-cli\node_modules\@markbind\core\src\html\NodePreprocessor.js:357:59
    at Array.map (<anonymous>)
2021-04-01T05:29:16.386Z - info: Site data built
2021-04-01T05:29:16.387Z - info: Pages rebuilt
2021-04-01T05:29:16.387Z - info: Website regeneration complete! Total build time: 1.98s
2021-04-01T05:29:58.042Z - info: [1:29:58 PM] Reload for file change: C:\repos\nus-cs2103-AY2021S1\cs2103-website\admin\tp-pe.mbdf
2021-04-01T05:29:59.060Z - info: Rebuilding 1 pages
2021-04-01T05:30:00.882Z - info: Site data built
2021-04-01T05:30:00.882Z - info: Pages rebuilt
2021-04-01T05:30:00.882Z - info: Website regeneration complete! Total build time: 1.826s
2021-04-01T05:30:36.575Z - info: [1:30:36 PM] Reload for file change: C:\repos\nus-cs2103-AY2021S1\cs2103-website\admin\tp-pe.mbdf
2021-04-01T05:30:37.593Z - info: Rebuilding 1 pages
2021-04-01T05:30:39.491Z - info: Site data built
2021-04-01T05:30:39.492Z - info: Pages rebuilt
2021-04-01T05:30:39.493Z - info: Website regeneration complete! Total build time: 1.907s
2021-04-01T05:31:14.694Z - info: [1:31:14 PM] Reload for file change: C:\repos\nus-cs2103-AY2021S1\cs2103-website\admin\tp-pe.mbdf
2021-04-01T05:31:15.709Z - info: Rebuilding 1 pages
2021-04-01T05:31:17.842Z - info: Site data built
2021-04-01T05:31:17.842Z - info: Pages rebuilt
2021-04-01T05:31:17.843Z - info: Website regeneration complete! Total build time: 2.138s
2021-04-01T05:31:39.841Z - info: [1:31:39 PM] Reload for file change: C:\repos\nus-cs2103-AY2021S1\cs2103-website\admin\tp-pe.mbdf
2021-04-01T05:31:40.875Z - info: Rebuilding 1 pages
2021-04-01T05:31:42.475Z - info: Site data built
2021-04-01T05:31:42.476Z - info: Pages rebuilt
2021-04-01T05:31:42.476Z - info: Website regeneration complete! Total build time: 1.604s
2021-04-01T05:32:07.332Z - info: [1:32:07 PM] Reload for file change: C:\repos\nus-cs2103-AY2021S1\cs2103-website\admin\tp-pe.mbdf
2021-04-01T05:32:08.347Z - info: Rebuilding 1 pages
2021-04-01T05:32:10.578Z - info: Site data built
2021-04-01T05:32:10.579Z - info: Pages rebuilt
2021-04-01T05:32:10.580Z - info: Website regeneration complete! Total build time: 2.236s
2021-04-01T05:35:42.498Z - info: [1:35:42 PM] Reload for file change: C:\repos\nus-cs2103-AY2021S1\cs2103-website\admin\tp-ped.mbdf
2021-04-01T05:35:43.515Z - info: Rebuilding 1 pages
2021-04-01T05:35:45.521Z - info: Site data built
2021-04-01T05:35:45.522Z - info: Pages rebuilt
2021-04-01T05:35:45.522Z - info: Website regeneration complete! Total build time: 2.011s
2021-04-01T05:42:45.283Z - info: [1:42:45 PM] Reload for file change: C:\repos\nus-cs2103-AY2021S1\cs2103-website\admin\tp-ped.mbdf
2021-04-01T05:42:46.302Z - info: Rebuilding 1 pages
2021-04-01T05:42:48.264Z - info: Site data built
2021-04-01T05:42:48.264Z - info: Pages rebuilt
2021-04-01T05:42:48.265Z - info: Website regeneration complete! Total build time: 1.967s
2021-04-01T05:43:43.975Z - info: [1:43:43 PM] Reload for file change: C:\repos\nus-cs2103-AY2021S1\cs2103-website\admin\tp-testing.mbdf
2021-04-01T05:43:44.990Z - info: Rebuilding 1 pages
2021-04-01T05:43:47.111Z - info: Site data built
2021-04-01T05:43:47.111Z - info: Pages rebuilt
2021-04-01T05:43:47.111Z - info: Website regeneration complete! Total build time: 2.125s
2021-04-01T05:44:09.432Z - info: [1:44:09 PM] Reload for file change: C:\repos\nus-cs2103-AY2021S1\cs2103-website\admin\tp-testing.mbdf
2021-04-01T05:44:10.455Z - info: Rebuilding 1 pages
2021-04-01T05:44:12.112Z - info: Site data built
2021-04-01T05:44:12.113Z - info: Pages rebuilt
2021-04-01T05:44:12.113Z - info: Website regeneration complete! Total build time: 1.661s
2021-04-01T05:50:57.476Z - info: [1:50:57 PM] Reload for file change: C:\repos\nus-cs2103-AY2021S1\cs2103-website\admin\tp-ped.mbdf
2021-04-01T05:50:58.487Z - info: Rebuilding 1 pages
2021-04-01T05:51:00.542Z - info: Site data built
2021-04-01T05:51:00.543Z - info: Pages rebuilt
2021-04-01T05:51:00.544Z - info: Website regeneration complete! Total build time: 2.062s
2021-04-01T07:10:10.650Z - info: [3:10:10 PM] Reload for file change: C:\repos\nus-cs2103-AY2021S1\cs2103-website\admin\tp-pe.mbdf
2021-04-01T07:10:10.706Z - info: [3:10:10 PM] Reload for file change: C:\repos\nus-cs2103-AY2021S1\cs2103-website\admin\tp-pe.mbdf
2021-04-01T07:10:11.701Z - info: Rebuilding 1 pages
2021-04-01T07:10:14.106Z - info: Site data built
2021-04-01T07:10:14.108Z - info: Pages rebuilt
2021-04-01T07:10:14.108Z - info: Website regeneration complete! Total build time: 2.41s
2021-04-01T07:13:03.975Z - info: [3:13:03 PM] Reload for file change: C:\repos\nus-cs2103-AY2021S1\cs2103-website\admin\tp-pe.mbdf
2021-04-01T07:13:04.984Z - info: Rebuilding 1 pages
2021-04-01T07:13:06.962Z - info: Site data built
2021-04-01T07:13:06.962Z - info: Pages rebuilt
2021-04-01T07:13:06.962Z - info: Website regeneration complete! Total build time: 1.98s
2021-04-01T07:14:38.858Z - info: [3:14:38 PM] Reload for file change: C:\repos\nus-cs2103-AY2021S1\cs2103-website\admin\tp-pe.mbdf
2021-04-01T07:14:39.869Z - info: Rebuilding 1 pages
2021-04-01T07:14:41.855Z - info: Site data built
2021-04-01T07:14:41.856Z - info: Pages rebuilt
2021-04-01T07:14:41.856Z - info: Website regeneration complete! Total build time: 1.989s
2021-04-01T07:25:16.760Z - info: [3:25:16 PM] Reload for file change: C:\repos\nus-cs2103-AY2021S1\cs2103-website\admin\tp-pe.mbdf
2021-04-01T07:25:17.766Z - info: Rebuilding 1 pages
2021-04-01T07:25:19.647Z - info: Site data built
2021-04-01T07:25:19.648Z - info: Pages rebuilt
2021-04-01T07:25:19.648Z - info: Website regeneration complete! Total build time: 1.883s
2021-04-01T07:27:08.991Z - info: [3:27:08 PM] Reload for file change: C:\repos\nus-cs2103-AY2021S1\cs2103-website\admin\tp-pe.mbdf
2021-04-01T07:27:10.005Z - info: Rebuilding 1 pages
2021-04-01T07:27:11.878Z - info: Site data built
2021-04-01T07:27:11.878Z - info: Pages rebuilt
2021-04-01T07:27:11.879Z - info: Website regeneration complete! Total build time: 1.879s
2021-04-01T07:27:33.671Z - info: [3:27:33 PM] Reload for file change: C:\repos\nus-cs2103-AY2021S1\cs2103-website\admin\tp-pe.mbdf
2021-04-01T07:27:34.683Z - info: Rebuilding 1 pages
2021-04-01T07:27:36.360Z - info: Site data built
2021-04-01T07:27:36.360Z - info: Pages rebuilt
2021-04-01T07:27:36.360Z - info: Website regeneration complete! Total build time: 1.682s
2021-04-01T07:35:55.513Z - info: [3:35:55 PM] Reload for file change: C:\repos\nus-cs2103-AY2021S1\cs2103-website\admin\tp-pe.mbdf
2021-04-01T07:35:56.525Z - info: Rebuilding 1 pages
2021-04-01T07:35:59.106Z - info: Site data built
2021-04-01T07:35:59.108Z - info: Pages rebuilt
2021-04-01T07:35:59.108Z - info: Website regeneration complete! Total build time: 2.587s
2021-04-01T07:36:05.157Z - info: [3:36:05 PM] Reload for file change: C:\repos\nus-cs2103-AY2021S1\cs2103-website\admin\tp-pe.mbdf
2021-04-01T07:36:06.164Z - info: Rebuilding 1 pages
2021-04-01T07:36:07.542Z - info: Site data built
2021-04-01T07:36:07.543Z - info: Pages rebuilt
2021-04-01T07:36:07.544Z - info: Website regeneration complete! Total build time: 1.383s
2021-04-01T07:43:04.622Z - info: [3:43:04 PM] Reload for file change: C:\repos\nus-cs2103-AY2021S1\cs2103-website\admin\tp-pe.mbdf
2021-04-01T07:43:05.634Z - info: Rebuilding 1 pages
2021-04-01T07:43:07.486Z - info: Site data built
2021-04-01T07:43:07.487Z - info: Pages rebuilt
2021-04-01T07:43:07.487Z - info: Website regeneration complete! Total build time: 1.857s
2021-04-01T07:44:15.535Z - info: [3:44:15 PM] Reload for file change: C:\repos\nus-cs2103-AY2021S1\cs2103-website\admin\tp-pe.mbdf
2021-04-01T07:44:16.547Z - info: Rebuilding 1 pages
2021-04-01T07:44:17.957Z - info: Site data built
2021-04-01T07:44:17.957Z - info: Pages rebuilt
2021-04-01T07:44:17.957Z - info: Website regeneration complete! Total build time: 1.415s
2021-04-01T07:45:36.780Z - info: [3:45:36 PM] Reload for file change: C:\repos\nus-cs2103-AY2021S1\cs2103-website\admin\tp-pe.mbdf
2021-04-01T07:45:37.793Z - info: Rebuilding 1 pages
2021-04-01T07:45:39.475Z - info: Site data built
2021-04-01T07:45:39.477Z - info: Pages rebuilt
2021-04-01T07:45:39.477Z - info: Website regeneration complete! Total build time: 1.689s
2021-04-01T07:45:51.584Z - info: Building C:\repos\nus-cs2103-AY2021S1\cs2103-website\index as some of its dependencies were changed since the last visit
2021-04-01T07:45:52.769Z - info: Site data built
2021-04-01T07:45:52.769Z - info: Lazy website regeneration complete! Total build time: 1.186s
2021-04-01T07:45:58.448Z - info: Building C:\repos\nus-cs2103-AY2021S1\cs2103-website\schedule\week12\index as some of its dependencies were changed since the last visit
2021-04-01T07:45:59.094Z - info: Site data built
2021-04-01T07:45:59.094Z - info: Lazy website regeneration complete! Total build time: 0.647s
2021-04-01T07:46:14.863Z - info: Building C:\repos\nus-cs2103-AY2021S1\cs2103-website\schedule\week12\admin as some of its dependencies were changed since the last visit
2021-04-01T07:46:15.298Z - info: Site data built
2021-04-01T07:46:15.299Z - info: Lazy website regeneration complete! Total build time: 0.436s
2021-04-01T07:46:21.532Z - info: Building C:\repos\nus-cs2103-AY2021S1\cs2103-website\schedule\week12\topics as some of its dependencies were changed since the last visit
2021-04-01T07:46:21.659Z - info: Site data built
2021-04-01T07:46:21.659Z - info: Lazy website regeneration complete! Total build time: 0.127s
2021-04-01T07:46:28.342Z - info: Building C:\repos\nus-cs2103-AY2021S1\cs2103-website\schedule\week12\project as some of its dependencies were changed since the last visit
2021-04-01T07:46:30.663Z - info: Site data built
2021-04-01T07:46:30.664Z - info: Lazy website regeneration complete! Total build time: 2.323s
2021-04-01T07:47:19.400Z - info: Building C:\repos\nus-cs2103-AY2021S1\cs2103-website\schedule\week12\tutorial as some of its dependencies were changed since the last visit
2021-04-01T07:47:20.032Z - info: Site data built
2021-04-01T07:47:20.032Z - info: Lazy website regeneration complete! Total build time: 0.633s
2021-04-01T07:48:15.577Z - info: [3:48:15 PM] Reload for file change: C:\repos\nus-cs2103-AY2021S1\cs2103-website\schedule\week12\tutorial-cs2103.mbdf
2021-04-01T07:48:16.583Z - info: Rebuilding 1 pages
2021-04-01T07:48:17.166Z - info: Site data built
2021-04-01T07:48:17.167Z - info: Pages rebuilt
2021-04-01T07:48:17.167Z - info: Website regeneration complete! Total build time: 0.587s
2021-04-01T07:48:22.996Z - info: Building C:\repos\nus-cs2103-AY2021S1\cs2103-website\schedule\week13\index as some of its dependencies were changed since the last visit
2021-04-01T07:48:23.574Z - info: Site data built
2021-04-01T07:48:23.575Z - info: Lazy website regeneration complete! Total build time: 0.579s
2021-04-01T07:49:24.332Z - info: [3:49:24 PM] Reload for file change: C:\repos\nus-cs2103-AY2021S1\cs2103-website\schedule\week13\notices-cs2103.mbdf
2021-04-01T07:49:25.338Z - info: Rebuilding 1 pages
2021-04-01T07:49:26.052Z - info: Site data built
2021-04-01T07:49:26.052Z - info: Pages rebuilt
2021-04-01T07:49:26.052Z - info: Website regeneration complete! Total build time: 0.715s
2021-04-01T07:49:50.044Z - info: Building C:\repos\nus-cs2103-AY2021S1\cs2103-website\schedule\week13\admin as some of its dependencies were changed since the last visit
2021-04-01T07:49:50.463Z - info: Site data built
2021-04-01T07:49:50.464Z - info: Lazy website regeneration complete! Total build time: 0.421s
2021-04-01T07:50:03.683Z - info: Building C:\repos\nus-cs2103-AY2021S1\cs2103-website\schedule\week13\topics as some of its dependencies were changed since the last visit
2021-04-01T07:50:04.268Z - info: Site data built
2021-04-01T07:50:04.268Z - info: Lazy website regeneration complete! Total build time: 0.586s
2021-04-01T07:50:07.991Z - info: Building C:\repos\nus-cs2103-AY2021S1\cs2103-website\schedule\week13\project as some of its dependencies were changed since the last visit
2021-04-01T07:50:10.269Z - info: Site data built
2021-04-01T07:50:10.269Z - info: Lazy website regeneration complete! Total build time: 2.278s
2021-04-01T07:50:25.929Z - info: Building C:\repos\nus-cs2103-AY2021S1\cs2103-website\schedule\week13\tutorial as some of its dependencies were changed since the last visit
2021-04-01T07:50:26.163Z - info: Site data built
2021-04-01T07:50:26.163Z - info: Lazy website regeneration complete! Total build time: 0.235s
2021-04-01T07:51:46.820Z - info: Website generation started at 3:51:43 PM
2021-04-01T07:52:01.709Z - info: Building assets...
2021-04-01T07:52:11.239Z - info: Assets built
2021-04-01T07:52:11.240Z - info: Generating pages...
2021-04-01T07:52:29.417Z - debug:  
2021-04-01T07:52:29.417Z - debug:  
2021-04-01T07:52:29.417Z - debug:  
2021-04-01T07:52:29.418Z - debug:  
2021-04-01T07:52:29.418Z - debug:  
2021-04-01T07:52:31.024Z - debug:  
2021-04-01T07:53:17.469Z - warn: You might have an invalid intra-link! Ignore this warning if it was intended.
'/website/book/about/usage.html' found in file 'C:\repos\nus-cs2103-AY2021S1\cs2103-website\book\index.md'
2021-04-01T07:53:17.472Z - warn: You might have an invalid intra-link! Ignore this warning if it was intended.
'/website/book/softwareEngineering/print.html' found in file 'C:\repos\nus-cs2103-AY2021S1\cs2103-website\book\index.md'
2021-04-01T07:53:17.473Z - warn: You might have an invalid intra-link! Ignore this warning if it was intended.
'/website/book/oop/print.html' found in file 'C:\repos\nus-cs2103-AY2021S1\cs2103-website\book\index.md'
2021-04-01T07:53:17.474Z - warn: You might have an invalid intra-link! Ignore this warning if it was intended.
'/website/book/requirements/print.html' found in file 'C:\repos\nus-cs2103-AY2021S1\cs2103-website\book\index.md'
2021-04-01T07:53:17.474Z - warn: You might have an invalid intra-link! Ignore this warning if it was intended.
'/website/book/gatheringRequirements/print.html' found in file 'C:\repos\nus-cs2103-AY2021S1\cs2103-website\book\index.md'
2021-04-01T07:53:17.475Z - warn: You might have an invalid intra-link! Ignore this warning if it was intended.
'/website/book/specifyingRequirements/print.html' found in file 'C:\repos\nus-cs2103-AY2021S1\cs2103-website\book\index.md'
2021-04-01T07:53:17.476Z - warn: You might have an invalid intra-link! Ignore this warning if it was intended.
'/website/book/design/print.html' found in file 'C:\repos\nus-cs2103-AY2021S1\cs2103-website\book\index.md'
2021-04-01T07:53:17.476Z - warn: You might have an invalid intra-link! Ignore this warning if it was intended.
'/website/book/designFundamentals/print.html' found in file 'C:\repos\nus-cs2103-AY2021S1\cs2103-website\book\index.md'
2021-04-01T07:53:17.477Z - warn: You might have an invalid intra-link! Ignore this warning if it was intended.
'/website/book/modeling/print.html' found in file 'C:\repos\nus-cs2103-AY2021S1\cs2103-website\book\index.md'
2021-04-01T07:53:17.477Z - warn: You might have an invalid intra-link! Ignore this warning if it was intended.
'/website/book/architecture/print.html' found in file 'C:\repos\nus-cs2103-AY2021S1\cs2103-website\book\index.md'
2021-04-01T07:53:17.478Z - warn: You might have an invalid intra-link! Ignore this warning if it was intended.
'/website/book/designPatterns/print.html' found in file 'C:\repos\nus-cs2103-AY2021S1\cs2103-website\book\index.md'
2021-04-01T07:53:17.479Z - warn: You might have an invalid intra-link! Ignore this warning if it was intended.
'/website/book/designApproaches/print.html' found in file 'C:\repos\nus-cs2103-AY2021S1\cs2103-website\book\index.md'
2021-04-01T07:53:17.480Z - warn: You might have an invalid intra-link! Ignore this warning if it was intended.
'/website/book/ides/print.html' found in file 'C:\repos\nus-cs2103-AY2021S1\cs2103-website\book\index.md'
2021-04-01T07:53:17.480Z - warn: You might have an invalid intra-link! Ignore this warning if it was intended.
'/website/book/codeQuality/print.html' found in file 'C:\repos\nus-cs2103-AY2021S1\cs2103-website\book\index.md'
2021-04-01T07:53:17.481Z - warn: You might have an invalid intra-link! Ignore this warning if it was intended.
'/website/book/refactoring/print.html' found in file 'C:\repos\nus-cs2103-AY2021S1\cs2103-website\book\index.md'
2021-04-01T07:53:17.481Z - warn: You might have an invalid intra-link! Ignore this warning if it was intended.
'/website/book/documentation/print.html' found in file 'C:\repos\nus-cs2103-AY2021S1\cs2103-website\book\index.md'
2021-04-01T07:53:17.482Z - warn: You might have an invalid intra-link! Ignore this warning if it was intended.
'/website/book/errorHandling/print.html' found in file 'C:\repos\nus-cs2103-AY2021S1\cs2103-website\book\index.md'
2021-04-01T07:53:17.482Z - warn: You might have an invalid intra-link! Ignore this warning if it was intended.
'/website/book/integration/print.html' found in file 'C:\repos\nus-cs2103-AY2021S1\cs2103-website\book\index.md'
2021-04-01T07:53:17.483Z - warn: You might have an invalid intra-link! Ignore this warning if it was intended.
'/website/book/reuse/print.html' found in file 'C:\repos\nus-cs2103-AY2021S1\cs2103-website\book\index.md'
2021-04-01T07:53:17.484Z - warn: You might have an invalid intra-link! Ignore this warning if it was intended.
'/website/book/qualityAssurance/print.html' found in file 'C:\repos\nus-cs2103-AY2021S1\cs2103-website\book\index.md'
2021-04-01T07:53:17.484Z - warn: You might have an invalid intra-link! Ignore this warning if it was intended.
'/website/book/testing/print.html' found in file 'C:\repos\nus-cs2103-AY2021S1\cs2103-website\book\index.md'
2021-04-01T07:53:17.485Z - warn: You might have an invalid intra-link! Ignore this warning if it was intended.
'/website/book/testCaseDesign/print.html' found in file 'C:\repos\nus-cs2103-AY2021S1\cs2103-website\book\index.md'
2021-04-01T07:53:17.486Z - warn: You might have an invalid intra-link! Ignore this warning if it was intended.
'/website/book/revisionControl/print.html' found in file 'C:\repos\nus-cs2103-AY2021S1\cs2103-website\book\index.md'
2021-04-01T07:53:17.486Z - warn: You might have an invalid intra-link! Ignore this warning if it was intended.
'/website/book/projectPlanning/print.html' found in file 'C:\repos\nus-cs2103-AY2021S1\cs2103-website\book\index.md'
2021-04-01T07:53:17.487Z - warn: You might have an invalid intra-link! Ignore this warning if it was intended.
'/website/book/teamwork/print.html' found in file 'C:\repos\nus-cs2103-AY2021S1\cs2103-website\book\index.md'
2021-04-01T07:53:17.487Z - warn: You might have an invalid intra-link! Ignore this warning if it was intended.
'/website/book/processModels/print.html' found in file 'C:\repos\nus-cs2103-AY2021S1\cs2103-website\book\index.md'
2021-04-01T07:53:17.488Z - warn: You might have an invalid intra-link! Ignore this warning if it was intended.
'/website/book/uml/print.html' found in file 'C:\repos\nus-cs2103-AY2021S1\cs2103-website\book\index.md'
2021-04-01T07:53:17.489Z - warn: You might have an invalid intra-link! Ignore this warning if it was intended.
'/website/book/intellij/print.html' found in file 'C:\repos\nus-cs2103-AY2021S1\cs2103-website\book\index.md'
2021-04-01T07:53:17.489Z - warn: You might have an invalid intra-link! Ignore this warning if it was intended.
'/website/book/gitAndGithub/print.html' found in file 'C:\repos\nus-cs2103-AY2021S1\cs2103-website\book\index.md'
2021-04-01T07:53:17.490Z - warn: You might have an invalid intra-link! Ignore this warning if it was intended.
'/website/book/principles/print.html' found in file 'C:\repos\nus-cs2103-AY2021S1\cs2103-website\book\index.md'
2021-04-01T07:53:17.491Z - warn: You might have an invalid intra-link! Ignore this warning if it was intended.
'/website/book/cppToJava/print.html' found in file 'C:\repos\nus-cs2103-AY2021S1\cs2103-website\book\index.md'
2021-04-01T07:53:17.491Z - warn: You might have an invalid intra-link! Ignore this warning if it was intended.
'/website/book/common/definitions.html' found in file 'C:\repos\nus-cs2103-AY2021S1\cs2103-website\book\index.md'
2021-04-01T07:53:17.492Z - warn: You might have an invalid intra-link! Ignore this warning if it was intended.
'/website/book/common/references.html' found in file 'C:\repos\nus-cs2103-AY2021S1\cs2103-website\book\index.md'
2021-04-01T07:53:17.492Z - warn: You might have an invalid intra-link! Ignore this warning if it was intended.
'/website/book/common/outcomes.html' found in file 'C:\repos\nus-cs2103-AY2021S1\cs2103-website\book\index.md'
2021-04-01T07:53:17.493Z - warn: You might have an invalid intra-link! Ignore this warning if it was intended.
'/website/book/common/print.html' found in file 'C:\repos\nus-cs2103-AY2021S1\cs2103-website\book\index.md'
2021-04-01T07:55:37.871Z - debug:  
2021-04-01T07:56:00.291Z - debug:  
2021-04-01T07:56:00.291Z - debug:  
2021-04-01T07:56:15.098Z - info: Pages built
2021-04-01T07:56:15.737Z - info: Site data built
2021-04-01T07:56:15.738Z - info: Website generation complete! Total build time: 272.202s
2021-04-01T07:56:15.738Z - info: Build success!
2021-04-01T07:56:24.322Z - info: Deployed at https://nus-cs2103-ay2021s2.github.io/website!
