2021-01-04T16:08:28.043Z - info: Website generation (lazy) started at 12:08:22 AM
2021-01-04T16:08:38.107Z - info: Building assets...
2021-01-04T16:08:43.897Z - info: Assets built
2021-01-04T16:08:43.897Z - info: Generating landing page...
2021-01-04T16:08:44.811Z - info: Landing page built, other pages will be built as you navigate to them!
2021-01-04T16:08:45.299Z - info: Site data built
2021-01-04T16:08:45.300Z - info: Website generation (lazy) complete! Total build time: 22.639s
2021-01-04T16:08:46.142Z - info: Serving "C:\repos\nus-cs2103-AY2021S1\cs2103-website\_site" at http://127.0.0.1:8080
2021-01-04T16:08:46.142Z - info: Press CTRL+C to stop ...
2021-01-04T16:16:30.584Z - info: Website generation (lazy) started at 12:16:27 AM
2021-01-04T16:16:40.729Z - info: Building assets...
2021-01-04T16:16:48.494Z - info: Assets built
2021-01-04T16:16:48.495Z - info: Generating landing page...
2021-01-04T16:16:50.916Z - info: Landing page built, other pages will be built as you navigate to them!
2021-01-04T16:16:51.513Z - info: Site data built
2021-01-04T16:16:51.513Z - info: Website generation (lazy) complete! Total build time: 24.424s
2021-01-04T16:16:52.644Z - info: Serving "C:\repos\nus-cs2103-AY2021S1\cs2103-website\_site" at http://127.0.0.1:8080
2021-01-04T16:16:52.644Z - info: Press CTRL+C to stop ...
2021-01-04T16:17:47.659Z - info: Building C:\repos\nus-cs2103-AY2021S1\cs2103-website\schedule\week5\topics as some of its dependencies were changed since the last visit
2021-01-04T16:17:52.903Z - info: Site data built
2021-01-04T16:17:52.904Z - info: Lazy website regeneration complete! Total build time: 5.246s
2021-01-04T16:18:11.873Z - info: Building C:\repos\nus-cs2103-AY2021S1\cs2103-website\schedule\week1\index as some of its dependencies were changed since the last visit
2021-01-04T16:18:12.457Z - info: Site data built
2021-01-04T16:18:12.457Z - info: Lazy website regeneration complete! Total build time: 0.584s
2021-01-04T16:18:19.158Z - info: Building C:\repos\nus-cs2103-AY2021S1\cs2103-website\schedule\week1\topics as some of its dependencies were changed since the last visit
2021-01-04T16:18:23.372Z - debug:  
2021-01-04T16:18:23.380Z - info: Site data built
2021-01-04T16:18:23.380Z - info: Lazy website regeneration complete! Total build time: 4.223s
2021-01-04T16:21:03.234Z - info: Building C:\repos\nus-cs2103-AY2021S1\cs2103-website\schedule\week1\project as some of its dependencies were changed since the last visit
2021-01-04T16:21:03.437Z - info: Site data built
2021-01-04T16:21:03.437Z - info: Lazy website regeneration complete! Total build time: 0.203s
2021-01-04T16:21:07.963Z - info: Building C:\repos\nus-cs2103-AY2021S1\cs2103-website\schedule\week1\tutorial as some of its dependencies were changed since the last visit
2021-01-04T16:21:08.070Z - info: Site data built
2021-01-04T16:21:08.070Z - info: Lazy website regeneration complete! Total build time: 0.107s
2021-01-04T16:21:38.289Z - info: Building C:\repos\nus-cs2103-AY2021S1\cs2103-website\schedule\week1\admin as some of its dependencies were changed since the last visit
2021-01-04T16:21:39.522Z - warn: You might have an invalid intra-link! Ignore this warning if it was intended.
'/website/admin/x' found in file 'C:\repos\nus-cs2103-AY2021S1\cs2103-website\admin\tools.md'
2021-01-04T16:21:40.778Z - info: Site data built
2021-01-04T16:21:40.778Z - info: Lazy website regeneration complete! Total build time: 2.49s
2021-01-04T16:21:40.781Z - debug:  
2021-01-04T16:30:00.521Z - info: [12:30:00 AM] Reload for file change: C:\repos\nus-cs2103-AY2021S1\cs2103-website\admin\tools.md
2021-01-04T16:30:01.551Z - info: Rebuilding 1 pages
2021-01-04T16:30:02.770Z - warn: You might have an invalid intra-link! Ignore this warning if it was intended.
'/website/admin/x' found in file 'C:\repos\nus-cs2103-AY2021S1\cs2103-website\admin\tools.md'
2021-01-04T16:30:04.400Z - debug:  
2021-01-04T16:30:04.414Z - info: Site data built
2021-01-04T16:30:04.414Z - info: Pages rebuilt
2021-01-04T16:30:04.414Z - info: Website regeneration complete! Total build time: 2.87s
2021-01-04T16:31:03.956Z - info: [12:31:03 AM] Reload for file change: C:\repos\nus-cs2103-AY2021S1\cs2103-website\admin\tools.md
2021-01-04T16:31:04.966Z - info: Rebuilding 1 pages
2021-01-04T16:31:06.172Z - warn: You might have an invalid intra-link! Ignore this warning if it was intended.
'/website/admin/x' found in file 'C:\repos\nus-cs2103-AY2021S1\cs2103-website\admin\tools.md'
2021-01-04T16:31:07.525Z - info: Site data built
2021-01-04T16:31:07.526Z - info: Pages rebuilt
2021-01-04T16:31:07.526Z - info: Website regeneration complete! Total build time: 2.563s
2021-01-04T16:31:07.566Z - debug:  
2021-01-04T16:31:49.303Z - info: [12:31:49 AM] Reload for file change: C:\repos\nus-cs2103-AY2021S1\cs2103-website\admin\tools.md
2021-01-04T16:31:50.311Z - info: Rebuilding 1 pages
2021-01-04T16:31:51.392Z - warn: You might have an invalid intra-link! Ignore this warning if it was intended.
'/website/admin/x' found in file 'C:\repos\nus-cs2103-AY2021S1\cs2103-website\admin\tools.md'
2021-01-04T16:31:52.647Z - info: Site data built
2021-01-04T16:31:52.648Z - info: Pages rebuilt
2021-01-04T16:31:52.648Z - info: Website regeneration complete! Total build time: 2.341s
2021-01-04T16:31:52.725Z - debug:  
2021-01-04T16:32:19.642Z - info: [12:32:19 AM] Reload for file change: C:\repos\nus-cs2103-AY2021S1\cs2103-website\admin\tools.md
2021-01-04T16:32:20.644Z - info: Rebuilding 1 pages
2021-01-04T16:32:21.601Z - warn: You might have an invalid intra-link! Ignore this warning if it was intended.
'/website/admin/x' found in file 'C:\repos\nus-cs2103-AY2021S1\cs2103-website\admin\tools.md'
2021-01-04T16:32:23.027Z - info: Site data built
2021-01-04T16:32:23.027Z - info: Pages rebuilt
2021-01-04T16:32:23.027Z - info: Website regeneration complete! Total build time: 2.384s
2021-01-04T16:32:23.154Z - debug:  
2021-01-04T16:41:17.316Z - info: [12:41:17 AM] Reload for file change: C:\repos\nus-cs2103-AY2021S1\cs2103-website\admin\weeklySchedule.md
2021-01-04T16:41:18.363Z - info: Rebuilding 1 pages
2021-01-04T16:41:19.676Z - warn: You might have an invalid intra-link! Ignore this warning if it was intended.
'/website/admin/x' found in file 'C:\repos\nus-cs2103-AY2021S1\cs2103-website\admin\tools.md'
2021-01-04T16:41:21.077Z - info: Site data built
2021-01-04T16:41:21.080Z - info: Pages rebuilt
2021-01-04T16:41:21.080Z - info: Website regeneration complete! Total build time: 2.746s
2021-01-04T16:41:21.177Z - debug:  
2021-01-04T16:42:54.712Z - info: [12:42:54 AM] Reload for file change: C:\repos\nus-cs2103-AY2021S1\cs2103-website\_module-CS2103\timetables.mbdf
2021-01-04T16:42:55.757Z - info: Assets built
2021-01-04T16:43:47.310Z - info: Building C:\repos\nus-cs2103-AY2021S1\cs2103-website\admin\index as some of its dependencies were changed since the last visit
2021-01-04T16:43:47.692Z - info: Site data built
2021-01-04T16:43:47.692Z - info: Lazy website regeneration complete! Total build time: 0.383s
2021-01-04T16:43:56.033Z - info: Building C:\repos\nus-cs2103-AY2021S1\cs2103-website\admin\lectures as some of its dependencies were changed since the last visit
2021-01-04T16:43:56.203Z - info: Site data built
2021-01-04T16:43:56.204Z - info: Lazy website regeneration complete! Total build time: 0.172s
2021-01-04T16:48:26.034Z - info: [12:48:26 AM] Reload for file change: C:\repos\nus-cs2103-AY2021S1\cs2103-website\_markbind\variables.md
2021-01-04T16:48:27.042Z - info: Assets built
2021-01-04T16:48:41.631Z - info: Building C:\repos\nus-cs2103-AY2021S1\cs2103-website\admin\gradeBreakdown as some of its dependencies were changed since the last visit
2021-01-04T16:48:42.468Z - info: Site data built
2021-01-04T16:48:42.468Z - info: Lazy website regeneration complete! Total build time: 0.837s
2021-01-04T16:48:43.724Z - debug:  
2021-01-04T16:49:55.516Z - info: [12:49:55 AM] Reload for file change: C:\repos\nus-cs2103-AY2021S1\cs2103-website\_markbind\variables.md
2021-01-04T16:49:56.518Z - info: Assets built
2021-01-04T16:50:07.412Z - info: Website generation (lazy) started at 12:50:04 AM
2021-01-04T16:50:18.321Z - info: Building assets...
2021-01-04T16:50:24.661Z - info: Assets built
2021-01-04T16:50:24.662Z - info: Generating landing page...
2021-01-04T16:50:26.797Z - info: Landing page built, other pages will be built as you navigate to them!
2021-01-04T16:50:27.249Z - info: Site data built
2021-01-04T16:50:27.249Z - info: Website generation (lazy) complete! Total build time: 22.728s
2021-01-04T16:50:28.067Z - info: Serving "C:\repos\nus-cs2103-AY2021S1\cs2103-website\_site" at http://127.0.0.1:8080
2021-01-04T16:50:28.067Z - info: Press CTRL+C to stop ...
2021-01-04T16:50:36.075Z - info: Building C:\repos\nus-cs2103-AY2021S1\cs2103-website\admin\gradeBreakdown as some of its dependencies were changed since the last visit
2021-01-04T16:50:39.281Z - debug:  
2021-01-04T16:50:39.796Z - info: Site data built
2021-01-04T16:50:39.796Z - info: Lazy website regeneration complete! Total build time: 3.722s
2021-01-04T16:51:23.898Z - info: Building C:\repos\nus-cs2103-AY2021S1\cs2103-website\schedule\week1\index as some of its dependencies were changed since the last visit
2021-01-04T16:51:24.995Z - info: Site data built
2021-01-04T16:51:24.995Z - info: Lazy website regeneration complete! Total build time: 1.098s
2021-01-04T16:51:32.647Z - info: Building C:\repos\nus-cs2103-AY2021S1\cs2103-website\schedule\week1\admin as some of its dependencies were changed since the last visit
2021-01-04T16:51:34.084Z - warn: You might have an invalid intra-link! Ignore this warning if it was intended.
'/website/admin/x' found in file 'C:\repos\nus-cs2103-AY2021S1\cs2103-website\admin\tools.md'
2021-01-04T16:51:35.160Z - debug:  
2021-01-04T16:51:35.521Z - info: Site data built
2021-01-04T16:51:35.521Z - info: Lazy website regeneration complete! Total build time: 2.874s
2021-01-04T16:53:08.670Z - info: Building C:\repos\nus-cs2103-AY2021S1\cs2103-website\schedule\week1\tutorial as some of its dependencies were changed since the last visit
2021-01-04T16:53:08.894Z - info: Site data built
2021-01-04T16:53:08.894Z - info: Lazy website regeneration complete! Total build time: 0.224s
2021-01-04T16:53:11.219Z - info: Building C:\repos\nus-cs2103-AY2021S1\cs2103-website\schedule\week2\index as some of its dependencies were changed since the last visit
2021-01-04T16:53:11.992Z - info: Site data built
2021-01-04T16:53:11.992Z - info: Lazy website regeneration complete! Total build time: 0.773s
2021-01-04T16:53:17.997Z - info: Building C:\repos\nus-cs2103-AY2021S1\cs2103-website\schedule\week2\topics as some of its dependencies were changed since the last visit
2021-01-04T16:53:20.991Z - info: Site data built
2021-01-04T16:53:20.991Z - info: Lazy website regeneration complete! Total build time: 2.994s
2021-01-05T03:57:04.227Z - info: Website generation (lazy) started at 11:57:00 AM
2021-01-05T03:57:14.952Z - info: Building assets...
2021-01-05T03:57:21.242Z - info: Assets built
2021-01-05T03:57:21.243Z - info: Generating landing page...
2021-01-05T03:57:23.482Z - info: Landing page built, other pages will be built as you navigate to them!
2021-01-05T03:57:23.984Z - info: Site data built
2021-01-05T03:57:23.984Z - info: Website generation (lazy) complete! Total build time: 23.444s
2021-01-05T03:57:24.899Z - info: Serving "C:\repos\nus-cs2103-AY2021S1\cs2103-website\_site" at http://127.0.0.1:8080
2021-01-05T03:57:24.900Z - info: Press CTRL+C to stop ...
2021-01-05T03:58:00.544Z - info: Building C:\repos\nus-cs2103-AY2021S1\cs2103-website\schedule\week2\index as some of its dependencies were changed since the last visit
2021-01-05T03:58:01.347Z - info: Site data built
2021-01-05T03:58:01.348Z - info: Lazy website regeneration complete! Total build time: 0.804s
2021-01-05T03:58:51.755Z - info: [11:58:51 AM] Reload for file change: C:\repos\nus-cs2103-AY2021S1\cs2103-website\admin\weeklySchedule.md
2021-01-05T03:58:52.773Z - info: No pages needed to be rebuilt
2021-01-05T03:59:00.613Z - info: Building C:\repos\nus-cs2103-AY2021S1\cs2103-website\schedule\week2\index as some of its dependencies were changed since the last visit
2021-01-05T03:59:01.807Z - info: Site data built
2021-01-05T03:59:01.807Z - info: Lazy website regeneration complete! Total build time: 1.195s
2021-01-05T03:59:25.696Z - info: Building C:\repos\nus-cs2103-AY2021S1\cs2103-website\schedule\week2\admin as some of its dependencies were changed since the last visit
2021-01-05T03:59:26.371Z - warn: You might have an invalid intra-link! Ignore this warning if it was intended.
'/website/admin/x' found in file 'C:\repos\nus-cs2103-AY2021S1\cs2103-website\admin\tools.md'
2021-01-05T03:59:26.627Z - info: Site data built
2021-01-05T03:59:26.627Z - info: Lazy website regeneration complete! Total build time: 0.932s
2021-01-05T04:01:50.587Z - info: [12:01:50 PM] Reload for file change: C:\repos\nus-cs2103-AY2021S1\cs2103-website\admin\policies.mbdf
2021-01-05T04:01:51.622Z - info: No pages needed to be rebuilt
2021-01-05T04:03:50.048Z - info: [12:03:50 PM] Reload for file change: C:\repos\nus-cs2103-AY2021S1\cs2103-website\admin\policies.mbdf
2021-01-05T04:03:51.070Z - info: No pages needed to be rebuilt
2021-01-05T04:03:59.191Z - info: Building C:\repos\nus-cs2103-AY2021S1\cs2103-website\schedule\week5\admin as some of its dependencies were changed since the last visit
2021-01-05T04:04:00.544Z - info: Site data built
2021-01-05T04:04:00.544Z - info: Lazy website regeneration complete! Total build time: 1.354s
2021-01-05T04:04:01.706Z - info: Building C:\repos\nus-cs2103-AY2021S1\cs2103-website\schedule\week2\admin as some of its dependencies were changed since the last visit
2021-01-05T04:04:02.209Z - warn: You might have an invalid intra-link! Ignore this warning if it was intended.
'/website/admin/x' found in file 'C:\repos\nus-cs2103-AY2021S1\cs2103-website\admin\tools.md'
2021-01-05T04:04:02.438Z - info: Site data built
2021-01-05T04:04:02.438Z - info: Lazy website regeneration complete! Total build time: 0.733s
2021-01-05T04:05:15.914Z - info: [12:05:15 PM] Reload for file change: C:\repos\nus-cs2103-AY2021S1\cs2103-website\admin\policies.mbdf
2021-01-05T04:05:16.934Z - info: Rebuilding 1 pages
2021-01-05T04:05:17.990Z - warn: You might have an invalid intra-link! Ignore this warning if it was intended.
'/website/admin/x' found in file 'C:\repos\nus-cs2103-AY2021S1\cs2103-website\admin\tools.md'
2021-01-05T04:05:18.282Z - info: Site data built
2021-01-05T04:05:18.282Z - info: Pages rebuilt
2021-01-05T04:05:18.282Z - info: Website regeneration complete! Total build time: 1.351s
2021-01-05T04:05:56.908Z - info: [12:05:56 PM] Reload for file change: C:\repos\nus-cs2103-AY2021S1\cs2103-website\admin\policies.mbdf
2021-01-05T04:05:57.924Z - info: Rebuilding 1 pages
2021-01-05T04:05:58.430Z - warn: You might have an invalid intra-link! Ignore this warning if it was intended.
'/website/admin/x' found in file 'C:\repos\nus-cs2103-AY2021S1\cs2103-website\admin\tools.md'
2021-01-05T04:05:58.661Z - info: Site data built
2021-01-05T04:05:58.661Z - info: Pages rebuilt
2021-01-05T04:05:58.662Z - info: Website regeneration complete! Total build time: 0.739s
2021-01-05T04:09:41.349Z - info: [12:09:41 PM] Reload for file change: C:\repos\nus-cs2103-AY2021S1\cs2103-website\admin\policies.mbdf
2021-01-05T04:09:42.364Z - info: Rebuilding 1 pages
2021-01-05T04:09:43.356Z - warn: You might have an invalid intra-link! Ignore this warning if it was intended.
'/website/admin/x' found in file 'C:\repos\nus-cs2103-AY2021S1\cs2103-website\admin\tools.md'
2021-01-05T04:09:43.562Z - info: Site data built
2021-01-05T04:09:43.562Z - info: Pages rebuilt
2021-01-05T04:09:43.563Z - info: Website regeneration complete! Total build time: 1.2s
2021-01-05T04:11:19.989Z - info: [12:11:19 PM] Reload for file change: C:\repos\nus-cs2103-AY2021S1\cs2103-website\admin\policies.mbdf
2021-01-05T04:11:21.021Z - info: Rebuilding 1 pages
2021-01-05T04:11:21.706Z - warn: You might have an invalid intra-link! Ignore this warning if it was intended.
'/website/admin/x' found in file 'C:\repos\nus-cs2103-AY2021S1\cs2103-website\admin\tools.md'
2021-01-05T04:11:21.907Z - info: Site data built
2021-01-05T04:11:21.907Z - info: Pages rebuilt
2021-01-05T04:11:21.907Z - info: Website regeneration complete! Total build time: 0.895s
2021-01-05T04:24:42.022Z - info: [12:24:42 PM] Reload for file change: C:\repos\nus-cs2103-AY2021S1\cs2103-website\admin\appendixD-help.md
2021-01-05T04:24:43.062Z - info: Rebuilding 1 pages
2021-01-05T04:24:43.956Z - warn: You might have an invalid intra-link! Ignore this warning if it was intended.
'/website/admin/x' found in file 'C:\repos\nus-cs2103-AY2021S1\cs2103-website\admin\tools.md'
2021-01-05T04:24:44.253Z - info: Site data built
2021-01-05T04:24:44.253Z - info: Pages rebuilt
2021-01-05T04:24:44.253Z - info: Website regeneration complete! Total build time: 1.194s
2021-01-05T04:24:51.839Z - info: Building C:\repos\nus-cs2103-AY2021S1\cs2103-website\admin\index as some of its dependencies were changed since the last visit
2021-01-05T04:24:52.320Z - info: Site data built
2021-01-05T04:24:52.320Z - info: Lazy website regeneration complete! Total build time: 0.482s
2021-01-05T04:24:57.829Z - info: Building C:\repos\nus-cs2103-AY2021S1\cs2103-website\admin\appendixD-help as some of its dependencies were changed since the last visit
2021-01-05T04:24:58.048Z - info: Site data built
2021-01-05T04:24:58.048Z - info: Lazy website regeneration complete! Total build time: 0.22s
2021-01-05T04:25:54.481Z - info: [12:25:54 PM] Reload for file change: C:\repos\nus-cs2103-AY2021S1\cs2103-website\admin\appendixD-help.md
2021-01-05T04:25:55.495Z - info: Rebuilding 1 pages
2021-01-05T04:25:56.394Z - warn: You might have an invalid intra-link! Ignore this warning if it was intended.
'/website/admin/x' found in file 'C:\repos\nus-cs2103-AY2021S1\cs2103-website\admin\tools.md'
2021-01-05T04:25:56.607Z - info: Site data built
2021-01-05T04:25:56.608Z - info: Pages rebuilt
2021-01-05T04:25:56.608Z - info: Website regeneration complete! Total build time: 1.115s
2021-01-05T04:25:57.771Z - info: Building C:\repos\nus-cs2103-AY2021S1\cs2103-website\admin\appendixD-help as some of its dependencies were changed since the last visit
2021-01-05T04:25:57.979Z - info: Site data built
2021-01-05T04:25:57.979Z - info: Lazy website regeneration complete! Total build time: 0.209s
2021-01-05T04:26:08.915Z - info: [12:26:08 PM] Reload for file change: C:\repos\nus-cs2103-AY2021S1\cs2103-website\admin\appendixD-help.md
2021-01-05T04:26:09.924Z - info: Rebuilding 1 pages
2021-01-05T04:26:10.878Z - warn: You might have an invalid intra-link! Ignore this warning if it was intended.
'/website/admin/x' found in file 'C:\repos\nus-cs2103-AY2021S1\cs2103-website\admin\tools.md'
2021-01-05T04:26:11.133Z - info: Site data built
2021-01-05T04:26:11.134Z - info: Pages rebuilt
2021-01-05T04:26:11.134Z - info: Website regeneration complete! Total build time: 1.213s
2021-01-05T04:26:12.292Z - info: Building C:\repos\nus-cs2103-AY2021S1\cs2103-website\admin\appendixD-help as some of its dependencies were changed since the last visit
2021-01-05T04:26:12.664Z - info: Site data built
2021-01-05T04:26:12.664Z - info: Lazy website regeneration complete! Total build time: 0.372s
2021-01-05T04:27:50.945Z - info: [12:27:50 PM] Reload for file change: C:\repos\nus-cs2103-AY2021S1\cs2103-website\admin\appendixD-help.md
2021-01-05T04:27:51.960Z - info: Rebuilding 1 pages
2021-01-05T04:27:53.220Z - warn: You might have an invalid intra-link! Ignore this warning if it was intended.
'/website/admin/x' found in file 'C:\repos\nus-cs2103-AY2021S1\cs2103-website\admin\tools.md'
2021-01-05T04:27:53.698Z - info: Site data built
2021-01-05T04:27:53.699Z - info: Pages rebuilt
2021-01-05T04:27:53.699Z - info: Website regeneration complete! Total build time: 1.746s
2021-01-05T04:27:54.877Z - info: Building C:\repos\nus-cs2103-AY2021S1\cs2103-website\admin\appendixD-help as some of its dependencies were changed since the last visit
2021-01-05T04:27:55.170Z - info: Site data built
2021-01-05T04:27:55.170Z - info: Lazy website regeneration complete! Total build time: 0.294s
2021-01-05T04:28:40.897Z - info: [12:28:40 PM] Reload for file change: C:\repos\nus-cs2103-AY2021S1\cs2103-website\admin\appendixD-help.md
2021-01-05T04:28:41.909Z - info: Rebuilding 1 pages
2021-01-05T04:28:42.555Z - warn: You might have an invalid intra-link! Ignore this warning if it was intended.
'/website/admin/x' found in file 'C:\repos\nus-cs2103-AY2021S1\cs2103-website\admin\tools.md'
2021-01-05T04:28:42.739Z - info: Site data built
2021-01-05T04:28:42.739Z - info: Pages rebuilt
2021-01-05T04:28:42.739Z - info: Website regeneration complete! Total build time: 0.832s
2021-01-05T04:28:43.860Z - info: Building C:\repos\nus-cs2103-AY2021S1\cs2103-website\admin\appendixD-help as some of its dependencies were changed since the last visit
2021-01-05T04:28:44.088Z - info: Site data built
2021-01-05T04:28:44.089Z - info: Lazy website regeneration complete! Total build time: 0.229s
2021-01-05T04:39:12.731Z - info: [12:39:12 PM] Reload for file change: C:\repos\nus-cs2103-AY2021S1\cs2103-website\admin\appendixD-help.md
2021-01-05T04:39:13.774Z - info: Rebuilding 1 pages
2021-01-05T04:39:14.764Z - warn: You might have an invalid intra-link! Ignore this warning if it was intended.
'/website/admin/x' found in file 'C:\repos\nus-cs2103-AY2021S1\cs2103-website\admin\tools.md'
2021-01-05T04:39:15.007Z - info: Site data built
2021-01-05T04:39:15.007Z - info: Pages rebuilt
2021-01-05T04:39:15.007Z - info: Website regeneration complete! Total build time: 1.249s
2021-01-05T04:39:16.189Z - info: Building C:\repos\nus-cs2103-AY2021S1\cs2103-website\admin\appendixD-help as some of its dependencies were changed since the last visit
2021-01-05T04:39:16.418Z - info: Site data built
2021-01-05T04:39:16.418Z - info: Lazy website regeneration complete! Total build time: 0.23s
2021-01-05T04:43:40.499Z - info: Building C:\repos\nus-cs2103-AY2021S1\cs2103-website\schedule\week2\topics as some of its dependencies were changed since the last visit
2021-01-05T04:43:43.521Z - info: Site data built
2021-01-05T04:43:43.521Z - info: Lazy website regeneration complete! Total build time: 3.023s
2021-01-05T04:44:01.859Z - info: Building C:\repos\nus-cs2103-AY2021S1\cs2103-website\schedule\week2\project as some of its dependencies were changed since the last visit
2021-01-05T04:44:03.146Z - info: Site data built
2021-01-05T04:44:03.146Z - info: Lazy website regeneration complete! Total build time: 1.287s
2021-01-05T04:46:34.778Z - info: [12:46:34 PM] Reload for file change: C:\repos\nus-cs2103-AY2021S1\cs2103-website\admin\ip-overview.md
2021-01-05T04:46:35.781Z - info: No pages needed to be rebuilt
2021-01-05T04:56:24.515Z - info: Building C:\repos\nus-cs2103-AY2021S1\cs2103-website\schedule\week2\project as some of its dependencies were changed since the last visit
2021-01-05T04:56:26.972Z - info: Site data built
2021-01-05T04:56:26.973Z - info: Lazy website regeneration complete! Total build time: 2.458s
2021-01-05T05:01:58.026Z - info: Building C:\repos\nus-cs2103-AY2021S1\cs2103-website\schedule\week2\tutorial as some of its dependencies were changed since the last visit
2021-01-05T05:01:58.252Z - info: Site data built
2021-01-05T05:01:58.252Z - info: Lazy website regeneration complete! Total build time: 0.228s
2021-01-05T05:02:37.561Z - info: [1:02:37 PM] Reload for file change: C:\repos\nus-cs2103-AY2021S1\cs2103-website\_markbind\variables.md
2021-01-05T05:02:38.564Z - info: Assets built
2021-01-05T05:05:42.451Z - info: Website generation started at 1:05:38 PM
2021-01-05T05:05:51.041Z - info: Building assets...
2021-01-05T05:05:56.966Z - info: Assets built
2021-01-05T05:05:56.967Z - info: Generating pages...
2021-01-05T05:06:12.546Z - debug:  
2021-01-05T05:06:12.547Z - debug:  
2021-01-05T05:06:12.547Z - debug:  
2021-01-05T05:06:12.547Z - debug:  
2021-01-05T05:06:12.547Z - debug:  
2021-01-05T05:06:12.795Z - debug:  
2021-01-05T05:06:47.113Z - warn: You might have an invalid intra-link! Ignore this warning if it was intended.
'/website/book/about/usage.html' found in file 'C:\repos\nus-cs2103-AY2021S1\cs2103-website\book\index.md'
2021-01-05T05:06:47.116Z - warn: You might have an invalid intra-link! Ignore this warning if it was intended.
'/website/book/softwareEngineering/print.html' found in file 'C:\repos\nus-cs2103-AY2021S1\cs2103-website\book\index.md'
2021-01-05T05:06:47.117Z - warn: You might have an invalid intra-link! Ignore this warning if it was intended.
'/website/book/oop/print.html' found in file 'C:\repos\nus-cs2103-AY2021S1\cs2103-website\book\index.md'
2021-01-05T05:06:47.118Z - warn: You might have an invalid intra-link! Ignore this warning if it was intended.
'/website/book/requirements/print.html' found in file 'C:\repos\nus-cs2103-AY2021S1\cs2103-website\book\index.md'
2021-01-05T05:06:47.119Z - warn: You might have an invalid intra-link! Ignore this warning if it was intended.
'/website/book/gatheringRequirements/print.html' found in file 'C:\repos\nus-cs2103-AY2021S1\cs2103-website\book\index.md'
2021-01-05T05:06:47.119Z - warn: You might have an invalid intra-link! Ignore this warning if it was intended.
'/website/book/specifyingRequirements/print.html' found in file 'C:\repos\nus-cs2103-AY2021S1\cs2103-website\book\index.md'
2021-01-05T05:06:47.120Z - warn: You might have an invalid intra-link! Ignore this warning if it was intended.
'/website/book/design/print.html' found in file 'C:\repos\nus-cs2103-AY2021S1\cs2103-website\book\index.md'
2021-01-05T05:06:47.121Z - warn: You might have an invalid intra-link! Ignore this warning if it was intended.
'/website/book/designFundamentals/print.html' found in file 'C:\repos\nus-cs2103-AY2021S1\cs2103-website\book\index.md'
2021-01-05T05:06:47.122Z - warn: You might have an invalid intra-link! Ignore this warning if it was intended.
'/website/book/modeling/print.html' found in file 'C:\repos\nus-cs2103-AY2021S1\cs2103-website\book\index.md'
2021-01-05T05:06:47.122Z - warn: You might have an invalid intra-link! Ignore this warning if it was intended.
'/website/book/architecture/print.html' found in file 'C:\repos\nus-cs2103-AY2021S1\cs2103-website\book\index.md'
2021-01-05T05:06:47.123Z - warn: You might have an invalid intra-link! Ignore this warning if it was intended.
'/website/book/designPatterns/print.html' found in file 'C:\repos\nus-cs2103-AY2021S1\cs2103-website\book\index.md'
2021-01-05T05:06:47.124Z - warn: You might have an invalid intra-link! Ignore this warning if it was intended.
'/website/book/designApproaches/print.html' found in file 'C:\repos\nus-cs2103-AY2021S1\cs2103-website\book\index.md'
2021-01-05T05:06:47.125Z - warn: You might have an invalid intra-link! Ignore this warning if it was intended.
'/website/book/ides/print.html' found in file 'C:\repos\nus-cs2103-AY2021S1\cs2103-website\book\index.md'
2021-01-05T05:06:47.125Z - warn: You might have an invalid intra-link! Ignore this warning if it was intended.
'/website/book/codeQuality/print.html' found in file 'C:\repos\nus-cs2103-AY2021S1\cs2103-website\book\index.md'
2021-01-05T05:06:47.126Z - warn: You might have an invalid intra-link! Ignore this warning if it was intended.
'/website/book/refactoring/print.html' found in file 'C:\repos\nus-cs2103-AY2021S1\cs2103-website\book\index.md'
2021-01-05T05:06:47.127Z - warn: You might have an invalid intra-link! Ignore this warning if it was intended.
'/website/book/documentation/print.html' found in file 'C:\repos\nus-cs2103-AY2021S1\cs2103-website\book\index.md'
2021-01-05T05:06:47.127Z - warn: You might have an invalid intra-link! Ignore this warning if it was intended.
'/website/book/errorHandling/print.html' found in file 'C:\repos\nus-cs2103-AY2021S1\cs2103-website\book\index.md'
2021-01-05T05:06:47.128Z - warn: You might have an invalid intra-link! Ignore this warning if it was intended.
'/website/book/integration/print.html' found in file 'C:\repos\nus-cs2103-AY2021S1\cs2103-website\book\index.md'
2021-01-05T05:06:47.128Z - warn: You might have an invalid intra-link! Ignore this warning if it was intended.
'/website/book/reuse/print.html' found in file 'C:\repos\nus-cs2103-AY2021S1\cs2103-website\book\index.md'
2021-01-05T05:06:47.129Z - warn: You might have an invalid intra-link! Ignore this warning if it was intended.
'/website/book/qualityAssurance/print.html' found in file 'C:\repos\nus-cs2103-AY2021S1\cs2103-website\book\index.md'
2021-01-05T05:06:47.130Z - warn: You might have an invalid intra-link! Ignore this warning if it was intended.
'/website/book/testing/print.html' found in file 'C:\repos\nus-cs2103-AY2021S1\cs2103-website\book\index.md'
2021-01-05T05:06:47.131Z - warn: You might have an invalid intra-link! Ignore this warning if it was intended.
'/website/book/testCaseDesign/print.html' found in file 'C:\repos\nus-cs2103-AY2021S1\cs2103-website\book\index.md'
2021-01-05T05:06:47.132Z - warn: You might have an invalid intra-link! Ignore this warning if it was intended.
'/website/book/revisionControl/print.html' found in file 'C:\repos\nus-cs2103-AY2021S1\cs2103-website\book\index.md'
2021-01-05T05:06:47.132Z - warn: You might have an invalid intra-link! Ignore this warning if it was intended.
'/website/book/projectPlanning/print.html' found in file 'C:\repos\nus-cs2103-AY2021S1\cs2103-website\book\index.md'
2021-01-05T05:06:47.133Z - warn: You might have an invalid intra-link! Ignore this warning if it was intended.
'/website/book/teamwork/print.html' found in file 'C:\repos\nus-cs2103-AY2021S1\cs2103-website\book\index.md'
2021-01-05T05:06:47.134Z - warn: You might have an invalid intra-link! Ignore this warning if it was intended.
'/website/book/processModels/print.html' found in file 'C:\repos\nus-cs2103-AY2021S1\cs2103-website\book\index.md'
2021-01-05T05:06:47.135Z - warn: You might have an invalid intra-link! Ignore this warning if it was intended.
'/website/book/uml/print.html' found in file 'C:\repos\nus-cs2103-AY2021S1\cs2103-website\book\index.md'
2021-01-05T05:06:47.136Z - warn: You might have an invalid intra-link! Ignore this warning if it was intended.
'/website/book/intellij/print.html' found in file 'C:\repos\nus-cs2103-AY2021S1\cs2103-website\book\index.md'
2021-01-05T05:06:47.137Z - warn: You might have an invalid intra-link! Ignore this warning if it was intended.
'/website/book/gitAndGithub/print.html' found in file 'C:\repos\nus-cs2103-AY2021S1\cs2103-website\book\index.md'
2021-01-05T05:06:47.138Z - warn: You might have an invalid intra-link! Ignore this warning if it was intended.
'/website/book/principles/print.html' found in file 'C:\repos\nus-cs2103-AY2021S1\cs2103-website\book\index.md'
2021-01-05T05:06:47.140Z - warn: You might have an invalid intra-link! Ignore this warning if it was intended.
'/website/book/cppToJava/print.html' found in file 'C:\repos\nus-cs2103-AY2021S1\cs2103-website\book\index.md'
2021-01-05T05:06:47.140Z - warn: You might have an invalid intra-link! Ignore this warning if it was intended.
'/website/book/common/definitions.html' found in file 'C:\repos\nus-cs2103-AY2021S1\cs2103-website\book\index.md'
2021-01-05T05:06:47.141Z - warn: You might have an invalid intra-link! Ignore this warning if it was intended.
'/website/book/common/references.html' found in file 'C:\repos\nus-cs2103-AY2021S1\cs2103-website\book\index.md'
2021-01-05T05:06:47.141Z - warn: You might have an invalid intra-link! Ignore this warning if it was intended.
'/website/book/common/outcomes.html' found in file 'C:\repos\nus-cs2103-AY2021S1\cs2103-website\book\index.md'
2021-01-05T05:06:47.141Z - warn: You might have an invalid intra-link! Ignore this warning if it was intended.
'/website/book/common/print.html' found in file 'C:\repos\nus-cs2103-AY2021S1\cs2103-website\book\index.md'
2021-01-05T05:08:26.337Z - warn: You might have an invalid intra-link! Ignore this warning if it was intended.
'/website/admin/x' found in file 'C:\repos\nus-cs2103-AY2021S1\cs2103-website\admin\tools.md'
2021-01-05T05:08:28.070Z - warn: You might have an invalid intra-link! Ignore this warning if it was intended.
'/website/admin/x' found in file 'C:\repos\nus-cs2103-AY2021S1\cs2103-website\admin\tools.md'
2021-01-05T05:08:33.833Z - debug:  
2021-01-05T05:08:48.605Z - debug:  
2021-01-05T05:08:48.614Z - debug:  
2021-01-05T05:08:49.740Z - warn: You might have an invalid intra-link! Ignore this warning if it was intended.
'/website/admin/x' found in file 'C:\repos\nus-cs2103-AY2021S1\cs2103-website\admin\tools.md'
2021-01-05T05:09:00.655Z - info: Pages built
2021-01-05T05:09:01.274Z - info: Site data built
2021-01-05T05:09:01.275Z - info: Website generation complete! Total build time: 202.366s
2021-01-05T05:09:01.275Z - info: Build success!
2021-01-05T05:09:05.989Z - info: Deployed at https://nus-cs2103-ay2021s2.github.io/website!
2021-01-05T05:13:26.496Z - info: Deployed at https://nus-cs2103-ay2021s2.github.io/website!
2021-01-05T05:18:48.299Z - info: Website generation started at 1:18:42 PM
2021-01-05T05:18:56.976Z - info: Building assets...
2021-01-05T05:19:02.570Z - info: Assets built
2021-01-05T05:19:02.571Z - info: Generating pages...
2021-01-05T05:19:18.589Z - debug:  
2021-01-05T05:19:18.589Z - debug:  
2021-01-05T05:19:18.589Z - debug:  
2021-01-05T05:19:18.590Z - debug:  
2021-01-05T05:19:18.590Z - debug:  
2021-01-05T05:19:18.775Z - debug:  
2021-01-05T05:19:51.352Z - warn: You might have an invalid intra-link! Ignore this warning if it was intended.
'/website/book/about/usage.html' found in file 'C:\repos\nus-cs2103-AY2021S1\cs2103-website\book\index.md'
2021-01-05T05:19:51.355Z - warn: You might have an invalid intra-link! Ignore this warning if it was intended.
'/website/book/softwareEngineering/print.html' found in file 'C:\repos\nus-cs2103-AY2021S1\cs2103-website\book\index.md'
2021-01-05T05:19:51.357Z - warn: You might have an invalid intra-link! Ignore this warning if it was intended.
'/website/book/oop/print.html' found in file 'C:\repos\nus-cs2103-AY2021S1\cs2103-website\book\index.md'
2021-01-05T05:19:51.358Z - warn: You might have an invalid intra-link! Ignore this warning if it was intended.
'/website/book/requirements/print.html' found in file 'C:\repos\nus-cs2103-AY2021S1\cs2103-website\book\index.md'
2021-01-05T05:19:51.360Z - warn: You might have an invalid intra-link! Ignore this warning if it was intended.
'/website/book/gatheringRequirements/print.html' found in file 'C:\repos\nus-cs2103-AY2021S1\cs2103-website\book\index.md'
2021-01-05T05:19:51.361Z - warn: You might have an invalid intra-link! Ignore this warning if it was intended.
'/website/book/specifyingRequirements/print.html' found in file 'C:\repos\nus-cs2103-AY2021S1\cs2103-website\book\index.md'
2021-01-05T05:19:51.362Z - warn: You might have an invalid intra-link! Ignore this warning if it was intended.
'/website/book/design/print.html' found in file 'C:\repos\nus-cs2103-AY2021S1\cs2103-website\book\index.md'
2021-01-05T05:19:51.363Z - warn: You might have an invalid intra-link! Ignore this warning if it was intended.
'/website/book/designFundamentals/print.html' found in file 'C:\repos\nus-cs2103-AY2021S1\cs2103-website\book\index.md'
2021-01-05T05:19:51.364Z - warn: You might have an invalid intra-link! Ignore this warning if it was intended.
'/website/book/modeling/print.html' found in file 'C:\repos\nus-cs2103-AY2021S1\cs2103-website\book\index.md'
2021-01-05T05:19:51.365Z - warn: You might have an invalid intra-link! Ignore this warning if it was intended.
'/website/book/architecture/print.html' found in file 'C:\repos\nus-cs2103-AY2021S1\cs2103-website\book\index.md'
2021-01-05T05:19:51.365Z - warn: You might have an invalid intra-link! Ignore this warning if it was intended.
'/website/book/designPatterns/print.html' found in file 'C:\repos\nus-cs2103-AY2021S1\cs2103-website\book\index.md'
2021-01-05T05:19:51.366Z - warn: You might have an invalid intra-link! Ignore this warning if it was intended.
'/website/book/designApproaches/print.html' found in file 'C:\repos\nus-cs2103-AY2021S1\cs2103-website\book\index.md'
2021-01-05T05:19:51.368Z - warn: You might have an invalid intra-link! Ignore this warning if it was intended.
'/website/book/ides/print.html' found in file 'C:\repos\nus-cs2103-AY2021S1\cs2103-website\book\index.md'
2021-01-05T05:19:51.369Z - warn: You might have an invalid intra-link! Ignore this warning if it was intended.
'/website/book/codeQuality/print.html' found in file 'C:\repos\nus-cs2103-AY2021S1\cs2103-website\book\index.md'
2021-01-05T05:19:51.369Z - warn: You might have an invalid intra-link! Ignore this warning if it was intended.
'/website/book/refactoring/print.html' found in file 'C:\repos\nus-cs2103-AY2021S1\cs2103-website\book\index.md'
2021-01-05T05:19:51.370Z - warn: You might have an invalid intra-link! Ignore this warning if it was intended.
'/website/book/documentation/print.html' found in file 'C:\repos\nus-cs2103-AY2021S1\cs2103-website\book\index.md'
2021-01-05T05:19:51.371Z - warn: You might have an invalid intra-link! Ignore this warning if it was intended.
'/website/book/errorHandling/print.html' found in file 'C:\repos\nus-cs2103-AY2021S1\cs2103-website\book\index.md'
2021-01-05T05:19:51.372Z - warn: You might have an invalid intra-link! Ignore this warning if it was intended.
'/website/book/integration/print.html' found in file 'C:\repos\nus-cs2103-AY2021S1\cs2103-website\book\index.md'
2021-01-05T05:19:51.373Z - warn: You might have an invalid intra-link! Ignore this warning if it was intended.
'/website/book/reuse/print.html' found in file 'C:\repos\nus-cs2103-AY2021S1\cs2103-website\book\index.md'
2021-01-05T05:19:51.375Z - warn: You might have an invalid intra-link! Ignore this warning if it was intended.
'/website/book/qualityAssurance/print.html' found in file 'C:\repos\nus-cs2103-AY2021S1\cs2103-website\book\index.md'
2021-01-05T05:19:51.376Z - warn: You might have an invalid intra-link! Ignore this warning if it was intended.
'/website/book/testing/print.html' found in file 'C:\repos\nus-cs2103-AY2021S1\cs2103-website\book\index.md'
2021-01-05T05:19:51.377Z - warn: You might have an invalid intra-link! Ignore this warning if it was intended.
'/website/book/testCaseDesign/print.html' found in file 'C:\repos\nus-cs2103-AY2021S1\cs2103-website\book\index.md'
2021-01-05T05:19:51.379Z - warn: You might have an invalid intra-link! Ignore this warning if it was intended.
'/website/book/revisionControl/print.html' found in file 'C:\repos\nus-cs2103-AY2021S1\cs2103-website\book\index.md'
2021-01-05T05:19:51.380Z - warn: You might have an invalid intra-link! Ignore this warning if it was intended.
'/website/book/projectPlanning/print.html' found in file 'C:\repos\nus-cs2103-AY2021S1\cs2103-website\book\index.md'
2021-01-05T05:19:51.381Z - warn: You might have an invalid intra-link! Ignore this warning if it was intended.
'/website/book/teamwork/print.html' found in file 'C:\repos\nus-cs2103-AY2021S1\cs2103-website\book\index.md'
2021-01-05T05:19:51.382Z - warn: You might have an invalid intra-link! Ignore this warning if it was intended.
'/website/book/processModels/print.html' found in file 'C:\repos\nus-cs2103-AY2021S1\cs2103-website\book\index.md'
2021-01-05T05:19:51.384Z - warn: You might have an invalid intra-link! Ignore this warning if it was intended.
'/website/book/uml/print.html' found in file 'C:\repos\nus-cs2103-AY2021S1\cs2103-website\book\index.md'
2021-01-05T05:19:51.384Z - warn: You might have an invalid intra-link! Ignore this warning if it was intended.
'/website/book/intellij/print.html' found in file 'C:\repos\nus-cs2103-AY2021S1\cs2103-website\book\index.md'
2021-01-05T05:19:51.385Z - warn: You might have an invalid intra-link! Ignore this warning if it was intended.
'/website/book/gitAndGithub/print.html' found in file 'C:\repos\nus-cs2103-AY2021S1\cs2103-website\book\index.md'
2021-01-05T05:19:51.388Z - warn: You might have an invalid intra-link! Ignore this warning if it was intended.
'/website/book/principles/print.html' found in file 'C:\repos\nus-cs2103-AY2021S1\cs2103-website\book\index.md'
2021-01-05T05:19:51.401Z - warn: You might have an invalid intra-link! Ignore this warning if it was intended.
'/website/book/cppToJava/print.html' found in file 'C:\repos\nus-cs2103-AY2021S1\cs2103-website\book\index.md'
2021-01-05T05:19:51.402Z - warn: You might have an invalid intra-link! Ignore this warning if it was intended.
'/website/book/common/definitions.html' found in file 'C:\repos\nus-cs2103-AY2021S1\cs2103-website\book\index.md'
2021-01-05T05:19:51.405Z - warn: You might have an invalid intra-link! Ignore this warning if it was intended.
'/website/book/common/references.html' found in file 'C:\repos\nus-cs2103-AY2021S1\cs2103-website\book\index.md'
2021-01-05T05:19:51.406Z - warn: You might have an invalid intra-link! Ignore this warning if it was intended.
'/website/book/common/outcomes.html' found in file 'C:\repos\nus-cs2103-AY2021S1\cs2103-website\book\index.md'
2021-01-05T05:19:51.406Z - warn: You might have an invalid intra-link! Ignore this warning if it was intended.
'/website/book/common/print.html' found in file 'C:\repos\nus-cs2103-AY2021S1\cs2103-website\book\index.md'
2021-01-05T05:21:34.225Z - warn: You might have an invalid intra-link! Ignore this warning if it was intended.
'/website/admin/x' found in file 'C:\repos\nus-cs2103-AY2021S1\cs2103-website\admin\tools.md'
2021-01-05T05:21:36.133Z - warn: You might have an invalid intra-link! Ignore this warning if it was intended.
'/website/admin/x' found in file 'C:\repos\nus-cs2103-AY2021S1\cs2103-website\admin\tools.md'
2021-01-05T05:21:42.454Z - debug:  
2021-01-05T05:21:59.941Z - debug:  
2021-01-05T05:21:59.942Z - debug:  
2021-01-05T05:22:01.663Z - warn: You might have an invalid intra-link! Ignore this warning if it was intended.
'/website/admin/x' found in file 'C:\repos\nus-cs2103-AY2021S1\cs2103-website\admin\tools.md'
2021-01-05T05:22:12.810Z - info: Pages built
2021-01-05T05:22:13.392Z - info: Site data built
2021-01-05T05:22:13.392Z - info: Website generation complete! Total build time: 210.702s
2021-01-05T05:22:13.392Z - info: Build success!
2021-01-05T05:22:18.259Z - info: Deployed at https://nus-cs2103-ay2021s2.github.io/website!
2021-01-05T05:23:51.379Z - info: Website generation started at 1:23:43 PM
2021-01-05T05:24:00.369Z - info: Building assets...
