2020-12-28T16:11:19.732Z - info: Building C:\repos\nus-cs2103-AY2021S1\cs2103-website\se-book-adapted\index as some of its dependencies were changed since the last visit
2020-12-28T16:11:20.552Z - info: Site data built
2020-12-28T16:11:20.552Z - info: Lazy website regeneration complete! Total build time: 0.832s
2020-12-28T16:12:12.495Z - info: Building C:\repos\nus-cs2103-AY2021S1\cs2103-website\se-book-adapted\chapters\uml as some of its dependencies were changed since the last visit
2020-12-28T16:12:18.067Z - debug:  
2020-12-28T16:12:18.067Z - debug:  
2020-12-28T16:12:18.067Z - debug:  
2020-12-28T16:12:18.067Z - debug:  
2020-12-28T16:12:18.073Z - info: Site data built
2020-12-28T16:12:18.074Z - info: Lazy website regeneration complete! Total build time: 5.579s
2020-12-28T16:21:19.780Z - info: [12:21:19 AM] Reload for file add: C:\repos\nus-cs2103-AY2021S1\cs2103-website\book\diagrams\uml\misc\objectVsClassDiagrams\~$professorStudentAdmin.pptx
2020-12-28T16:21:25.916Z - info: [12:21:25 AM] Reload for file add: C:\repos\nus-cs2103-AY2021S1\cs2103-website\book\diagrams\uml\misc\objectVsClassDiagrams\~$professorStudent.pptx
2020-12-28T16:21:30.505Z - info: Assets built
2020-12-28T16:21:30.506Z - info: [12:21:30 AM] Reload for file change: C:\repos\nus-cs2103-AY2021S1\cs2103-website\book\diagrams\uml\misc\objectVsClassDiagrams\~$professorStudent.pptx
2020-12-28T16:21:31.528Z - info: Assets built
2020-12-28T16:24:50.262Z - info: [12:24:50 AM] Reload for file change: C:\repos\nus-cs2103-AY2021S1\cs2103-website\book\uml\miscellaneous\objectVsClassDiagrams\images\professorStudent.png
2020-12-28T16:24:50.321Z - info: [12:24:50 AM] Reload for file change: C:\repos\nus-cs2103-AY2021S1\cs2103-website\book\uml\miscellaneous\objectVsClassDiagrams\images\professorStudent.png
2020-12-28T16:24:51.340Z - info: Assets built
2020-12-28T16:26:14.335Z - info: [12:26:14 AM] Reload for file add: C:\repos\nus-cs2103-AY2021S1\cs2103-website\book\diagrams\uml\misc\objectVsClassDiagrams\ppt2FD2.tmp
2020-12-28T16:26:18.231Z - info: [12:26:18 AM] Reload for file change: C:\repos\nus-cs2103-AY2021S1\cs2103-website\book\diagrams\uml\misc\objectVsClassDiagrams\professorStudent.pptx
2020-12-28T16:26:18.330Z - info: [12:26:18 AM] Reload for file deletion: C:\repos\nus-cs2103-AY2021S1\cs2103-website\book\diagrams\uml\misc\objectVsClassDiagrams\~$professorStudent.pptx
2020-12-28T16:26:18.331Z - info: [12:26:18 AM] Reload for file deletion: C:\repos\nus-cs2103-AY2021S1\cs2103-website\book\diagrams\uml\misc\objectVsClassDiagrams\ppt2FD2.tmp
2020-12-28T16:26:28.635Z - info: Assets built
2020-12-28T16:26:28.637Z - debug: Assets removed
2020-12-28T16:26:30.309Z - info: [12:26:30 AM] Reload for file add: C:\repos\nus-cs2103-AY2021S1\cs2103-website\book\diagrams\uml\classDiagrams\classes\~$basicNotation.pptx
2020-12-28T16:26:35.659Z - info: Assets built
2020-12-28T16:26:55.887Z - info: [12:26:55 AM] Reload for file add: C:\repos\nus-cs2103-AY2021S1\cs2103-website\book\diagrams\uml\classDiagrams\classes\basicNotation - Copy.pptx
2020-12-28T16:27:01.228Z - info: Assets built
2020-12-28T16:27:03.058Z - info: [12:27:03 AM] Reload for file add: C:\repos\nus-cs2103-AY2021S1\cs2103-website\book\diagrams\uml\classDiagrams\classes\genericClasses.pptx
2020-12-28T16:27:07.102Z - info: [12:27:07 AM] Reload for file deletion: C:\repos\nus-cs2103-AY2021S1\cs2103-website\book\diagrams\uml\classDiagrams\classes\basicNotation - Copy.pptx
2020-12-28T16:27:11.879Z - info: Assets built
2020-12-28T16:27:11.893Z - info: [12:27:11 AM] Reload for file add: C:\repos\nus-cs2103-AY2021S1\cs2103-website\book\diagrams\uml\classDiagrams\classes\~$genericClasses.pptx
2020-12-28T16:27:16.576Z - info: [12:27:16 AM] Reload for file deletion: C:\repos\nus-cs2103-AY2021S1\cs2103-website\book\diagrams\uml\classDiagrams\classes\~$basicNotation.pptx
2020-12-28T16:27:20.814Z - info: Assets built
2020-12-28T16:27:20.814Z - debug: Assets removed
2020-12-28T16:27:21.820Z - debug: Assets removed
2020-12-28T16:36:59.828Z - info: [12:36:59 AM] Reload for file add: C:\repos\nus-cs2103-AY2021S1\cs2103-website\book\diagrams\uml\classDiagrams\classes\ppt921.tmp
2020-12-28T16:37:05.474Z - info: [12:37:05 AM] Reload for file change: C:\repos\nus-cs2103-AY2021S1\cs2103-website\book\diagrams\uml\classDiagrams\classes\genericClasses.pptx
2020-12-28T16:37:05.579Z - info: [12:37:05 AM] Reload for file deletion: C:\repos\nus-cs2103-AY2021S1\cs2103-website\book\diagrams\uml\classDiagrams\classes\ppt921.tmp
2020-12-28T16:37:11.533Z - info: Assets built
2020-12-28T16:37:12.535Z - debug: Assets removed
2020-12-28T16:40:44.974Z - info: [12:40:44 AM] Reload for file change: C:\repos\nus-cs2103-AY2021S1\cs2103-website\book\uml\classDiagrams\classes\what\text.md
2020-12-28T16:40:46.023Z - info: Rebuilding 1 pages
2020-12-28T16:40:52.220Z - debug:  
2020-12-28T16:40:52.220Z - debug:  
2020-12-28T16:40:52.220Z - debug:  
2020-12-28T16:40:52.221Z - debug:  
2020-12-28T16:40:52.232Z - info: Site data built
2020-12-28T16:40:52.233Z - info: Pages rebuilt
2020-12-28T16:40:52.233Z - info: Website regeneration complete! Total build time: 6.236s
2020-12-28T16:41:30.863Z - info: [12:41:30 AM] Reload for file change: C:\repos\nus-cs2103-AY2021S1\cs2103-website\book\uml\classDiagrams\classes\what\text.md
2020-12-28T16:41:31.870Z - info: Rebuilding 1 pages
2020-12-28T16:41:36.886Z - debug:  
2020-12-28T16:41:36.895Z - info: Site data built
2020-12-28T16:41:36.896Z - info: Pages rebuilt
2020-12-28T16:41:36.896Z - info: Website regeneration complete! Total build time: 5.03s
2020-12-28T16:41:37.000Z - debug:  
2020-12-28T16:41:37.005Z - debug:  
2020-12-28T16:41:37.005Z - debug:  
2020-12-28T16:43:40.684Z - info: [12:43:40 AM] Reload for file change: C:\repos\nus-cs2103-AY2021S1\cs2103-website\book\uml\classDiagrams\classes\what\text.md
2020-12-28T16:43:41.694Z - info: Rebuilding 1 pages
2020-12-28T16:43:47.247Z - debug:  
2020-12-28T16:43:47.250Z - debug:  
2020-12-28T16:43:47.250Z - debug:  
2020-12-28T16:43:47.250Z - debug:  
2020-12-28T16:43:47.273Z - info: Site data built
2020-12-28T16:43:47.274Z - info: Pages rebuilt
2020-12-28T16:43:47.274Z - info: Website regeneration complete! Total build time: 5.581s
2020-12-28T16:45:24.000Z - info: [12:45:24 AM] Reload for file add: C:\repos\nus-cs2103-AY2021S1\cs2103-website\book\uml\classDiagrams\classes\what\images\generic.png
2020-12-28T16:45:29.173Z - info: [12:45:29 AM] Reload for file change: C:\repos\nus-cs2103-AY2021S1\cs2103-website\book\uml\classDiagrams\classes\what\images\generic.png
2020-12-28T16:45:29.943Z - info: Assets built
2020-12-28T16:46:36.002Z - info: [12:46:36 AM] Reload for file change: C:\repos\nus-cs2103-AY2021S1\cs2103-website\book\uml\classDiagrams\classes\what\text.md
2020-12-28T16:46:37.007Z - info: Rebuilding 1 pages
2020-12-28T16:46:42.550Z - debug:  
2020-12-28T16:46:42.552Z - debug:  
2020-12-28T16:46:42.552Z - debug:  
2020-12-28T16:46:42.552Z - debug:  
2020-12-28T16:46:42.576Z - info: Site data built
2020-12-28T16:46:42.578Z - info: Pages rebuilt
2020-12-28T16:46:42.578Z - info: Website regeneration complete! Total build time: 5.574s
2020-12-28T16:46:57.650Z - info: [12:46:57 AM] Reload for file change: C:\repos\nus-cs2103-AY2021S1\cs2103-website\book\uml\classDiagrams\classes\what\text.md
2020-12-28T16:46:58.657Z - info: Rebuilding 1 pages
2020-12-28T16:47:03.842Z - info: Site data built
2020-12-28T16:47:03.849Z - info: Pages rebuilt
2020-12-28T16:47:03.870Z - info: Website regeneration complete! Total build time: 5.209s
2020-12-28T16:47:03.899Z - debug:  
2020-12-28T16:47:03.900Z - debug:  
2020-12-28T16:47:03.900Z - debug:  
2020-12-28T16:47:03.900Z - debug:  
2020-12-28T16:47:14.424Z - info: [12:47:14 AM] Reload for file change: C:\repos\nus-cs2103-AY2021S1\cs2103-website\book\uml\classDiagrams\classes\what\text.md
2020-12-28T16:47:15.440Z - info: Rebuilding 1 pages
2020-12-28T16:47:19.956Z - debug:  
2020-12-28T16:47:19.963Z - debug:  
2020-12-28T16:47:19.963Z - debug:  
2020-12-28T16:47:19.963Z - debug:  
2020-12-28T16:47:19.973Z - info: Site data built
2020-12-28T16:47:19.974Z - info: Pages rebuilt
2020-12-28T16:47:19.974Z - info: Website regeneration complete! Total build time: 4.538s
2020-12-28T16:47:27.990Z - info: [12:47:27 AM] Reload for file change: C:\repos\nus-cs2103-AY2021S1\cs2103-website\book\uml\classDiagrams\classes\what\text.md
2020-12-28T16:47:28.994Z - info: Rebuilding 1 pages
2020-12-28T16:47:33.657Z - info: Site data built
2020-12-28T16:47:33.658Z - info: Pages rebuilt
2020-12-28T16:47:33.659Z - info: Website regeneration complete! Total build time: 4.667s
2020-12-28T16:47:33.737Z - debug:  
2020-12-28T16:47:33.737Z - debug:  
2020-12-28T16:47:33.743Z - debug:  
2020-12-28T16:47:33.743Z - debug:  
2020-12-28T16:49:18.106Z - info: Building C:\repos\nus-cs2103-AY2021S1\cs2103-website\se-book-adapted\chapters\modeling as some of its dependencies were changed since the last visit
2020-12-28T16:49:25.599Z - debug:  
2020-12-28T16:49:25.600Z - debug:  
2020-12-28T16:49:26.772Z - debug:  
2020-12-28T16:49:26.772Z - debug:  
2020-12-28T16:49:28.454Z - info: Site data built
2020-12-28T16:49:28.457Z - info: Lazy website regeneration complete! Total build time: 10.353s
2020-12-28T16:56:41.619Z - info: [12:56:41 AM] Reload for file change: C:\repos\nus-cs2103-AY2021S1\cs2103-website\book\uml\classDiagrams\dependencies\what\text.md
2020-12-28T16:56:42.682Z - info: Rebuilding 1 pages
2020-12-28T16:56:50.675Z - debug:  
2020-12-28T16:56:50.677Z - debug:  
2020-12-28T16:56:51.258Z - debug:  
2020-12-28T16:56:51.259Z - debug:  
2020-12-28T16:56:52.010Z - info: Site data built
2020-12-28T16:56:52.010Z - info: Pages rebuilt
2020-12-28T16:56:52.011Z - info: Website regeneration complete! Total build time: 9.352s
2020-12-28T16:56:59.771Z - info: Building C:\repos\nus-cs2103-AY2021S1\cs2103-website\se-book-adapted\chapters\uml as some of its dependencies were changed since the last visit
2020-12-28T16:57:05.721Z - debug:  
2020-12-28T16:57:05.721Z - debug:  
2020-12-28T16:57:05.730Z - debug:  
2020-12-28T16:57:05.731Z - debug:  
2020-12-28T16:57:05.741Z - info: Site data built
2020-12-28T16:57:05.742Z - info: Lazy website regeneration complete! Total build time: 5.972s
2020-12-28T17:02:27.472Z - info: [1:02:27 AM] Reload for file change: C:\repos\nus-cs2103-AY2021S1\cs2103-website\book\uml\classDiagrams\dependencies\what\text.md
2020-12-28T17:02:28.478Z - info: Rebuilding 1 pages
2020-12-28T17:02:34.217Z - debug:  
2020-12-28T17:02:34.218Z - debug:  
2020-12-28T17:02:34.218Z - debug:  
2020-12-28T17:02:34.218Z - debug:  
2020-12-28T17:02:34.251Z - info: Site data built
2020-12-28T17:02:34.253Z - info: Pages rebuilt
2020-12-28T17:02:34.257Z - info: Website regeneration complete! Total build time: 5.781s
2020-12-28T17:03:53.091Z - info: [1:03:53 AM] Reload for file change: C:\repos\nus-cs2103-AY2021S1\cs2103-website\book\uml\classDiagrams\dependencies\what\text.md
2020-12-28T17:03:54.097Z - info: Rebuilding 1 pages
2020-12-28T17:03:59.038Z - debug:  
2020-12-28T17:03:59.042Z - info: Site data built
2020-12-28T17:03:59.043Z - info: Pages rebuilt
2020-12-28T17:03:59.043Z - info: Website regeneration complete! Total build time: 4.949s
2020-12-28T17:03:59.103Z - debug:  
2020-12-28T17:03:59.103Z - debug:  
2020-12-28T17:03:59.104Z - debug:  
2020-12-28T17:06:59.465Z - info: [1:06:59 AM] Reload for file change: C:\repos\nus-cs2103-AY2021S1\cs2103-website\book\uml\classDiagrams\dependencies\what\text.md
2020-12-28T17:07:00.492Z - info: Rebuilding 1 pages
2020-12-28T17:07:07.114Z - info: Site data built
2020-12-28T17:07:07.122Z - info: Pages rebuilt
2020-12-28T17:07:07.123Z - info: Website regeneration complete! Total build time: 6.637s
2020-12-28T17:07:07.214Z - debug:  
2020-12-28T17:07:07.527Z - debug:  
2020-12-28T17:07:07.582Z - debug:  
2020-12-28T17:07:07.582Z - debug:  
2020-12-28T17:08:17.240Z - info: [1:08:17 AM] Reload for file change: C:\repos\nus-cs2103-AY2021S1\cs2103-website\book\uml\classDiagrams\dependencies\what\text.md
2020-12-28T17:08:18.244Z - info: Rebuilding 1 pages
2020-12-28T17:08:23.521Z - debug:  
2020-12-28T17:08:23.522Z - debug:  
2020-12-28T17:08:23.525Z - debug:  
2020-12-28T17:08:23.535Z - debug:  
2020-12-28T17:08:23.539Z - info: Site data built
2020-12-28T17:08:23.540Z - info: Pages rebuilt
2020-12-28T17:08:23.540Z - info: Website regeneration complete! Total build time: 5.297s
2020-12-28T17:08:47.229Z - info: [1:08:47 AM] Reload for file change: C:\repos\nus-cs2103-AY2021S1\cs2103-website\book\uml\classDiagrams\dependencies\what\text.md
2020-12-28T17:08:48.230Z - info: Rebuilding 1 pages
2020-12-28T17:09:00.125Z - debug:  
2020-12-28T17:09:00.126Z - debug:  
2020-12-28T17:09:00.126Z - debug:  
2020-12-28T17:09:00.126Z - debug:  
2020-12-28T17:09:00.133Z - info: Site data built
2020-12-28T17:09:00.134Z - info: Pages rebuilt
2020-12-28T17:09:00.134Z - info: Website regeneration complete! Total build time: 11.904s
2020-12-28T17:09:53.518Z - info: [1:09:53 AM] Reload for file change: C:\repos\nus-cs2103-AY2021S1\cs2103-website\book\uml\classDiagrams\dependencies\what\text.md
2020-12-28T17:09:54.524Z - info: Rebuilding 1 pages
2020-12-28T17:10:00.612Z - debug:  
2020-12-28T17:10:00.614Z - debug:  
2020-12-28T17:10:00.614Z - debug:  
2020-12-28T17:10:00.614Z - debug:  
2020-12-28T17:10:00.639Z - info: Site data built
2020-12-28T17:10:00.641Z - info: Pages rebuilt
2020-12-28T17:10:00.642Z - info: Website regeneration complete! Total build time: 6.122s
2020-12-28T17:10:28.776Z - info: [1:10:28 AM] Reload for file add: C:\repos\nus-cs2103-AY2021S1\cs2103-website\book\diagrams\uml\classDiagrams\classes\pptB0BA.tmp
2020-12-28T17:10:33.768Z - info: [1:10:33 AM] Reload for file change: C:\repos\nus-cs2103-AY2021S1\cs2103-website\book\diagrams\uml\classDiagrams\classes\genericClasses.pptx
2020-12-28T17:10:33.839Z - info: [1:10:33 AM] Reload for file deletion: C:\repos\nus-cs2103-AY2021S1\cs2103-website\book\diagrams\uml\classDiagrams\classes\pptB0BA.tmp
2020-12-28T17:10:33.840Z - info: [1:10:33 AM] Reload for file deletion: C:\repos\nus-cs2103-AY2021S1\cs2103-website\book\diagrams\uml\misc\objectVsClassDiagrams\~$professorStudentAdmin.pptx
2020-12-28T17:10:33.840Z - info: [1:10:33 AM] Reload for file deletion: C:\repos\nus-cs2103-AY2021S1\cs2103-website\book\diagrams\uml\classDiagrams\classes\~$genericClasses.pptx
2020-12-28T17:10:44.003Z - info: Assets built
2020-12-28T17:10:44.004Z - debug: Assets removed
2020-12-28T17:15:54.559Z - info: Website generation started at 1:15:51 AM
2020-12-28T17:16:03.048Z - info: Building assets...
2020-12-28T17:16:08.696Z - info: Assets built
2020-12-28T17:16:08.697Z - info: Generating pages...
2020-12-28T17:16:22.220Z - debug:  
2020-12-28T17:16:22.220Z - debug:  
2020-12-28T17:16:22.221Z - debug:  
2020-12-28T17:16:22.221Z - debug:  
2020-12-28T17:16:22.221Z - debug:  
2020-12-28T17:16:22.374Z - debug:  
2020-12-28T17:16:56.590Z - warn: You might have an invalid intra-link! Ignore this warning if it was intended.
'/website/book/about/usage.html' found in file 'C:\repos\nus-cs2103-AY2021S1\cs2103-website\book\index.md'
2020-12-28T17:16:56.592Z - warn: You might have an invalid intra-link! Ignore this warning if it was intended.
'/website/book/softwareEngineering/print.html' found in file 'C:\repos\nus-cs2103-AY2021S1\cs2103-website\book\index.md'
2020-12-28T17:16:56.593Z - warn: You might have an invalid intra-link! Ignore this warning if it was intended.
'/website/book/oop/print.html' found in file 'C:\repos\nus-cs2103-AY2021S1\cs2103-website\book\index.md'
2020-12-28T17:16:56.594Z - warn: You might have an invalid intra-link! Ignore this warning if it was intended.
'/website/book/requirements/print.html' found in file 'C:\repos\nus-cs2103-AY2021S1\cs2103-website\book\index.md'
2020-12-28T17:16:56.595Z - warn: You might have an invalid intra-link! Ignore this warning if it was intended.
'/website/book/gatheringRequirements/print.html' found in file 'C:\repos\nus-cs2103-AY2021S1\cs2103-website\book\index.md'
2020-12-28T17:16:56.595Z - warn: You might have an invalid intra-link! Ignore this warning if it was intended.
'/website/book/specifyingRequirements/print.html' found in file 'C:\repos\nus-cs2103-AY2021S1\cs2103-website\book\index.md'
2020-12-28T17:16:56.596Z - warn: You might have an invalid intra-link! Ignore this warning if it was intended.
'/website/book/design/print.html' found in file 'C:\repos\nus-cs2103-AY2021S1\cs2103-website\book\index.md'
2020-12-28T17:16:56.597Z - warn: You might have an invalid intra-link! Ignore this warning if it was intended.
'/website/book/designFundamentals/print.html' found in file 'C:\repos\nus-cs2103-AY2021S1\cs2103-website\book\index.md'
2020-12-28T17:16:56.597Z - warn: You might have an invalid intra-link! Ignore this warning if it was intended.
'/website/book/modeling/print.html' found in file 'C:\repos\nus-cs2103-AY2021S1\cs2103-website\book\index.md'
2020-12-28T17:16:56.598Z - warn: You might have an invalid intra-link! Ignore this warning if it was intended.
'/website/book/architecture/print.html' found in file 'C:\repos\nus-cs2103-AY2021S1\cs2103-website\book\index.md'
2020-12-28T17:16:56.598Z - warn: You might have an invalid intra-link! Ignore this warning if it was intended.
'/website/book/designPatterns/print.html' found in file 'C:\repos\nus-cs2103-AY2021S1\cs2103-website\book\index.md'
2020-12-28T17:16:56.599Z - warn: You might have an invalid intra-link! Ignore this warning if it was intended.
'/website/book/designApproaches/print.html' found in file 'C:\repos\nus-cs2103-AY2021S1\cs2103-website\book\index.md'
2020-12-28T17:16:56.600Z - warn: You might have an invalid intra-link! Ignore this warning if it was intended.
'/website/book/ides/print.html' found in file 'C:\repos\nus-cs2103-AY2021S1\cs2103-website\book\index.md'
2020-12-28T17:16:56.600Z - warn: You might have an invalid intra-link! Ignore this warning if it was intended.
'/website/book/codeQuality/print.html' found in file 'C:\repos\nus-cs2103-AY2021S1\cs2103-website\book\index.md'
2020-12-28T17:16:56.601Z - warn: You might have an invalid intra-link! Ignore this warning if it was intended.
'/website/book/refactoring/print.html' found in file 'C:\repos\nus-cs2103-AY2021S1\cs2103-website\book\index.md'
2020-12-28T17:16:56.601Z - warn: You might have an invalid intra-link! Ignore this warning if it was intended.
'/website/book/documentation/print.html' found in file 'C:\repos\nus-cs2103-AY2021S1\cs2103-website\book\index.md'
2020-12-28T17:16:56.602Z - warn: You might have an invalid intra-link! Ignore this warning if it was intended.
'/website/book/errorHandling/print.html' found in file 'C:\repos\nus-cs2103-AY2021S1\cs2103-website\book\index.md'
2020-12-28T17:16:56.602Z - warn: You might have an invalid intra-link! Ignore this warning if it was intended.
'/website/book/integration/print.html' found in file 'C:\repos\nus-cs2103-AY2021S1\cs2103-website\book\index.md'
2020-12-28T17:16:56.603Z - warn: You might have an invalid intra-link! Ignore this warning if it was intended.
'/website/book/reuse/print.html' found in file 'C:\repos\nus-cs2103-AY2021S1\cs2103-website\book\index.md'
2020-12-28T17:16:56.604Z - warn: You might have an invalid intra-link! Ignore this warning if it was intended.
'/website/book/qualityAssurance/print.html' found in file 'C:\repos\nus-cs2103-AY2021S1\cs2103-website\book\index.md'
2020-12-28T17:16:56.604Z - warn: You might have an invalid intra-link! Ignore this warning if it was intended.
'/website/book/testing/print.html' found in file 'C:\repos\nus-cs2103-AY2021S1\cs2103-website\book\index.md'
2020-12-28T17:16:56.605Z - warn: You might have an invalid intra-link! Ignore this warning if it was intended.
'/website/book/testCaseDesign/print.html' found in file 'C:\repos\nus-cs2103-AY2021S1\cs2103-website\book\index.md'
2020-12-28T17:16:56.606Z - warn: You might have an invalid intra-link! Ignore this warning if it was intended.
'/website/book/revisionControl/print.html' found in file 'C:\repos\nus-cs2103-AY2021S1\cs2103-website\book\index.md'
2020-12-28T17:16:56.606Z - warn: You might have an invalid intra-link! Ignore this warning if it was intended.
'/website/book/projectPlanning/print.html' found in file 'C:\repos\nus-cs2103-AY2021S1\cs2103-website\book\index.md'
2020-12-28T17:16:56.607Z - warn: You might have an invalid intra-link! Ignore this warning if it was intended.
'/website/book/teamwork/print.html' found in file 'C:\repos\nus-cs2103-AY2021S1\cs2103-website\book\index.md'
2020-12-28T17:16:56.607Z - warn: You might have an invalid intra-link! Ignore this warning if it was intended.
'/website/book/processModels/print.html' found in file 'C:\repos\nus-cs2103-AY2021S1\cs2103-website\book\index.md'
2020-12-28T17:16:56.608Z - warn: You might have an invalid intra-link! Ignore this warning if it was intended.
'/website/book/uml/print.html' found in file 'C:\repos\nus-cs2103-AY2021S1\cs2103-website\book\index.md'
2020-12-28T17:16:56.609Z - warn: You might have an invalid intra-link! Ignore this warning if it was intended.
'/website/book/intellij/print.html' found in file 'C:\repos\nus-cs2103-AY2021S1\cs2103-website\book\index.md'
2020-12-28T17:16:56.609Z - warn: You might have an invalid intra-link! Ignore this warning if it was intended.
'/website/book/gitAndGithub/print.html' found in file 'C:\repos\nus-cs2103-AY2021S1\cs2103-website\book\index.md'
2020-12-28T17:16:56.610Z - warn: You might have an invalid intra-link! Ignore this warning if it was intended.
'/website/book/principles/print.html' found in file 'C:\repos\nus-cs2103-AY2021S1\cs2103-website\book\index.md'
2020-12-28T17:16:56.611Z - warn: You might have an invalid intra-link! Ignore this warning if it was intended.
'/website/book/cppToJava/print.html' found in file 'C:\repos\nus-cs2103-AY2021S1\cs2103-website\book\index.md'
2020-12-28T17:16:56.611Z - warn: You might have an invalid intra-link! Ignore this warning if it was intended.
'/website/book/common/definitions.html' found in file 'C:\repos\nus-cs2103-AY2021S1\cs2103-website\book\index.md'
2020-12-28T17:16:56.612Z - warn: You might have an invalid intra-link! Ignore this warning if it was intended.
'/website/book/common/references.html' found in file 'C:\repos\nus-cs2103-AY2021S1\cs2103-website\book\index.md'
2020-12-28T17:16:56.612Z - warn: You might have an invalid intra-link! Ignore this warning if it was intended.
'/website/book/common/outcomes.html' found in file 'C:\repos\nus-cs2103-AY2021S1\cs2103-website\book\index.md'
2020-12-28T17:16:56.613Z - warn: You might have an invalid intra-link! Ignore this warning if it was intended.
'/website/book/common/print.html' found in file 'C:\repos\nus-cs2103-AY2021S1\cs2103-website\book\index.md'
2020-12-28T17:18:30.338Z - warn: You might have an invalid intra-link! Ignore this warning if it was intended.
'/website/admin/x' found in file 'C:\repos\nus-cs2103-AY2021S1\cs2103-website\admin\tools.md'
2020-12-28T17:18:32.426Z - warn: You might have an invalid intra-link! Ignore this warning if it was intended.
'/website/admin/x' found in file 'C:\repos\nus-cs2103-AY2021S1\cs2103-website\admin\tools.md'
2020-12-28T17:18:39.083Z - debug:  
2020-12-28T17:18:53.050Z - debug:  
2020-12-28T17:18:53.050Z - debug:  
2020-12-28T17:18:54.250Z - warn: You might have an invalid intra-link! Ignore this warning if it was intended.
'/website/admin/x' found in file 'C:\repos\nus-cs2103-AY2021S1\cs2103-website\admin\tools.md'
2020-12-28T17:19:04.577Z - info: Pages built
2020-12-28T17:19:05.128Z - info: Site data built
2020-12-28T17:19:05.129Z - info: Website generation complete! Total build time: 193.88s
2020-12-28T17:19:05.129Z - info: Build success!
2020-12-28T17:19:10.534Z - info: Deployed at https://nus-cs2103-ay2021s2.github.io/website!
2020-12-28T17:20:08.026Z - info: Website generation (lazy) started at 1:20:03 AM
2020-12-28T17:20:16.688Z - info: Building assets...
2020-12-28T17:20:22.593Z - info: Assets built
2020-12-28T17:20:22.594Z - info: Generating landing page...
2020-12-28T17:20:23.416Z - info: Landing page built, other pages will be built as you navigate to them!
2020-12-28T17:20:23.849Z - info: Site data built
2020-12-28T17:20:23.849Z - info: Website generation (lazy) complete! Total build time: 20.621s
2020-12-28T17:20:24.663Z - info: Serving "C:\repos\nus-cs2103-AY2021S1\cs2103-website\_site" at http://127.0.0.1:8080
2020-12-28T17:20:24.663Z - info: Press CTRL+C to stop ...
2020-12-28T17:22:41.035Z - info: Building C:\repos\nus-cs2103-AY2021S1\cs2103-website\admin\tp-expectations as some of its dependencies were changed since the last visit
2020-12-28T17:22:41.822Z - info: Site data built
2020-12-28T17:22:41.822Z - info: Lazy website regeneration complete! Total build time: 0.797s
2020-12-28T17:25:28.793Z - info: [1:25:28 AM] Reload for file change: C:\repos\nus-cs2103-AY2021S1\cs2103-website\admin\tp-expectations.md
2020-12-28T17:25:29.797Z - info: Rebuilding 1 pages
2020-12-28T17:25:30.593Z - info: Site data built
2020-12-28T17:25:30.593Z - info: Pages rebuilt
2020-12-28T17:25:30.593Z - info: Website regeneration complete! Total build time: 0.799s
2020-12-28T17:26:14.921Z - info: [1:26:14 AM] Reload for file change: C:\repos\nus-cs2103-AY2021S1\cs2103-website\admin\tp-expectations.md
2020-12-28T17:26:15.929Z - info: Rebuilding 1 pages
2020-12-28T17:26:16.651Z - info: Site data built
2020-12-28T17:26:16.652Z - info: Pages rebuilt
2020-12-28T17:26:16.652Z - info: Website regeneration complete! Total build time: 0.729s
2020-12-28T17:26:30.716Z - info: Building C:\repos\nus-cs2103-AY2021S1\cs2103-website\admin\tp-grading as some of its dependencies were changed since the last visit
2020-12-28T17:26:31.247Z - info: Site data built
2020-12-28T17:26:31.248Z - info: Lazy website regeneration complete! Total build time: 0.532s
2020-12-28T17:27:44.626Z - info: [1:27:44 AM] Reload for file change: C:\repos\nus-cs2103-AY2021S1\cs2103-website\admin\tp-grading.md
2020-12-28T17:27:45.635Z - info: Rebuilding 1 pages
2020-12-28T17:27:46.994Z - info: Site data built
2020-12-28T17:27:46.997Z - info: Pages rebuilt
2020-12-28T17:27:46.997Z - info: Website regeneration complete! Total build time: 1.366s
2020-12-28T17:29:04.087Z - info: [1:29:04 AM] Reload for file change: C:\repos\nus-cs2103-AY2021S1\cs2103-website\admin\tp-grading.md
2020-12-28T17:29:05.090Z - info: Rebuilding 1 pages
2020-12-28T17:29:05.712Z - info: Site data built
2020-12-28T17:29:05.712Z - info: Pages rebuilt
2020-12-28T17:29:05.712Z - info: Website regeneration complete! Total build time: 0.623s
2020-12-28T17:33:54.925Z - info: Website generation started at 1:33:52 AM
2020-12-28T17:34:04.032Z - info: Building assets...
2020-12-28T17:34:10.038Z - info: Assets built
2020-12-28T17:34:10.039Z - info: Generating pages...
2020-12-28T17:34:21.126Z - debug:  
2020-12-28T17:34:21.127Z - debug:  
2020-12-28T17:34:21.127Z - debug:  
2020-12-28T17:34:21.127Z - debug:  
2020-12-28T17:34:21.131Z - debug:  
2020-12-28T17:34:22.316Z - debug:  
2020-12-28T17:34:54.890Z - warn: You might have an invalid intra-link! Ignore this warning if it was intended.
'/website/book/about/usage.html' found in file 'C:\repos\nus-cs2103-AY2021S1\cs2103-website\book\index.md'
2020-12-28T17:34:54.892Z - warn: You might have an invalid intra-link! Ignore this warning if it was intended.
'/website/book/softwareEngineering/print.html' found in file 'C:\repos\nus-cs2103-AY2021S1\cs2103-website\book\index.md'
2020-12-28T17:34:54.893Z - warn: You might have an invalid intra-link! Ignore this warning if it was intended.
'/website/book/oop/print.html' found in file 'C:\repos\nus-cs2103-AY2021S1\cs2103-website\book\index.md'
2020-12-28T17:34:54.894Z - warn: You might have an invalid intra-link! Ignore this warning if it was intended.
'/website/book/requirements/print.html' found in file 'C:\repos\nus-cs2103-AY2021S1\cs2103-website\book\index.md'
2020-12-28T17:34:54.895Z - warn: You might have an invalid intra-link! Ignore this warning if it was intended.
'/website/book/gatheringRequirements/print.html' found in file 'C:\repos\nus-cs2103-AY2021S1\cs2103-website\book\index.md'
2020-12-28T17:34:54.895Z - warn: You might have an invalid intra-link! Ignore this warning if it was intended.
'/website/book/specifyingRequirements/print.html' found in file 'C:\repos\nus-cs2103-AY2021S1\cs2103-website\book\index.md'
2020-12-28T17:34:54.896Z - warn: You might have an invalid intra-link! Ignore this warning if it was intended.
'/website/book/design/print.html' found in file 'C:\repos\nus-cs2103-AY2021S1\cs2103-website\book\index.md'
2020-12-28T17:34:54.897Z - warn: You might have an invalid intra-link! Ignore this warning if it was intended.
'/website/book/designFundamentals/print.html' found in file 'C:\repos\nus-cs2103-AY2021S1\cs2103-website\book\index.md'
2020-12-28T17:34:54.898Z - warn: You might have an invalid intra-link! Ignore this warning if it was intended.
'/website/book/modeling/print.html' found in file 'C:\repos\nus-cs2103-AY2021S1\cs2103-website\book\index.md'
2020-12-28T17:34:54.898Z - warn: You might have an invalid intra-link! Ignore this warning if it was intended.
'/website/book/architecture/print.html' found in file 'C:\repos\nus-cs2103-AY2021S1\cs2103-website\book\index.md'
2020-12-28T17:34:54.899Z - warn: You might have an invalid intra-link! Ignore this warning if it was intended.
'/website/book/designPatterns/print.html' found in file 'C:\repos\nus-cs2103-AY2021S1\cs2103-website\book\index.md'
2020-12-28T17:34:54.900Z - warn: You might have an invalid intra-link! Ignore this warning if it was intended.
'/website/book/designApproaches/print.html' found in file 'C:\repos\nus-cs2103-AY2021S1\cs2103-website\book\index.md'
2020-12-28T17:34:54.901Z - warn: You might have an invalid intra-link! Ignore this warning if it was intended.
'/website/book/ides/print.html' found in file 'C:\repos\nus-cs2103-AY2021S1\cs2103-website\book\index.md'
2020-12-28T17:34:54.901Z - warn: You might have an invalid intra-link! Ignore this warning if it was intended.
'/website/book/codeQuality/print.html' found in file 'C:\repos\nus-cs2103-AY2021S1\cs2103-website\book\index.md'
2020-12-28T17:34:54.902Z - warn: You might have an invalid intra-link! Ignore this warning if it was intended.
'/website/book/refactoring/print.html' found in file 'C:\repos\nus-cs2103-AY2021S1\cs2103-website\book\index.md'
2020-12-28T17:34:54.903Z - warn: You might have an invalid intra-link! Ignore this warning if it was intended.
'/website/book/documentation/print.html' found in file 'C:\repos\nus-cs2103-AY2021S1\cs2103-website\book\index.md'
2020-12-28T17:34:54.903Z - warn: You might have an invalid intra-link! Ignore this warning if it was intended.
'/website/book/errorHandling/print.html' found in file 'C:\repos\nus-cs2103-AY2021S1\cs2103-website\book\index.md'
2020-12-28T17:34:54.904Z - warn: You might have an invalid intra-link! Ignore this warning if it was intended.
'/website/book/integration/print.html' found in file 'C:\repos\nus-cs2103-AY2021S1\cs2103-website\book\index.md'
2020-12-28T17:34:54.904Z - warn: You might have an invalid intra-link! Ignore this warning if it was intended.
'/website/book/reuse/print.html' found in file 'C:\repos\nus-cs2103-AY2021S1\cs2103-website\book\index.md'
2020-12-28T17:34:54.905Z - warn: You might have an invalid intra-link! Ignore this warning if it was intended.
'/website/book/qualityAssurance/print.html' found in file 'C:\repos\nus-cs2103-AY2021S1\cs2103-website\book\index.md'
2020-12-28T17:34:54.906Z - warn: You might have an invalid intra-link! Ignore this warning if it was intended.
'/website/book/testing/print.html' found in file 'C:\repos\nus-cs2103-AY2021S1\cs2103-website\book\index.md'
2020-12-28T17:34:54.906Z - warn: You might have an invalid intra-link! Ignore this warning if it was intended.
'/website/book/testCaseDesign/print.html' found in file 'C:\repos\nus-cs2103-AY2021S1\cs2103-website\book\index.md'
2020-12-28T17:34:54.907Z - warn: You might have an invalid intra-link! Ignore this warning if it was intended.
'/website/book/revisionControl/print.html' found in file 'C:\repos\nus-cs2103-AY2021S1\cs2103-website\book\index.md'
2020-12-28T17:34:54.908Z - warn: You might have an invalid intra-link! Ignore this warning if it was intended.
'/website/book/projectPlanning/print.html' found in file 'C:\repos\nus-cs2103-AY2021S1\cs2103-website\book\index.md'
2020-12-28T17:34:54.908Z - warn: You might have an invalid intra-link! Ignore this warning if it was intended.
'/website/book/teamwork/print.html' found in file 'C:\repos\nus-cs2103-AY2021S1\cs2103-website\book\index.md'
2020-12-28T17:34:54.909Z - warn: You might have an invalid intra-link! Ignore this warning if it was intended.
'/website/book/processModels/print.html' found in file 'C:\repos\nus-cs2103-AY2021S1\cs2103-website\book\index.md'
2020-12-28T17:34:54.910Z - warn: You might have an invalid intra-link! Ignore this warning if it was intended.
'/website/book/uml/print.html' found in file 'C:\repos\nus-cs2103-AY2021S1\cs2103-website\book\index.md'
2020-12-28T17:34:54.910Z - warn: You might have an invalid intra-link! Ignore this warning if it was intended.
'/website/book/intellij/print.html' found in file 'C:\repos\nus-cs2103-AY2021S1\cs2103-website\book\index.md'
2020-12-28T17:34:54.911Z - warn: You might have an invalid intra-link! Ignore this warning if it was intended.
'/website/book/gitAndGithub/print.html' found in file 'C:\repos\nus-cs2103-AY2021S1\cs2103-website\book\index.md'
2020-12-28T17:34:54.912Z - warn: You might have an invalid intra-link! Ignore this warning if it was intended.
'/website/book/principles/print.html' found in file 'C:\repos\nus-cs2103-AY2021S1\cs2103-website\book\index.md'
2020-12-28T17:34:54.912Z - warn: You might have an invalid intra-link! Ignore this warning if it was intended.
'/website/book/cppToJava/print.html' found in file 'C:\repos\nus-cs2103-AY2021S1\cs2103-website\book\index.md'
2020-12-28T17:34:54.913Z - warn: You might have an invalid intra-link! Ignore this warning if it was intended.
'/website/book/common/definitions.html' found in file 'C:\repos\nus-cs2103-AY2021S1\cs2103-website\book\index.md'
2020-12-28T17:34:54.913Z - warn: You might have an invalid intra-link! Ignore this warning if it was intended.
'/website/book/common/references.html' found in file 'C:\repos\nus-cs2103-AY2021S1\cs2103-website\book\index.md'
2020-12-28T17:34:54.914Z - warn: You might have an invalid intra-link! Ignore this warning if it was intended.
'/website/book/common/outcomes.html' found in file 'C:\repos\nus-cs2103-AY2021S1\cs2103-website\book\index.md'
2020-12-28T17:34:54.914Z - warn: You might have an invalid intra-link! Ignore this warning if it was intended.
'/website/book/common/print.html' found in file 'C:\repos\nus-cs2103-AY2021S1\cs2103-website\book\index.md'
2020-12-28T17:36:01.775Z - warn: You might have an invalid intra-link! Ignore this warning if it was intended.
'/website/week7/topics.html' found in file 'C:\repos\nus-cs2103-AY2021S1\cs2103-website\admin\common-commentary.mbdf'
2020-12-28T17:36:26.449Z - warn: You might have an invalid intra-link! Ignore this warning if it was intended.
'/website/admin/x' found in file 'C:\repos\nus-cs2103-AY2021S1\cs2103-website\admin\tools.md'
2020-12-28T17:36:27.753Z - warn: You might have an invalid intra-link! Ignore this warning if it was intended.
'/website/admin/x' found in file 'C:\repos\nus-cs2103-AY2021S1\cs2103-website\admin\tools.md'
2020-12-28T17:36:33.517Z - debug:  
2020-12-28T17:36:48.769Z - debug:  
2020-12-28T17:36:48.769Z - debug:  
2020-12-28T17:36:50.058Z - warn: You might have an invalid intra-link! Ignore this warning if it was intended.
'/website/admin/x' found in file 'C:\repos\nus-cs2103-AY2021S1\cs2103-website\admin\tools.md'
2020-12-28T17:36:58.505Z - info: Pages built
2020-12-28T17:36:59.057Z - info: Site data built
2020-12-28T17:36:59.058Z - info: Website generation complete! Total build time: 186.762s
2020-12-28T17:36:59.058Z - info: Build success!
2020-12-28T17:37:03.851Z - info: Deployed at https://nus-cs2113-ay2021s2.github.io/website!
2020-12-29T14:27:37.405Z - info: Website generation (lazy) started at 10:27:31 PM
2020-12-29T14:27:50.936Z - info: Building assets...
2020-12-29T14:27:59.892Z - info: Assets built
2020-12-29T14:27:59.893Z - info: Generating landing page...
2020-12-29T14:28:00.706Z - info: Landing page built, other pages will be built as you navigate to them!
2020-12-29T14:28:01.306Z - info: Site data built
2020-12-29T14:28:01.307Z - info: Website generation (lazy) complete! Total build time: 29.462s
2020-12-29T14:28:03.100Z - info: Serving "C:\repos\nus-cs2103-AY2021S1\cs2103-website\_site" at http://127.0.0.1:8080
2020-12-29T14:28:03.100Z - info: Press CTRL+C to stop ...
2020-12-29T14:44:06.936Z - info: [10:44:06 PM] Reload for file change: C:\repos\nus-cs2103-AY2021S1\cs2103-website\_markbind\variables.md
2020-12-29T14:44:06.992Z - info: [10:44:06 PM] Reload for file change: C:\repos\nus-cs2103-AY2021S1\cs2103-website\_markbind\variables.md
2020-12-29T14:44:07.993Z - info: Assets built
2020-12-29T14:45:38.732Z - info: [10:45:38 PM] Reload for file change: C:\repos\nus-cs2103-AY2021S1\cs2103-website\_markbind\variables.md
2020-12-29T14:45:39.739Z - info: Assets built
2020-12-29T14:46:06.538Z - info: Website generation (lazy) started at 10:46:01 PM
2020-12-29T14:46:17.802Z - info: Building assets...
2020-12-29T14:46:23.429Z - info: Assets built
2020-12-29T14:46:23.430Z - info: Generating landing page...
2020-12-29T14:46:24.293Z - info: Landing page built, other pages will be built as you navigate to them!
2020-12-29T14:46:24.810Z - info: Site data built
2020-12-29T14:46:24.810Z - info: Website generation (lazy) complete! Total build time: 22.874s
2020-12-29T14:46:25.648Z - info: Serving "C:\repos\nus-cs2103-AY2021S1\cs2103-website\_site" at http://127.0.0.1:8080
2020-12-29T14:46:25.648Z - info: Press CTRL+C to stop ...
2020-12-29T14:49:59.650Z - info: [10:49:59 PM] Reload for file change: C:\repos\nus-cs2103-AY2021S1\cs2103-website\_markbind\headers\header.md
2020-12-29T14:50:00.677Z - info: Rebuilding 1 pages
2020-12-29T14:50:01.669Z - info: Site data built
2020-12-29T14:50:01.670Z - info: Pages rebuilt
2020-12-29T14:50:01.671Z - info: Website regeneration complete! Total build time: 1s
2020-12-29T14:50:19.459Z - info: Building C:\repos\nus-cs2103-AY2021S1\cs2103-website\admin\ip-overview as some of its dependencies were changed since the last visit
2020-12-29T14:50:19.870Z - info: Site data built
2020-12-29T14:50:19.871Z - info: Lazy website regeneration complete! Total build time: 0.413s
2020-12-29T14:50:30.519Z - info: Building C:\repos\nus-cs2103-AY2021S1\cs2103-website\admin\ip-w2 as some of its dependencies were changed since the last visit
2020-12-29T14:50:31.983Z - info: Site data built
2020-12-29T14:50:31.983Z - info: Lazy website regeneration complete! Total build time: 1.464s
2020-12-29T15:14:02.245Z - info: [11:14:02 PM] Reload for file change: C:\repos\nus-cs2103-AY2021S1\cs2103-website\_markbind\headers\header.md
2020-12-29T15:14:03.278Z - info: Rebuilding 1 pages
2020-12-29T15:14:05.153Z - info: Site data built
2020-12-29T15:14:05.154Z - info: Pages rebuilt
2020-12-29T15:14:05.154Z - info: Website regeneration complete! Total build time: 1.886s
2020-12-29T15:14:10.570Z - info: Building C:\repos\nus-cs2103-AY2021S1\cs2103-website\admin\teamList as some of its dependencies were changed since the last visit
2020-12-29T15:14:12.614Z - info: Site data built
2020-12-29T15:14:12.615Z - info: Lazy website regeneration complete! Total build time: 2.045s
2020-12-29T15:15:14.879Z - info: [11:15:14 PM] Reload for file change: C:\repos\nus-cs2103-AY2021S1\cs2103-website\_module-TIC4002\studentData.mbdf
2020-12-29T15:15:15.886Z - info: Rebuilding 1 pages
2020-12-29T15:15:16.166Z - info: Site data built
2020-12-29T15:15:16.166Z - info: Pages rebuilt
2020-12-29T15:15:16.167Z - info: Website regeneration complete! Total build time: 0.282s
2020-12-29T15:15:55.509Z - info: [11:15:55 PM] Reload for file change: C:\repos\nus-cs2103-AY2021S1\cs2103-website\_module-TIC4002\studentData.mbdf
2020-12-29T15:15:56.514Z - info: Rebuilding 1 pages
2020-12-29T15:15:56.683Z - info: Site data built
2020-12-29T15:15:56.683Z - info: Pages rebuilt
2020-12-29T15:15:56.683Z - info: Website regeneration complete! Total build time: 0.17s
2020-12-29T15:16:32.572Z - info: [11:16:32 PM] Reload for file change: C:\repos\nus-cs2103-AY2021S1\cs2103-website\_module-TIC4002\studentData.mbdf
2020-12-29T15:16:33.579Z - info: Rebuilding 1 pages
2020-12-29T15:16:33.776Z - info: Site data built
2020-12-29T15:16:33.776Z - info: Pages rebuilt
2020-12-29T15:16:33.776Z - info: Website regeneration complete! Total build time: 0.201s
2020-12-29T15:17:06.244Z - info: Building C:\repos\nus-cs2103-AY2021S1\cs2103-website\admin\index as some of its dependencies were changed since the last visit
2020-12-29T15:17:06.684Z - info: Site data built
2020-12-29T15:17:06.684Z - info: Lazy website regeneration complete! Total build time: 0.441s
2020-12-29T15:17:28.770Z - info: Building C:\repos\nus-cs2103-AY2021S1\cs2103-website\se-book-adapted\index as some of its dependencies were changed since the last visit
2020-12-29T15:17:28.936Z - info: Site data built
2020-12-29T15:17:28.936Z - info: Lazy website regeneration complete! Total build time: 0.167s
2020-12-29T15:17:34.634Z - info: Building C:\repos\nus-cs2103-AY2021S1\cs2103-website\schedule\timeline as some of its dependencies were changed since the last visit
2020-12-29T15:17:39.811Z - info: Site data built
2020-12-29T15:17:39.812Z - info: Lazy website regeneration complete! Total build time: 5.177s
2020-12-29T15:39:10.620Z - info: Website generation started at 11:39:07 PM
2020-12-29T15:39:19.879Z - info: Building assets...
2020-12-29T15:39:27.635Z - info: Assets built
2020-12-29T15:39:27.636Z - info: Generating pages...
2020-12-29T15:39:46.409Z - debug:  
2020-12-29T15:39:46.411Z - debug:  
2020-12-29T15:39:46.411Z - debug:  
2020-12-29T15:39:46.411Z - debug:  
2020-12-29T15:39:46.411Z - debug:  
2020-12-29T15:39:46.831Z - debug:  
2020-12-29T15:40:39.871Z - warn: You might have an invalid intra-link! Ignore this warning if it was intended.
'/website/book/about/usage.html' found in file 'C:\repos\nus-cs2103-AY2021S1\cs2103-website\book\index.md'
2020-12-29T15:40:39.873Z - warn: You might have an invalid intra-link! Ignore this warning if it was intended.
'/website/book/softwareEngineering/print.html' found in file 'C:\repos\nus-cs2103-AY2021S1\cs2103-website\book\index.md'
2020-12-29T15:40:39.874Z - warn: You might have an invalid intra-link! Ignore this warning if it was intended.
'/website/book/oop/print.html' found in file 'C:\repos\nus-cs2103-AY2021S1\cs2103-website\book\index.md'
2020-12-29T15:40:39.875Z - warn: You might have an invalid intra-link! Ignore this warning if it was intended.
'/website/book/requirements/print.html' found in file 'C:\repos\nus-cs2103-AY2021S1\cs2103-website\book\index.md'
2020-12-29T15:40:39.876Z - warn: You might have an invalid intra-link! Ignore this warning if it was intended.
'/website/book/gatheringRequirements/print.html' found in file 'C:\repos\nus-cs2103-AY2021S1\cs2103-website\book\index.md'
2020-12-29T15:40:39.876Z - warn: You might have an invalid intra-link! Ignore this warning if it was intended.
'/website/book/specifyingRequirements/print.html' found in file 'C:\repos\nus-cs2103-AY2021S1\cs2103-website\book\index.md'
2020-12-29T15:40:39.877Z - warn: You might have an invalid intra-link! Ignore this warning if it was intended.
'/website/book/design/print.html' found in file 'C:\repos\nus-cs2103-AY2021S1\cs2103-website\book\index.md'
2020-12-29T15:40:39.878Z - warn: You might have an invalid intra-link! Ignore this warning if it was intended.
'/website/book/designFundamentals/print.html' found in file 'C:\repos\nus-cs2103-AY2021S1\cs2103-website\book\index.md'
2020-12-29T15:40:39.879Z - warn: You might have an invalid intra-link! Ignore this warning if it was intended.
'/website/book/modeling/print.html' found in file 'C:\repos\nus-cs2103-AY2021S1\cs2103-website\book\index.md'
2020-12-29T15:40:39.880Z - warn: You might have an invalid intra-link! Ignore this warning if it was intended.
'/website/book/architecture/print.html' found in file 'C:\repos\nus-cs2103-AY2021S1\cs2103-website\book\index.md'
2020-12-29T15:40:39.880Z - warn: You might have an invalid intra-link! Ignore this warning if it was intended.
'/website/book/designPatterns/print.html' found in file 'C:\repos\nus-cs2103-AY2021S1\cs2103-website\book\index.md'
2020-12-29T15:40:39.881Z - warn: You might have an invalid intra-link! Ignore this warning if it was intended.
'/website/book/designApproaches/print.html' found in file 'C:\repos\nus-cs2103-AY2021S1\cs2103-website\book\index.md'
2020-12-29T15:40:39.882Z - warn: You might have an invalid intra-link! Ignore this warning if it was intended.
'/website/book/ides/print.html' found in file 'C:\repos\nus-cs2103-AY2021S1\cs2103-website\book\index.md'
2020-12-29T15:40:39.883Z - warn: You might have an invalid intra-link! Ignore this warning if it was intended.
'/website/book/codeQuality/print.html' found in file 'C:\repos\nus-cs2103-AY2021S1\cs2103-website\book\index.md'
2020-12-29T15:40:39.883Z - warn: You might have an invalid intra-link! Ignore this warning if it was intended.
'/website/book/refactoring/print.html' found in file 'C:\repos\nus-cs2103-AY2021S1\cs2103-website\book\index.md'
2020-12-29T15:40:39.884Z - warn: You might have an invalid intra-link! Ignore this warning if it was intended.
'/website/book/documentation/print.html' found in file 'C:\repos\nus-cs2103-AY2021S1\cs2103-website\book\index.md'
2020-12-29T15:40:39.885Z - warn: You might have an invalid intra-link! Ignore this warning if it was intended.
'/website/book/errorHandling/print.html' found in file 'C:\repos\nus-cs2103-AY2021S1\cs2103-website\book\index.md'
2020-12-29T15:40:39.885Z - warn: You might have an invalid intra-link! Ignore this warning if it was intended.
'/website/book/integration/print.html' found in file 'C:\repos\nus-cs2103-AY2021S1\cs2103-website\book\index.md'
2020-12-29T15:40:39.886Z - warn: You might have an invalid intra-link! Ignore this warning if it was intended.
'/website/book/reuse/print.html' found in file 'C:\repos\nus-cs2103-AY2021S1\cs2103-website\book\index.md'
2020-12-29T15:40:39.887Z - warn: You might have an invalid intra-link! Ignore this warning if it was intended.
'/website/book/qualityAssurance/print.html' found in file 'C:\repos\nus-cs2103-AY2021S1\cs2103-website\book\index.md'
2020-12-29T15:40:39.888Z - warn: You might have an invalid intra-link! Ignore this warning if it was intended.
'/website/book/testing/print.html' found in file 'C:\repos\nus-cs2103-AY2021S1\cs2103-website\book\index.md'
2020-12-29T15:40:39.888Z - warn: You might have an invalid intra-link! Ignore this warning if it was intended.
'/website/book/testCaseDesign/print.html' found in file 'C:\repos\nus-cs2103-AY2021S1\cs2103-website\book\index.md'
2020-12-29T15:40:39.889Z - warn: You might have an invalid intra-link! Ignore this warning if it was intended.
'/website/book/revisionControl/print.html' found in file 'C:\repos\nus-cs2103-AY2021S1\cs2103-website\book\index.md'
2020-12-29T15:40:39.890Z - warn: You might have an invalid intra-link! Ignore this warning if it was intended.
'/website/book/projectPlanning/print.html' found in file 'C:\repos\nus-cs2103-AY2021S1\cs2103-website\book\index.md'
2020-12-29T15:40:39.891Z - warn: You might have an invalid intra-link! Ignore this warning if it was intended.
'/website/book/teamwork/print.html' found in file 'C:\repos\nus-cs2103-AY2021S1\cs2103-website\book\index.md'
2020-12-29T15:40:39.891Z - warn: You might have an invalid intra-link! Ignore this warning if it was intended.
'/website/book/processModels/print.html' found in file 'C:\repos\nus-cs2103-AY2021S1\cs2103-website\book\index.md'
2020-12-29T15:40:39.892Z - warn: You might have an invalid intra-link! Ignore this warning if it was intended.
'/website/book/uml/print.html' found in file 'C:\repos\nus-cs2103-AY2021S1\cs2103-website\book\index.md'
2020-12-29T15:40:39.893Z - warn: You might have an invalid intra-link! Ignore this warning if it was intended.
'/website/book/intellij/print.html' found in file 'C:\repos\nus-cs2103-AY2021S1\cs2103-website\book\index.md'
2020-12-29T15:40:39.894Z - warn: You might have an invalid intra-link! Ignore this warning if it was intended.
'/website/book/gitAndGithub/print.html' found in file 'C:\repos\nus-cs2103-AY2021S1\cs2103-website\book\index.md'
2020-12-29T15:40:39.895Z - warn: You might have an invalid intra-link! Ignore this warning if it was intended.
'/website/book/principles/print.html' found in file 'C:\repos\nus-cs2103-AY2021S1\cs2103-website\book\index.md'
2020-12-29T15:40:39.896Z - warn: You might have an invalid intra-link! Ignore this warning if it was intended.
'/website/book/cppToJava/print.html' found in file 'C:\repos\nus-cs2103-AY2021S1\cs2103-website\book\index.md'
2020-12-29T15:40:39.897Z - warn: You might have an invalid intra-link! Ignore this warning if it was intended.
'/website/book/common/definitions.html' found in file 'C:\repos\nus-cs2103-AY2021S1\cs2103-website\book\index.md'
2020-12-29T15:40:39.897Z - warn: You might have an invalid intra-link! Ignore this warning if it was intended.
'/website/book/common/references.html' found in file 'C:\repos\nus-cs2103-AY2021S1\cs2103-website\book\index.md'
2020-12-29T15:40:39.898Z - warn: You might have an invalid intra-link! Ignore this warning if it was intended.
'/website/book/common/outcomes.html' found in file 'C:\repos\nus-cs2103-AY2021S1\cs2103-website\book\index.md'
2020-12-29T15:40:39.898Z - warn: You might have an invalid intra-link! Ignore this warning if it was intended.
'/website/book/common/print.html' found in file 'C:\repos\nus-cs2103-AY2021S1\cs2103-website\book\index.md'
2020-12-29T15:42:06.026Z - warn: You might have an invalid intra-link! Ignore this warning if it was intended.
'/website/admin/x' found in file 'C:\repos\nus-cs2103-AY2021S1\cs2103-website\admin\tools.md'
2020-12-29T15:42:07.283Z - warn: You might have an invalid intra-link! Ignore this warning if it was intended.
'/website/admin/x' found in file 'C:\repos\nus-cs2103-AY2021S1\cs2103-website\admin\tools.md'
2020-12-29T15:42:12.106Z - debug:  
2020-12-29T15:42:27.161Z - debug:  
2020-12-29T15:42:27.161Z - debug:  
2020-12-29T15:42:28.451Z - warn: You might have an invalid intra-link! Ignore this warning if it was intended.
'/website/admin/x' found in file 'C:\repos\nus-cs2103-AY2021S1\cs2103-website\admin\tools.md'
2020-12-29T15:42:33.340Z - info: Pages built
2020-12-29T15:42:33.999Z - info: Site data built
2020-12-29T15:42:33.999Z - info: Website generation complete! Total build time: 206.607s
2020-12-29T15:42:33.999Z - info: Build success!
2020-12-29T15:42:39.400Z - info: Deployed at https://nus-tic4002-ay2021s2.github.io/website!
