2021-04-08T04:18:33.841Z - info: Website generation (lazy) started at 12:18:26 PM
2021-04-08T04:18:46.837Z - info: Building assets...
2021-04-08T04:18:52.794Z - info: Assets built
2021-04-08T04:18:52.794Z - info: Generating landing page...
2021-04-08T04:18:53.852Z - info: Landing page built, other pages will be built as you navigate to them!
2021-04-08T04:18:54.437Z - info: Site data built
2021-04-08T04:18:54.438Z - info: Website generation (lazy) complete! Total build time: 27.85s
2021-04-08T04:18:56.121Z - info: Serving "C:\repos\nus-cs2103-AY2021S1\cs2103-website\_site" at http://127.0.0.1:8080
2021-04-08T04:18:56.121Z - info: Press CTRL+C to stop ...
2021-04-08T04:29:06.357Z - info: Building C:\repos\nus-cs2103-AY2021S1\cs2103-website\admin\index as some of its dependencies were changed since the last visit
2021-04-08T04:29:07.195Z - info: Site data built
2021-04-08T04:29:07.196Z - info: Lazy website regeneration complete! Total build time: 0.85s
2021-04-08T04:29:10.821Z - info: Building C:\repos\nus-cs2103-AY2021S1\cs2103-website\admin\exams as some of its dependencies were changed since the last visit
2021-04-08T04:29:11.068Z - info: Site data built
2021-04-08T04:29:11.069Z - info: Lazy website regeneration complete! Total build time: 0.249s
2021-04-08T04:30:00.676Z - info: [12:30:00 PM] Reload for file change: C:\repos\nus-cs2103-AY2021S1\cs2103-website\admin\exams.md
2021-04-08T04:30:01.687Z - info: Rebuilding 1 pages
2021-04-08T04:30:02.161Z - info: Site data built
2021-04-08T04:30:02.162Z - info: Pages rebuilt
2021-04-08T04:30:02.162Z - info: Website regeneration complete! Total build time: 0.479s
2021-04-08T04:30:15.787Z - info: [12:30:15 PM] Reload for file change: C:\repos\nus-cs2103-AY2021S1\cs2103-website\admin\exams.md
2021-04-08T04:30:16.793Z - info: Rebuilding 1 pages
2021-04-08T04:30:17.387Z - info: Site data built
2021-04-08T04:30:17.387Z - info: Pages rebuilt
2021-04-08T04:30:17.387Z - info: Website regeneration complete! Total build time: 0.598s
2021-04-08T04:31:38.874Z - info: [12:31:38 PM] Reload for file change: C:\repos\nus-cs2103-AY2021S1\cs2103-website\admin\exams.md
2021-04-08T04:31:39.879Z - info: Rebuilding 1 pages
2021-04-08T04:31:40.239Z - info: Site data built
2021-04-08T04:31:40.240Z - info: Pages rebuilt
2021-04-08T04:31:40.240Z - info: Website regeneration complete! Total build time: 0.363s
2021-04-08T04:32:09.795Z - info: [12:32:09 PM] Reload for file change: C:\repos\nus-cs2103-AY2021S1\cs2103-website\admin\exams.md
2021-04-08T04:32:10.803Z - info: Rebuilding 1 pages
2021-04-08T04:32:11.180Z - info: Site data built
2021-04-08T04:32:11.181Z - info: Pages rebuilt
2021-04-08T04:32:11.181Z - info: Website regeneration complete! Total build time: 0.382s
2021-04-08T04:36:44.114Z - info: [12:36:44 PM] Reload for file change: C:\repos\nus-cs2103-AY2021S1\cs2103-website\admin\exams.md
2021-04-08T04:36:45.127Z - info: Rebuilding 1 pages
2021-04-08T04:36:45.588Z - info: Site data built
2021-04-08T04:36:45.588Z - info: Pages rebuilt
2021-04-08T04:36:45.588Z - info: Website regeneration complete! Total build time: 0.464s
2021-04-08T04:39:19.902Z - info: [12:39:19 PM] Reload for file change: C:\repos\nus-cs2103-AY2021S1\cs2103-website\admin\exams.md
2021-04-08T04:39:20.908Z - info: Rebuilding 1 pages
2021-04-08T04:39:21.426Z - info: Site data built
2021-04-08T04:39:21.427Z - info: Pages rebuilt
2021-04-08T04:39:21.427Z - info: Website regeneration complete! Total build time: 0.522s
2021-04-08T04:40:36.021Z - info: [12:40:36 PM] Reload for file change: C:\repos\nus-cs2103-AY2021S1\cs2103-website\admin\exams.md
2021-04-08T04:40:37.030Z - info: Rebuilding 1 pages
2021-04-08T04:40:37.682Z - info: Site data built
2021-04-08T04:40:37.683Z - info: Pages rebuilt
2021-04-08T04:40:37.683Z - info: Website regeneration complete! Total build time: 0.655s
2021-04-08T04:41:09.415Z - info: [12:41:09 PM] Reload for file change: C:\repos\nus-cs2103-AY2021S1\cs2103-website\admin\exams.md
2021-04-08T04:41:10.424Z - info: Rebuilding 1 pages
2021-04-08T04:41:10.807Z - info: Site data built
2021-04-08T04:41:10.807Z - info: Pages rebuilt
2021-04-08T04:41:10.807Z - info: Website regeneration complete! Total build time: 0.386s
2021-04-08T04:41:26.497Z - info: [12:41:26 PM] Reload for file change: C:\repos\nus-cs2103-AY2021S1\cs2103-website\admin\exams.md
2021-04-08T04:41:27.499Z - info: Rebuilding 1 pages
2021-04-08T04:41:27.797Z - info: Site data built
2021-04-08T04:41:27.797Z - info: Pages rebuilt
2021-04-08T04:41:27.797Z - info: Website regeneration complete! Total build time: 0.298s
2021-04-08T04:44:47.506Z - info: [12:44:47 PM] Reload for file change: C:\repos\nus-cs2103-AY2021S1\cs2103-website\admin\exams.md
2021-04-08T04:44:48.513Z - info: Rebuilding 1 pages
2021-04-08T04:44:48.830Z - info: Site data built
2021-04-08T04:44:48.830Z - info: Pages rebuilt
2021-04-08T04:44:48.831Z - info: Website regeneration complete! Total build time: 0.319s
2021-04-08T04:47:48.539Z - info: [12:47:48 PM] Reload for file change: C:\repos\nus-cs2103-AY2021S1\cs2103-website\admin\exams.md
2021-04-08T04:47:49.570Z - info: Rebuilding 1 pages
2021-04-08T04:47:49.891Z - info: Site data built
2021-04-08T04:47:49.891Z - info: Pages rebuilt
2021-04-08T04:47:49.891Z - info: Website regeneration complete! Total build time: 0.322s
2021-04-08T04:47:59.714Z - info: [12:47:59 PM] Reload for file change: C:\repos\nus-cs2103-AY2021S1\cs2103-website\admin\exams.md
2021-04-08T04:48:00.729Z - info: Rebuilding 1 pages
2021-04-08T04:48:01.071Z - info: Site data built
2021-04-08T04:48:01.071Z - info: Pages rebuilt
2021-04-08T04:48:01.071Z - info: Website regeneration complete! Total build time: 0.35s
2021-04-08T04:49:35.510Z - info: [12:49:35 PM] Reload for file change: C:\repos\nus-cs2103-AY2021S1\cs2103-website\admin\exams.md
2021-04-08T04:49:36.522Z - info: Rebuilding 1 pages
2021-04-08T04:49:36.930Z - info: Site data built
2021-04-08T04:49:36.930Z - info: Pages rebuilt
2021-04-08T04:49:36.930Z - info: Website regeneration complete! Total build time: 0.41s
2021-04-08T04:51:00.258Z - info: [12:51:00 PM] Reload for file change: C:\repos\nus-cs2103-AY2021S1\cs2103-website\admin\exams.md
2021-04-08T04:51:01.268Z - info: Rebuilding 1 pages
2021-04-08T04:51:01.632Z - info: Site data built
2021-04-08T04:51:01.633Z - info: Pages rebuilt
2021-04-08T04:51:01.633Z - info: Website regeneration complete! Total build time: 0.369s
2021-04-08T04:52:06.222Z - info: [12:52:06 PM] Reload for file change: C:\repos\nus-cs2103-AY2021S1\cs2103-website\admin\exams.md
2021-04-08T04:52:07.226Z - info: Rebuilding 1 pages
2021-04-08T04:52:07.622Z - info: Site data built
2021-04-08T04:52:07.623Z - info: Pages rebuilt
2021-04-08T04:52:07.623Z - info: Website regeneration complete! Total build time: 0.4s
2021-04-08T04:53:50.981Z - info: [12:53:50 PM] Reload for file change: C:\repos\nus-cs2103-AY2021S1\cs2103-website\admin\exams.md
2021-04-08T04:53:51.986Z - info: Rebuilding 1 pages
2021-04-08T04:53:52.350Z - info: Site data built
2021-04-08T04:53:52.351Z - info: Pages rebuilt
2021-04-08T04:53:52.351Z - info: Website regeneration complete! Total build time: 0.37s
2021-04-08T04:54:40.867Z - info: [12:54:40 PM] Reload for file change: C:\repos\nus-cs2103-AY2021S1\cs2103-website\admin\exams.md
2021-04-08T04:54:41.881Z - info: Rebuilding 1 pages
2021-04-08T04:54:42.589Z - info: Site data built
2021-04-08T04:54:42.589Z - info: Pages rebuilt
2021-04-08T04:54:42.589Z - info: Website regeneration complete! Total build time: 0.716s
2021-04-08T04:56:57.093Z - info: [12:56:57 PM] Reload for file change: C:\repos\nus-cs2103-AY2021S1\cs2103-website\admin\images\zoomCameraExample.png
2021-04-08T04:56:58.211Z - info: Assets built
2021-04-08T04:57:56.680Z - info: Building C:\repos\nus-cs2103-AY2021S1\cs2103-website\admin\tp-pe as some of its dependencies were changed since the last visit
2021-04-08T04:57:58.735Z - info: Site data built
2021-04-08T04:57:58.735Z - info: Lazy website regeneration complete! Total build time: 2.056s
2021-04-08T05:00:07.401Z - info: [1:00:07 PM] Reload for file change: C:\repos\nus-cs2103-AY2021S1\cs2103-website\admin\tp-pe.mbdf
2021-04-08T05:00:08.422Z - info: Rebuilding 1 pages
2021-04-08T05:00:10.479Z - info: Site data built
2021-04-08T05:00:10.480Z - info: Pages rebuilt
2021-04-08T05:00:10.480Z - info: Website regeneration complete! Total build time: 2.068s
2021-04-08T05:04:22.482Z - info: [1:04:22 PM] Reload for file change: C:\repos\nus-cs2103-AY2021S1\cs2103-website\admin\tp-pe.mbdf
2021-04-08T05:04:23.488Z - info: Rebuilding 1 pages
2021-04-08T05:04:25.465Z - info: Site data built
2021-04-08T05:04:25.465Z - info: Pages rebuilt
2021-04-08T05:04:25.466Z - info: Website regeneration complete! Total build time: 1.98s
2021-04-08T05:04:58.215Z - info: [1:04:58 PM] Reload for file change: C:\repos\nus-cs2103-AY2021S1\cs2103-website\admin\tp-pe.mbdf
2021-04-08T05:04:59.235Z - info: Rebuilding 1 pages
2021-04-08T05:05:01.306Z - info: Site data built
2021-04-08T05:05:01.307Z - info: Pages rebuilt
2021-04-08T05:05:01.308Z - info: Website regeneration complete! Total build time: 2.078s
2021-04-08T05:06:06.170Z - info: [1:06:06 PM] Reload for file change: C:\repos\nus-cs2103-AY2021S1\cs2103-website\admin\tp-pe.mbdf
2021-04-08T05:06:07.181Z - info: Rebuilding 1 pages
2021-04-08T05:06:09.289Z - info: Site data built
2021-04-08T05:06:09.289Z - info: Pages rebuilt
2021-04-08T05:06:09.290Z - info: Website regeneration complete! Total build time: 2.113s
2021-04-08T05:08:43.859Z - info: [1:08:43 PM] Reload for file change: C:\repos\nus-cs2103-AY2021S1\cs2103-website\admin\tp-pe.mbdf
2021-04-08T05:08:44.874Z - info: Rebuilding 1 pages
2021-04-08T05:08:46.742Z - info: Site data built
2021-04-08T05:08:46.742Z - info: Pages rebuilt
2021-04-08T05:08:46.742Z - info: Website regeneration complete! Total build time: 1.872s
2021-04-08T06:24:47.838Z - info: [2:24:47 PM] Reload for file change: C:\repos\nus-cs2103-AY2021S1\cs2103-website\admin\tp-ped.mbdf
2021-04-08T06:24:47.871Z - info: [2:24:47 PM] Reload for file change: C:\repos\nus-cs2103-AY2021S1\cs2103-website\admin\tp-ped.mbdf
2021-04-08T06:24:48.887Z - info: Rebuilding 1 pages
2021-04-08T06:24:50.994Z - info: Site data built
2021-04-08T06:24:50.994Z - info: Pages rebuilt
2021-04-08T06:24:50.995Z - info: Website regeneration complete! Total build time: 2.12s
2021-04-08T06:24:56.491Z - info: Building C:\repos\nus-cs2103-AY2021S1\cs2103-website\schedule\week12\project as some of its dependencies were changed since the last visit
2021-04-08T06:24:58.985Z - info: Site data built
2021-04-08T06:24:58.986Z - info: Lazy website regeneration complete! Total build time: 2.494s
2021-04-08T06:26:27.928Z - info: [2:26:27 PM] Reload for file change: C:\repos\nus-cs2103-AY2021S1\cs2103-website\admin\tp-ped.mbdf
2021-04-08T06:26:28.936Z - info: Rebuilding 1 pages
2021-04-08T06:26:32.009Z - info: Site data built
2021-04-08T06:26:32.014Z - info: Pages rebuilt
2021-04-08T06:26:32.014Z - info: Website regeneration complete! Total build time: 3.08s
2021-04-08T06:27:42.445Z - info: [2:27:42 PM] Reload for file change: C:\repos\nus-cs2103-AY2021S1\cs2103-website\admin\tp-ped.mbdf
2021-04-08T06:27:43.462Z - info: Rebuilding 1 pages
2021-04-08T06:27:46.384Z - info: Site data built
2021-04-08T06:27:46.390Z - info: Pages rebuilt
2021-04-08T06:27:46.390Z - info: Website regeneration complete! Total build time: 2.938s
2021-04-08T09:41:48.061Z - info: Website generation started at 5:41:43 PM
2021-04-08T09:41:59.997Z - info: Building assets...
2021-04-08T09:42:06.245Z - info: Assets built
2021-04-08T09:42:06.246Z - info: Generating pages...
2021-04-08T09:42:21.564Z - debug:  
2021-04-08T09:42:21.565Z - debug:  
2021-04-08T09:42:21.565Z - debug:  
2021-04-08T09:42:21.566Z - debug:  
2021-04-08T09:42:21.566Z - debug:  
2021-04-08T09:42:22.699Z - debug:  
2021-04-08T09:42:55.800Z - warn: You might have an invalid intra-link! Ignore this warning if it was intended.
'/website/book/about/usage.html' found in file 'C:\repos\nus-cs2103-AY2021S1\cs2103-website\book\index.md'
2021-04-08T09:42:55.803Z - warn: You might have an invalid intra-link! Ignore this warning if it was intended.
'/website/book/softwareEngineering/print.html' found in file 'C:\repos\nus-cs2103-AY2021S1\cs2103-website\book\index.md'
2021-04-08T09:42:55.804Z - warn: You might have an invalid intra-link! Ignore this warning if it was intended.
'/website/book/oop/print.html' found in file 'C:\repos\nus-cs2103-AY2021S1\cs2103-website\book\index.md'
2021-04-08T09:42:55.805Z - warn: You might have an invalid intra-link! Ignore this warning if it was intended.
'/website/book/requirements/print.html' found in file 'C:\repos\nus-cs2103-AY2021S1\cs2103-website\book\index.md'
2021-04-08T09:42:55.805Z - warn: You might have an invalid intra-link! Ignore this warning if it was intended.
'/website/book/gatheringRequirements/print.html' found in file 'C:\repos\nus-cs2103-AY2021S1\cs2103-website\book\index.md'
2021-04-08T09:42:55.806Z - warn: You might have an invalid intra-link! Ignore this warning if it was intended.
'/website/book/specifyingRequirements/print.html' found in file 'C:\repos\nus-cs2103-AY2021S1\cs2103-website\book\index.md'
2021-04-08T09:42:55.807Z - warn: You might have an invalid intra-link! Ignore this warning if it was intended.
'/website/book/design/print.html' found in file 'C:\repos\nus-cs2103-AY2021S1\cs2103-website\book\index.md'
2021-04-08T09:42:55.808Z - warn: You might have an invalid intra-link! Ignore this warning if it was intended.
'/website/book/designFundamentals/print.html' found in file 'C:\repos\nus-cs2103-AY2021S1\cs2103-website\book\index.md'
2021-04-08T09:42:55.809Z - warn: You might have an invalid intra-link! Ignore this warning if it was intended.
'/website/book/modeling/print.html' found in file 'C:\repos\nus-cs2103-AY2021S1\cs2103-website\book\index.md'
2021-04-08T09:42:55.810Z - warn: You might have an invalid intra-link! Ignore this warning if it was intended.
'/website/book/architecture/print.html' found in file 'C:\repos\nus-cs2103-AY2021S1\cs2103-website\book\index.md'
2021-04-08T09:42:55.811Z - warn: You might have an invalid intra-link! Ignore this warning if it was intended.
'/website/book/designPatterns/print.html' found in file 'C:\repos\nus-cs2103-AY2021S1\cs2103-website\book\index.md'
2021-04-08T09:42:55.812Z - warn: You might have an invalid intra-link! Ignore this warning if it was intended.
'/website/book/designApproaches/print.html' found in file 'C:\repos\nus-cs2103-AY2021S1\cs2103-website\book\index.md'
2021-04-08T09:42:55.813Z - warn: You might have an invalid intra-link! Ignore this warning if it was intended.
'/website/book/ides/print.html' found in file 'C:\repos\nus-cs2103-AY2021S1\cs2103-website\book\index.md'
2021-04-08T09:42:55.814Z - warn: You might have an invalid intra-link! Ignore this warning if it was intended.
'/website/book/codeQuality/print.html' found in file 'C:\repos\nus-cs2103-AY2021S1\cs2103-website\book\index.md'
2021-04-08T09:42:55.815Z - warn: You might have an invalid intra-link! Ignore this warning if it was intended.
'/website/book/refactoring/print.html' found in file 'C:\repos\nus-cs2103-AY2021S1\cs2103-website\book\index.md'
2021-04-08T09:42:55.816Z - warn: You might have an invalid intra-link! Ignore this warning if it was intended.
'/website/book/documentation/print.html' found in file 'C:\repos\nus-cs2103-AY2021S1\cs2103-website\book\index.md'
2021-04-08T09:42:55.816Z - warn: You might have an invalid intra-link! Ignore this warning if it was intended.
'/website/book/errorHandling/print.html' found in file 'C:\repos\nus-cs2103-AY2021S1\cs2103-website\book\index.md'
2021-04-08T09:42:55.817Z - warn: You might have an invalid intra-link! Ignore this warning if it was intended.
'/website/book/integration/print.html' found in file 'C:\repos\nus-cs2103-AY2021S1\cs2103-website\book\index.md'
2021-04-08T09:42:55.818Z - warn: You might have an invalid intra-link! Ignore this warning if it was intended.
'/website/book/reuse/print.html' found in file 'C:\repos\nus-cs2103-AY2021S1\cs2103-website\book\index.md'
2021-04-08T09:42:55.819Z - warn: You might have an invalid intra-link! Ignore this warning if it was intended.
'/website/book/qualityAssurance/print.html' found in file 'C:\repos\nus-cs2103-AY2021S1\cs2103-website\book\index.md'
2021-04-08T09:42:55.819Z - warn: You might have an invalid intra-link! Ignore this warning if it was intended.
'/website/book/testing/print.html' found in file 'C:\repos\nus-cs2103-AY2021S1\cs2103-website\book\index.md'
2021-04-08T09:42:55.820Z - warn: You might have an invalid intra-link! Ignore this warning if it was intended.
'/website/book/testCaseDesign/print.html' found in file 'C:\repos\nus-cs2103-AY2021S1\cs2103-website\book\index.md'
2021-04-08T09:42:55.821Z - warn: You might have an invalid intra-link! Ignore this warning if it was intended.
'/website/book/revisionControl/print.html' found in file 'C:\repos\nus-cs2103-AY2021S1\cs2103-website\book\index.md'
2021-04-08T09:42:55.822Z - warn: You might have an invalid intra-link! Ignore this warning if it was intended.
'/website/book/projectPlanning/print.html' found in file 'C:\repos\nus-cs2103-AY2021S1\cs2103-website\book\index.md'
2021-04-08T09:42:55.822Z - warn: You might have an invalid intra-link! Ignore this warning if it was intended.
'/website/book/teamwork/print.html' found in file 'C:\repos\nus-cs2103-AY2021S1\cs2103-website\book\index.md'
2021-04-08T09:42:55.823Z - warn: You might have an invalid intra-link! Ignore this warning if it was intended.
'/website/book/processModels/print.html' found in file 'C:\repos\nus-cs2103-AY2021S1\cs2103-website\book\index.md'
2021-04-08T09:42:55.824Z - warn: You might have an invalid intra-link! Ignore this warning if it was intended.
'/website/book/uml/print.html' found in file 'C:\repos\nus-cs2103-AY2021S1\cs2103-website\book\index.md'
2021-04-08T09:42:55.825Z - warn: You might have an invalid intra-link! Ignore this warning if it was intended.
'/website/book/intellij/print.html' found in file 'C:\repos\nus-cs2103-AY2021S1\cs2103-website\book\index.md'
2021-04-08T09:42:55.826Z - warn: You might have an invalid intra-link! Ignore this warning if it was intended.
'/website/book/gitAndGithub/print.html' found in file 'C:\repos\nus-cs2103-AY2021S1\cs2103-website\book\index.md'
2021-04-08T09:42:55.827Z - warn: You might have an invalid intra-link! Ignore this warning if it was intended.
'/website/book/principles/print.html' found in file 'C:\repos\nus-cs2103-AY2021S1\cs2103-website\book\index.md'
2021-04-08T09:42:55.828Z - warn: You might have an invalid intra-link! Ignore this warning if it was intended.
'/website/book/cppToJava/print.html' found in file 'C:\repos\nus-cs2103-AY2021S1\cs2103-website\book\index.md'
2021-04-08T09:42:55.828Z - warn: You might have an invalid intra-link! Ignore this warning if it was intended.
'/website/book/common/definitions.html' found in file 'C:\repos\nus-cs2103-AY2021S1\cs2103-website\book\index.md'
2021-04-08T09:42:55.829Z - warn: You might have an invalid intra-link! Ignore this warning if it was intended.
'/website/book/common/references.html' found in file 'C:\repos\nus-cs2103-AY2021S1\cs2103-website\book\index.md'
2021-04-08T09:42:55.829Z - warn: You might have an invalid intra-link! Ignore this warning if it was intended.
'/website/book/common/outcomes.html' found in file 'C:\repos\nus-cs2103-AY2021S1\cs2103-website\book\index.md'
2021-04-08T09:42:55.830Z - warn: You might have an invalid intra-link! Ignore this warning if it was intended.
'/website/book/common/print.html' found in file 'C:\repos\nus-cs2103-AY2021S1\cs2103-website\book\index.md'
2021-04-08T09:44:43.850Z - debug:  
2021-04-08T09:44:58.930Z - debug:  
2021-04-08T09:44:58.946Z - debug:  
2021-04-08T09:45:08.667Z - info: Pages built
2021-04-08T09:45:09.221Z - info: Site data built
2021-04-08T09:45:09.221Z - info: Website generation complete! Total build time: 205.638s
2021-04-08T09:45:09.221Z - info: Build success!
2021-04-08T09:45:14.236Z - info: Deployed at https://nus-cs2103-ay2021s2.github.io/website!
