2021-02-10T08:03:15.647Z - info: Website generation (lazy) started at 4:03:06 PM
2021-02-10T08:03:29.111Z - info: Building assets...
2021-02-10T08:03:37.586Z - info: Assets built
2021-02-10T08:03:37.587Z - info: Generating landing page...
2021-02-10T08:03:40.370Z - info: Landing page built, other pages will be built as you navigate to them!
2021-02-10T08:03:41.008Z - info: Site data built
2021-02-10T08:03:41.009Z - info: Website generation (lazy) complete! Total build time: 34.646s
2021-02-10T08:03:42.178Z - info: Serving "C:\repos\nus-cs2103-AY2021S1\cs2103-website\_site" at http://127.0.0.1:8080
2021-02-10T08:03:42.178Z - info: Press CTRL+C to stop ...
2021-02-10T08:05:15.910Z - info: [4:05:15 PM] Reload for file change: C:\repos\nus-cs2103-AY2021S1\cs2103-website\site.json
2021-02-10T08:05:16.932Z - info: Assets built
2021-02-10T08:05:27.094Z - info: [4:05:27 PM] Reload for file change: C:\repos\nus-cs2103-AY2021S1\cs2103-website\site.json
2021-02-10T08:05:28.117Z - info: Assets built
2021-02-10T08:05:57.532Z - info: Website generation (lazy) started at 4:05:53 PM
2021-02-10T08:06:09.286Z - info: Building assets...
2021-02-10T08:06:19.311Z - info: Assets built
2021-02-10T08:06:19.312Z - info: Generating landing page...
2021-02-10T08:06:22.373Z - info: Landing page built, other pages will be built as you navigate to them!
2021-02-10T08:06:23.306Z - info: Site data built
2021-02-10T08:06:23.306Z - info: Website generation (lazy) complete! Total build time: 29.395s
2021-02-10T08:06:25.855Z - info: Serving "C:\repos\nus-cs2103-AY2021S1\cs2103-website\_site" at http://127.0.0.1:8080
2021-02-10T08:06:25.856Z - info: Press CTRL+C to stop ...
2021-02-10T08:07:43.838Z - info: [4:07:43 PM] Reload for file change: C:\repos\nus-cs2103-AY2021S1\cs2103-website\site.json
2021-02-10T08:07:44.870Z - info: Assets built
2021-02-10T08:08:20.763Z - info: [4:08:20 PM] Reload for file change: C:\repos\nus-cs2103-AY2021S1\cs2103-website\site.json
2021-02-10T08:08:21.779Z - info: Assets built
2021-02-10T08:08:31.435Z - info: [4:08:31 PM] Reload for file change: C:\repos\nus-cs2103-AY2021S1\cs2103-website\site.json
2021-02-10T08:08:32.455Z - info: Assets built
2021-02-10T08:08:56.906Z - info: [4:08:56 PM] Reload for file change: C:\repos\nus-cs2103-AY2021S1\cs2103-website\_markbind\variables.md
2021-02-10T08:08:58.070Z - warn: Rebuilding all pages as variables file was changed, or the --force-reload flag was set
2021-02-10T08:08:58.096Z - info: Rebuilding 1 pages
2021-02-10T08:08:59.847Z - info: Site data built
2021-02-10T08:08:59.849Z - info: Pages rebuilt
2021-02-10T08:08:59.849Z - info: Website regeneration complete! Total build time: 1.938s
2021-02-10T08:09:40.016Z - info: Website generation started at 4:09:34 PM
2021-02-10T08:09:51.146Z - info: Building assets...
