2021-03-27T08:20:19.319Z - info: Website generation (lazy) started at 4:20:06 PM
2021-03-27T08:20:36.638Z - info: Building assets...
2021-03-27T08:20:43.068Z - info: Assets built
2021-03-27T08:20:43.069Z - info: Generating landing page...
2021-03-27T08:20:46.133Z - info: Landing page built, other pages will be built as you navigate to them!
2021-03-27T08:20:46.732Z - info: Site data built
2021-03-27T08:20:46.733Z - info: Website generation (lazy) complete! Total build time: 40.603s
2021-03-27T08:20:49.589Z - info: Serving "C:\repos\nus-cs2103-AY2021S1\cs2103-website\_site" at http://127.0.0.1:8080
2021-03-27T08:20:49.589Z - info: Press CTRL+C to stop ...
2021-03-27T08:25:50.248Z - info: Building C:\repos\nus-cs2103-AY2021S1\cs2103-website\admin\index as some of its dependencies were changed since the last visit
2021-03-27T08:25:50.996Z - info: Site data built
2021-03-27T08:25:50.997Z - info: Lazy website regeneration complete! Total build time: 0.758s
2021-03-27T08:26:00.099Z - info: Building C:\repos\nus-cs2103-AY2021S1\cs2103-website\admin\tp-timeline as some of its dependencies were changed since the last visit
2021-03-27T08:26:00.595Z - info: Site data built
2021-03-27T08:26:00.595Z - info: Lazy website regeneration complete! Total build time: 0.497s
2021-03-27T08:26:03.847Z - debug:  
2021-03-27T08:26:03.847Z - debug:  
2021-03-27T08:27:55.305Z - info: [4:27:55 PM] Reload for file change: C:\repos\nus-cs2103-AY2021S1\cs2103-website\admin\tp-timeline.md
2021-03-27T08:27:56.312Z - info: Rebuilding 1 pages
2021-03-27T08:27:56.975Z - info: Site data built
2021-03-27T08:27:56.975Z - info: Pages rebuilt
2021-03-27T08:27:56.975Z - info: Website regeneration complete! Total build time: 0.667s
2021-03-27T08:27:59.229Z - debug:  
2021-03-27T08:27:59.378Z - debug:  
2021-03-27T08:28:42.996Z - info: Building C:\repos\nus-cs2103-AY2021S1\cs2103-website\schedule\week10\index as some of its dependencies were changed since the last visit
2021-03-27T08:28:44.007Z - info: Site data built
2021-03-27T08:28:44.007Z - info: Lazy website regeneration complete! Total build time: 1.011s
2021-03-27T08:29:02.100Z - info: Building C:\repos\nus-cs2103-AY2021S1\cs2103-website\schedule\week11\index as some of its dependencies were changed since the last visit
2021-03-27T08:29:02.955Z - info: Site data built
2021-03-27T08:29:02.956Z - info: Lazy website regeneration complete! Total build time: 0.856s
2021-03-27T08:29:40.567Z - info: [4:29:40 PM] Reload for file change: C:\repos\nus-cs2103-AY2021S1\cs2103-website\schedule\week11\notices-cs2103.mbdf
2021-03-27T08:29:41.572Z - info: Rebuilding 1 pages
2021-03-27T08:29:42.772Z - info: Site data built
2021-03-27T08:29:42.772Z - info: Pages rebuilt
2021-03-27T08:29:42.772Z - info: Website regeneration complete! Total build time: 1.202s
2021-03-27T08:33:41.247Z - info: [4:33:41 PM] Reload for file change: C:\repos\nus-cs2103-AY2021S1\cs2103-website\admin\admin-tasks.mbdf
2021-03-27T08:33:41.250Z - info: [4:33:41 PM] Reload for file change: C:\repos\nus-cs2103-AY2021S1\cs2103-website\_module-CS2103\weeklyAdminTasks.mbdf
2021-03-27T08:33:42.253Z - info: Rebuilding 1 pages
2021-03-27T08:33:43.276Z - info: Site data built
2021-03-27T08:33:43.276Z - info: Pages rebuilt
2021-03-27T08:33:43.276Z - info: Website regeneration complete! Total build time: 1.027s
2021-03-27T08:34:16.752Z - info: [4:34:16 PM] Reload for file change: C:\repos\nus-cs2103-AY2021S1\cs2103-website\_module-CS2103\weeklyAdminTasks.mbdf
2021-03-27T08:34:17.757Z - info: Rebuilding 1 pages
2021-03-27T08:34:19.183Z - info: Site data built
2021-03-27T08:34:19.184Z - info: Pages rebuilt
2021-03-27T08:34:19.184Z - info: Website regeneration complete! Total build time: 1.429s
2021-03-27T08:34:21.834Z - info: [4:34:21 PM] Reload for file change: C:\repos\nus-cs2103-AY2021S1\cs2103-website\_module-CS2103\weeklyAdminTasks.mbdf
2021-03-27T08:34:22.841Z - info: Rebuilding 1 pages
2021-03-27T08:34:23.726Z - info: Site data built
2021-03-27T08:34:23.726Z - info: Pages rebuilt
2021-03-27T08:34:23.727Z - info: Website regeneration complete! Total build time: 0.888s
2021-03-27T08:34:29.422Z - info: Building C:\repos\nus-cs2103-AY2021S1\cs2103-website\schedule\week11\admin as some of its dependencies were changed since the last visit
2021-03-27T08:34:29.751Z - info: Site data built
2021-03-27T08:34:29.751Z - info: Lazy website regeneration complete! Total build time: 0.333s
2021-03-27T08:35:45.396Z - info: Building C:\repos\nus-cs2103-AY2021S1\cs2103-website\schedule\week11\project as some of its dependencies were changed since the last visit
2021-03-27T08:35:46.840Z - info: Site data built
2021-03-27T08:35:46.841Z - info: Lazy website regeneration complete! Total build time: 1.444s
2021-03-27T08:35:53.208Z - info: Building C:\repos\nus-cs2103-AY2021S1\cs2103-website\schedule\week12\index as some of its dependencies were changed since the last visit
2021-03-27T08:35:53.660Z - info: Site data built
2021-03-27T08:35:53.661Z - info: Lazy website regeneration complete! Total build time: 0.454s
2021-03-27T08:37:59.604Z - info: Building C:\repos\nus-cs2103-AY2021S1\cs2103-website\schedule\week12\project as some of its dependencies were changed since the last visit
2021-03-27T08:38:02.043Z - info: Site data built
2021-03-27T08:38:02.044Z - info: Lazy website regeneration complete! Total build time: 2.441s
2021-03-27T08:39:47.091Z - info: [4:39:47 PM] Reload for file change: C:\repos\nus-cs2103-AY2021S1\cs2103-website\admin\tp-tasks.mbdf
2021-03-27T08:39:48.104Z - info: Rebuilding 1 pages
2021-03-27T08:39:51.075Z - info: Site data built
2021-03-27T08:39:51.075Z - info: Pages rebuilt
2021-03-27T08:39:51.076Z - info: Website regeneration complete! Total build time: 2.974s
2021-03-27T08:40:15.296Z - info: [4:40:15 PM] Reload for file change: C:\repos\nus-cs2103-AY2021S1\cs2103-website\admin\tp-tasks.mbdf
2021-03-27T08:40:16.301Z - info: Rebuilding 1 pages
2021-03-27T08:40:19.601Z - info: Site data built
2021-03-27T08:40:19.604Z - info: Pages rebuilt
2021-03-27T08:40:19.604Z - info: Website regeneration complete! Total build time: 3.305s
2021-03-27T08:41:40.164Z - info: [4:41:40 PM] Reload for file change: C:\repos\nus-cs2103-AY2021S1\cs2103-website\admin\tp-tasks.mbdf
2021-03-27T08:41:41.177Z - info: Rebuilding 1 pages
2021-03-27T08:41:45.010Z - info: Site data built
2021-03-27T08:41:45.011Z - info: Pages rebuilt
2021-03-27T08:41:45.011Z - info: Website regeneration complete! Total build time: 3.836s
2021-03-27T08:45:10.094Z - info: [4:45:10 PM] Reload for file change: C:\repos\nus-cs2103-AY2021S1\cs2103-website\admin\tp-tasks.mbdf
2021-03-27T08:45:11.107Z - info: Rebuilding 1 pages
2021-03-27T08:45:14.540Z - info: Site data built
2021-03-27T08:45:14.542Z - info: Pages rebuilt
2021-03-27T08:45:14.542Z - info: Website regeneration complete! Total build time: 3.44s
2021-03-27T08:45:26.293Z - info: [4:45:26 PM] Reload for file change: C:\repos\nus-cs2103-AY2021S1\cs2103-website\admin\tp-tasks.mbdf
2021-03-27T08:45:27.299Z - info: Rebuilding 1 pages
2021-03-27T08:45:29.428Z - info: Site data built
2021-03-27T08:45:29.432Z - info: Pages rebuilt
2021-03-27T08:45:29.432Z - info: Website regeneration complete! Total build time: 2.137s
2021-03-27T08:46:16.751Z - info: [4:46:16 PM] Reload for file change: C:\repos\nus-cs2103-AY2021S1\cs2103-website\admin\tp-tasks.mbdf
2021-03-27T08:46:17.759Z - info: Rebuilding 1 pages
2021-03-27T08:46:20.799Z - info: Site data built
2021-03-27T08:46:20.801Z - info: Pages rebuilt
2021-03-27T08:46:20.801Z - info: Website regeneration complete! Total build time: 3.045s
2021-03-27T08:48:14.120Z - info: Building C:\repos\nus-cs2103-AY2021S1\cs2103-website\schedule\week13\index as some of its dependencies were changed since the last visit
2021-03-27T08:48:14.897Z - info: Site data built
2021-03-27T08:48:14.897Z - info: Lazy website regeneration complete! Total build time: 0.778s
2021-03-27T08:48:33.181Z - info: [4:48:33 PM] Reload for file change: C:\repos\nus-cs2103-AY2021S1\cs2103-website\schedule\week13\notices-cs2103.mbdf
2021-03-27T08:48:34.186Z - info: Rebuilding 1 pages
2021-03-27T08:48:34.879Z - info: Site data built
2021-03-27T08:48:34.879Z - info: Pages rebuilt
2021-03-27T08:48:34.879Z - info: Website regeneration complete! Total build time: 0.696s
2021-03-27T08:49:29.020Z - info: [4:49:29 PM] Reload for file change: C:\repos\nus-cs2103-AY2021S1\cs2103-website\schedule\week13\notices-cs2103.mbdf
2021-03-27T08:49:30.026Z - info: Rebuilding 1 pages
2021-03-27T08:49:30.995Z - info: Site data built
2021-03-27T08:49:30.995Z - info: Pages rebuilt
2021-03-27T08:49:30.995Z - info: Website regeneration complete! Total build time: 0.97s
2021-03-27T08:49:50.247Z - info: Building C:\repos\nus-cs2103-AY2021S1\cs2103-website\index as some of its dependencies were changed since the last visit
2021-03-27T08:49:51.177Z - info: Site data built
2021-03-27T08:49:51.177Z - info: Lazy website regeneration complete! Total build time: 0.931s
2021-03-27T08:49:54.115Z - info: Building C:\repos\nus-cs2103-AY2021S1\cs2103-website\schedule\week12\index as some of its dependencies were changed since the last visit
2021-03-27T08:49:54.449Z - info: Site data built
2021-03-27T08:49:54.449Z - info: Lazy website regeneration complete! Total build time: 0.334s
2021-03-27T08:50:50.978Z - info: [4:50:50 PM] Reload for file add: C:\repos\nus-cs2103-AY2021S1\cs2103-website\schedule\week12\notices-cs2103.mbdf
2021-03-27T08:50:56.844Z - info: Assets built
2021-03-27T08:51:34.666Z - info: [4:51:34 PM] Reload for file change: C:\repos\nus-cs2103-AY2021S1\cs2103-website\schedule\week12\notices-cs2103.mbdf
2021-03-27T08:51:35.696Z - info: Assets built
2021-03-27T08:51:38.028Z - info: [4:51:38 PM] Reload for file change: C:\repos\nus-cs2103-AY2021S1\cs2103-website\schedule\week12\notices-cs2103.mbdf
2021-03-27T08:51:39.062Z - info: Assets built
2021-03-27T08:51:53.869Z - info: Website generation (lazy) started at 4:51:50 PM
2021-03-27T08:52:02.239Z - info: Building assets...
2021-03-27T08:52:07.907Z - info: Assets built
2021-03-27T08:52:07.907Z - info: Generating landing page...
2021-03-27T08:52:09.727Z - info: Landing page built, other pages will be built as you navigate to them!
2021-03-27T08:52:10.184Z - info: Site data built
2021-03-27T08:52:10.184Z - info: Website generation (lazy) complete! Total build time: 19.468s
2021-03-27T08:52:11.013Z - info: Serving "C:\repos\nus-cs2103-AY2021S1\cs2103-website\_site" at http://127.0.0.1:8080
2021-03-27T08:52:11.013Z - info: Press CTRL+C to stop ...
2021-03-27T08:56:10.946Z - info: Building C:\repos\nus-cs2103-AY2021S1\cs2103-website\schedule\week12\index as some of its dependencies were changed since the last visit
2021-03-27T08:56:11.684Z - info: Site data built
2021-03-27T08:56:11.685Z - info: Lazy website regeneration complete! Total build time: 0.739s
2021-03-27T08:56:38.972Z - info: Website generation started at 4:56:36 PM
2021-03-27T08:56:47.116Z - info: Building assets...
2021-03-27T08:56:52.629Z - info: Assets built
2021-03-27T08:56:52.630Z - info: Generating pages...
2021-03-27T08:57:08.986Z - debug:  
2021-03-27T08:57:08.987Z - debug:  
2021-03-27T08:57:08.988Z - debug:  
2021-03-27T08:57:08.988Z - debug:  
2021-03-27T08:57:08.988Z - debug:  
2021-03-27T08:57:10.745Z - debug:  
2021-03-27T08:57:42.093Z - warn: You might have an invalid intra-link! Ignore this warning if it was intended.
'/website/book/about/usage.html' found in file 'C:\repos\nus-cs2103-AY2021S1\cs2103-website\book\index.md'
2021-03-27T08:57:42.095Z - warn: You might have an invalid intra-link! Ignore this warning if it was intended.
'/website/book/softwareEngineering/print.html' found in file 'C:\repos\nus-cs2103-AY2021S1\cs2103-website\book\index.md'
2021-03-27T08:57:42.096Z - warn: You might have an invalid intra-link! Ignore this warning if it was intended.
'/website/book/oop/print.html' found in file 'C:\repos\nus-cs2103-AY2021S1\cs2103-website\book\index.md'
2021-03-27T08:57:42.097Z - warn: You might have an invalid intra-link! Ignore this warning if it was intended.
'/website/book/requirements/print.html' found in file 'C:\repos\nus-cs2103-AY2021S1\cs2103-website\book\index.md'
2021-03-27T08:57:42.097Z - warn: You might have an invalid intra-link! Ignore this warning if it was intended.
'/website/book/gatheringRequirements/print.html' found in file 'C:\repos\nus-cs2103-AY2021S1\cs2103-website\book\index.md'
2021-03-27T08:57:42.098Z - warn: You might have an invalid intra-link! Ignore this warning if it was intended.
'/website/book/specifyingRequirements/print.html' found in file 'C:\repos\nus-cs2103-AY2021S1\cs2103-website\book\index.md'
2021-03-27T08:57:42.099Z - warn: You might have an invalid intra-link! Ignore this warning if it was intended.
'/website/book/design/print.html' found in file 'C:\repos\nus-cs2103-AY2021S1\cs2103-website\book\index.md'
2021-03-27T08:57:42.099Z - warn: You might have an invalid intra-link! Ignore this warning if it was intended.
'/website/book/designFundamentals/print.html' found in file 'C:\repos\nus-cs2103-AY2021S1\cs2103-website\book\index.md'
2021-03-27T08:57:42.100Z - warn: You might have an invalid intra-link! Ignore this warning if it was intended.
'/website/book/modeling/print.html' found in file 'C:\repos\nus-cs2103-AY2021S1\cs2103-website\book\index.md'
2021-03-27T08:57:42.101Z - warn: You might have an invalid intra-link! Ignore this warning if it was intended.
'/website/book/architecture/print.html' found in file 'C:\repos\nus-cs2103-AY2021S1\cs2103-website\book\index.md'
2021-03-27T08:57:42.101Z - warn: You might have an invalid intra-link! Ignore this warning if it was intended.
'/website/book/designPatterns/print.html' found in file 'C:\repos\nus-cs2103-AY2021S1\cs2103-website\book\index.md'
2021-03-27T08:57:42.102Z - warn: You might have an invalid intra-link! Ignore this warning if it was intended.
'/website/book/designApproaches/print.html' found in file 'C:\repos\nus-cs2103-AY2021S1\cs2103-website\book\index.md'
2021-03-27T08:57:42.103Z - warn: You might have an invalid intra-link! Ignore this warning if it was intended.
'/website/book/ides/print.html' found in file 'C:\repos\nus-cs2103-AY2021S1\cs2103-website\book\index.md'
2021-03-27T08:57:42.104Z - warn: You might have an invalid intra-link! Ignore this warning if it was intended.
'/website/book/codeQuality/print.html' found in file 'C:\repos\nus-cs2103-AY2021S1\cs2103-website\book\index.md'
2021-03-27T08:57:42.104Z - warn: You might have an invalid intra-link! Ignore this warning if it was intended.
'/website/book/refactoring/print.html' found in file 'C:\repos\nus-cs2103-AY2021S1\cs2103-website\book\index.md'
2021-03-27T08:57:42.105Z - warn: You might have an invalid intra-link! Ignore this warning if it was intended.
'/website/book/documentation/print.html' found in file 'C:\repos\nus-cs2103-AY2021S1\cs2103-website\book\index.md'
2021-03-27T08:57:42.105Z - warn: You might have an invalid intra-link! Ignore this warning if it was intended.
'/website/book/errorHandling/print.html' found in file 'C:\repos\nus-cs2103-AY2021S1\cs2103-website\book\index.md'
2021-03-27T08:57:42.106Z - warn: You might have an invalid intra-link! Ignore this warning if it was intended.
'/website/book/integration/print.html' found in file 'C:\repos\nus-cs2103-AY2021S1\cs2103-website\book\index.md'
2021-03-27T08:57:42.107Z - warn: You might have an invalid intra-link! Ignore this warning if it was intended.
'/website/book/reuse/print.html' found in file 'C:\repos\nus-cs2103-AY2021S1\cs2103-website\book\index.md'
2021-03-27T08:57:42.107Z - warn: You might have an invalid intra-link! Ignore this warning if it was intended.
'/website/book/qualityAssurance/print.html' found in file 'C:\repos\nus-cs2103-AY2021S1\cs2103-website\book\index.md'
2021-03-27T08:57:42.108Z - warn: You might have an invalid intra-link! Ignore this warning if it was intended.
'/website/book/testing/print.html' found in file 'C:\repos\nus-cs2103-AY2021S1\cs2103-website\book\index.md'
2021-03-27T08:57:42.108Z - warn: You might have an invalid intra-link! Ignore this warning if it was intended.
'/website/book/testCaseDesign/print.html' found in file 'C:\repos\nus-cs2103-AY2021S1\cs2103-website\book\index.md'
2021-03-27T08:57:42.109Z - warn: You might have an invalid intra-link! Ignore this warning if it was intended.
'/website/book/revisionControl/print.html' found in file 'C:\repos\nus-cs2103-AY2021S1\cs2103-website\book\index.md'
2021-03-27T08:57:42.110Z - warn: You might have an invalid intra-link! Ignore this warning if it was intended.
'/website/book/projectPlanning/print.html' found in file 'C:\repos\nus-cs2103-AY2021S1\cs2103-website\book\index.md'
2021-03-27T08:57:42.110Z - warn: You might have an invalid intra-link! Ignore this warning if it was intended.
'/website/book/teamwork/print.html' found in file 'C:\repos\nus-cs2103-AY2021S1\cs2103-website\book\index.md'
2021-03-27T08:57:42.111Z - warn: You might have an invalid intra-link! Ignore this warning if it was intended.
'/website/book/processModels/print.html' found in file 'C:\repos\nus-cs2103-AY2021S1\cs2103-website\book\index.md'
2021-03-27T08:57:42.112Z - warn: You might have an invalid intra-link! Ignore this warning if it was intended.
'/website/book/uml/print.html' found in file 'C:\repos\nus-cs2103-AY2021S1\cs2103-website\book\index.md'
2021-03-27T08:57:42.112Z - warn: You might have an invalid intra-link! Ignore this warning if it was intended.
'/website/book/intellij/print.html' found in file 'C:\repos\nus-cs2103-AY2021S1\cs2103-website\book\index.md'
2021-03-27T08:57:42.113Z - warn: You might have an invalid intra-link! Ignore this warning if it was intended.
'/website/book/gitAndGithub/print.html' found in file 'C:\repos\nus-cs2103-AY2021S1\cs2103-website\book\index.md'
2021-03-27T08:57:42.114Z - warn: You might have an invalid intra-link! Ignore this warning if it was intended.
'/website/book/principles/print.html' found in file 'C:\repos\nus-cs2103-AY2021S1\cs2103-website\book\index.md'
2021-03-27T08:57:42.115Z - warn: You might have an invalid intra-link! Ignore this warning if it was intended.
'/website/book/cppToJava/print.html' found in file 'C:\repos\nus-cs2103-AY2021S1\cs2103-website\book\index.md'
2021-03-27T08:57:42.115Z - warn: You might have an invalid intra-link! Ignore this warning if it was intended.
'/website/book/common/definitions.html' found in file 'C:\repos\nus-cs2103-AY2021S1\cs2103-website\book\index.md'
2021-03-27T08:57:42.116Z - warn: You might have an invalid intra-link! Ignore this warning if it was intended.
'/website/book/common/references.html' found in file 'C:\repos\nus-cs2103-AY2021S1\cs2103-website\book\index.md'
2021-03-27T08:57:42.116Z - warn: You might have an invalid intra-link! Ignore this warning if it was intended.
'/website/book/common/outcomes.html' found in file 'C:\repos\nus-cs2103-AY2021S1\cs2103-website\book\index.md'
2021-03-27T08:57:42.116Z - warn: You might have an invalid intra-link! Ignore this warning if it was intended.
'/website/book/common/print.html' found in file 'C:\repos\nus-cs2103-AY2021S1\cs2103-website\book\index.md'
2021-03-27T08:59:36.313Z - debug:  
2021-03-27T08:59:53.996Z - debug:  
2021-03-27T08:59:53.997Z - debug:  
2021-03-27T09:00:08.145Z - info: Pages built
2021-03-27T09:00:08.688Z - info: Site data built
2021-03-27T09:00:08.689Z - info: Website generation complete! Total build time: 212.428s
2021-03-27T09:00:08.689Z - info: Build success!
2021-03-27T09:00:14.352Z - info: Deployed at https://nus-cs2103-ay2021s2.github.io/website!
