2021-01-20T16:01:10.497Z - info: [12:01:10 AM] Reload for file change: C:\repos\nus-cs2103-AY2021S1\cs2103-website\common\topics.njk
2021-01-20T16:01:11.522Z - info: Rebuilding 1 pages
2021-01-20T16:01:16.973Z - debug:  
2021-01-20T16:01:16.973Z - debug:  
2021-01-20T16:01:16.999Z - info: Site data built
2021-01-20T16:01:17.000Z - info: Pages rebuilt
2021-01-20T16:01:17.000Z - info: Website regeneration complete! Total build time: 5.484s
2021-01-20T16:01:30.092Z - info: [12:01:30 AM] Reload for file change: C:\repos\nus-cs2103-AY2021S1\cs2103-website\common\topics.njk
2021-01-20T16:01:31.096Z - info: Rebuilding 1 pages
2021-01-20T16:01:35.595Z - debug:  
2021-01-20T16:01:35.596Z - debug:  
2021-01-20T16:01:35.613Z - info: Site data built
2021-01-20T16:01:35.613Z - info: Pages rebuilt
2021-01-20T16:01:35.614Z - info: Website regeneration complete! Total build time: 4.52s
2021-01-20T16:03:19.768Z - info: [12:03:19 AM] Reload for file change: C:\repos\nus-cs2103-AY2021S1\cs2103-website\_module-CS2103\weeklyTextbookTopics.mbdf
2021-01-20T16:03:20.776Z - info: Rebuilding 1 pages
2021-01-20T16:03:26.375Z - debug:  
2021-01-20T16:03:26.375Z - debug:  
2021-01-20T16:03:26.390Z - info: Site data built
2021-01-20T16:03:26.391Z - info: Pages rebuilt
2021-01-20T16:03:26.391Z - info: Website regeneration complete! Total build time: 5.62s
2021-01-20T16:04:48.813Z - info: [12:04:48 AM] Reload for file change: C:\repos\nus-cs2103-AY2021S1\cs2103-website\_markbind\variables.md
2021-01-20T16:04:49.816Z - info: Assets built
2021-01-20T16:51:29.363Z - info: Website generation (lazy) started at 12:51:26 AM
2021-01-20T16:52:01.117Z - info: Building assets...
2021-01-20T16:52:27.565Z - info: Assets built
2021-01-20T16:52:27.565Z - info: Generating landing page...
2021-01-20T16:52:29.098Z - info: Landing page built, other pages will be built as you navigate to them!
2021-01-20T16:52:29.588Z - info: Site data built
2021-01-20T16:52:29.588Z - info: Website generation (lazy) complete! Total build time: 63.373s
2021-01-20T16:52:30.425Z - info: Serving "C:\repos\nus-cs2103-AY2021S1\cs2103-website\_site" at http://127.0.0.1:8080
2021-01-20T16:52:30.426Z - info: Press CTRL+C to stop ...
2021-01-20T16:53:35.240Z - info: Building C:\repos\nus-cs2103-AY2021S1\cs2103-website\schedule\week3\index as some of its dependencies were changed since the last visit
2021-01-20T16:53:36.066Z - info: Site data built
2021-01-20T16:53:36.067Z - info: Lazy website regeneration complete! Total build time: 0.828s
2021-01-20T16:53:54.881Z - info: Building C:\repos\nus-cs2103-AY2021S1\cs2103-website\schedule\week3\topics as some of its dependencies were changed since the last visit
2021-01-20T16:53:56.371Z - info: Site data built
2021-01-20T16:53:56.372Z - info: Lazy website regeneration complete! Total build time: 1.491s
2021-01-20T16:53:57.689Z - debug:  
2021-01-20T16:55:20.085Z - info: Building C:\repos\nus-cs2103-AY2021S1\cs2103-website\schedule\week3\admin as some of its dependencies were changed since the last visit
2021-01-20T16:55:20.929Z - info: Site data built
2021-01-20T16:55:20.929Z - info: Lazy website regeneration complete! Total build time: 0.844s
2021-01-20T16:55:35.163Z - info: Building C:\repos\nus-cs2103-AY2021S1\cs2103-website\schedule\week3\project as some of its dependencies were changed since the last visit
2021-01-20T16:55:36.388Z - info: Site data built
2021-01-20T16:55:36.389Z - info: Lazy website regeneration complete! Total build time: 1.226s
2021-01-20T16:56:37.669Z - info: Building C:\repos\nus-cs2103-AY2021S1\cs2103-website\schedule\week4\index as some of its dependencies were changed since the last visit
2021-01-20T16:56:38.699Z - info: Site data built
2021-01-20T16:56:38.699Z - info: Lazy website regeneration complete! Total build time: 1.031s
2021-01-20T17:11:42.557Z - info: Building C:\repos\nus-cs2103-AY2021S1\cs2103-website\schedule\week3\tutorial as some of its dependencies were changed since the last visit
2021-01-20T17:11:42.819Z - info: Site data built
2021-01-20T17:11:42.819Z - info: Lazy website regeneration complete! Total build time: 0.278s
2021-01-20T17:12:13.139Z - info: [1:12:13 AM] Reload for file add: C:\repos\nus-cs2103-AY2021S1\cs2103-website\schedule\week3\tutorial-tic4002.mbdf
2021-01-20T17:12:18.680Z - info: Assets built
2021-01-20T17:13:34.465Z - info: [1:13:34 AM] Reload for file change: C:\repos\nus-cs2103-AY2021S1\cs2103-website\schedule\week3\tutorial-tic4002.mbdf
2021-01-20T17:13:35.518Z - info: Assets built
2021-01-20T17:28:59.195Z - info: Website generation started at 1:28:56 AM
2021-01-20T17:29:24.838Z - info: Building assets...
