2021-04-12T13:16:34.819Z - info: Website generation (lazy) started at 9:16:26 PM
2021-04-12T13:16:47.083Z - info: Building assets...
2021-04-12T13:16:53.347Z - info: Assets built
2021-04-12T13:16:53.354Z - info: Generating landing page...
2021-04-12T13:16:54.567Z - info: Landing page built, other pages will be built as you navigate to them!
2021-04-12T13:16:55.143Z - info: Site data built
2021-04-12T13:16:55.144Z - info: Website generation (lazy) complete! Total build time: 28.23s
2021-04-12T13:16:56.477Z - info: Serving "C:\repos\nus-cs2103-AY2021S1\cs2103-website\_site" at http://127.0.0.1:8080
2021-04-12T13:16:56.478Z - info: Press CTRL+C to stop ...
2021-04-12T13:16:59.885Z - info: [9:16:59 PM] Reload for file change: C:\repos\nus-cs2103-AY2021S1\cs2103-website\admin\tp-tasks.mbdf
2021-04-12T13:17:01.044Z - info: Rebuilding 1 pages
2021-04-12T13:17:08.194Z - info: Site data built
2021-04-12T13:17:08.280Z - info: Pages rebuilt
2021-04-12T13:17:08.281Z - info: Website regeneration complete! Total build time: 7.238s
2021-04-12T13:17:52.024Z - info: [9:17:52 PM] Reload for file change: C:\repos\nus-cs2103-AY2021S1\cs2103-website\admin\tp-tasks.mbdf
2021-04-12T13:17:53.027Z - info: Rebuilding 1 pages
2021-04-12T13:17:53.682Z - info: Site data built
2021-04-12T13:17:53.682Z - info: Pages rebuilt
2021-04-12T13:17:53.682Z - info: Website regeneration complete! Total build time: 0.657s
2021-04-12T13:17:56.766Z - info: Building C:\repos\nus-cs2103-AY2021S1\cs2103-website\schedule\week13\project as some of its dependencies were changed since the last visit
2021-04-12T13:17:59.047Z - info: Site data built
2021-04-12T13:17:59.047Z - info: Lazy website regeneration complete! Total build time: 2.282s
2021-04-12T13:19:01.119Z - info: [9:19:01 PM] Reload for file change: C:\repos\nus-cs2103-AY2021S1\cs2103-website\admin\tp-tasks.mbdf
2021-04-12T13:19:02.136Z - info: Rebuilding 1 pages
2021-04-12T13:19:04.743Z - info: Site data built
2021-04-12T13:19:04.744Z - info: Pages rebuilt
2021-04-12T13:19:04.744Z - info: Website regeneration complete! Total build time: 2.617s
