2021-04-09T15:42:27.758Z - info: Website generation started at 11:42:20 PM
2021-04-09T15:42:37.941Z - info: Building assets...
2021-04-09T15:42:45.134Z - info: Assets built
2021-04-09T15:42:45.135Z - info: Generating pages...
2021-04-09T15:43:00.229Z - debug:  
2021-04-09T15:43:00.229Z - debug:  
2021-04-09T15:43:00.229Z - debug:  
2021-04-09T15:43:00.229Z - debug:  
2021-04-09T15:43:00.230Z - debug:  
2021-04-09T15:43:00.480Z - debug:  
2021-04-09T15:43:35.758Z - warn: You might have an invalid intra-link! Ignore this warning if it was intended.
'/website/book/about/usage.html' found in file 'C:\repos\nus-cs2103-AY2021S1\cs2103-website\book\index.md'
2021-04-09T15:43:35.761Z - warn: You might have an invalid intra-link! Ignore this warning if it was intended.
'/website/book/softwareEngineering/print.html' found in file 'C:\repos\nus-cs2103-AY2021S1\cs2103-website\book\index.md'
2021-04-09T15:43:35.762Z - warn: You might have an invalid intra-link! Ignore this warning if it was intended.
'/website/book/oop/print.html' found in file 'C:\repos\nus-cs2103-AY2021S1\cs2103-website\book\index.md'
2021-04-09T15:43:35.763Z - warn: You might have an invalid intra-link! Ignore this warning if it was intended.
'/website/book/requirements/print.html' found in file 'C:\repos\nus-cs2103-AY2021S1\cs2103-website\book\index.md'
2021-04-09T15:43:35.764Z - warn: You might have an invalid intra-link! Ignore this warning if it was intended.
'/website/book/gatheringRequirements/print.html' found in file 'C:\repos\nus-cs2103-AY2021S1\cs2103-website\book\index.md'
2021-04-09T15:43:35.765Z - warn: You might have an invalid intra-link! Ignore this warning if it was intended.
'/website/book/specifyingRequirements/print.html' found in file 'C:\repos\nus-cs2103-AY2021S1\cs2103-website\book\index.md'
2021-04-09T15:43:35.765Z - warn: You might have an invalid intra-link! Ignore this warning if it was intended.
'/website/book/design/print.html' found in file 'C:\repos\nus-cs2103-AY2021S1\cs2103-website\book\index.md'
2021-04-09T15:43:35.766Z - warn: You might have an invalid intra-link! Ignore this warning if it was intended.
'/website/book/designFundamentals/print.html' found in file 'C:\repos\nus-cs2103-AY2021S1\cs2103-website\book\index.md'
2021-04-09T15:43:35.767Z - warn: You might have an invalid intra-link! Ignore this warning if it was intended.
'/website/book/modeling/print.html' found in file 'C:\repos\nus-cs2103-AY2021S1\cs2103-website\book\index.md'
2021-04-09T15:43:35.768Z - warn: You might have an invalid intra-link! Ignore this warning if it was intended.
'/website/book/architecture/print.html' found in file 'C:\repos\nus-cs2103-AY2021S1\cs2103-website\book\index.md'
2021-04-09T15:43:35.768Z - warn: You might have an invalid intra-link! Ignore this warning if it was intended.
'/website/book/designPatterns/print.html' found in file 'C:\repos\nus-cs2103-AY2021S1\cs2103-website\book\index.md'
2021-04-09T15:43:35.769Z - warn: You might have an invalid intra-link! Ignore this warning if it was intended.
'/website/book/designApproaches/print.html' found in file 'C:\repos\nus-cs2103-AY2021S1\cs2103-website\book\index.md'
2021-04-09T15:43:35.770Z - warn: You might have an invalid intra-link! Ignore this warning if it was intended.
'/website/book/ides/print.html' found in file 'C:\repos\nus-cs2103-AY2021S1\cs2103-website\book\index.md'
2021-04-09T15:43:35.770Z - warn: You might have an invalid intra-link! Ignore this warning if it was intended.
'/website/book/codeQuality/print.html' found in file 'C:\repos\nus-cs2103-AY2021S1\cs2103-website\book\index.md'
2021-04-09T15:43:35.771Z - warn: You might have an invalid intra-link! Ignore this warning if it was intended.
'/website/book/refactoring/print.html' found in file 'C:\repos\nus-cs2103-AY2021S1\cs2103-website\book\index.md'
2021-04-09T15:43:35.771Z - warn: You might have an invalid intra-link! Ignore this warning if it was intended.
'/website/book/documentation/print.html' found in file 'C:\repos\nus-cs2103-AY2021S1\cs2103-website\book\index.md'
2021-04-09T15:43:35.772Z - warn: You might have an invalid intra-link! Ignore this warning if it was intended.
'/website/book/errorHandling/print.html' found in file 'C:\repos\nus-cs2103-AY2021S1\cs2103-website\book\index.md'
2021-04-09T15:43:35.773Z - warn: You might have an invalid intra-link! Ignore this warning if it was intended.
'/website/book/integration/print.html' found in file 'C:\repos\nus-cs2103-AY2021S1\cs2103-website\book\index.md'
2021-04-09T15:43:35.773Z - warn: You might have an invalid intra-link! Ignore this warning if it was intended.
'/website/book/reuse/print.html' found in file 'C:\repos\nus-cs2103-AY2021S1\cs2103-website\book\index.md'
2021-04-09T15:43:35.774Z - warn: You might have an invalid intra-link! Ignore this warning if it was intended.
'/website/book/qualityAssurance/print.html' found in file 'C:\repos\nus-cs2103-AY2021S1\cs2103-website\book\index.md'
2021-04-09T15:43:35.775Z - warn: You might have an invalid intra-link! Ignore this warning if it was intended.
'/website/book/testing/print.html' found in file 'C:\repos\nus-cs2103-AY2021S1\cs2103-website\book\index.md'
2021-04-09T15:43:35.775Z - warn: You might have an invalid intra-link! Ignore this warning if it was intended.
'/website/book/testCaseDesign/print.html' found in file 'C:\repos\nus-cs2103-AY2021S1\cs2103-website\book\index.md'
2021-04-09T15:43:35.776Z - warn: You might have an invalid intra-link! Ignore this warning if it was intended.
'/website/book/revisionControl/print.html' found in file 'C:\repos\nus-cs2103-AY2021S1\cs2103-website\book\index.md'
2021-04-09T15:43:35.777Z - warn: You might have an invalid intra-link! Ignore this warning if it was intended.
'/website/book/projectPlanning/print.html' found in file 'C:\repos\nus-cs2103-AY2021S1\cs2103-website\book\index.md'
2021-04-09T15:43:35.778Z - warn: You might have an invalid intra-link! Ignore this warning if it was intended.
'/website/book/teamwork/print.html' found in file 'C:\repos\nus-cs2103-AY2021S1\cs2103-website\book\index.md'
2021-04-09T15:43:35.779Z - warn: You might have an invalid intra-link! Ignore this warning if it was intended.
'/website/book/processModels/print.html' found in file 'C:\repos\nus-cs2103-AY2021S1\cs2103-website\book\index.md'
2021-04-09T15:43:35.780Z - warn: You might have an invalid intra-link! Ignore this warning if it was intended.
'/website/book/uml/print.html' found in file 'C:\repos\nus-cs2103-AY2021S1\cs2103-website\book\index.md'
2021-04-09T15:43:35.780Z - warn: You might have an invalid intra-link! Ignore this warning if it was intended.
'/website/book/intellij/print.html' found in file 'C:\repos\nus-cs2103-AY2021S1\cs2103-website\book\index.md'
2021-04-09T15:43:35.781Z - warn: You might have an invalid intra-link! Ignore this warning if it was intended.
'/website/book/gitAndGithub/print.html' found in file 'C:\repos\nus-cs2103-AY2021S1\cs2103-website\book\index.md'
2021-04-09T15:43:35.782Z - warn: You might have an invalid intra-link! Ignore this warning if it was intended.
'/website/book/principles/print.html' found in file 'C:\repos\nus-cs2103-AY2021S1\cs2103-website\book\index.md'
2021-04-09T15:43:35.782Z - warn: You might have an invalid intra-link! Ignore this warning if it was intended.
'/website/book/cppToJava/print.html' found in file 'C:\repos\nus-cs2103-AY2021S1\cs2103-website\book\index.md'
2021-04-09T15:43:35.783Z - warn: You might have an invalid intra-link! Ignore this warning if it was intended.
'/website/book/common/definitions.html' found in file 'C:\repos\nus-cs2103-AY2021S1\cs2103-website\book\index.md'
2021-04-09T15:43:35.783Z - warn: You might have an invalid intra-link! Ignore this warning if it was intended.
'/website/book/common/references.html' found in file 'C:\repos\nus-cs2103-AY2021S1\cs2103-website\book\index.md'
2021-04-09T15:43:35.784Z - warn: You might have an invalid intra-link! Ignore this warning if it was intended.
'/website/book/common/outcomes.html' found in file 'C:\repos\nus-cs2103-AY2021S1\cs2103-website\book\index.md'
2021-04-09T15:43:35.784Z - warn: You might have an invalid intra-link! Ignore this warning if it was intended.
'/website/book/common/print.html' found in file 'C:\repos\nus-cs2103-AY2021S1\cs2103-website\book\index.md'
2021-04-09T15:45:39.881Z - debug:  
2021-04-09T15:45:56.535Z - debug:  
2021-04-09T15:45:56.535Z - debug:  
2021-04-09T15:46:07.107Z - info: Pages built
2021-04-09T15:46:07.772Z - info: Site data built
2021-04-09T15:46:07.772Z - info: Website generation complete! Total build time: 226.782s
2021-04-09T15:46:07.772Z - info: Build success!
2021-04-09T15:46:13.840Z - info: Deployed at https://nus-cs2103-ay2021s2.github.io/website!
2021-04-09T15:48:27.164Z - info: Website generation (lazy) started at 11:48:19 PM
2021-04-09T15:48:37.703Z - info: Building assets...
2021-04-09T15:48:44.681Z - info: Assets built
2021-04-09T15:48:44.681Z - info: Generating landing page...
2021-04-09T15:48:45.927Z - info: Landing page built, other pages will be built as you navigate to them!
2021-04-09T15:48:46.458Z - info: Site data built
2021-04-09T15:48:46.459Z - info: Website generation (lazy) complete! Total build time: 26.731s
2021-04-09T15:48:47.616Z - info: Serving "C:\repos\nus-cs2103-AY2021S1\cs2103-website\_site" at http://127.0.0.1:8080
2021-04-09T15:48:47.616Z - info: Press CTRL+C to stop ...
2021-04-09T15:50:22.372Z - info: Building C:\repos\nus-cs2103-AY2021S1\cs2103-website\admin\index as some of its dependencies were changed since the last visit
2021-04-09T15:50:23.212Z - info: Site data built
2021-04-09T15:50:23.212Z - info: Lazy website regeneration complete! Total build time: 0.842s
2021-04-09T15:53:18.510Z - info: Building C:\repos\nus-cs2103-AY2021S1\cs2103-website\admin\tp-pe as some of its dependencies were changed since the last visit
2021-04-09T15:53:20.340Z - info: Site data built
2021-04-09T15:53:20.340Z - info: Lazy website regeneration complete! Total build time: 1.838s
2021-04-09T15:53:28.278Z - info: [11:53:28 PM] Reload for file change: C:\repos\nus-cs2103-AY2021S1\cs2103-website\_markbind\variables.md
2021-04-09T15:53:29.530Z - warn: Rebuilding all pages as variables file was changed, or the --force-reload flag was set
2021-04-09T15:53:29.567Z - info: Rebuilding 1 pages
2021-04-09T15:53:33.840Z - info: Site data built
2021-04-09T15:53:33.841Z - info: Pages rebuilt
2021-04-09T15:53:33.841Z - info: Website regeneration complete! Total build time: 4.552s
2021-04-09T15:55:30.101Z - info: [11:55:30 PM] Reload for file change: C:\repos\nus-cs2103-AY2021S1\cs2103-website\admin\tp-pe.mbdf
2021-04-09T15:55:31.217Z - info: Rebuilding 1 pages
2021-04-09T15:55:34.172Z - info: Site data built
2021-04-09T15:55:34.173Z - info: Pages rebuilt
2021-04-09T15:55:34.173Z - info: Website regeneration complete! Total build time: 2.962s
2021-04-09T15:57:18.517Z - info: [11:57:18 PM] Reload for file change: C:\repos\nus-cs2103-AY2021S1\cs2103-website\admin\tp-pe.mbdf
2021-04-09T15:57:19.530Z - info: Rebuilding 1 pages
2021-04-09T15:57:22.360Z - info: Site data built
2021-04-09T15:57:22.361Z - info: Pages rebuilt
2021-04-09T15:57:22.361Z - info: Website regeneration complete! Total build time: 2.834s
