2021-04-04T03:04:21.874Z - info: Website generation (lazy) started at 11:04:14 AM
2021-04-04T03:04:36.694Z - info: Building assets...
2021-04-04T03:04:44.995Z - info: Assets built
2021-04-04T03:04:44.996Z - info: Generating landing page...
2021-04-04T03:04:46.142Z - info: Landing page built, other pages will be built as you navigate to them!
2021-04-04T03:04:46.658Z - info: Site data built
2021-04-04T03:04:46.658Z - info: Website generation (lazy) complete! Total build time: 32.475s
2021-04-04T03:04:47.756Z - info: Serving "C:\repos\nus-cs2103-AY2021S1\cs2103-website\_site" at http://127.0.0.1:8080
2021-04-04T03:04:47.756Z - info: Press CTRL+C to stop ...
2021-04-04T03:05:17.577Z - info: Building C:\repos\nus-cs2103-AY2021S1\cs2103-website\schedule\week12\project as some of its dependencies were changed since the last visit
2021-04-04T03:05:20.072Z - info: Site data built
2021-04-04T03:05:20.072Z - info: Lazy website regeneration complete! Total build time: 2.496s
2021-04-04T03:08:38.915Z - info: [11:08:38 AM] Reload for file change: C:\repos\nus-cs2103-AY2021S1\cs2103-website\admin\tp-ped.mbdf
2021-04-04T03:08:39.970Z - info: Rebuilding 1 pages
2021-04-04T03:08:43.171Z - info: Site data built
2021-04-04T03:08:43.175Z - info: Pages rebuilt
2021-04-04T03:08:43.175Z - info: Website regeneration complete! Total build time: 3.208s
2021-04-04T03:10:33.739Z - info: [11:10:33 AM] Reload for file change: C:\repos\nus-cs2103-AY2021S1\cs2103-website\admin\tp-ped.mbdf
2021-04-04T03:10:34.748Z - info: Rebuilding 1 pages
2021-04-04T03:10:38.092Z - info: Site data built
2021-04-04T03:10:38.095Z - info: Pages rebuilt
2021-04-04T03:10:38.095Z - info: Website regeneration complete! Total build time: 3.349s
2021-04-04T03:11:12.966Z - info: [11:11:12 AM] Reload for file change: C:\repos\nus-cs2103-AY2021S1\cs2103-website\admin\tp-ped.mbdf
2021-04-04T03:11:13.992Z - info: Rebuilding 1 pages
2021-04-04T03:11:17.620Z - info: Site data built
2021-04-04T03:11:17.621Z - info: Pages rebuilt
2021-04-04T03:11:17.621Z - info: Website regeneration complete! Total build time: 3.64s
2021-04-04T03:12:08.024Z - info: [11:12:08 AM] Reload for file change: C:\repos\nus-cs2103-AY2021S1\cs2103-website\admin\tp-ped.mbdf
2021-04-04T03:12:09.035Z - info: Rebuilding 1 pages
2021-04-04T03:12:12.871Z - info: Site data built
2021-04-04T03:12:12.875Z - info: Pages rebuilt
2021-04-04T03:12:12.876Z - info: Website regeneration complete! Total build time: 3.845s
2021-04-04T03:12:26.299Z - info: Building C:\repos\nus-cs2103-AY2021S1\cs2103-website\schedule\week11\project as some of its dependencies were changed since the last visit
2021-04-04T03:12:27.292Z - info: Site data built
2021-04-04T03:12:27.292Z - info: Lazy website regeneration complete! Total build time: 0.993s
2021-04-04T03:12:42.376Z - info: Building C:\repos\nus-cs2103-AY2021S1\cs2103-website\schedule\week10\project as some of its dependencies were changed since the last visit
2021-04-04T03:12:43.329Z - info: Site data built
2021-04-04T03:12:43.330Z - info: Lazy website regeneration complete! Total build time: 0.954s
2021-04-04T03:13:38.315Z - info: [11:13:38 AM] Reload for file change: C:\repos\nus-cs2103-AY2021S1\cs2103-website\admin\tp-tasks.mbdf
2021-04-04T03:13:39.328Z - info: Rebuilding 1 pages
2021-04-04T03:13:41.045Z - info: Site data built
2021-04-04T03:13:41.046Z - info: Pages rebuilt
2021-04-04T03:13:41.046Z - info: Website regeneration complete! Total build time: 1.723s
2021-04-04T03:16:45.599Z - info: [11:16:45 AM] Reload for file change: C:\repos\nus-cs2103-AY2021S1\cs2103-website\admin\tp-ped.mbdf
2021-04-04T03:16:46.607Z - info: No pages needed to be rebuilt
2021-04-04T03:17:11.155Z - info: Building C:\repos\nus-cs2103-AY2021S1\cs2103-website\schedule\week12\project as some of its dependencies were changed since the last visit
2021-04-04T03:17:14.195Z - info: Site data built
2021-04-04T03:17:14.195Z - info: Lazy website regeneration complete! Total build time: 3.041s
2021-04-04T03:17:46.583Z - info: [11:17:46 AM] Reload for file change: C:\repos\nus-cs2103-AY2021S1\cs2103-website\admin\tp-ped.mbdf
2021-04-04T03:17:47.595Z - info: Rebuilding 1 pages
2021-04-04T03:17:58.356Z - info: Website generation started at 11:17:55 AM
2021-04-04T03:18:11.750Z - info: Building assets...
2021-04-04T03:18:20.214Z - info: Assets built
2021-04-04T03:18:20.215Z - info: Generating pages...
2021-04-04T03:18:35.245Z - debug:  
2021-04-04T03:18:35.245Z - debug:  
2021-04-04T03:18:35.246Z - debug:  
2021-04-04T03:18:35.246Z - debug:  
2021-04-04T03:18:35.246Z - debug:  
2021-04-04T03:18:35.475Z - debug:  
2021-04-04T03:19:23.168Z - warn: You might have an invalid intra-link! Ignore this warning if it was intended.
'/website/book/about/usage.html' found in file 'C:\repos\nus-cs2103-AY2021S1\cs2103-website\book\index.md'
2021-04-04T03:19:23.175Z - warn: You might have an invalid intra-link! Ignore this warning if it was intended.
'/website/book/softwareEngineering/print.html' found in file 'C:\repos\nus-cs2103-AY2021S1\cs2103-website\book\index.md'
2021-04-04T03:19:23.177Z - warn: You might have an invalid intra-link! Ignore this warning if it was intended.
'/website/book/oop/print.html' found in file 'C:\repos\nus-cs2103-AY2021S1\cs2103-website\book\index.md'
2021-04-04T03:19:23.180Z - warn: You might have an invalid intra-link! Ignore this warning if it was intended.
'/website/book/requirements/print.html' found in file 'C:\repos\nus-cs2103-AY2021S1\cs2103-website\book\index.md'
2021-04-04T03:19:23.182Z - warn: You might have an invalid intra-link! Ignore this warning if it was intended.
'/website/book/gatheringRequirements/print.html' found in file 'C:\repos\nus-cs2103-AY2021S1\cs2103-website\book\index.md'
2021-04-04T03:19:23.183Z - warn: You might have an invalid intra-link! Ignore this warning if it was intended.
'/website/book/specifyingRequirements/print.html' found in file 'C:\repos\nus-cs2103-AY2021S1\cs2103-website\book\index.md'
2021-04-04T03:19:23.186Z - warn: You might have an invalid intra-link! Ignore this warning if it was intended.
'/website/book/design/print.html' found in file 'C:\repos\nus-cs2103-AY2021S1\cs2103-website\book\index.md'
2021-04-04T03:19:23.188Z - warn: You might have an invalid intra-link! Ignore this warning if it was intended.
'/website/book/designFundamentals/print.html' found in file 'C:\repos\nus-cs2103-AY2021S1\cs2103-website\book\index.md'
2021-04-04T03:19:23.191Z - warn: You might have an invalid intra-link! Ignore this warning if it was intended.
'/website/book/modeling/print.html' found in file 'C:\repos\nus-cs2103-AY2021S1\cs2103-website\book\index.md'
2021-04-04T03:19:23.194Z - warn: You might have an invalid intra-link! Ignore this warning if it was intended.
'/website/book/architecture/print.html' found in file 'C:\repos\nus-cs2103-AY2021S1\cs2103-website\book\index.md'
2021-04-04T03:19:23.196Z - warn: You might have an invalid intra-link! Ignore this warning if it was intended.
'/website/book/designPatterns/print.html' found in file 'C:\repos\nus-cs2103-AY2021S1\cs2103-website\book\index.md'
2021-04-04T03:19:23.199Z - warn: You might have an invalid intra-link! Ignore this warning if it was intended.
'/website/book/designApproaches/print.html' found in file 'C:\repos\nus-cs2103-AY2021S1\cs2103-website\book\index.md'
2021-04-04T03:19:23.203Z - warn: You might have an invalid intra-link! Ignore this warning if it was intended.
'/website/book/ides/print.html' found in file 'C:\repos\nus-cs2103-AY2021S1\cs2103-website\book\index.md'
2021-04-04T03:19:23.206Z - warn: You might have an invalid intra-link! Ignore this warning if it was intended.
'/website/book/codeQuality/print.html' found in file 'C:\repos\nus-cs2103-AY2021S1\cs2103-website\book\index.md'
2021-04-04T03:19:23.209Z - warn: You might have an invalid intra-link! Ignore this warning if it was intended.
'/website/book/refactoring/print.html' found in file 'C:\repos\nus-cs2103-AY2021S1\cs2103-website\book\index.md'
2021-04-04T03:19:23.211Z - warn: You might have an invalid intra-link! Ignore this warning if it was intended.
'/website/book/documentation/print.html' found in file 'C:\repos\nus-cs2103-AY2021S1\cs2103-website\book\index.md'
2021-04-04T03:19:23.214Z - warn: You might have an invalid intra-link! Ignore this warning if it was intended.
'/website/book/errorHandling/print.html' found in file 'C:\repos\nus-cs2103-AY2021S1\cs2103-website\book\index.md'
2021-04-04T03:19:23.216Z - warn: You might have an invalid intra-link! Ignore this warning if it was intended.
'/website/book/integration/print.html' found in file 'C:\repos\nus-cs2103-AY2021S1\cs2103-website\book\index.md'
2021-04-04T03:19:23.218Z - warn: You might have an invalid intra-link! Ignore this warning if it was intended.
'/website/book/reuse/print.html' found in file 'C:\repos\nus-cs2103-AY2021S1\cs2103-website\book\index.md'
2021-04-04T03:19:23.221Z - warn: You might have an invalid intra-link! Ignore this warning if it was intended.
'/website/book/qualityAssurance/print.html' found in file 'C:\repos\nus-cs2103-AY2021S1\cs2103-website\book\index.md'
2021-04-04T03:19:23.223Z - warn: You might have an invalid intra-link! Ignore this warning if it was intended.
'/website/book/testing/print.html' found in file 'C:\repos\nus-cs2103-AY2021S1\cs2103-website\book\index.md'
2021-04-04T03:19:23.225Z - warn: You might have an invalid intra-link! Ignore this warning if it was intended.
'/website/book/testCaseDesign/print.html' found in file 'C:\repos\nus-cs2103-AY2021S1\cs2103-website\book\index.md'
2021-04-04T03:19:23.228Z - warn: You might have an invalid intra-link! Ignore this warning if it was intended.
'/website/book/revisionControl/print.html' found in file 'C:\repos\nus-cs2103-AY2021S1\cs2103-website\book\index.md'
2021-04-04T03:19:23.230Z - warn: You might have an invalid intra-link! Ignore this warning if it was intended.
'/website/book/projectPlanning/print.html' found in file 'C:\repos\nus-cs2103-AY2021S1\cs2103-website\book\index.md'
2021-04-04T03:19:23.232Z - warn: You might have an invalid intra-link! Ignore this warning if it was intended.
'/website/book/teamwork/print.html' found in file 'C:\repos\nus-cs2103-AY2021S1\cs2103-website\book\index.md'
2021-04-04T03:19:23.233Z - warn: You might have an invalid intra-link! Ignore this warning if it was intended.
'/website/book/processModels/print.html' found in file 'C:\repos\nus-cs2103-AY2021S1\cs2103-website\book\index.md'
2021-04-04T03:19:23.236Z - warn: You might have an invalid intra-link! Ignore this warning if it was intended.
'/website/book/uml/print.html' found in file 'C:\repos\nus-cs2103-AY2021S1\cs2103-website\book\index.md'
2021-04-04T03:19:23.238Z - warn: You might have an invalid intra-link! Ignore this warning if it was intended.
'/website/book/intellij/print.html' found in file 'C:\repos\nus-cs2103-AY2021S1\cs2103-website\book\index.md'
2021-04-04T03:19:23.241Z - warn: You might have an invalid intra-link! Ignore this warning if it was intended.
'/website/book/gitAndGithub/print.html' found in file 'C:\repos\nus-cs2103-AY2021S1\cs2103-website\book\index.md'
2021-04-04T03:19:23.244Z - warn: You might have an invalid intra-link! Ignore this warning if it was intended.
'/website/book/principles/print.html' found in file 'C:\repos\nus-cs2103-AY2021S1\cs2103-website\book\index.md'
2021-04-04T03:19:23.247Z - warn: You might have an invalid intra-link! Ignore this warning if it was intended.
'/website/book/cppToJava/print.html' found in file 'C:\repos\nus-cs2103-AY2021S1\cs2103-website\book\index.md'
2021-04-04T03:19:23.249Z - warn: You might have an invalid intra-link! Ignore this warning if it was intended.
'/website/book/common/definitions.html' found in file 'C:\repos\nus-cs2103-AY2021S1\cs2103-website\book\index.md'
2021-04-04T03:19:23.250Z - warn: You might have an invalid intra-link! Ignore this warning if it was intended.
'/website/book/common/references.html' found in file 'C:\repos\nus-cs2103-AY2021S1\cs2103-website\book\index.md'
2021-04-04T03:19:23.251Z - warn: You might have an invalid intra-link! Ignore this warning if it was intended.
'/website/book/common/outcomes.html' found in file 'C:\repos\nus-cs2103-AY2021S1\cs2103-website\book\index.md'
2021-04-04T03:19:23.253Z - warn: You might have an invalid intra-link! Ignore this warning if it was intended.
'/website/book/common/print.html' found in file 'C:\repos\nus-cs2103-AY2021S1\cs2103-website\book\index.md'
2021-04-04T03:21:46.935Z - debug:  
2021-04-04T03:22:08.249Z - debug:  
2021-04-04T03:22:08.250Z - debug:  
2021-04-04T03:22:20.840Z - info: Pages built
2021-04-04T03:22:21.471Z - info: Site data built
2021-04-04T03:22:21.472Z - info: Website generation complete! Total build time: 266.09s
2021-04-04T03:22:21.472Z - info: Build success!
2021-04-04T03:22:34.107Z - info: Deployed at https://nus-cs2103-ay2021s2.github.io/website!
2021-04-04T03:27:07.522Z - info: Website generation (lazy) started at 11:26:57 AM
2021-04-04T03:27:17.776Z - info: Building assets...
2021-04-04T03:27:24.506Z - info: Assets built
2021-04-04T03:27:24.507Z - info: Generating landing page...
2021-04-04T03:27:25.683Z - info: Landing page built, other pages will be built as you navigate to them!
2021-04-04T03:27:26.149Z - info: Site data built
2021-04-04T03:27:26.149Z - info: Website generation (lazy) complete! Total build time: 28.392s
2021-04-04T03:27:27.064Z - info: Serving "C:\repos\nus-cs2103-AY2021S1\cs2103-website\_site" at http://127.0.0.1:8080
2021-04-04T03:27:27.064Z - info: Press CTRL+C to stop ...
2021-04-04T03:32:21.750Z - info: Building C:\repos\nus-cs2103-AY2021S1\cs2103-website\schedule\week12\project as some of its dependencies were changed since the last visit
2021-04-04T03:32:23.728Z - info: Site data built
2021-04-04T03:32:23.729Z - info: Lazy website regeneration complete! Total build time: 1.981s
2021-04-04T03:32:36.676Z - info: Building C:\repos\nus-cs2103-AY2021S1\cs2103-website\schedule\week11\project as some of its dependencies were changed since the last visit
2021-04-04T03:32:38.194Z - info: Site data built
2021-04-04T03:32:38.194Z - info: Lazy website regeneration complete! Total build time: 1.519s
2021-04-04T03:32:53.271Z - info: Website generation started at 11:32:50 AM
2021-04-04T03:33:02.482Z - info: Building assets...
