2020-12-24T16:01:40.862Z - info: [12:01:40 AM] Reload for file change: C:\repos\nus-cs2103-AY2021S1\cs2103-website\admin\tp-pe.mbdf
2020-12-24T16:01:41.878Z - info: No pages needed to be rebuilt
2020-12-24T16:02:33.714Z - info: [12:02:33 AM] Reload for file change: C:\repos\nus-cs2103-AY2021S1\cs2103-website\admin\tp-pe.mbdf
2020-12-24T16:02:34.718Z - info: No pages needed to be rebuilt
2020-12-24T16:02:55.906Z - info: Building C:\repos\nus-cs2103-AY2021S1\cs2103-website\schedule\week13\project as some of its dependencies were changed since the last visit
2020-12-24T16:02:58.448Z - info: Site data built
2020-12-24T16:02:58.449Z - info: Lazy website regeneration complete! Total build time: 2.543s
2020-12-24T16:03:49.713Z - info: [12:03:49 AM] Reload for file change: C:\repos\nus-cs2103-AY2021S1\cs2103-website\admin\tp-pe.mbdf
2020-12-24T16:03:50.719Z - info: No pages needed to be rebuilt
2020-12-24T16:05:16.146Z - info: [12:05:16 AM] Reload for file change: C:\repos\nus-cs2103-AY2021S1\cs2103-website\admin\tp-testing.mbdf
2020-12-24T16:05:17.149Z - info: No pages needed to be rebuilt
2020-12-24T16:09:01.913Z - info: [12:09:01 AM] Reload for file change: C:\repos\nus-cs2103-AY2021S1\cs2103-website\admin\tp-ped.mbdf
2020-12-24T16:09:02.916Z - info: No pages needed to be rebuilt
2020-12-24T16:09:45.864Z - info: [12:09:45 AM] Reload for file change: C:\repos\nus-cs2103-AY2021S1\cs2103-website\admin\tp-ped.mbdf
2020-12-24T16:09:46.871Z - info: No pages needed to be rebuilt
2020-12-24T16:09:52.617Z - info: Building C:\repos\nus-cs2103-AY2021S1\cs2103-website\schedule\week13\project as some of its dependencies were changed since the last visit
2020-12-24T16:09:55.125Z - info: Site data built
2020-12-24T16:09:55.126Z - info: Lazy website regeneration complete! Total build time: 2.509s
2020-12-24T16:10:19.091Z - info: [12:10:19 AM] Reload for file change: C:\repos\nus-cs2103-AY2021S1\cs2103-website\admin\tp-ped.mbdf
2020-12-24T16:10:20.097Z - info: No pages needed to be rebuilt
2020-12-24T16:14:53.823Z - info: [12:14:53 AM] Reload for file change: C:\repos\nus-cs2103-AY2021S1\cs2103-website\admin\tp-pe.mbdf
2020-12-24T16:14:54.826Z - info: No pages needed to be rebuilt
2020-12-24T16:15:41.344Z - info: [12:15:41 AM] Reload for file change: C:\repos\nus-cs2103-AY2021S1\cs2103-website\admin\tp-pe.mbdf
2020-12-24T16:15:42.352Z - info: No pages needed to be rebuilt
2020-12-24T16:15:52.524Z - info: [12:15:52 AM] Reload for file change: C:\repos\nus-cs2103-AY2021S1\cs2103-website\admin\tp-pe.mbdf
2020-12-24T16:15:53.542Z - info: No pages needed to be rebuilt
2020-12-24T16:17:20.611Z - info: [12:17:20 AM] Reload for file change: C:\repos\nus-cs2103-AY2021S1\cs2103-website\admin\tp-pe.mbdf
2020-12-24T16:17:21.613Z - info: No pages needed to be rebuilt
2020-12-24T16:25:15.966Z - info: [12:25:15 AM] Reload for file change: C:\repos\nus-cs2103-AY2021S1\cs2103-website\_markbind\headers\header.md
2020-12-24T16:25:15.997Z - info: [12:25:15 AM] Reload for file change: C:\repos\nus-cs2103-AY2021S1\cs2103-website\admin\tools.md
2020-12-24T16:25:16.971Z - info: Rebuilding 1 pages
2020-12-24T16:25:17.513Z - info: Site data built
2020-12-24T16:25:17.514Z - info: Pages rebuilt
2020-12-24T16:25:17.514Z - info: Website regeneration complete! Total build time: 0.546s
2020-12-24T16:25:18.689Z - info: Building C:\repos\nus-cs2103-AY2021S1\cs2103-website\schedule\week12\topics as some of its dependencies were changed since the last visit
2020-12-24T16:25:19.577Z - info: Site data built
2020-12-24T16:25:19.578Z - info: Lazy website regeneration complete! Total build time: 0.889s
2020-12-24T16:38:11.874Z - info: Website generation (lazy) started at 12:38:08 AM
2020-12-24T16:38:20.476Z - info: Building assets...
2020-12-24T16:38:26.059Z - info: Assets built
2020-12-24T16:38:26.060Z - info: Generating landing page...
2020-12-24T16:38:26.904Z - info: Landing page built, other pages will be built as you navigate to them!
2020-12-24T16:38:27.419Z - info: Site data built
2020-12-24T16:38:27.420Z - info: Website generation (lazy) complete! Total build time: 18.429s
2020-12-24T16:38:28.238Z - info: Serving "C:\repos\nus-cs2103-AY2021S1\cs2103-website\_site" at http://127.0.0.1:8080
2020-12-24T16:38:28.238Z - info: Press CTRL+C to stop ...
2020-12-24T16:42:05.820Z - info: Building C:\repos\nus-cs2103-AY2021S1\cs2103-website\schedule\timeline as some of its dependencies were changed since the last visit
2020-12-24T16:42:12.710Z - info: Site data built
2020-12-24T16:42:12.711Z - info: Lazy website regeneration complete! Total build time: 6.892s
2020-12-24T16:43:44.146Z - info: [12:43:44 AM] Reload for file change: C:\repos\nus-cs2103-AY2021S1\cs2103-website\_module-TIC4002\weeklyAdminTasks.mbdf
2020-12-24T16:43:45.152Z - info: Rebuilding 1 pages
2020-12-24T16:43:50.689Z - info: Site data built
2020-12-24T16:43:50.691Z - info: Pages rebuilt
2020-12-24T16:43:50.692Z - info: Website regeneration complete! Total build time: 5.541s
2020-12-24T16:44:16.650Z - info: Building C:\repos\nus-cs2103-AY2021S1\cs2103-website\schedule\week9\project as some of its dependencies were changed since the last visit
2020-12-24T16:44:17.724Z - info: Site data built
2020-12-24T16:44:17.724Z - info: Lazy website regeneration complete! Total build time: 1.075s
2020-12-24T16:45:54.915Z - info: [12:45:54 AM] Reload for file change: C:\repos\nus-cs2103-AY2021S1\cs2103-website\admin\tp-tasks.mbdf
2020-12-24T16:45:55.920Z - info: Rebuilding 1 pages
2020-12-24T16:45:57.561Z - info: Site data built
2020-12-24T16:45:57.561Z - info: Pages rebuilt
2020-12-24T16:45:57.561Z - info: Website regeneration complete! Total build time: 1.643s
2020-12-24T16:46:18.184Z - info: Building C:\repos\nus-cs2103-AY2021S1\cs2103-website\se-book-adapted\index as some of its dependencies were changed since the last visit
2020-12-24T16:46:18.367Z - info: Site data built
2020-12-24T16:46:18.367Z - info: Lazy website regeneration complete! Total build time: 0.183s
2020-12-24T16:46:30.227Z - info: Building C:\repos\nus-cs2103-AY2021S1\cs2103-website\se-book-adapted\chapters\cppToJava as some of its dependencies were changed since the last visit
2020-12-24T16:46:34.372Z - info: Site data built
2020-12-24T16:46:34.373Z - info: Lazy website regeneration complete! Total build time: 4.147s
2020-12-24T16:47:14.589Z - info: [12:47:14 AM] Reload for file change: C:\repos\nus-cs2103-AY2021S1\cs2103-website\_module-TIC4002\weeklyTextbookTopics.mbdf
2020-12-24T16:47:15.593Z - info: No pages needed to be rebuilt
2020-12-24T16:47:23.931Z - info: Building C:\repos\nus-cs2103-AY2021S1\cs2103-website\schedule\timeline as some of its dependencies were changed since the last visit
2020-12-24T16:47:29.239Z - info: Site data built
2020-12-24T16:47:29.242Z - info: Lazy website regeneration complete! Total build time: 5.31s
2020-12-24T16:47:42.508Z - info: Building C:\repos\nus-cs2103-AY2021S1\cs2103-website\schedule\week1\index as some of its dependencies were changed since the last visit
2020-12-24T16:47:42.677Z - info: Site data built
2020-12-24T16:47:42.678Z - info: Lazy website regeneration complete! Total build time: 0.17s
2020-12-24T16:47:47.670Z - info: Building C:\repos\nus-cs2103-AY2021S1\cs2103-website\schedule\week1\topics as some of its dependencies were changed since the last visit
2020-12-24T16:47:47.767Z - info: Site data built
2020-12-24T16:47:47.768Z - info: Lazy website regeneration complete! Total build time: 0.098s
2020-12-24T16:48:09.746Z - info: [12:48:09 AM] Reload for file change: C:\repos\nus-cs2103-AY2021S1\cs2103-website\schedule\week1\topics.md
2020-12-24T16:48:10.751Z - info: Rebuilding 1 pages
2020-12-24T16:48:11.182Z - info: Site data built
2020-12-24T16:48:11.183Z - info: Pages rebuilt
2020-12-24T16:48:11.183Z - info: Website regeneration complete! Total build time: 0.433s
2020-12-24T16:48:15.913Z - info: Building C:\repos\nus-cs2103-AY2021S1\cs2103-website\schedule\week1\admin as some of its dependencies were changed since the last visit
2020-12-24T16:48:16.932Z - warn: You might have an invalid intra-link! Ignore this warning if it was intended.
'/website/admin/x' found in file 'C:\repos\nus-cs2103-AY2021S1\cs2103-website\admin\tools.md'
2020-12-24T16:48:18.229Z - info: Site data built
2020-12-24T16:48:18.229Z - info: Lazy website regeneration complete! Total build time: 2.316s
2020-12-24T16:48:19.147Z - debug:  
2020-12-24T16:48:28.845Z - info: Building C:\repos\nus-cs2103-AY2021S1\cs2103-website\schedule\week1\project as some of its dependencies were changed since the last visit
2020-12-24T16:48:28.930Z - info: Site data built
2020-12-24T16:48:28.930Z - info: Lazy website regeneration complete! Total build time: 0.086s
2020-12-24T16:48:34.883Z - info: Building C:\repos\nus-cs2103-AY2021S1\cs2103-website\schedule\week2\index as some of its dependencies were changed since the last visit
2020-12-24T16:48:35.577Z - info: Site data built
2020-12-24T16:48:35.577Z - info: Lazy website regeneration complete! Total build time: 0.694s
2020-12-24T16:48:39.587Z - info: Building C:\repos\nus-cs2103-AY2021S1\cs2103-website\schedule\week2\tutorial as some of its dependencies were changed since the last visit
2020-12-24T16:48:39.695Z - info: Site data built
2020-12-24T16:48:39.695Z - info: Lazy website regeneration complete! Total build time: 0.108s
2020-12-24T16:48:43.306Z - info: Building C:\repos\nus-cs2103-AY2021S1\cs2103-website\schedule\week2\topics as some of its dependencies were changed since the last visit
2020-12-24T16:48:48.565Z - debug:  
2020-12-24T16:48:48.566Z - debug:  
2020-12-24T16:48:48.955Z - debug:  
2020-12-24T16:48:48.955Z - debug:  
2020-12-24T16:48:49.555Z - info: Site data built
2020-12-24T16:48:49.555Z - info: Lazy website regeneration complete! Total build time: 6.249s
2020-12-24T16:59:17.570Z - info: [12:59:17 AM] Reload for file change: C:\repos\nus-cs2103-AY2021S1\cs2103-website\common\topics.njk
2020-12-24T16:59:18.576Z - info: Rebuilding 1 pages
2020-12-24T16:59:24.696Z - debug:  
2020-12-24T16:59:24.697Z - debug:  
2020-12-24T16:59:25.646Z - debug:  
2020-12-24T16:59:25.646Z - debug:  
2020-12-24T16:59:25.671Z - info: Site data built
2020-12-24T16:59:25.672Z - info: Pages rebuilt
2020-12-24T16:59:25.672Z - info: Website regeneration complete! Total build time: 7.098s
2020-12-24T16:59:39.386Z - info: [12:59:39 AM] Reload for file change: C:\repos\nus-cs2103-AY2021S1\cs2103-website\common\topics.njk
2020-12-24T16:59:40.388Z - info: Rebuilding 1 pages
2020-12-24T16:59:45.603Z - debug:  
2020-12-24T16:59:45.603Z - debug:  
2020-12-24T16:59:46.600Z - debug:  
2020-12-24T16:59:46.600Z - debug:  
2020-12-24T16:59:46.644Z - info: Site data built
2020-12-24T16:59:46.645Z - info: Pages rebuilt
2020-12-24T16:59:46.645Z - info: Website regeneration complete! Total build time: 6.258s
2020-12-24T17:02:38.029Z - info: [1:02:38 AM] Reload for file change: C:\repos\nus-cs2103-AY2021S1\cs2103-website\common\topics.njk
2020-12-24T17:02:39.033Z - info: Rebuilding 1 pages
2020-12-24T17:02:46.109Z - debug:  
2020-12-24T17:02:46.113Z - debug:  
2020-12-24T17:02:46.473Z - debug:  
2020-12-24T17:02:46.516Z - debug:  
2020-12-24T17:02:47.507Z - info: Site data built
2020-12-24T17:02:47.508Z - info: Pages rebuilt
2020-12-24T17:02:47.508Z - info: Website regeneration complete! Total build time: 8.476s
2020-12-24T17:03:33.685Z - info: [1:03:33 AM] Reload for file change: C:\repos\nus-cs2103-AY2021S1\cs2103-website\_module-TIC4002\weeklyTextbookTopics.mbdf
2020-12-24T17:03:34.692Z - info: Rebuilding 1 pages
2020-12-24T17:03:34.868Z - error:  Template render error: (unknown path)
  Template render error: (unknown path)
  Template render error: (unknown path)
  Template render error: (unknown path)
  Template render error: (unknown path)
  Template render error: (unknown path)
  Template render error: (unknown path)
  Template render error: (unknown path)
  Template render error: (unknown path) [Line 5, Column 5]
  parseAggregate: expected colon after dict key
    at Object._prettifyError (C:\Users\damithch\AppData\Roaming\npm\node_modules\markbind-cli\node_modules\nunjucks\src\lib.js:36:11)
    at C:\Users\damithch\AppData\Roaming\npm\node_modules\markbind-cli\node_modules\@markbind\core\src\patches\nunjucks\context-overrides-frame.js:383:17
    at Template.root [as rootRenderFunc] (eval at _compile (C:\Users\damithch\AppData\Roaming\npm\node_modules\markbind-cli\node_modules\nunjucks\src\environment.js:631:18), <anonymous>:29:3)
    at Template.render (C:\Users\damithch\AppData\Roaming\npm\node_modules\markbind-cli\node_modules\@markbind\core\src\patches\nunjucks\context-overrides-frame.js:372:8)
    at Environment.renderString (C:\Users\damithch\AppData\Roaming\npm\node_modules\markbind-cli\node_modules\@markbind\core\src\patches\nunjucks\context-overrides-frame.js:77:15)
    at VariableRenderer.render (C:\Users\damithch\AppData\Roaming\npm\node_modules\markbind-cli\node_modules\@markbind\core\src\variables\VariableRenderer.js:96:17)
    at VariableProcessor.renderSiteVariables (C:\Users\damithch\AppData\Roaming\npm\node_modules\markbind-cli\node_modules\@markbind\core\src\variables\VariableProcessor.js:163:53)
    at VariableProcessor.renderPage (C:\Users\damithch\AppData\Roaming\npm\node_modules\markbind-cli\node_modules\@markbind\core\src\variables\VariableProcessor.js:448:17)
    at C:\Users\damithch\AppData\Roaming\npm\node_modules\markbind-cli\node_modules\@markbind\core\src\Page\index.js:878:57
2020-12-24T17:03:34.869Z - warn:  Error: Error while generating undefined
    at C:\Users\damithch\AppData\Roaming\npm\node_modules\markbind-cli\node_modules\@markbind\core\src\Site\index.js:1043:18
2020-12-24T17:04:00.971Z - info: [1:04:00 AM] Reload for file change: C:\repos\nus-cs2103-AY2021S1\cs2103-website\_module-TIC4002\weeklyTextbookTopics.mbdf
2020-12-24T17:04:01.973Z - info: No pages needed to be rebuilt
2020-12-24T17:04:51.126Z - info: [1:04:51 AM] Reload for file change: C:\repos\nus-cs2103-AY2021S1\cs2103-website\common\topics.njk
2020-12-24T17:04:52.127Z - info: No pages needed to be rebuilt
2020-12-24T17:05:12.191Z - info: Website generation (lazy) started at 1:05:09 AM
2020-12-24T17:05:21.509Z - info: Building assets...
2020-12-24T17:05:27.195Z - info: Assets built
2020-12-24T17:05:27.196Z - info: Generating landing page...
2020-12-24T17:05:28.121Z - info: Landing page built, other pages will be built as you navigate to them!
2020-12-24T17:05:28.677Z - info: Site data built
2020-12-24T17:05:28.678Z - info: Website generation (lazy) complete! Total build time: 19.554s
2020-12-24T17:05:29.506Z - info: Serving "C:\repos\nus-cs2103-AY2021S1\cs2103-website\_site" at http://127.0.0.1:8080
2020-12-24T17:05:29.506Z - info: Press CTRL+C to stop ...
2020-12-24T17:05:36.873Z - info: Building C:\repos\nus-cs2103-AY2021S1\cs2103-website\schedule\week2\topics as some of its dependencies were changed since the last visit
2020-12-24T17:05:41.318Z - debug:  
2020-12-24T17:05:41.319Z - debug:  
2020-12-24T17:05:45.274Z - debug:  
2020-12-24T17:05:45.275Z - debug:  
2020-12-24T17:05:46.109Z - info: Site data built
2020-12-24T17:05:46.109Z - info: Lazy website regeneration complete! Total build time: 9.236s
2020-12-24T17:06:09.323Z - info: [1:06:09 AM] Reload for file change: C:\repos\nus-cs2103-AY2021S1\cs2103-website\common\topics.njk
2020-12-24T17:06:10.327Z - info: No pages needed to be rebuilt
2020-12-24T17:06:37.146Z - info: Website generation (lazy) started at 1:06:33 AM
2020-12-24T17:06:45.103Z - info: Building assets...
2020-12-24T17:06:50.476Z - info: Assets built
2020-12-24T17:06:50.476Z - info: Generating landing page...
2020-12-24T17:06:51.318Z - info: Landing page built, other pages will be built as you navigate to them!
2020-12-24T17:06:51.795Z - info: Site data built
2020-12-24T17:06:51.796Z - info: Website generation (lazy) complete! Total build time: 17.873s
2020-12-24T17:06:52.648Z - info: Serving "C:\repos\nus-cs2103-AY2021S1\cs2103-website\_site" at http://127.0.0.1:8080
2020-12-24T17:06:52.649Z - info: Press CTRL+C to stop ...
2020-12-24T17:07:03.500Z - info: Building C:\repos\nus-cs2103-AY2021S1\cs2103-website\schedule\week2\topics as some of its dependencies were changed since the last visit
2020-12-24T17:07:09.020Z - debug:  
2020-12-24T17:07:09.020Z - debug:  
2020-12-24T17:07:09.947Z - debug:  
2020-12-24T17:07:09.947Z - debug:  
2020-12-24T17:07:10.049Z - info: Site data built
2020-12-24T17:07:10.050Z - info: Lazy website regeneration complete! Total build time: 6.55s
2020-12-24T17:08:04.679Z - info: [1:08:04 AM] Reload for file change: C:\repos\nus-cs2103-AY2021S1\cs2103-website\_module-TIC4002\weeklyTextbookTopics.mbdf
2020-12-24T17:08:05.684Z - info: Rebuilding 1 pages
2020-12-24T17:08:11.135Z - debug:  
2020-12-24T17:08:11.135Z - debug:  
2020-12-24T17:08:11.651Z - debug:  
2020-12-24T17:08:11.651Z - debug:  
2020-12-24T17:08:12.475Z - info: Site data built
2020-12-24T17:08:12.480Z - info: Pages rebuilt
2020-12-24T17:08:12.480Z - info: Website regeneration complete! Total build time: 6.797s
2020-12-24T17:08:26.463Z - info: Building C:\repos\nus-cs2103-AY2021S1\cs2103-website\schedule\week3\topics as some of its dependencies were changed since the last visit
2020-12-24T17:08:27.787Z - info: Site data built
2020-12-24T17:08:27.787Z - info: Lazy website regeneration complete! Total build time: 1.324s
2020-12-24T17:08:28.768Z - debug:  
2020-12-24T17:26:32.800Z - info: Website generation (lazy) started at 1:26:29 AM
2020-12-24T17:26:41.104Z - info: Building assets...
2020-12-24T17:26:46.596Z - info: Assets built
2020-12-24T17:26:46.597Z - info: Generating landing page...
2020-12-24T17:26:47.486Z - info: Landing page built, other pages will be built as you navigate to them!
2020-12-24T17:26:47.948Z - info: Site data built
2020-12-24T17:26:47.948Z - info: Website generation (lazy) complete! Total build time: 18.601s
2020-12-24T17:26:48.791Z - info: Serving "C:\repos\nus-cs2103-AY2021S1\cs2103-website\_site" at http://127.0.0.1:8080
2020-12-24T17:26:48.791Z - info: Press CTRL+C to stop ...
2020-12-24T17:27:11.599Z - info: Building C:\repos\nus-cs2103-AY2021S1\cs2103-website\schedule\week3\admin as some of its dependencies were changed since the last visit
2020-12-24T17:27:12.387Z - info: Site data built
2020-12-24T17:27:12.387Z - info: Lazy website regeneration complete! Total build time: 0.789s
2020-12-24T17:28:59.026Z - info: Website generation (lazy) started at 1:28:55 AM
2020-12-24T17:29:06.554Z - info: Building assets...
2020-12-24T17:29:11.913Z - info: Assets built
2020-12-24T17:29:11.914Z - info: Generating landing page...
2020-12-24T17:29:12.754Z - info: Landing page built, other pages will be built as you navigate to them!
2020-12-24T17:29:13.201Z - info: Site data built
2020-12-24T17:29:13.201Z - info: Website generation (lazy) complete! Total build time: 17.237s
2020-12-24T17:29:14.041Z - info: Serving "C:\repos\nus-cs2103-AY2021S1\cs2103-website\_site" at http://127.0.0.1:8080
2020-12-24T17:29:14.042Z - info: Press CTRL+C to stop ...
2020-12-24T17:29:21.937Z - info: Building C:\repos\nus-cs2103-AY2021S1\cs2103-website\schedule\timeline as some of its dependencies were changed since the last visit
2020-12-24T17:29:31.059Z - info: Site data built
2020-12-24T17:29:31.063Z - info: Lazy website regeneration complete! Total build time: 9.123s
2020-12-24T17:29:48.809Z - info: Building C:\repos\nus-cs2103-AY2021S1\cs2103-website\schedule\week10\index as some of its dependencies were changed since the last visit
2020-12-24T17:29:49.237Z - info: Site data built
2020-12-24T17:29:49.237Z - info: Lazy website regeneration complete! Total build time: 0.428s
2020-12-24T17:29:52.317Z - info: Building C:\repos\nus-cs2103-AY2021S1\cs2103-website\schedule\week10\admin as some of its dependencies were changed since the last visit
2020-12-24T17:29:52.409Z - info: Site data built
2020-12-24T17:29:52.409Z - info: Lazy website regeneration complete! Total build time: 0.092s
2020-12-24T17:30:53.008Z - info: [1:30:53 AM] Reload for file change: C:\repos\nus-cs2103-AY2021S1\cs2103-website\admin\ip-tasks.mbdf
2020-12-24T17:30:54.015Z - info: Rebuilding 1 pages
2020-12-24T17:30:54.514Z - info: Site data built
2020-12-24T17:30:54.515Z - info: Pages rebuilt
2020-12-24T17:30:54.515Z - info: Website regeneration complete! Total build time: 0.503s
2020-12-24T17:31:01.984Z - info: Building C:\repos\nus-cs2103-AY2021S1\cs2103-website\schedule\week11\admin as some of its dependencies were changed since the last visit
2020-12-24T17:31:02.121Z - info: Site data built
2020-12-24T17:31:02.121Z - info: Lazy website regeneration complete! Total build time: 0.137s
2020-12-24T17:31:12.319Z - info: Building C:\repos\nus-cs2103-AY2021S1\cs2103-website\schedule\week5\admin as some of its dependencies were changed since the last visit
2020-12-24T17:31:13.300Z - info: Site data built
2020-12-24T17:31:13.300Z - info: Lazy website regeneration complete! Total build time: 0.981s
2020-12-24T17:31:47.240Z - info: [1:31:47 AM] Reload for file change: C:\repos\nus-cs2103-AY2021S1\cs2103-website\admin\ip-tasks.mbdf
2020-12-24T17:31:48.244Z - info: Rebuilding 1 pages
2020-12-24T17:31:49.332Z - info: Site data built
2020-12-24T17:31:49.332Z - info: Pages rebuilt
2020-12-24T17:31:49.332Z - info: Website regeneration complete! Total build time: 1.09s
2020-12-24T17:31:50.334Z - info: Building C:\repos\nus-cs2103-AY2021S1\cs2103-website\schedule\week10\admin as some of its dependencies were changed since the last visit
2020-12-24T17:31:50.457Z - info: Site data built
2020-12-24T17:31:50.457Z - info: Lazy website regeneration complete! Total build time: 0.123s
2020-12-24T17:32:12.727Z - info: Building C:\repos\nus-cs2103-AY2021S1\cs2103-website\schedule\week11\admin as some of its dependencies were changed since the last visit
2020-12-24T17:32:12.846Z - info: Site data built
2020-12-24T17:32:12.847Z - info: Lazy website regeneration complete! Total build time: 0.119s
2020-12-24T17:32:16.456Z - info: Building C:\repos\nus-cs2103-AY2021S1\cs2103-website\schedule\week12\admin as some of its dependencies were changed since the last visit
2020-12-24T17:32:16.953Z - info: Site data built
2020-12-24T17:32:16.953Z - info: Lazy website regeneration complete! Total build time: 0.497s
2020-12-24T17:32:29.508Z - info: Building C:\repos\nus-cs2103-AY2021S1\cs2103-website\schedule\timeline as some of its dependencies were changed since the last visit
2020-12-24T17:32:35.421Z - info: Site data built
2020-12-24T17:32:35.421Z - info: Lazy website regeneration complete! Total build time: 5.913s
2020-12-24T17:37:08.058Z - info: [1:37:08 AM] Reload for file change: C:\repos\nus-cs2103-AY2021S1\cs2103-website\admin\ip-tasks.mbdf
2020-12-24T17:37:09.070Z - info: Rebuilding 1 pages
2020-12-24T17:37:14.805Z - info: Site data built
2020-12-24T17:37:14.810Z - info: Pages rebuilt
2020-12-24T17:37:14.814Z - info: Website regeneration complete! Total build time: 5.745s
2020-12-24T17:37:50.564Z - info: Building C:\repos\nus-cs2103-AY2021S1\cs2103-website\schedule\week10\admin as some of its dependencies were changed since the last visit
2020-12-24T17:37:50.799Z - info: Site data built
2020-12-24T17:37:50.799Z - info: Lazy website regeneration complete! Total build time: 0.235s
2020-12-24T17:38:40.050Z - info: [1:38:40 AM] Reload for file change: C:\repos\nus-cs2103-AY2021S1\cs2103-website\admin\ip-tasks.mbdf
2020-12-24T17:38:41.053Z - info: Rebuilding 1 pages
2020-12-24T17:38:41.446Z - info: Site data built
2020-12-24T17:38:41.447Z - info: Pages rebuilt
2020-12-24T17:38:41.447Z - info: Website regeneration complete! Total build time: 0.395s
2020-12-24T17:39:05.755Z - info: [1:39:05 AM] Reload for file change: C:\repos\nus-cs2103-AY2021S1\cs2103-website\admin\ip-tasks.mbdf
2020-12-24T17:39:06.758Z - info: Rebuilding 1 pages
2020-12-24T17:39:07.089Z - info: Site data built
2020-12-24T17:39:07.090Z - info: Pages rebuilt
2020-12-24T17:39:07.090Z - info: Website regeneration complete! Total build time: 0.333s
2020-12-24T17:39:13.136Z - info: Building C:\repos\nus-cs2103-AY2021S1\cs2103-website\schedule\timeline as some of its dependencies were changed since the last visit
2020-12-24T17:39:18.537Z - info: Site data built
2020-12-24T17:39:18.537Z - info: Lazy website regeneration complete! Total build time: 5.402s
2020-12-24T17:39:43.531Z - info: [1:39:43 AM] Reload for file change: C:\repos\nus-cs2103-AY2021S1\cs2103-website\admin\ip-tasks.mbdf
2020-12-24T17:39:44.535Z - info: Rebuilding 1 pages
2020-12-24T17:39:49.707Z - info: Site data built
2020-12-24T17:39:49.714Z - info: Pages rebuilt
2020-12-24T17:39:49.714Z - info: Website regeneration complete! Total build time: 5.18s
2020-12-24T17:40:23.622Z - info: [1:40:23 AM] Reload for file change: C:\repos\nus-cs2103-AY2021S1\cs2103-website\admin\ip-tasks.mbdf
2020-12-24T17:40:24.629Z - info: Rebuilding 1 pages
2020-12-24T17:40:31.162Z - info: Site data built
2020-12-24T17:40:31.163Z - info: Pages rebuilt
2020-12-24T17:40:31.164Z - info: Website regeneration complete! Total build time: 6.538s
2020-12-24T17:40:36.693Z - info: Building C:\repos\nus-cs2103-AY2021S1\cs2103-website\schedule\week11\admin as some of its dependencies were changed since the last visit
2020-12-24T17:40:36.783Z - info: Site data built
2020-12-24T17:40:36.783Z - info: Lazy website regeneration complete! Total build time: 0.091s
2020-12-24T17:44:42.384Z - info: Website generation started at 1:44:39 AM
2020-12-24T17:44:51.037Z - info: Building assets...
2020-12-24T17:44:56.819Z - info: Assets built
2020-12-24T17:44:56.820Z - info: Generating pages...
2020-12-24T17:45:10.667Z - debug:  
2020-12-24T17:45:10.667Z - debug:  
2020-12-24T17:45:10.668Z - debug:  
2020-12-24T17:45:10.668Z - debug:  
2020-12-24T17:45:10.668Z - debug:  
2020-12-24T17:45:10.950Z - debug:  
2020-12-24T17:45:42.924Z - warn: You might have an invalid intra-link! Ignore this warning if it was intended.
'/website/book/about/usage.html' found in file 'C:\repos\nus-cs2103-AY2021S1\cs2103-website\book\index.md'
2020-12-24T17:45:42.927Z - warn: You might have an invalid intra-link! Ignore this warning if it was intended.
'/website/book/softwareEngineering/print.html' found in file 'C:\repos\nus-cs2103-AY2021S1\cs2103-website\book\index.md'
2020-12-24T17:45:42.928Z - warn: You might have an invalid intra-link! Ignore this warning if it was intended.
'/website/book/oop/print.html' found in file 'C:\repos\nus-cs2103-AY2021S1\cs2103-website\book\index.md'
2020-12-24T17:45:42.929Z - warn: You might have an invalid intra-link! Ignore this warning if it was intended.
'/website/book/requirements/print.html' found in file 'C:\repos\nus-cs2103-AY2021S1\cs2103-website\book\index.md'
2020-12-24T17:45:42.929Z - warn: You might have an invalid intra-link! Ignore this warning if it was intended.
'/website/book/gatheringRequirements/print.html' found in file 'C:\repos\nus-cs2103-AY2021S1\cs2103-website\book\index.md'
2020-12-24T17:45:42.930Z - warn: You might have an invalid intra-link! Ignore this warning if it was intended.
'/website/book/specifyingRequirements/print.html' found in file 'C:\repos\nus-cs2103-AY2021S1\cs2103-website\book\index.md'
2020-12-24T17:45:42.931Z - warn: You might have an invalid intra-link! Ignore this warning if it was intended.
'/website/book/design/print.html' found in file 'C:\repos\nus-cs2103-AY2021S1\cs2103-website\book\index.md'
2020-12-24T17:45:42.931Z - warn: You might have an invalid intra-link! Ignore this warning if it was intended.
'/website/book/designFundamentals/print.html' found in file 'C:\repos\nus-cs2103-AY2021S1\cs2103-website\book\index.md'
2020-12-24T17:45:42.932Z - warn: You might have an invalid intra-link! Ignore this warning if it was intended.
'/website/book/modeling/print.html' found in file 'C:\repos\nus-cs2103-AY2021S1\cs2103-website\book\index.md'
2020-12-24T17:45:42.932Z - warn: You might have an invalid intra-link! Ignore this warning if it was intended.
'/website/book/architecture/print.html' found in file 'C:\repos\nus-cs2103-AY2021S1\cs2103-website\book\index.md'
2020-12-24T17:45:42.933Z - warn: You might have an invalid intra-link! Ignore this warning if it was intended.
'/website/book/designPatterns/print.html' found in file 'C:\repos\nus-cs2103-AY2021S1\cs2103-website\book\index.md'
2020-12-24T17:45:42.933Z - warn: You might have an invalid intra-link! Ignore this warning if it was intended.
'/website/book/designApproaches/print.html' found in file 'C:\repos\nus-cs2103-AY2021S1\cs2103-website\book\index.md'
2020-12-24T17:45:42.934Z - warn: You might have an invalid intra-link! Ignore this warning if it was intended.
'/website/book/ides/print.html' found in file 'C:\repos\nus-cs2103-AY2021S1\cs2103-website\book\index.md'
2020-12-24T17:45:42.935Z - warn: You might have an invalid intra-link! Ignore this warning if it was intended.
'/website/book/codeQuality/print.html' found in file 'C:\repos\nus-cs2103-AY2021S1\cs2103-website\book\index.md'
2020-12-24T17:45:42.935Z - warn: You might have an invalid intra-link! Ignore this warning if it was intended.
'/website/book/refactoring/print.html' found in file 'C:\repos\nus-cs2103-AY2021S1\cs2103-website\book\index.md'
2020-12-24T17:45:42.936Z - warn: You might have an invalid intra-link! Ignore this warning if it was intended.
'/website/book/documentation/print.html' found in file 'C:\repos\nus-cs2103-AY2021S1\cs2103-website\book\index.md'
2020-12-24T17:45:42.937Z - warn: You might have an invalid intra-link! Ignore this warning if it was intended.
'/website/book/errorHandling/print.html' found in file 'C:\repos\nus-cs2103-AY2021S1\cs2103-website\book\index.md'
2020-12-24T17:45:42.938Z - warn: You might have an invalid intra-link! Ignore this warning if it was intended.
'/website/book/integration/print.html' found in file 'C:\repos\nus-cs2103-AY2021S1\cs2103-website\book\index.md'
2020-12-24T17:45:42.939Z - warn: You might have an invalid intra-link! Ignore this warning if it was intended.
'/website/book/reuse/print.html' found in file 'C:\repos\nus-cs2103-AY2021S1\cs2103-website\book\index.md'
2020-12-24T17:45:42.939Z - warn: You might have an invalid intra-link! Ignore this warning if it was intended.
'/website/book/qualityAssurance/print.html' found in file 'C:\repos\nus-cs2103-AY2021S1\cs2103-website\book\index.md'
2020-12-24T17:45:42.940Z - warn: You might have an invalid intra-link! Ignore this warning if it was intended.
'/website/book/testing/print.html' found in file 'C:\repos\nus-cs2103-AY2021S1\cs2103-website\book\index.md'
2020-12-24T17:45:42.941Z - warn: You might have an invalid intra-link! Ignore this warning if it was intended.
'/website/book/testCaseDesign/print.html' found in file 'C:\repos\nus-cs2103-AY2021S1\cs2103-website\book\index.md'
2020-12-24T17:45:42.942Z - warn: You might have an invalid intra-link! Ignore this warning if it was intended.
'/website/book/revisionControl/print.html' found in file 'C:\repos\nus-cs2103-AY2021S1\cs2103-website\book\index.md'
2020-12-24T17:45:42.942Z - warn: You might have an invalid intra-link! Ignore this warning if it was intended.
'/website/book/projectPlanning/print.html' found in file 'C:\repos\nus-cs2103-AY2021S1\cs2103-website\book\index.md'
2020-12-24T17:45:42.943Z - warn: You might have an invalid intra-link! Ignore this warning if it was intended.
'/website/book/teamwork/print.html' found in file 'C:\repos\nus-cs2103-AY2021S1\cs2103-website\book\index.md'
2020-12-24T17:45:42.943Z - warn: You might have an invalid intra-link! Ignore this warning if it was intended.
'/website/book/processModels/print.html' found in file 'C:\repos\nus-cs2103-AY2021S1\cs2103-website\book\index.md'
2020-12-24T17:45:42.944Z - warn: You might have an invalid intra-link! Ignore this warning if it was intended.
'/website/book/uml/print.html' found in file 'C:\repos\nus-cs2103-AY2021S1\cs2103-website\book\index.md'
2020-12-24T17:45:42.945Z - warn: You might have an invalid intra-link! Ignore this warning if it was intended.
'/website/book/intellij/print.html' found in file 'C:\repos\nus-cs2103-AY2021S1\cs2103-website\book\index.md'
2020-12-24T17:45:42.945Z - warn: You might have an invalid intra-link! Ignore this warning if it was intended.
'/website/book/gitAndGithub/print.html' found in file 'C:\repos\nus-cs2103-AY2021S1\cs2103-website\book\index.md'
2020-12-24T17:45:42.946Z - warn: You might have an invalid intra-link! Ignore this warning if it was intended.
'/website/book/principles/print.html' found in file 'C:\repos\nus-cs2103-AY2021S1\cs2103-website\book\index.md'
2020-12-24T17:45:42.947Z - warn: You might have an invalid intra-link! Ignore this warning if it was intended.
'/website/book/cppToJava/print.html' found in file 'C:\repos\nus-cs2103-AY2021S1\cs2103-website\book\index.md'
2020-12-24T17:45:42.947Z - warn: You might have an invalid intra-link! Ignore this warning if it was intended.
'/website/book/common/definitions.html' found in file 'C:\repos\nus-cs2103-AY2021S1\cs2103-website\book\index.md'
2020-12-24T17:45:42.948Z - warn: You might have an invalid intra-link! Ignore this warning if it was intended.
'/website/book/common/references.html' found in file 'C:\repos\nus-cs2103-AY2021S1\cs2103-website\book\index.md'
2020-12-24T17:45:42.948Z - warn: You might have an invalid intra-link! Ignore this warning if it was intended.
'/website/book/common/outcomes.html' found in file 'C:\repos\nus-cs2103-AY2021S1\cs2103-website\book\index.md'
2020-12-24T17:45:42.949Z - warn: You might have an invalid intra-link! Ignore this warning if it was intended.
'/website/book/common/print.html' found in file 'C:\repos\nus-cs2103-AY2021S1\cs2103-website\book\index.md'
2020-12-24T17:47:06.605Z - warn: You might have an invalid intra-link! Ignore this warning if it was intended.
'/website/admin/x' found in file 'C:\repos\nus-cs2103-AY2021S1\cs2103-website\admin\tools.md'
2020-12-24T17:47:07.520Z - warn: You might have an invalid intra-link! Ignore this warning if it was intended.
'/website/admin/x' found in file 'C:\repos\nus-cs2103-AY2021S1\cs2103-website\admin\tools.md'
2020-12-24T17:47:12.966Z - debug:  
2020-12-24T17:47:26.780Z - debug:  
2020-12-24T17:47:26.780Z - debug:  
2020-12-24T17:47:27.608Z - warn: You might have an invalid intra-link! Ignore this warning if it was intended.
'/website/admin/x' found in file 'C:\repos\nus-cs2103-AY2021S1\cs2103-website\admin\tools.md'
2020-12-24T17:47:36.204Z - info: Pages built
2020-12-24T17:47:36.738Z - info: Site data built
2020-12-24T17:47:36.738Z - info: Website generation complete! Total build time: 177.353s
2020-12-24T17:47:36.738Z - info: Build success!
2020-12-24T17:47:41.749Z - info: Deployed at https://nus-tic4002-ay2021s2.github.io/website!
