2020-12-16T16:04:30.431Z - info: Building C:\repos\nus-cs2103-AY2021S1\cs2103-website\admin\ip-w2 as some of its dependencies were changed since the last visit
2020-12-16T16:04:32.134Z - info: Site data built
2020-12-16T16:04:32.135Z - info: Lazy website regeneration complete! Total build time: 1.717s
2020-12-16T16:06:59.003Z - info: [12:06:59 AM] Reload for file change: C:\repos\nus-cs2103-AY2021S1\cs2103-website\common\admin.njk
2020-12-16T16:07:00.031Z - info: Rebuilding 1 pages
2020-12-16T16:07:01.610Z - info: Site data built
2020-12-16T16:07:01.611Z - info: Pages rebuilt
2020-12-16T16:07:01.612Z - info: Website regeneration complete! Total build time: 1.588s
2020-12-16T16:07:11.305Z - info: Building C:\repos\nus-cs2103-AY2021S1\cs2103-website\admin\peerEvaluations as some of its dependencies were changed since the last visit
2020-12-16T16:07:11.717Z - info: Site data built
2020-12-16T16:07:11.717Z - info: Lazy website regeneration complete! Total build time: 0.414s
2020-12-16T16:07:37.094Z - info: Building C:\repos\nus-cs2103-AY2021S1\cs2103-website\admin\tools as some of its dependencies were changed since the last visit
2020-12-16T16:07:37.775Z - info: Site data built
2020-12-16T16:07:37.776Z - info: Lazy website regeneration complete! Total build time: 0.683s
2020-12-16T16:08:42.458Z - info: Building C:\repos\nus-cs2103-AY2021S1\cs2103-website\admin\gradeBreakdown as some of its dependencies were changed since the last visit
2020-12-16T16:08:43.518Z - info: Site data built
2020-12-16T16:08:43.519Z - info: Lazy website regeneration complete! Total build time: 1.062s
2020-12-16T16:08:44.592Z - debug:  
2020-12-16T16:10:42.355Z - info: [12:10:42 AM] Reload for file change: C:\repos\nus-cs2103-AY2021S1\cs2103-website\admin\gradeBreakdown.md
2020-12-16T16:10:43.386Z - info: Rebuilding 1 pages
2020-12-16T16:10:44.264Z - info: Site data built
2020-12-16T16:10:44.266Z - info: Pages rebuilt
2020-12-16T16:10:44.266Z - info: Website regeneration complete! Total build time: 0.885s
2020-12-16T16:10:45.359Z - debug:  
2020-12-16T16:12:29.353Z - info: [12:12:29 AM] Reload for file change: C:\repos\nus-cs2103-AY2021S1\cs2103-website\_markbind\variables.md
2020-12-16T16:12:30.358Z - info: Assets built
2020-12-16T16:12:50.257Z - info: [12:12:50 AM] Reload for file change: C:\repos\nus-cs2103-AY2021S1\cs2103-website\_markbind\variables.md
2020-12-16T16:12:51.278Z - info: Assets built
2020-12-16T16:13:02.965Z - info: [12:13:02 AM] Reload for file change: C:\repos\nus-cs2103-AY2021S1\cs2103-website\_markbind\variables.md
2020-12-16T16:13:03.968Z - info: Assets built
2020-12-16T16:13:50.557Z - info: [12:13:50 AM] Reload for file change: C:\repos\nus-cs2103-AY2021S1\cs2103-website\_markbind\variables.md
2020-12-16T16:13:51.567Z - info: Assets built
2020-12-16T16:15:15.005Z - info: [12:15:15 AM] Reload for file change: C:\repos\nus-cs2103-AY2021S1\cs2103-website\_markbind\variables.md
2020-12-16T16:15:16.012Z - info: Assets built
2020-12-16T16:15:28.881Z - info: Building C:\repos\nus-cs2103-AY2021S1\cs2103-website\admin\ip-overview as some of its dependencies were changed since the last visit
2020-12-16T16:15:29.460Z - info: Site data built
2020-12-16T16:15:29.461Z - info: Lazy website regeneration complete! Total build time: 0.58s
2020-12-16T16:17:59.511Z - info: [12:17:59 AM] Reload for file change: C:\repos\nus-cs2103-AY2021S1\cs2103-website\_markbind\variables.md
2020-12-16T16:18:00.512Z - info: Assets built
2020-12-16T16:18:14.071Z - info: [12:18:14 AM] Reload for file change: C:\repos\nus-cs2103-AY2021S1\cs2103-website\_markbind\variables.md
2020-12-16T16:18:15.083Z - info: Assets built
2020-12-17T12:44:29.761Z - info: Website generation (lazy) started at 8:44:21 PM
2020-12-17T12:44:40.496Z - info: Building assets...
2020-12-17T12:44:47.098Z - info: Assets built
2020-12-17T12:44:47.099Z - info: Generating landing page...
2020-12-17T12:44:47.365Z - error:  Template render error: (unknown path)
  Template render error: (unknown path)
  Template render error: (unknown path)
  Template render error: (unknown path)
  Template render error: (unknown path)
  Template render error: (unknown path) [Line 59, Column 1]
  unexpected token: ]
Error while preprocessing 'C:\repos\nus-cs2103-AY2021S1\cs2103-website\index.md'
    at Object._prettifyError (C:\Users\damithch\AppData\Roaming\npm\node_modules\markbind-cli\node_modules\nunjucks\src\lib.js:36:11)
    at C:\Users\damithch\AppData\Roaming\npm\node_modules\markbind-cli\node_modules\@markbind\core\src\patches\nunjucks\context-overrides-frame.js:383:17
    at Template.root [as rootRenderFunc] (eval at _compile (C:\Users\damithch\AppData\Roaming\npm\node_modules\markbind-cli\node_modules\nunjucks\src\environment.js:631:18), <anonymous>:52:3)
    at Template.render (C:\Users\damithch\AppData\Roaming\npm\node_modules\markbind-cli\node_modules\@markbind\core\src\patches\nunjucks\context-overrides-frame.js:372:8)
    at Environment.renderString (C:\Users\damithch\AppData\Roaming\npm\node_modules\markbind-cli\node_modules\@markbind\core\src\patches\nunjucks\context-overrides-frame.js:77:15)
    at VariableRenderer.render (C:\Users\damithch\AppData\Roaming\npm\node_modules\markbind-cli\node_modules\@markbind\core\src\variables\VariableRenderer.js:96:17)
    at VariableProcessor.renderSiteVariables (C:\Users\damithch\AppData\Roaming\npm\node_modules\markbind-cli\node_modules\@markbind\core\src\variables\VariableProcessor.js:163:53)
    at VariableProcessor.renderIncludeFile (C:\Users\damithch\AppData\Roaming\npm\node_modules\markbind-cli\node_modules\@markbind\core\src\variables\VariableProcessor.js:411:34)
    at NodePreprocessor._preProcessInclude (C:\Users\damithch\AppData\Roaming\npm\node_modules\markbind-cli\node_modules\@markbind\core\src\html\NodePreprocessor.js:261:32)
    at NodePreprocessor.preProcessNode (C:\Users\damithch\AppData\Roaming\npm\node_modules\markbind-cli\node_modules\@markbind\core\src\html\NodePreprocessor.js:350:19)
    at C:\Users\damithch\AppData\Roaming\npm\node_modules\markbind-cli\node_modules\@markbind\core\src\html\NodePreprocessor.js:357:59
    at Array.map (<anonymous>)
    at NodePreprocessor.preProcessNode (C:\Users\damithch\AppData\Roaming\npm\node_modules\markbind-cli\node_modules\@markbind\core\src\html\NodePreprocessor.js:357:45)
    at C:\Users\damithch\AppData\Roaming\npm\node_modules\markbind-cli\node_modules\@markbind\core\src\html\NodePreprocessor.js:377:30
    at Array.map (<anonymous>)
    at DomHandler._callback (C:\Users\damithch\AppData\Roaming\npm\node_modules\markbind-cli\node_modules\@markbind\core\src\html\NodePreprocessor.js:374:27)
2020-12-17T12:44:47.423Z - info: Landing page built, other pages will be built as you navigate to them!
2020-12-17T12:44:48.760Z - info: Site data built
2020-12-17T12:44:48.761Z - info: Website generation (lazy) complete! Total build time: 27.009s
2020-12-17T12:44:51.531Z - info: Serving "C:\repos\nus-cs2103-AY2021S1\cs2103-website\_site" at http://127.0.0.1:8080
2020-12-17T12:44:51.532Z - info: Press CTRL+C to stop ...
2020-12-17T12:46:41.034Z - info: [8:46:41 PM] Reload for file change: C:\repos\nus-cs2103-AY2021S1\cs2103-website\_module-TIC4002\weeklyTpTasks.mbdf
2020-12-17T12:46:42.055Z - info: Rebuilding 1 pages
2020-12-17T12:46:43.035Z - info: Site data built
2020-12-17T12:46:43.052Z - info: Pages rebuilt
2020-12-17T12:46:43.052Z - info: Website regeneration complete! Total build time: 0.998s
2020-12-17T12:46:55.585Z - info: Building C:\repos\nus-cs2103-AY2021S1\cs2103-website\admin\standardsAndConventions as some of its dependencies were changed since the last visit
2020-12-17T12:46:55.869Z - info: Site data built
2020-12-17T12:46:55.869Z - info: Lazy website regeneration complete! Total build time: 0.285s
2020-12-17T12:47:28.116Z - info: Building C:\repos\nus-cs2103-AY2021S1\cs2103-website\admin\tp-expectations as some of its dependencies were changed since the last visit
2020-12-17T12:47:28.694Z - info: Site data built
2020-12-17T12:47:28.694Z - info: Lazy website regeneration complete! Total build time: 0.579s
2020-12-17T12:49:27.299Z - info: [8:49:27 PM] Reload for file change: C:\repos\nus-cs2103-AY2021S1\cs2103-website\admin\tp-expectations.md
2020-12-17T12:49:28.307Z - info: Rebuilding 1 pages
2020-12-17T12:49:29.128Z - info: Site data built
2020-12-17T12:49:29.128Z - info: Pages rebuilt
2020-12-17T12:49:29.129Z - info: Website regeneration complete! Total build time: 0.823s
2020-12-17T12:49:34.429Z - info: [8:49:34 PM] Reload for file change: C:\repos\nus-cs2103-AY2021S1\cs2103-website\admin\tp-expectations.md
2020-12-17T12:49:35.441Z - info: Rebuilding 1 pages
2020-12-17T12:49:35.987Z - info: Site data built
2020-12-17T12:49:35.987Z - info: Pages rebuilt
2020-12-17T12:49:35.987Z - info: Website regeneration complete! Total build time: 0.548s
2020-12-17T12:50:44.584Z - info: [8:50:44 PM] Reload for file change: C:\repos\nus-cs2103-AY2021S1\cs2103-website\admin\tp-expectations.md
2020-12-17T12:50:45.602Z - info: Rebuilding 1 pages
2020-12-17T12:50:46.140Z - info: Site data built
2020-12-17T12:50:46.141Z - info: Pages rebuilt
2020-12-17T12:50:46.141Z - info: Website regeneration complete! Total build time: 0.542s
2020-12-17T12:52:16.623Z - info: [8:52:16 PM] Reload for file change: C:\repos\nus-cs2103-AY2021S1\cs2103-website\admin\tp-expectations.md
2020-12-17T12:52:17.661Z - info: Rebuilding 1 pages
2020-12-17T12:52:18.332Z - info: Site data built
2020-12-17T12:52:18.332Z - info: Pages rebuilt
2020-12-17T12:52:18.332Z - info: Website regeneration complete! Total build time: 0.677s
2020-12-17T12:52:26.150Z - info: [8:52:26 PM] Reload for file change: C:\repos\nus-cs2103-AY2021S1\cs2103-website\admin\tp-expectations.md
2020-12-17T12:52:27.178Z - info: Rebuilding 1 pages
2020-12-17T12:52:27.610Z - info: Site data built
2020-12-17T12:52:27.610Z - info: Pages rebuilt
2020-12-17T12:52:27.611Z - info: Website regeneration complete! Total build time: 0.436s
2020-12-17T12:53:06.004Z - info: [8:53:06 PM] Reload for file change: C:\repos\nus-cs2103-AY2021S1\cs2103-website\admin\tp-expectations.md
2020-12-17T12:53:07.013Z - info: Rebuilding 1 pages
2020-12-17T12:53:07.445Z - info: Site data built
2020-12-17T12:53:07.445Z - info: Pages rebuilt
2020-12-17T12:53:07.446Z - info: Website regeneration complete! Total build time: 0.434s
2020-12-17T12:53:17.501Z - info: [8:53:17 PM] Reload for file change: C:\repos\nus-cs2103-AY2021S1\cs2103-website\admin\tp-expectations.md
2020-12-17T12:53:18.513Z - info: Rebuilding 1 pages
2020-12-17T12:53:18.997Z - info: Site data built
2020-12-17T12:53:18.997Z - info: Pages rebuilt
2020-12-17T12:53:18.997Z - info: Website regeneration complete! Total build time: 0.488s
2020-12-17T12:57:33.037Z - info: [8:57:33 PM] Reload for file change: C:\repos\nus-cs2103-AY2021S1\cs2103-website\admin\tp-expectations.md
2020-12-17T12:57:34.062Z - info: Rebuilding 1 pages
2020-12-17T12:57:34.827Z - info: Site data built
2020-12-17T12:57:34.827Z - info: Pages rebuilt
2020-12-17T12:57:34.827Z - info: Website regeneration complete! Total build time: 0.77s
2020-12-17T12:58:16.618Z - info: [8:58:16 PM] Reload for file change: C:\repos\nus-cs2103-AY2021S1\cs2103-website\admin\tp-expectations.md
2020-12-17T12:58:17.652Z - info: Rebuilding 1 pages
2020-12-17T12:58:18.125Z - info: Site data built
2020-12-17T12:58:18.125Z - info: Pages rebuilt
2020-12-17T12:58:18.125Z - info: Website regeneration complete! Total build time: 0.476s
2020-12-17T12:59:00.983Z - info: [8:59:00 PM] Reload for file change: C:\repos\nus-cs2103-AY2021S1\cs2103-website\admin\tp-expectations.md
2020-12-17T12:59:01.988Z - info: Rebuilding 1 pages
2020-12-17T12:59:02.436Z - info: Site data built
2020-12-17T12:59:02.436Z - info: Pages rebuilt
2020-12-17T12:59:02.436Z - info: Website regeneration complete! Total build time: 0.449s
2020-12-17T12:59:56.313Z - info: [8:59:56 PM] Reload for file change: C:\repos\nus-cs2103-AY2021S1\cs2103-website\admin\tp-expectations.md
2020-12-17T12:59:57.345Z - info: Rebuilding 1 pages
2020-12-17T12:59:57.910Z - info: Site data built
2020-12-17T12:59:57.911Z - info: Pages rebuilt
2020-12-17T12:59:57.911Z - info: Website regeneration complete! Total build time: 0.567s
2020-12-17T13:02:02.334Z - info: [9:02:02 PM] Reload for file change: C:\repos\nus-cs2103-AY2021S1\cs2103-website\admin\tp-expectations.md
2020-12-17T13:02:03.349Z - info: Rebuilding 1 pages
2020-12-17T13:02:03.798Z - info: Site data built
2020-12-17T13:02:03.798Z - info: Pages rebuilt
2020-12-17T13:02:03.798Z - info: Website regeneration complete! Total build time: 0.458s
2020-12-17T13:02:14.781Z - info: [9:02:14 PM] Reload for file change: C:\repos\nus-cs2103-AY2021S1\cs2103-website\admin\tp-expectations.md
2020-12-17T13:02:15.788Z - info: Rebuilding 1 pages
2020-12-17T13:02:16.211Z - info: Site data built
2020-12-17T13:02:16.212Z - info: Pages rebuilt
2020-12-17T13:02:16.212Z - info: Website regeneration complete! Total build time: 0.425s
2020-12-17T13:08:47.394Z - info: [9:08:47 PM] Reload for file change: C:\repos\nus-cs2103-AY2021S1\cs2103-website\admin\tp-expectations.md
2020-12-17T13:08:48.402Z - info: Rebuilding 1 pages
2020-12-17T13:08:49.107Z - info: Site data built
2020-12-17T13:08:49.107Z - info: Pages rebuilt
2020-12-17T13:08:49.107Z - info: Website regeneration complete! Total build time: 0.707s
2020-12-17T13:10:03.082Z - info: [9:10:03 PM] Reload for file change: C:\repos\nus-cs2103-AY2021S1\cs2103-website\admin\tp-expectations.md
2020-12-17T13:10:04.093Z - info: Rebuilding 1 pages
2020-12-17T13:10:04.557Z - info: Site data built
2020-12-17T13:10:04.558Z - info: Pages rebuilt
2020-12-17T13:10:04.558Z - info: Website regeneration complete! Total build time: 0.468s
2020-12-17T13:13:33.625Z - info: [9:13:33 PM] Reload for file change: C:\repos\nus-cs2103-AY2021S1\cs2103-website\admin\tp-expectations.md
2020-12-17T13:13:34.649Z - info: Rebuilding 1 pages
2020-12-17T13:13:35.195Z - info: Site data built
2020-12-17T13:13:35.196Z - info: Pages rebuilt
2020-12-17T13:13:35.196Z - info: Website regeneration complete! Total build time: 0.553s
2020-12-17T13:14:54.349Z - info: [9:14:54 PM] Reload for file change: C:\repos\nus-cs2103-AY2021S1\cs2103-website\admin\tp-expectations.md
2020-12-17T13:14:55.357Z - info: Rebuilding 1 pages
2020-12-17T13:14:55.957Z - info: Site data built
2020-12-17T13:14:55.957Z - info: Pages rebuilt
2020-12-17T13:14:55.957Z - info: Website regeneration complete! Total build time: 0.605s
2020-12-17T13:16:39.525Z - info: [9:16:39 PM] Reload for file change: C:\repos\nus-cs2103-AY2021S1\cs2103-website\admin\tp-expectations.md
2020-12-17T13:16:40.539Z - info: Rebuilding 1 pages
2020-12-17T13:16:41.060Z - info: Site data built
2020-12-17T13:16:41.060Z - info: Pages rebuilt
2020-12-17T13:16:41.060Z - info: Website regeneration complete! Total build time: 0.524s
2020-12-17T13:20:14.586Z - info: [9:20:14 PM] Reload for file change: C:\repos\nus-cs2103-AY2021S1\cs2103-website\admin\tp-expectations.md
2020-12-17T13:20:15.603Z - info: Rebuilding 1 pages
2020-12-17T13:20:16.146Z - info: Site data built
2020-12-17T13:20:16.147Z - info: Pages rebuilt
2020-12-17T13:20:16.147Z - info: Website regeneration complete! Total build time: 0.547s
2020-12-17T13:22:10.877Z - info: [9:22:10 PM] Reload for file change: C:\repos\nus-cs2103-AY2021S1\cs2103-website\admin\tp-expectations.md
2020-12-17T13:22:11.886Z - info: Rebuilding 1 pages
2020-12-17T13:22:12.417Z - info: Site data built
2020-12-17T13:22:12.417Z - info: Pages rebuilt
2020-12-17T13:22:12.417Z - info: Website regeneration complete! Total build time: 0.534s
2020-12-17T13:22:28.236Z - info: [9:22:28 PM] Reload for file change: C:\repos\nus-cs2103-AY2021S1\cs2103-website\admin\tp-expectations.md
2020-12-17T13:22:29.245Z - info: Rebuilding 1 pages
2020-12-17T13:22:29.755Z - info: Site data built
2020-12-17T13:22:29.755Z - info: Pages rebuilt
2020-12-17T13:22:29.755Z - info: Website regeneration complete! Total build time: 0.512s
2020-12-17T13:22:42.393Z - info: Building C:\repos\nus-cs2103-AY2021S1\cs2103-website\admin\tp-timeline as some of its dependencies were changed since the last visit
2020-12-17T13:22:42.780Z - info: Site data built
2020-12-17T13:22:42.781Z - info: Lazy website regeneration complete! Total build time: 0.388s
2020-12-17T13:22:46.453Z - debug:  
2020-12-17T13:22:50.586Z - debug:  
2020-12-17T13:26:06.946Z - info: [9:26:06 PM] Reload for file change: C:\repos\nus-cs2103-AY2021S1\cs2103-website\admin\tp-timeline.md
2020-12-17T13:26:07.958Z - info: Rebuilding 1 pages
2020-12-17T13:26:08.438Z - info: Site data built
2020-12-17T13:26:08.438Z - info: Pages rebuilt
2020-12-17T13:26:08.438Z - info: Website regeneration complete! Total build time: 0.483s
2020-12-17T13:26:10.769Z - debug:  
2020-12-17T13:26:10.839Z - debug:  
2020-12-17T13:27:21.132Z - info: [9:27:21 PM] Reload for file change: C:\repos\nus-cs2103-AY2021S1\cs2103-website\admin\tp-timeline.md
2020-12-17T13:27:22.157Z - info: Rebuilding 1 pages
2020-12-17T13:27:22.187Z - error:  Template render error: (unknown path) [Line 63, Column 34]
  parseSignature: expected comma after expression
    at Object._prettifyError (C:\Users\damithch\AppData\Roaming\npm\node_modules\markbind-cli\node_modules\nunjucks\src\lib.js:36:11)
    at Template.render (C:\Users\damithch\AppData\Roaming\npm\node_modules\markbind-cli\node_modules\@markbind\core\src\patches\nunjucks\context-overrides-frame.js:358:19)
    at Environment.renderString (C:\Users\damithch\AppData\Roaming\npm\node_modules\markbind-cli\node_modules\@markbind\core\src\patches\nunjucks\context-overrides-frame.js:77:15)
    at VariableRenderer.render (C:\Users\damithch\AppData\Roaming\npm\node_modules\markbind-cli\node_modules\@markbind\core\src\variables\VariableRenderer.js:96:17)
    at VariableProcessor.renderSiteVariables (C:\Users\damithch\AppData\Roaming\npm\node_modules\markbind-cli\node_modules\@markbind\core\src\variables\VariableProcessor.js:163:53)
    at VariableProcessor.renderPage (C:\Users\damithch\AppData\Roaming\npm\node_modules\markbind-cli\node_modules\@markbind\core\src\variables\VariableProcessor.js:448:17)
    at C:\Users\damithch\AppData\Roaming\npm\node_modules\markbind-cli\node_modules\@markbind\core\src\Page\index.js:878:57
2020-12-17T13:27:22.191Z - warn:  Error: Error while generating undefined
    at C:\Users\damithch\AppData\Roaming\npm\node_modules\markbind-cli\node_modules\@markbind\core\src\Site\index.js:1043:18
2020-12-17T13:27:58.082Z - info: [9:27:58 PM] Reload for file change: C:\repos\nus-cs2103-AY2021S1\cs2103-website\admin\tp-timeline.md
2020-12-17T13:27:59.095Z - info: Rebuilding 1 pages
2020-12-17T13:28:00.040Z - info: Site data built
2020-12-17T13:28:00.041Z - info: Pages rebuilt
2020-12-17T13:28:00.041Z - info: Website regeneration complete! Total build time: 0.951s
2020-12-17T13:28:02.215Z - debug:  
2020-12-17T13:28:02.216Z - debug:  
2020-12-17T13:29:16.333Z - info: [9:29:16 PM] Reload for file change: C:\repos\nus-cs2103-AY2021S1\cs2103-website\admin\tp-timeline.md
2020-12-17T13:29:17.350Z - info: Rebuilding 1 pages
2020-12-17T13:29:18.030Z - info: Site data built
2020-12-17T13:29:18.030Z - info: Pages rebuilt
2020-12-17T13:29:18.030Z - info: Website regeneration complete! Total build time: 0.683s
2020-12-17T13:29:20.424Z - debug:  
2020-12-17T13:29:20.442Z - debug:  
2020-12-17T13:29:38.569Z - info: [9:29:38 PM] Reload for file change: C:\repos\nus-cs2103-AY2021S1\cs2103-website\admin\tp-timeline.md
2020-12-17T13:29:39.575Z - info: Rebuilding 1 pages
2020-12-17T13:29:40.099Z - info: Site data built
2020-12-17T13:29:40.099Z - info: Pages rebuilt
2020-12-17T13:29:40.099Z - info: Website regeneration complete! Total build time: 0.527s
2020-12-17T13:29:42.368Z - debug:  
2020-12-17T13:29:42.421Z - debug:  
2020-12-17T13:30:36.310Z - info: [9:30:36 PM] Reload for file change: C:\repos\nus-cs2103-AY2021S1\cs2103-website\admin\tp-timeline.md
2020-12-17T13:30:37.328Z - info: Rebuilding 1 pages
2020-12-17T13:30:37.345Z - error:  Template render error: (unknown path) [Line 97, Column 40]
  parseSignature: expected comma after expression
    at Object._prettifyError (C:\Users\damithch\AppData\Roaming\npm\node_modules\markbind-cli\node_modules\nunjucks\src\lib.js:36:11)
    at Template.render (C:\Users\damithch\AppData\Roaming\npm\node_modules\markbind-cli\node_modules\@markbind\core\src\patches\nunjucks\context-overrides-frame.js:358:19)
    at Environment.renderString (C:\Users\damithch\AppData\Roaming\npm\node_modules\markbind-cli\node_modules\@markbind\core\src\patches\nunjucks\context-overrides-frame.js:77:15)
    at VariableRenderer.render (C:\Users\damithch\AppData\Roaming\npm\node_modules\markbind-cli\node_modules\@markbind\core\src\variables\VariableRenderer.js:96:17)
    at VariableProcessor.renderSiteVariables (C:\Users\damithch\AppData\Roaming\npm\node_modules\markbind-cli\node_modules\@markbind\core\src\variables\VariableProcessor.js:163:53)
    at VariableProcessor.renderPage (C:\Users\damithch\AppData\Roaming\npm\node_modules\markbind-cli\node_modules\@markbind\core\src\variables\VariableProcessor.js:448:17)
    at C:\Users\damithch\AppData\Roaming\npm\node_modules\markbind-cli\node_modules\@markbind\core\src\Page\index.js:878:57
2020-12-17T13:30:37.348Z - warn:  Error: Error while generating undefined
    at C:\Users\damithch\AppData\Roaming\npm\node_modules\markbind-cli\node_modules\@markbind\core\src\Site\index.js:1043:18
2020-12-17T13:30:44.264Z - info: [9:30:44 PM] Reload for file change: C:\repos\nus-cs2103-AY2021S1\cs2103-website\admin\tp-timeline.md
2020-12-17T13:30:45.277Z - info: Rebuilding 1 pages
2020-12-17T13:30:45.995Z - info: Site data built
2020-12-17T13:30:46.018Z - info: Pages rebuilt
2020-12-17T13:30:46.019Z - info: Website regeneration complete! Total build time: 0.745s
2020-12-17T13:30:48.472Z - debug:  
2020-12-17T13:30:48.489Z - debug:  
2020-12-17T13:30:59.277Z - info: [9:30:59 PM] Reload for file change: C:\repos\nus-cs2103-AY2021S1\cs2103-website\admin\tp-timeline.md
2020-12-17T13:31:00.303Z - info: Rebuilding 1 pages
2020-12-17T13:31:00.783Z - info: Site data built
2020-12-17T13:31:00.783Z - info: Pages rebuilt
2020-12-17T13:31:00.783Z - info: Website regeneration complete! Total build time: 0.497s
2020-12-17T13:31:03.260Z - debug:  
2020-12-17T13:31:03.266Z - debug:  
2020-12-17T13:31:18.875Z - info: [9:31:18 PM] Reload for file change: C:\repos\nus-cs2103-AY2021S1\cs2103-website\admin\tp-timeline.md
2020-12-17T13:31:19.895Z - info: Rebuilding 1 pages
2020-12-17T13:31:20.371Z - info: Site data built
2020-12-17T13:31:20.372Z - info: Pages rebuilt
2020-12-17T13:31:20.372Z - info: Website regeneration complete! Total build time: 0.481s
2020-12-17T13:31:22.611Z - debug:  
2020-12-17T13:31:22.857Z - debug:  
2020-12-17T13:31:46.758Z - info: [9:31:46 PM] Reload for file change: C:\repos\nus-cs2103-AY2021S1\cs2103-website\admin\tp-timeline.md
2020-12-17T13:31:47.793Z - info: Rebuilding 1 pages
2020-12-17T13:31:48.349Z - info: Site data built
2020-12-17T13:31:48.352Z - info: Pages rebuilt
2020-12-17T13:31:48.352Z - info: Website regeneration complete! Total build time: 0.562s
2020-12-17T13:31:50.546Z - debug:  
2020-12-17T13:31:50.755Z - debug:  
2020-12-17T13:32:57.097Z - info: [9:32:57 PM] Reload for file change: C:\repos\nus-cs2103-AY2021S1\cs2103-website\admin\tp-timeline.md
2020-12-17T13:32:58.119Z - info: Rebuilding 1 pages
2020-12-17T13:32:58.683Z - info: Site data built
2020-12-17T13:32:58.683Z - info: Pages rebuilt
2020-12-17T13:32:58.683Z - info: Website regeneration complete! Total build time: 0.568s
2020-12-17T13:33:00.980Z - debug:  
2020-12-17T13:33:01.031Z - debug:  
2020-12-17T13:33:19.786Z - info: [9:33:19 PM] Reload for file change: C:\repos\nus-cs2103-AY2021S1\cs2103-website\_markbind\variables.md
2020-12-17T13:33:20.806Z - info: Assets built
2020-12-17T13:33:38.328Z - info: Website generation (lazy) started at 9:33:35 PM
2020-12-17T13:33:49.287Z - info: Building assets...
2020-12-17T13:33:57.578Z - info: Assets built
2020-12-17T13:33:57.579Z - info: Generating landing page...
2020-12-17T13:33:58.352Z - info: Landing page built, other pages will be built as you navigate to them!
2020-12-17T13:33:58.939Z - info: Site data built
2020-12-17T13:33:58.939Z - info: Website generation (lazy) complete! Total build time: 23.913s
2020-12-17T13:34:00.084Z - info: Serving "C:\repos\nus-cs2103-AY2021S1\cs2103-website\_site" at http://127.0.0.1:8080
2020-12-17T13:34:00.084Z - info: Press CTRL+C to stop ...
2020-12-17T13:34:12.104Z - info: Building C:\repos\nus-cs2103-AY2021S1\cs2103-website\admin\tp-timeline as some of its dependencies were changed since the last visit
2020-12-17T13:34:12.837Z - info: Site data built
2020-12-17T13:34:12.837Z - info: Lazy website regeneration complete! Total build time: 0.734s
2020-12-17T13:34:15.902Z - debug:  
2020-12-17T13:34:15.903Z - debug:  
2020-12-17T13:38:19.597Z - info: [9:38:19 PM] Reload for file change: C:\repos\nus-cs2103-AY2021S1\cs2103-website\admin\tp-timeline.md
2020-12-17T13:38:20.620Z - info: Rebuilding 1 pages
2020-12-17T13:38:21.664Z - info: Site data built
2020-12-17T13:38:21.665Z - info: Pages rebuilt
2020-12-17T13:38:21.665Z - info: Website regeneration complete! Total build time: 1.049s
2020-12-17T13:38:23.862Z - debug:  
2020-12-17T13:38:23.917Z - debug:  
2020-12-17T13:39:25.860Z - info: [9:39:25 PM] Reload for file change: C:\repos\nus-cs2103-AY2021S1\cs2103-website\admin\tp-timeline.md
2020-12-17T13:39:26.869Z - info: No pages needed to be rebuilt
2020-12-17T13:39:43.764Z - info: [9:39:43 PM] Reload for file change: C:\repos\nus-cs2103-AY2021S1\cs2103-website\admin\tp-timeline.md
2020-12-17T13:39:44.774Z - info: No pages needed to be rebuilt
2020-12-17T13:40:55.650Z - info: [9:40:55 PM] Reload for file change: C:\repos\nus-cs2103-AY2021S1\cs2103-website\admin\tp-timeline.md
2020-12-17T13:40:56.674Z - info: No pages needed to be rebuilt
2020-12-17T13:41:07.717Z - info: [9:41:07 PM] Reload for file change: C:\repos\nus-cs2103-AY2021S1\cs2103-website\admin\tp-timeline.md
2020-12-17T13:41:08.740Z - info: No pages needed to be rebuilt
2020-12-17T13:41:09.621Z - info: [9:41:09 PM] Reload for file change: C:\repos\nus-cs2103-AY2021S1\cs2103-website\admin\tp-timeline.md
2020-12-17T13:41:10.645Z - info: No pages needed to be rebuilt
2020-12-17T13:42:37.551Z - info: Website generation (lazy) started at 9:42:34 PM
2020-12-17T13:42:47.193Z - info: Building assets...
2020-12-17T13:42:53.133Z - info: Assets built
2020-12-17T13:42:53.134Z - info: Generating landing page...
2020-12-17T13:42:54.005Z - info: Landing page built, other pages will be built as you navigate to them!
2020-12-17T13:42:54.474Z - info: Site data built
2020-12-17T13:42:54.475Z - info: Website generation (lazy) complete! Total build time: 19.802s
2020-12-17T13:42:55.335Z - info: Serving "C:\repos\nus-cs2103-AY2021S1\cs2103-website\_site" at http://127.0.0.1:8080
2020-12-17T13:42:55.335Z - info: Press CTRL+C to stop ...
2020-12-17T13:43:06.960Z - info: Building C:\repos\nus-cs2103-AY2021S1\cs2103-website\admin\tp-timeline as some of its dependencies were changed since the last visit
2020-12-17T13:43:09.329Z - info: Site data built
2020-12-17T13:43:09.329Z - info: Lazy website regeneration complete! Total build time: 2.37s
2020-12-17T13:43:11.463Z - debug:  
2020-12-17T13:43:11.555Z - debug:  
2020-12-17T13:45:00.148Z - info: [9:45:00 PM] Reload for file change: C:\repos\nus-cs2103-AY2021S1\cs2103-website\admin\tp-timeline.md
2020-12-17T13:45:01.180Z - info: Rebuilding 1 pages
2020-12-17T13:45:02.195Z - info: Site data built
2020-12-17T13:45:02.196Z - info: Pages rebuilt
2020-12-17T13:45:02.196Z - info: Website regeneration complete! Total build time: 1.022s
2020-12-17T13:45:04.365Z - debug:  
2020-12-17T13:45:04.426Z - debug:  
2020-12-17T13:45:53.359Z - info: Building C:\repos\nus-cs2103-AY2021S1\cs2103-website\admin\tp-constraints as some of its dependencies were changed since the last visit
2020-12-17T13:45:53.678Z - info: Site data built
2020-12-17T13:45:53.678Z - info: Lazy website regeneration complete! Total build time: 0.321s
2020-12-17T13:47:31.156Z - info: [9:47:31 PM] Reload for file change: C:\repos\nus-cs2103-AY2021S1\cs2103-website\admin\tp-constraints.md
2020-12-17T13:47:32.163Z - info: Rebuilding 1 pages
2020-12-17T13:47:32.567Z - info: Site data built
2020-12-17T13:47:32.567Z - info: Pages rebuilt
2020-12-17T13:47:32.567Z - info: Website regeneration complete! Total build time: 0.406s
2020-12-17T13:48:12.612Z - info: [9:48:12 PM] Reload for file change: C:\repos\nus-cs2103-AY2021S1\cs2103-website\admin\tp-constraints.md
2020-12-17T13:48:13.628Z - info: Rebuilding 1 pages
2020-12-17T13:48:14.029Z - info: Site data built
2020-12-17T13:48:14.029Z - info: Pages rebuilt
2020-12-17T13:48:14.029Z - info: Website regeneration complete! Total build time: 0.404s
2020-12-17T13:48:39.971Z - info: Building C:\repos\nus-cs2103-AY2021S1\cs2103-website\admin\tp-teams as some of its dependencies were changed since the last visit
2020-12-17T13:48:40.404Z - info: Site data built
2020-12-17T13:48:40.405Z - info: Lazy website regeneration complete! Total build time: 0.435s
2020-12-17T14:27:37.213Z - info: [10:27:37 PM] Reload for file change: C:\repos\nus-cs2103-AY2021S1\cs2103-website\admin\tp-teams.md
2020-12-17T14:27:38.259Z - info: Rebuilding 1 pages
2020-12-17T14:27:38.630Z - info: Site data built
2020-12-17T14:27:38.630Z - info: Pages rebuilt
2020-12-17T14:27:38.630Z - info: Website regeneration complete! Total build time: 0.376s
2020-12-17T14:29:03.107Z - info: [10:29:03 PM] Reload for file change: C:\repos\nus-cs2103-AY2021S1\cs2103-website\admin\tp-teams.md
2020-12-17T14:29:04.120Z - info: Rebuilding 1 pages
2020-12-17T14:29:04.435Z - info: Site data built
2020-12-17T14:29:04.435Z - info: Pages rebuilt
2020-12-17T14:29:04.435Z - info: Website regeneration complete! Total build time: 0.318s
2020-12-17T14:30:37.722Z - info: [10:30:37 PM] Reload for file change: C:\repos\nus-cs2103-AY2021S1\cs2103-website\admin\tp-teams.md
2020-12-17T14:30:38.740Z - info: Rebuilding 1 pages
2020-12-17T14:30:38.998Z - info: Site data built
2020-12-17T14:30:38.998Z - info: Pages rebuilt
2020-12-17T14:30:38.999Z - info: Website regeneration complete! Total build time: 0.259s
2020-12-17T14:31:35.324Z - info: [10:31:35 PM] Reload for file change: C:\repos\nus-cs2103-AY2021S1\cs2103-website\admin\tp-teams.md
2020-12-17T14:31:36.333Z - info: Rebuilding 1 pages
2020-12-17T14:31:36.604Z - info: Site data built
2020-12-17T14:31:36.604Z - info: Pages rebuilt
2020-12-17T14:31:36.604Z - info: Website regeneration complete! Total build time: 0.272s
2020-12-17T14:32:18.736Z - info: [10:32:18 PM] Reload for file change: C:\repos\nus-cs2103-AY2021S1\cs2103-website\admin\tp-teams.md
2020-12-17T14:32:19.748Z - info: Rebuilding 1 pages
2020-12-17T14:32:20.048Z - info: Site data built
2020-12-17T14:32:20.048Z - info: Pages rebuilt
2020-12-17T14:32:20.049Z - info: Website regeneration complete! Total build time: 0.303s
2020-12-17T14:33:20.088Z - info: [10:33:20 PM] Reload for file change: C:\repos\nus-cs2103-AY2021S1\cs2103-website\admin\tp-teams.md
2020-12-17T14:33:21.105Z - info: Rebuilding 1 pages
2020-12-17T14:33:21.351Z - info: Site data built
2020-12-17T14:33:21.351Z - info: Pages rebuilt
2020-12-17T14:33:21.351Z - info: Website regeneration complete! Total build time: 0.247s
2020-12-17T14:34:29.111Z - info: [10:34:29 PM] Reload for file change: C:\repos\nus-cs2103-AY2021S1\cs2103-website\admin\tp-teams.md
2020-12-17T14:34:30.119Z - info: Rebuilding 1 pages
2020-12-17T14:34:30.445Z - info: Site data built
2020-12-17T14:34:30.447Z - info: Pages rebuilt
2020-12-17T14:34:30.447Z - info: Website regeneration complete! Total build time: 0.333s
2020-12-17T14:37:55.686Z - info: [10:37:55 PM] Reload for file change: C:\repos\nus-cs2103-AY2021S1\cs2103-website\admin\tp-teams.md
2020-12-17T14:37:56.701Z - info: Rebuilding 1 pages
2020-12-17T14:37:56.949Z - info: Site data built
2020-12-17T14:37:56.949Z - info: Pages rebuilt
2020-12-17T14:37:56.950Z - info: Website regeneration complete! Total build time: 0.251s
2020-12-17T14:38:31.062Z - info: [10:38:31 PM] Reload for file change: C:\repos\nus-cs2103-AY2021S1\cs2103-website\admin\tp-teams.md
2020-12-17T14:38:32.071Z - info: Rebuilding 1 pages
2020-12-17T14:38:32.399Z - info: Site data built
2020-12-17T14:38:32.400Z - info: Pages rebuilt
2020-12-17T14:38:32.400Z - info: Website regeneration complete! Total build time: 0.332s
2020-12-17T14:40:19.503Z - info: [10:40:19 PM] Reload for file change: C:\repos\nus-cs2103-AY2021S1\cs2103-website\admin\tp-teams.md
2020-12-17T14:40:20.514Z - info: Rebuilding 1 pages
2020-12-17T14:40:20.877Z - info: Site data built
2020-12-17T14:40:20.877Z - info: Pages rebuilt
2020-12-17T14:40:20.878Z - info: Website regeneration complete! Total build time: 0.366s
2020-12-17T14:41:15.165Z - info: [10:41:15 PM] Reload for file change: C:\repos\nus-cs2103-AY2021S1\cs2103-website\admin\tp-teams.md
2020-12-17T14:41:16.185Z - info: Rebuilding 1 pages
2020-12-17T14:41:16.511Z - info: Site data built
2020-12-17T14:41:16.511Z - info: Pages rebuilt
2020-12-17T14:41:16.512Z - info: Website regeneration complete! Total build time: 0.33s
2020-12-17T14:45:15.361Z - info: [10:45:15 PM] Reload for file change: C:\repos\nus-cs2103-AY2021S1\cs2103-website\admin\tp-teams.md
2020-12-17T14:45:16.373Z - info: Rebuilding 1 pages
2020-12-17T14:45:16.719Z - info: Site data built
2020-12-17T14:45:16.719Z - info: Pages rebuilt
2020-12-17T14:45:16.719Z - info: Website regeneration complete! Total build time: 0.349s
2020-12-17T14:45:38.587Z - info: Building C:\repos\nus-cs2103-AY2021S1\cs2103-website\admin\tp-w3 as some of its dependencies were changed since the last visit
2020-12-17T14:45:39.889Z - info: Site data built
2020-12-17T14:45:39.890Z - info: Lazy website regeneration complete! Total build time: 1.304s
2020-12-17T14:47:01.021Z - info: Building C:\repos\nus-cs2103-AY2021S1\cs2103-website\admin\tp-expectations as some of its dependencies were changed since the last visit
2020-12-17T14:47:01.987Z - info: Site data built
2020-12-17T14:47:01.988Z - info: Lazy website regeneration complete! Total build time: 0.972s
2020-12-17T14:48:51.026Z - info: [10:48:51 PM] Reload for file change: C:\repos\nus-cs2103-AY2021S1\cs2103-website\admin\tp-expectations.md
2020-12-17T14:48:52.040Z - info: Rebuilding 1 pages
2020-12-17T14:48:52.521Z - info: Site data built
2020-12-17T14:48:52.521Z - info: Pages rebuilt
2020-12-17T14:48:52.521Z - info: Website regeneration complete! Total build time: 0.482s
2020-12-17T14:49:08.411Z - info: [10:49:08 PM] Reload for file change: C:\repos\nus-cs2103-AY2021S1\cs2103-website\admin\tp-expectations.md
2020-12-17T14:49:09.415Z - info: Rebuilding 1 pages
2020-12-17T14:49:09.825Z - info: Site data built
2020-12-17T14:49:09.825Z - info: Pages rebuilt
2020-12-17T14:49:09.825Z - info: Website regeneration complete! Total build time: 0.412s
2020-12-17T14:49:23.849Z - info: Building C:\repos\nus-cs2103-AY2021S1\cs2103-website\admin\tp-w3 as some of its dependencies were changed since the last visit
2020-12-17T14:49:24.729Z - info: Site data built
2020-12-17T14:49:24.729Z - info: Lazy website regeneration complete! Total build time: 0.88s
2020-12-17T15:11:17.081Z - info: Website generation (lazy) started at 11:11:13 PM
2020-12-17T15:11:26.107Z - info: Building assets...
2020-12-17T15:11:31.708Z - info: Assets built
2020-12-17T15:11:31.709Z - info: Generating landing page...
2020-12-17T15:11:32.294Z - info: Landing page built, other pages will be built as you navigate to them!
2020-12-17T15:11:32.817Z - info: Site data built
2020-12-17T15:11:32.818Z - info: Website generation (lazy) complete! Total build time: 19.181s
2020-12-17T15:11:33.610Z - info: Serving "C:\repos\nus-cs2103-AY2021S1\cs2103-website\_site" at http://127.0.0.1:8080
2020-12-17T15:11:33.610Z - info: Press CTRL+C to stop ...
2020-12-17T15:12:28.931Z - info: [11:12:28 PM] Reload for file change: C:\repos\nus-cs2103-AY2021S1\cs2103-website\_module-CS2103\weeklyAdminTopics.mbdf
2020-12-17T15:12:29.978Z - info: Assets built
2020-12-17T15:12:54.641Z - info: Website generation (lazy) started at 11:12:51 PM
2020-12-17T15:13:02.734Z - info: Building assets...
2020-12-17T15:13:08.234Z - info: Assets built
2020-12-17T15:13:08.234Z - info: Generating landing page...
2020-12-17T15:13:08.892Z - info: Landing page built, other pages will be built as you navigate to them!
2020-12-17T15:13:09.334Z - info: Site data built
2020-12-17T15:13:09.334Z - info: Website generation (lazy) complete! Total build time: 17.595s
2020-12-17T15:13:10.089Z - info: Serving "C:\repos\nus-cs2103-AY2021S1\cs2103-website\_site" at http://127.0.0.1:8080
2020-12-17T15:13:10.089Z - info: Press CTRL+C to stop ...
2020-12-17T15:17:05.984Z - info: [11:17:05 PM] Reload for file change: C:\repos\nus-cs2103-AY2021S1\cs2103-website\_module-CS2103\weeklyAdminTopics.mbdf
2020-12-17T15:17:06.003Z - info: [11:17:06 PM] Reload for file change: C:\repos\nus-cs2103-AY2021S1\cs2103-website\common\admin.njk
2020-12-17T15:17:07.017Z - info: Rebuilding 1 pages
2020-12-17T15:17:07.664Z - info: Assets built
2020-12-17T15:17:07.803Z - info: Site data built
2020-12-17T15:17:07.803Z - info: Pages rebuilt
2020-12-17T15:17:07.804Z - info: Website regeneration complete! Total build time: 0.789s
2020-12-17T15:17:34.876Z - info: Website generation (lazy) started at 11:17:31 PM
2020-12-17T15:17:44.553Z - info: Building assets...
2020-12-17T15:17:50.493Z - info: Assets built
2020-12-17T15:17:50.494Z - info: Generating landing page...
2020-12-17T15:17:51.153Z - info: Landing page built, other pages will be built as you navigate to them!
2020-12-17T15:17:51.545Z - info: Site data built
2020-12-17T15:17:51.545Z - info: Website generation (lazy) complete! Total build time: 19.961s
2020-12-17T15:17:52.371Z - info: Serving "C:\repos\nus-cs2103-AY2021S1\cs2103-website\_site" at http://127.0.0.1:8080
2020-12-17T15:17:52.372Z - info: Press CTRL+C to stop ...
2020-12-17T15:19:03.347Z - info: [11:19:03 PM] Reload for file change: C:\repos\nus-cs2103-AY2021S1\cs2103-website\_markbind\navigation\adminSiteNav.md
2020-12-17T15:19:04.362Z - info: Assets built
2020-12-17T15:19:48.072Z - info: [11:19:48 PM] Reload for file change: C:\repos\nus-cs2103-AY2021S1\cs2103-website\_markbind\navigation\adminSiteNav.md
2020-12-17T15:19:49.081Z - info: Assets built
2020-12-17T15:20:10.253Z - info: Website generation (lazy) started at 11:20:07 PM
2020-12-17T15:20:18.114Z - info: Building assets...
2020-12-17T15:20:24.578Z - info: Assets built
2020-12-17T15:20:24.579Z - info: Generating landing page...
2020-12-17T15:20:25.303Z - info: Landing page built, other pages will be built as you navigate to them!
2020-12-17T15:20:25.747Z - info: Site data built
2020-12-17T15:20:25.747Z - info: Website generation (lazy) complete! Total build time: 18.727s
2020-12-17T15:20:26.521Z - info: Serving "C:\repos\nus-cs2103-AY2021S1\cs2103-website\_site" at http://127.0.0.1:8080
2020-12-17T15:20:26.521Z - info: Press CTRL+C to stop ...
2020-12-17T15:21:12.114Z - info: [11:21:12 PM] Reload for file change: C:\repos\nus-cs2103-AY2021S1\cs2103-website\_markbind\navigation\adminSiteNav.md
2020-12-17T15:21:13.134Z - info: Assets built
2020-12-17T15:21:28.459Z - info: Website generation (lazy) started at 11:21:25 PM
2020-12-17T15:21:36.250Z - info: Building assets...
2020-12-17T15:21:41.657Z - info: Assets built
2020-12-17T15:21:41.658Z - info: Generating landing page...
2020-12-17T15:21:42.226Z - info: Landing page built, other pages will be built as you navigate to them!
2020-12-17T15:21:42.704Z - info: Site data built
2020-12-17T15:21:42.705Z - info: Website generation (lazy) complete! Total build time: 17.519s
2020-12-17T15:21:43.587Z - info: Serving "C:\repos\nus-cs2103-AY2021S1\cs2103-website\_site" at http://127.0.0.1:8080
2020-12-17T15:21:43.587Z - info: Press CTRL+C to stop ...
2020-12-17T15:25:57.048Z - info: [11:25:57 PM] Reload for file change: C:\repos\nus-cs2103-AY2021S1\cs2103-website\_markbind\navigation\adminSiteNav.md
2020-12-17T15:25:58.059Z - info: Assets built
2020-12-17T15:26:38.525Z - info: [11:26:38 PM] Reload for file change: C:\repos\nus-cs2103-AY2021S1\cs2103-website\common\admin.njk
2020-12-17T15:26:39.536Z - info: Rebuilding 1 pages
2020-12-17T15:26:40.142Z - info: Site data built
2020-12-17T15:26:40.143Z - info: Pages rebuilt
2020-12-17T15:26:40.143Z - info: Website regeneration complete! Total build time: 0.615s
2020-12-17T15:26:56.855Z - info: Website generation (lazy) started at 11:26:53 PM
2020-12-17T15:27:05.228Z - info: Building assets...
2020-12-17T15:27:10.828Z - info: Assets built
2020-12-17T15:27:10.829Z - info: Generating landing page...
2020-12-17T15:27:11.468Z - info: Landing page built, other pages will be built as you navigate to them!
2020-12-17T15:27:11.898Z - info: Site data built
2020-12-17T15:27:11.898Z - info: Website generation (lazy) complete! Total build time: 18.851s
2020-12-17T15:27:12.641Z - info: Serving "C:\repos\nus-cs2103-AY2021S1\cs2103-website\_site" at http://127.0.0.1:8080
2020-12-17T15:27:12.642Z - info: Press CTRL+C to stop ...
2020-12-17T15:28:51.842Z - info: [11:28:51 PM] Reload for file change: C:\repos\nus-cs2103-AY2021S1\cs2103-website\_module-CS2103\weeklyAdminTopics.mbdf
2020-12-17T15:28:52.883Z - info: Assets built
2020-12-17T15:28:56.607Z - info: [11:28:56 PM] Reload for file change: C:\repos\nus-cs2103-AY2021S1\cs2103-website\common\admin.njk
2020-12-17T15:28:57.611Z - info: Rebuilding 1 pages
2020-12-17T15:28:59.442Z - info: Site data built
2020-12-17T15:28:59.446Z - info: Pages rebuilt
2020-12-17T15:28:59.447Z - info: Website regeneration complete! Total build time: 1.838s
2020-12-17T15:33:05.053Z - info: [11:33:05 PM] Reload for file change: C:\repos\nus-cs2103-AY2021S1\cs2103-website\_module-CS2103\weeklyAdminTopics.mbdf
2020-12-17T15:33:05.058Z - info: [11:33:05 PM] Reload for file change: C:\repos\nus-cs2103-AY2021S1\cs2103-website\common\admin.njk
2020-12-17T15:33:06.063Z - info: Rebuilding 1 pages
2020-12-17T15:33:06.580Z - info: Assets built
2020-12-17T15:33:06.627Z - info: Site data built
2020-12-17T15:33:06.628Z - info: Pages rebuilt
2020-12-17T15:33:06.628Z - info: Website regeneration complete! Total build time: 0.568s
2020-12-17T15:33:18.323Z - info: Website generation (lazy) started at 11:33:15 PM
2020-12-17T15:33:26.289Z - info: Building assets...
2020-12-17T15:33:31.990Z - info: Assets built
2020-12-17T15:33:31.991Z - info: Generating landing page...
2020-12-17T15:33:32.785Z - info: Landing page built, other pages will be built as you navigate to them!
2020-12-17T15:33:33.226Z - info: Site data built
2020-12-17T15:33:33.227Z - info: Website generation (lazy) complete! Total build time: 17.926s
2020-12-17T15:33:34.029Z - info: Serving "C:\repos\nus-cs2103-AY2021S1\cs2103-website\_site" at http://127.0.0.1:8080
2020-12-17T15:33:34.029Z - info: Press CTRL+C to stop ...
2020-12-17T15:33:53.449Z - info: Building C:\repos\nus-cs2103-AY2021S1\cs2103-website\schedule\week2\index as some of its dependencies were changed since the last visit
2020-12-17T15:33:54.278Z - info: Site data built
2020-12-17T15:33:54.279Z - info: Lazy website regeneration complete! Total build time: 0.83s
2020-12-17T15:36:50.524Z - info: [11:36:50 PM] Reload for file change: C:\repos\nus-cs2103-AY2021S1\cs2103-website\_module-TIC2002\weeklyAdminTopics.mbdf
2020-12-17T15:36:50.533Z - info: [11:36:50 PM] Reload for file change: C:\repos\nus-cs2103-AY2021S1\cs2103-website\_module-TIC4002\weeklyAdminTopics.mbdf
2020-12-17T15:36:50.538Z - info: [11:36:50 PM] Reload for file change: C:\repos\nus-cs2103-AY2021S1\cs2103-website\_module-TE3201\weeklyAdminTopics.mbdf
2020-12-17T15:36:50.550Z - info: [11:36:50 PM] Reload for file change: C:\repos\nus-cs2103-AY2021S1\cs2103-website\_module-CS2113\weeklyAdminTopics.mbdf
2020-12-17T15:36:50.558Z - info: [11:36:50 PM] Reload for file change: C:\repos\nus-cs2103-AY2021S1\cs2103-website\_module-TIC4001\weeklyAdminTopics.mbdf
2020-12-17T15:36:51.597Z - info: Assets built
2020-12-17T15:50:37.312Z - info: Website generation (lazy) started at 11:50:34 PM
2020-12-17T15:50:45.765Z - info: Building assets...
2020-12-17T15:50:51.804Z - info: Assets built
2020-12-17T15:50:51.805Z - info: Generating landing page...
2020-12-17T15:50:52.326Z - warn: You might have an invalid intra-link! Ignore this warning if it was intended.
'/website/admin/tp-w2.html' found in file 'C:\repos\nus-cs2103-AY2021S1\cs2103-website\_markbind\navigation\adminSiteNav.md'
2020-12-17T15:50:52.653Z - info: Landing page built, other pages will be built as you navigate to them!
2020-12-17T15:50:53.110Z - info: Site data built
2020-12-17T15:50:53.110Z - info: Website generation (lazy) complete! Total build time: 18.573s
2020-12-17T15:50:54.057Z - info: Serving "C:\repos\nus-cs2103-AY2021S1\cs2103-website\_site" at http://127.0.0.1:8080
2020-12-17T15:50:54.057Z - info: Press CTRL+C to stop ...
2020-12-17T15:53:30.740Z - info: [11:53:30 PM] Reload for file add: C:\repos\nus-cs2103-AY2021S1\cs2103-website\admin\tp-w2.md
2020-12-17T15:53:36.002Z - info: Page added or removed, updating list of site's pages...
2020-12-17T15:53:39.716Z - info: [11:53:39 PM] Reload for file change: C:\repos\nus-cs2103-AY2021S1\cs2103-website\admin\tp-w2.md
2020-12-17T15:53:40.848Z - info: Assets built
2020-12-17T15:53:41.848Z - info: Building C:\repos\nus-cs2103-AY2021S1\cs2103-website\admin\tp-w2 as some of its dependencies were changed since the last visit
2020-12-17T15:53:42.612Z - info: Site data built
2020-12-17T15:53:42.613Z - info: Lazy website regeneration complete! Total build time: 0.765s
2020-12-17T15:53:43.738Z - info: Building C:\repos\nus-cs2103-AY2021S1\cs2103-website\index as some of its dependencies were changed since the last visit
2020-12-17T15:53:44.209Z - info: Site data built
2020-12-17T15:53:44.209Z - info: Lazy website regeneration complete! Total build time: 0.472s
2020-12-17T15:54:12.888Z - info: Building C:\repos\nus-cs2103-AY2021S1\cs2103-website\admin\tp-w3 as some of its dependencies were changed since the last visit
2020-12-17T15:54:13.820Z - info: Site data built
2020-12-17T15:54:13.820Z - info: Lazy website regeneration complete! Total build time: 0.933s
2020-12-17T15:58:32.646Z - info: Website generation (lazy) started at 11:58:30 PM
2020-12-17T15:58:40.844Z - info: Building assets...
2020-12-17T15:58:46.306Z - info: Assets built
2020-12-17T15:58:46.307Z - info: Generating landing page...
2020-12-17T15:58:47.111Z - info: Landing page built, other pages will be built as you navigate to them!
2020-12-17T15:58:47.485Z - info: Site data built
2020-12-17T15:58:47.485Z - info: Website generation (lazy) complete! Total build time: 17.423s
2020-12-17T15:58:48.269Z - info: Serving "C:\repos\nus-cs2103-AY2021S1\cs2103-website\_site" at http://127.0.0.1:8080
2020-12-17T15:58:48.270Z - info: Press CTRL+C to stop ...
2020-12-17T15:58:57.968Z - info: Building C:\repos\nus-cs2103-AY2021S1\cs2103-website\admin\tp-w4 as some of its dependencies were changed since the last visit
2020-12-17T15:58:59.643Z - info: Site data built
2020-12-17T15:58:59.644Z - info: Lazy website regeneration complete! Total build time: 1.676s
2020-12-17T15:59:07.011Z - info: Building C:\repos\nus-cs2103-AY2021S1\cs2103-website\admin\tp-w3 as some of its dependencies were changed since the last visit
2020-12-17T15:59:07.760Z - info: Site data built
2020-12-17T15:59:07.760Z - info: Lazy website regeneration complete! Total build time: 0.749s
2020-12-17T15:59:13.821Z - info: Building C:\repos\nus-cs2103-AY2021S1\cs2103-website\admin\tp-w5 as some of its dependencies were changed since the last visit
2020-12-17T15:59:15.039Z - info: Site data built
2020-12-17T15:59:15.039Z - info: Lazy website regeneration complete! Total build time: 1.219s
2020-12-17T15:59:27.461Z - info: Building C:\repos\nus-cs2103-AY2021S1\cs2103-website\admin\tp-w2 as some of its dependencies were changed since the last visit
2020-12-17T15:59:27.679Z - info: Site data built
2020-12-17T15:59:27.679Z - info: Lazy website regeneration complete! Total build time: 0.219s
