2021-03-19T16:29:47.578Z - info: Website generation started at 12:29:37 AM
2021-03-19T16:30:02.130Z - info: Building assets...
2021-03-19T16:30:11.258Z - info: Assets built
2021-03-19T16:30:11.259Z - info: Generating pages...
2021-03-19T16:30:24.500Z - debug:  
2021-03-19T16:30:24.501Z - debug:  
2021-03-19T16:30:24.501Z - debug:  
2021-03-19T16:30:24.501Z - debug:  
2021-03-19T16:30:24.502Z - debug:  
2021-03-19T16:30:26.141Z - debug:  
2021-03-19T16:31:06.070Z - warn: You might have an invalid intra-link! Ignore this warning if it was intended.
'/website/book/about/usage.html' found in file 'C:\repos\nus-cs2103-AY2021S1\cs2103-website\book\index.md'
2021-03-19T16:31:06.072Z - warn: You might have an invalid intra-link! Ignore this warning if it was intended.
'/website/book/softwareEngineering/print.html' found in file 'C:\repos\nus-cs2103-AY2021S1\cs2103-website\book\index.md'
2021-03-19T16:31:06.073Z - warn: You might have an invalid intra-link! Ignore this warning if it was intended.
'/website/book/oop/print.html' found in file 'C:\repos\nus-cs2103-AY2021S1\cs2103-website\book\index.md'
2021-03-19T16:31:06.074Z - warn: You might have an invalid intra-link! Ignore this warning if it was intended.
'/website/book/requirements/print.html' found in file 'C:\repos\nus-cs2103-AY2021S1\cs2103-website\book\index.md'
2021-03-19T16:31:06.075Z - warn: You might have an invalid intra-link! Ignore this warning if it was intended.
'/website/book/gatheringRequirements/print.html' found in file 'C:\repos\nus-cs2103-AY2021S1\cs2103-website\book\index.md'
2021-03-19T16:31:06.076Z - warn: You might have an invalid intra-link! Ignore this warning if it was intended.
'/website/book/specifyingRequirements/print.html' found in file 'C:\repos\nus-cs2103-AY2021S1\cs2103-website\book\index.md'
2021-03-19T16:31:06.077Z - warn: You might have an invalid intra-link! Ignore this warning if it was intended.
'/website/book/design/print.html' found in file 'C:\repos\nus-cs2103-AY2021S1\cs2103-website\book\index.md'
2021-03-19T16:31:06.077Z - warn: You might have an invalid intra-link! Ignore this warning if it was intended.
'/website/book/designFundamentals/print.html' found in file 'C:\repos\nus-cs2103-AY2021S1\cs2103-website\book\index.md'
2021-03-19T16:31:06.078Z - warn: You might have an invalid intra-link! Ignore this warning if it was intended.
'/website/book/modeling/print.html' found in file 'C:\repos\nus-cs2103-AY2021S1\cs2103-website\book\index.md'
2021-03-19T16:31:06.079Z - warn: You might have an invalid intra-link! Ignore this warning if it was intended.
'/website/book/architecture/print.html' found in file 'C:\repos\nus-cs2103-AY2021S1\cs2103-website\book\index.md'
2021-03-19T16:31:06.079Z - warn: You might have an invalid intra-link! Ignore this warning if it was intended.
'/website/book/designPatterns/print.html' found in file 'C:\repos\nus-cs2103-AY2021S1\cs2103-website\book\index.md'
2021-03-19T16:31:06.080Z - warn: You might have an invalid intra-link! Ignore this warning if it was intended.
'/website/book/designApproaches/print.html' found in file 'C:\repos\nus-cs2103-AY2021S1\cs2103-website\book\index.md'
2021-03-19T16:31:06.081Z - warn: You might have an invalid intra-link! Ignore this warning if it was intended.
'/website/book/ides/print.html' found in file 'C:\repos\nus-cs2103-AY2021S1\cs2103-website\book\index.md'
2021-03-19T16:31:06.081Z - warn: You might have an invalid intra-link! Ignore this warning if it was intended.
'/website/book/codeQuality/print.html' found in file 'C:\repos\nus-cs2103-AY2021S1\cs2103-website\book\index.md'
2021-03-19T16:31:06.082Z - warn: You might have an invalid intra-link! Ignore this warning if it was intended.
'/website/book/refactoring/print.html' found in file 'C:\repos\nus-cs2103-AY2021S1\cs2103-website\book\index.md'
2021-03-19T16:31:06.083Z - warn: You might have an invalid intra-link! Ignore this warning if it was intended.
'/website/book/documentation/print.html' found in file 'C:\repos\nus-cs2103-AY2021S1\cs2103-website\book\index.md'
2021-03-19T16:31:06.083Z - warn: You might have an invalid intra-link! Ignore this warning if it was intended.
'/website/book/errorHandling/print.html' found in file 'C:\repos\nus-cs2103-AY2021S1\cs2103-website\book\index.md'
2021-03-19T16:31:06.084Z - warn: You might have an invalid intra-link! Ignore this warning if it was intended.
'/website/book/integration/print.html' found in file 'C:\repos\nus-cs2103-AY2021S1\cs2103-website\book\index.md'
2021-03-19T16:31:06.084Z - warn: You might have an invalid intra-link! Ignore this warning if it was intended.
'/website/book/reuse/print.html' found in file 'C:\repos\nus-cs2103-AY2021S1\cs2103-website\book\index.md'
2021-03-19T16:31:06.085Z - warn: You might have an invalid intra-link! Ignore this warning if it was intended.
'/website/book/qualityAssurance/print.html' found in file 'C:\repos\nus-cs2103-AY2021S1\cs2103-website\book\index.md'
2021-03-19T16:31:06.086Z - warn: You might have an invalid intra-link! Ignore this warning if it was intended.
'/website/book/testing/print.html' found in file 'C:\repos\nus-cs2103-AY2021S1\cs2103-website\book\index.md'
2021-03-19T16:31:06.087Z - warn: You might have an invalid intra-link! Ignore this warning if it was intended.
'/website/book/testCaseDesign/print.html' found in file 'C:\repos\nus-cs2103-AY2021S1\cs2103-website\book\index.md'
2021-03-19T16:31:06.088Z - warn: You might have an invalid intra-link! Ignore this warning if it was intended.
'/website/book/revisionControl/print.html' found in file 'C:\repos\nus-cs2103-AY2021S1\cs2103-website\book\index.md'
2021-03-19T16:31:06.088Z - warn: You might have an invalid intra-link! Ignore this warning if it was intended.
'/website/book/projectPlanning/print.html' found in file 'C:\repos\nus-cs2103-AY2021S1\cs2103-website\book\index.md'
2021-03-19T16:31:06.089Z - warn: You might have an invalid intra-link! Ignore this warning if it was intended.
'/website/book/teamwork/print.html' found in file 'C:\repos\nus-cs2103-AY2021S1\cs2103-website\book\index.md'
2021-03-19T16:31:06.090Z - warn: You might have an invalid intra-link! Ignore this warning if it was intended.
'/website/book/processModels/print.html' found in file 'C:\repos\nus-cs2103-AY2021S1\cs2103-website\book\index.md'
2021-03-19T16:31:06.090Z - warn: You might have an invalid intra-link! Ignore this warning if it was intended.
'/website/book/uml/print.html' found in file 'C:\repos\nus-cs2103-AY2021S1\cs2103-website\book\index.md'
2021-03-19T16:31:06.091Z - warn: You might have an invalid intra-link! Ignore this warning if it was intended.
'/website/book/intellij/print.html' found in file 'C:\repos\nus-cs2103-AY2021S1\cs2103-website\book\index.md'
2021-03-19T16:31:06.091Z - warn: You might have an invalid intra-link! Ignore this warning if it was intended.
'/website/book/gitAndGithub/print.html' found in file 'C:\repos\nus-cs2103-AY2021S1\cs2103-website\book\index.md'
2021-03-19T16:31:06.092Z - warn: You might have an invalid intra-link! Ignore this warning if it was intended.
'/website/book/principles/print.html' found in file 'C:\repos\nus-cs2103-AY2021S1\cs2103-website\book\index.md'
2021-03-19T16:31:06.093Z - warn: You might have an invalid intra-link! Ignore this warning if it was intended.
'/website/book/cppToJava/print.html' found in file 'C:\repos\nus-cs2103-AY2021S1\cs2103-website\book\index.md'
2021-03-19T16:31:06.094Z - warn: You might have an invalid intra-link! Ignore this warning if it was intended.
'/website/book/common/definitions.html' found in file 'C:\repos\nus-cs2103-AY2021S1\cs2103-website\book\index.md'
2021-03-19T16:31:06.094Z - warn: You might have an invalid intra-link! Ignore this warning if it was intended.
'/website/book/common/references.html' found in file 'C:\repos\nus-cs2103-AY2021S1\cs2103-website\book\index.md'
2021-03-19T16:31:06.095Z - warn: You might have an invalid intra-link! Ignore this warning if it was intended.
'/website/book/common/outcomes.html' found in file 'C:\repos\nus-cs2103-AY2021S1\cs2103-website\book\index.md'
2021-03-19T16:31:06.095Z - warn: You might have an invalid intra-link! Ignore this warning if it was intended.
'/website/book/common/print.html' found in file 'C:\repos\nus-cs2103-AY2021S1\cs2103-website\book\index.md'
2021-03-19T16:32:45.974Z - debug:  
2021-03-19T16:33:01.799Z - debug:  
2021-03-19T16:33:01.800Z - debug:  
2021-03-19T16:33:08.447Z - info: Pages built
2021-03-19T16:33:09.091Z - info: Site data built
2021-03-19T16:33:09.092Z - info: Website generation complete! Total build time: 211.706s
2021-03-19T16:33:09.092Z - info: Build success!
2021-03-19T16:33:14.912Z - info: Deployed at https://nus-tic4002-ay2021s2.github.io/website!
2021-03-19T16:38:09.412Z - info: Website generation (lazy) started at 12:38:03 AM
2021-03-19T16:38:22.951Z - info: Building assets...
2021-03-19T16:38:30.016Z - info: Assets built
2021-03-19T16:38:30.017Z - info: Generating landing page...
2021-03-19T16:38:31.408Z - info: Landing page built, other pages will be built as you navigate to them!
2021-03-19T16:38:31.915Z - info: Site data built
2021-03-19T16:38:31.915Z - info: Website generation (lazy) complete! Total build time: 28.559s
2021-03-19T16:38:32.785Z - info: Serving "C:\repos\nus-cs2103-AY2021S1\cs2103-website\_site" at http://127.0.0.1:8080
2021-03-19T16:38:32.786Z - info: Press CTRL+C to stop ...
2021-03-19T16:38:33.429Z - info: [12:38:33 AM] Reload for file change: C:\repos\nus-cs2103-AY2021S1\cs2103-website\admin\appendixE-gitHub.md
2021-03-19T16:38:34.693Z - info: Assets built
2021-03-19T16:40:18.745Z - info: [12:40:18 AM] Reload for file change: C:\repos\nus-cs2103-AY2021S1\cs2103-website\admin\appendixE-gitHub.md
2021-03-19T16:40:19.753Z - info: Assets built
2021-03-19T16:40:25.192Z - info: Building C:\repos\nus-cs2103-AY2021S1\cs2103-website\schedule\week10\project as some of its dependencies were changed since the last visit
2021-03-19T16:40:26.974Z - info: Site data built
2021-03-19T16:40:26.975Z - info: Lazy website regeneration complete! Total build time: 1.784s
2021-03-19T16:41:01.952Z - info: [12:41:01 AM] Reload for file change: C:\repos\nus-cs2103-AY2021S1\cs2103-website\admin\appendixE-gitHub.md
2021-03-19T16:41:02.962Z - info: Rebuilding 1 pages
2021-03-19T16:41:04.628Z - info: Site data built
2021-03-19T16:41:04.630Z - info: Pages rebuilt
2021-03-19T16:41:04.631Z - info: Website regeneration complete! Total build time: 1.675s
2021-03-19T16:41:31.277Z - info: [12:41:31 AM] Reload for file change: C:\repos\nus-cs2103-AY2021S1\cs2103-website\admin\appendixE-gitHub.md
2021-03-19T16:41:32.290Z - info: Rebuilding 1 pages
2021-03-19T16:41:33.833Z - info: Site data built
2021-03-19T16:41:33.838Z - info: Pages rebuilt
2021-03-19T16:41:33.838Z - info: Website regeneration complete! Total build time: 1.55s
2021-03-19T16:42:12.138Z - info: [12:42:12 AM] Reload for file change: C:\repos\nus-cs2103-AY2021S1\cs2103-website\admin\appendixE-gitHub.md
2021-03-19T16:42:13.153Z - info: Rebuilding 1 pages
2021-03-19T16:42:14.720Z - info: Site data built
2021-03-19T16:42:14.720Z - info: Pages rebuilt
2021-03-19T16:42:14.721Z - info: Website regeneration complete! Total build time: 1.573s
2021-03-19T16:42:21.916Z - info: Building C:\repos\nus-cs2103-AY2021S1\cs2103-website\se-book-adapted\chapters\revisionControl as some of its dependencies were changed since the last visit
2021-03-19T16:42:22.943Z - info: Site data built
2021-03-19T16:42:22.943Z - info: Lazy website regeneration complete! Total build time: 1.028s
2021-03-19T16:44:08.329Z - info: [12:44:08 AM] Reload for file change: C:\repos\nus-cs2103-AY2021S1\cs2103-website\book\revisionControl\featureBranchFlow\text.md
2021-03-19T16:44:09.336Z - info: Rebuilding 1 pages
2021-03-19T16:44:10.193Z - info: Site data built
2021-03-19T16:44:10.193Z - info: Pages rebuilt
2021-03-19T16:44:10.194Z - info: Website regeneration complete! Total build time: 0.859s
2021-03-19T16:48:57.921Z - info: [12:48:57 AM] Reload for file change: C:\repos\nus-cs2103-AY2021S1\cs2103-website\book\revisionControl\featureBranchFlow\text.md
2021-03-19T16:48:58.927Z - info: Rebuilding 1 pages
2021-03-19T16:48:59.734Z - info: Site data built
2021-03-19T16:48:59.735Z - info: Pages rebuilt
2021-03-19T16:48:59.735Z - info: Website regeneration complete! Total build time: 0.812s
2021-03-19T16:53:03.443Z - info: [12:53:03 AM] Reload for file change: C:\repos\nus-cs2103-AY2021S1\cs2103-website\book\revisionControl\forkingWorkflow\text.md
2021-03-19T16:53:04.447Z - info: Rebuilding 1 pages
2021-03-19T16:53:05.317Z - info: Site data built
2021-03-19T16:53:05.318Z - info: Pages rebuilt
2021-03-19T16:53:05.318Z - info: Website regeneration complete! Total build time: 0.872s
2021-03-19T16:53:46.393Z - info: [12:53:46 AM] Reload for file change: C:\repos\nus-cs2103-AY2021S1\cs2103-website\book\revisionControl\forkingWorkflow\text.md
2021-03-19T16:53:46.395Z - info: [12:53:46 AM] Reload for file change: C:\repos\nus-cs2103-AY2021S1\cs2103-website\book\revisionControl\featureBranchFlow\text.md
2021-03-19T16:53:47.398Z - info: Rebuilding 1 pages
2021-03-19T16:53:48.018Z - info: Site data built
2021-03-19T16:53:48.019Z - info: Pages rebuilt
2021-03-19T16:53:48.019Z - info: Website regeneration complete! Total build time: 0.622s
2021-03-19T16:55:56.858Z - info: Website generation started at 12:55:53 AM
2021-03-19T16:56:08.158Z - info: Building assets...
2021-03-19T16:56:16.239Z - info: Assets built
2021-03-19T16:56:16.240Z - info: Generating pages...
2021-03-19T16:56:33.425Z - debug:  
2021-03-19T16:56:33.425Z - debug:  
2021-03-19T16:56:33.426Z - debug:  
2021-03-19T16:56:33.426Z - debug:  
2021-03-19T16:56:33.426Z - debug:  
2021-03-19T16:56:33.600Z - debug:  
2021-03-19T16:57:14.519Z - warn: You might have an invalid intra-link! Ignore this warning if it was intended.
'/website/book/about/usage.html' found in file 'C:\repos\nus-cs2103-AY2021S1\cs2103-website\book\index.md'
2021-03-19T16:57:14.522Z - warn: You might have an invalid intra-link! Ignore this warning if it was intended.
'/website/book/softwareEngineering/print.html' found in file 'C:\repos\nus-cs2103-AY2021S1\cs2103-website\book\index.md'
2021-03-19T16:57:14.523Z - warn: You might have an invalid intra-link! Ignore this warning if it was intended.
'/website/book/oop/print.html' found in file 'C:\repos\nus-cs2103-AY2021S1\cs2103-website\book\index.md'
2021-03-19T16:57:14.524Z - warn: You might have an invalid intra-link! Ignore this warning if it was intended.
'/website/book/requirements/print.html' found in file 'C:\repos\nus-cs2103-AY2021S1\cs2103-website\book\index.md'
2021-03-19T16:57:14.525Z - warn: You might have an invalid intra-link! Ignore this warning if it was intended.
'/website/book/gatheringRequirements/print.html' found in file 'C:\repos\nus-cs2103-AY2021S1\cs2103-website\book\index.md'
2021-03-19T16:57:14.526Z - warn: You might have an invalid intra-link! Ignore this warning if it was intended.
'/website/book/specifyingRequirements/print.html' found in file 'C:\repos\nus-cs2103-AY2021S1\cs2103-website\book\index.md'
2021-03-19T16:57:14.528Z - warn: You might have an invalid intra-link! Ignore this warning if it was intended.
'/website/book/design/print.html' found in file 'C:\repos\nus-cs2103-AY2021S1\cs2103-website\book\index.md'
2021-03-19T16:57:14.529Z - warn: You might have an invalid intra-link! Ignore this warning if it was intended.
'/website/book/designFundamentals/print.html' found in file 'C:\repos\nus-cs2103-AY2021S1\cs2103-website\book\index.md'
2021-03-19T16:57:14.530Z - warn: You might have an invalid intra-link! Ignore this warning if it was intended.
'/website/book/modeling/print.html' found in file 'C:\repos\nus-cs2103-AY2021S1\cs2103-website\book\index.md'
2021-03-19T16:57:14.531Z - warn: You might have an invalid intra-link! Ignore this warning if it was intended.
'/website/book/architecture/print.html' found in file 'C:\repos\nus-cs2103-AY2021S1\cs2103-website\book\index.md'
2021-03-19T16:57:14.532Z - warn: You might have an invalid intra-link! Ignore this warning if it was intended.
'/website/book/designPatterns/print.html' found in file 'C:\repos\nus-cs2103-AY2021S1\cs2103-website\book\index.md'
2021-03-19T16:57:14.532Z - warn: You might have an invalid intra-link! Ignore this warning if it was intended.
'/website/book/designApproaches/print.html' found in file 'C:\repos\nus-cs2103-AY2021S1\cs2103-website\book\index.md'
2021-03-19T16:57:14.534Z - warn: You might have an invalid intra-link! Ignore this warning if it was intended.
'/website/book/ides/print.html' found in file 'C:\repos\nus-cs2103-AY2021S1\cs2103-website\book\index.md'
2021-03-19T16:57:14.534Z - warn: You might have an invalid intra-link! Ignore this warning if it was intended.
'/website/book/codeQuality/print.html' found in file 'C:\repos\nus-cs2103-AY2021S1\cs2103-website\book\index.md'
2021-03-19T16:57:14.535Z - warn: You might have an invalid intra-link! Ignore this warning if it was intended.
'/website/book/refactoring/print.html' found in file 'C:\repos\nus-cs2103-AY2021S1\cs2103-website\book\index.md'
2021-03-19T16:57:14.536Z - warn: You might have an invalid intra-link! Ignore this warning if it was intended.
'/website/book/documentation/print.html' found in file 'C:\repos\nus-cs2103-AY2021S1\cs2103-website\book\index.md'
2021-03-19T16:57:14.537Z - warn: You might have an invalid intra-link! Ignore this warning if it was intended.
'/website/book/errorHandling/print.html' found in file 'C:\repos\nus-cs2103-AY2021S1\cs2103-website\book\index.md'
2021-03-19T16:57:14.538Z - warn: You might have an invalid intra-link! Ignore this warning if it was intended.
'/website/book/integration/print.html' found in file 'C:\repos\nus-cs2103-AY2021S1\cs2103-website\book\index.md'
2021-03-19T16:57:14.538Z - warn: You might have an invalid intra-link! Ignore this warning if it was intended.
'/website/book/reuse/print.html' found in file 'C:\repos\nus-cs2103-AY2021S1\cs2103-website\book\index.md'
2021-03-19T16:57:14.539Z - warn: You might have an invalid intra-link! Ignore this warning if it was intended.
'/website/book/qualityAssurance/print.html' found in file 'C:\repos\nus-cs2103-AY2021S1\cs2103-website\book\index.md'
2021-03-19T16:57:14.540Z - warn: You might have an invalid intra-link! Ignore this warning if it was intended.
'/website/book/testing/print.html' found in file 'C:\repos\nus-cs2103-AY2021S1\cs2103-website\book\index.md'
2021-03-19T16:57:14.541Z - warn: You might have an invalid intra-link! Ignore this warning if it was intended.
'/website/book/testCaseDesign/print.html' found in file 'C:\repos\nus-cs2103-AY2021S1\cs2103-website\book\index.md'
2021-03-19T16:57:14.542Z - warn: You might have an invalid intra-link! Ignore this warning if it was intended.
'/website/book/revisionControl/print.html' found in file 'C:\repos\nus-cs2103-AY2021S1\cs2103-website\book\index.md'
2021-03-19T16:57:14.543Z - warn: You might have an invalid intra-link! Ignore this warning if it was intended.
'/website/book/projectPlanning/print.html' found in file 'C:\repos\nus-cs2103-AY2021S1\cs2103-website\book\index.md'
2021-03-19T16:57:14.544Z - warn: You might have an invalid intra-link! Ignore this warning if it was intended.
'/website/book/teamwork/print.html' found in file 'C:\repos\nus-cs2103-AY2021S1\cs2103-website\book\index.md'
2021-03-19T16:57:14.545Z - warn: You might have an invalid intra-link! Ignore this warning if it was intended.
'/website/book/processModels/print.html' found in file 'C:\repos\nus-cs2103-AY2021S1\cs2103-website\book\index.md'
2021-03-19T16:57:14.546Z - warn: You might have an invalid intra-link! Ignore this warning if it was intended.
'/website/book/uml/print.html' found in file 'C:\repos\nus-cs2103-AY2021S1\cs2103-website\book\index.md'
2021-03-19T16:57:14.547Z - warn: You might have an invalid intra-link! Ignore this warning if it was intended.
'/website/book/intellij/print.html' found in file 'C:\repos\nus-cs2103-AY2021S1\cs2103-website\book\index.md'
2021-03-19T16:57:14.548Z - warn: You might have an invalid intra-link! Ignore this warning if it was intended.
'/website/book/gitAndGithub/print.html' found in file 'C:\repos\nus-cs2103-AY2021S1\cs2103-website\book\index.md'
2021-03-19T16:57:14.549Z - warn: You might have an invalid intra-link! Ignore this warning if it was intended.
'/website/book/principles/print.html' found in file 'C:\repos\nus-cs2103-AY2021S1\cs2103-website\book\index.md'
2021-03-19T16:57:14.550Z - warn: You might have an invalid intra-link! Ignore this warning if it was intended.
'/website/book/cppToJava/print.html' found in file 'C:\repos\nus-cs2103-AY2021S1\cs2103-website\book\index.md'
2021-03-19T16:57:14.551Z - warn: You might have an invalid intra-link! Ignore this warning if it was intended.
'/website/book/common/definitions.html' found in file 'C:\repos\nus-cs2103-AY2021S1\cs2103-website\book\index.md'
2021-03-19T16:57:14.551Z - warn: You might have an invalid intra-link! Ignore this warning if it was intended.
'/website/book/common/references.html' found in file 'C:\repos\nus-cs2103-AY2021S1\cs2103-website\book\index.md'
2021-03-19T16:57:14.552Z - warn: You might have an invalid intra-link! Ignore this warning if it was intended.
'/website/book/common/outcomes.html' found in file 'C:\repos\nus-cs2103-AY2021S1\cs2103-website\book\index.md'
2021-03-19T16:57:14.552Z - warn: You might have an invalid intra-link! Ignore this warning if it was intended.
'/website/book/common/print.html' found in file 'C:\repos\nus-cs2103-AY2021S1\cs2103-website\book\index.md'
2021-03-19T16:59:20.129Z - debug:  
2021-03-19T16:59:39.001Z - debug:  
2021-03-19T16:59:39.001Z - debug:  
2021-03-19T16:59:51.594Z - info: Pages built
2021-03-19T16:59:52.168Z - info: Site data built
2021-03-19T16:59:52.168Z - info: Website generation complete! Total build time: 238.544s
2021-03-19T16:59:52.168Z - info: Build success!
2021-03-19T17:00:00.255Z - info: Deployed at https://nus-cs2103-ay2021s2.github.io/website!
