2021-03-31T12:52:26.637Z - info: Website generation (lazy) started at 8:52:19 PM
2021-03-31T12:52:39.831Z - info: Building assets...
2021-03-31T12:52:47.558Z - info: Assets built
2021-03-31T12:52:47.559Z - info: Generating landing page...
2021-03-31T12:52:49.767Z - info: Landing page built, other pages will be built as you navigate to them!
2021-03-31T12:52:50.499Z - info: Site data built
2021-03-31T12:52:50.500Z - info: Website generation (lazy) complete! Total build time: 30.551s
2021-03-31T12:52:51.590Z - info: Serving "C:\repos\nus-cs2103-AY2021S1\cs2103-website\_site" at http://127.0.0.1:8080
2021-03-31T12:52:51.590Z - info: Press CTRL+C to stop ...
2021-03-31T12:53:17.179Z - info: [8:53:17 PM] Reload for file change: C:\repos\nus-cs2103-AY2021S1\cs2103-website\admin\tp-tasks.mbdf
2021-03-31T12:53:18.189Z - info: Rebuilding 1 pages
2021-03-31T12:53:19.325Z - info: Site data built
2021-03-31T12:53:19.325Z - info: Pages rebuilt
2021-03-31T12:53:19.325Z - info: Website regeneration complete! Total build time: 1.137s
2021-03-31T12:53:20.268Z - info: Building C:\repos\nus-cs2103-AY2021S1\cs2103-website\schedule\week12\index as some of its dependencies were changed since the last visit
2021-03-31T12:53:20.799Z - info: Site data built
2021-03-31T12:53:20.800Z - info: Lazy website regeneration complete! Total build time: 0.533s
2021-03-31T12:53:23.308Z - info: Building C:\repos\nus-cs2103-AY2021S1\cs2103-website\schedule\week12\project as some of its dependencies were changed since the last visit
2021-03-31T12:53:25.974Z - info: Site data built
2021-03-31T12:53:25.974Z - info: Lazy website regeneration complete! Total build time: 2.667s
2021-03-31T12:53:42.601Z - info: [8:53:42 PM] Reload for file change: C:\repos\nus-cs2103-AY2021S1\cs2103-website\admin\tp-tasks.mbdf
2021-03-31T12:53:43.629Z - info: Rebuilding 1 pages
2021-03-31T12:53:46.402Z - info: Site data built
2021-03-31T12:53:46.402Z - info: Pages rebuilt
2021-03-31T12:53:46.402Z - info: Website regeneration complete! Total build time: 2.776s
2021-03-31T12:56:59.144Z - info: [8:56:59 PM] Reload for file change: C:\repos\nus-cs2103-AY2021S1\cs2103-website\admin\tp-tasks.mbdf
2021-03-31T12:57:00.154Z - info: Rebuilding 1 pages
2021-03-31T12:57:03.662Z - info: Site data built
2021-03-31T12:57:03.664Z - info: Pages rebuilt
2021-03-31T12:57:03.665Z - info: Website regeneration complete! Total build time: 3.516s
2021-03-31T12:57:15.776Z - info: [8:57:15 PM] Reload for file change: C:\repos\nus-cs2103-AY2021S1\cs2103-website\admin\tp-tasks.mbdf
2021-03-31T12:57:16.785Z - info: Rebuilding 1 pages
2021-03-31T12:57:19.060Z - info: Site data built
2021-03-31T12:57:19.062Z - info: Pages rebuilt
2021-03-31T12:57:19.062Z - info: Website regeneration complete! Total build time: 2.28s
2021-03-31T12:58:04.265Z - info: [8:58:04 PM] Reload for file change: C:\repos\nus-cs2103-AY2021S1\cs2103-website\admin\tp-tasks.mbdf
2021-03-31T12:58:05.276Z - info: Rebuilding 1 pages
2021-03-31T12:58:08.468Z - info: Site data built
2021-03-31T12:58:08.469Z - info: Pages rebuilt
2021-03-31T12:58:08.469Z - info: Website regeneration complete! Total build time: 3.198s
2021-03-31T12:59:58.674Z - info: [8:59:58 PM] Reload for file change: C:\repos\nus-cs2103-AY2021S1\cs2103-website\admin\tp-tasks.mbdf
2021-03-31T12:59:59.689Z - info: Rebuilding 1 pages
2021-03-31T13:00:03.256Z - info: Site data built
2021-03-31T13:00:03.258Z - info: Pages rebuilt
2021-03-31T13:00:03.258Z - info: Website regeneration complete! Total build time: 3.572s
2021-03-31T13:00:12.666Z - info: [9:00:12 PM] Reload for file change: C:\repos\nus-cs2103-AY2021S1\cs2103-website\admin\tp-tasks.mbdf
2021-03-31T13:00:13.675Z - info: Rebuilding 1 pages
2021-03-31T13:00:16.396Z - info: Site data built
2021-03-31T13:00:16.397Z - info: Pages rebuilt
2021-03-31T13:00:16.398Z - info: Website regeneration complete! Total build time: 2.724s
2021-03-31T13:00:20.403Z - info: [9:00:20 PM] Reload for file change: C:\repos\nus-cs2103-AY2021S1\cs2103-website\admin\tp-tasks.mbdf
2021-03-31T13:00:21.410Z - info: Rebuilding 1 pages
2021-03-31T13:00:24.022Z - info: Site data built
2021-03-31T13:00:24.025Z - info: Pages rebuilt
2021-03-31T13:00:24.025Z - info: Website regeneration complete! Total build time: 2.616s
2021-03-31T13:00:40.747Z - info: [9:00:40 PM] Reload for file change: C:\repos\nus-cs2103-AY2021S1\cs2103-website\admin\tp-tasks.mbdf
2021-03-31T13:00:41.756Z - info: Rebuilding 1 pages
2021-03-31T13:00:44.725Z - info: Site data built
2021-03-31T13:00:44.726Z - info: Pages rebuilt
2021-03-31T13:00:44.726Z - info: Website regeneration complete! Total build time: 2.972s
2021-03-31T13:01:16.654Z - info: [9:01:16 PM] Reload for file change: C:\repos\nus-cs2103-AY2021S1\cs2103-website\admin\tp-tasks.mbdf
2021-03-31T13:01:17.660Z - info: Rebuilding 1 pages
2021-03-31T13:01:20.624Z - info: Site data built
2021-03-31T13:01:20.626Z - info: Pages rebuilt
2021-03-31T13:01:20.627Z - info: Website regeneration complete! Total build time: 2.967s
2021-03-31T13:02:19.922Z - info: [9:02:19 PM] Reload for file change: C:\repos\nus-cs2103-AY2021S1\cs2103-website\admin\tp-tasks.mbdf
2021-03-31T13:02:20.929Z - info: Rebuilding 1 pages
2021-03-31T13:02:23.837Z - info: Site data built
2021-03-31T13:02:23.839Z - info: Pages rebuilt
2021-03-31T13:02:23.839Z - info: Website regeneration complete! Total build time: 2.912s
2021-03-31T13:03:24.535Z - info: [9:03:24 PM] Reload for file change: C:\repos\nus-cs2103-AY2021S1\cs2103-website\admin\tp-tasks.mbdf
2021-03-31T13:03:25.550Z - info: Rebuilding 1 pages
2021-03-31T13:03:29.109Z - info: Site data built
2021-03-31T13:03:29.113Z - info: Pages rebuilt
2021-03-31T13:03:29.113Z - info: Website regeneration complete! Total build time: 3.568s
2021-03-31T13:03:51.576Z - info: [9:03:51 PM] Reload for file change: C:\repos\nus-cs2103-AY2021S1\cs2103-website\admin\tp-tasks.mbdf
2021-03-31T13:03:52.584Z - info: Rebuilding 1 pages
2021-03-31T13:03:55.225Z - info: Site data built
2021-03-31T13:03:55.231Z - info: Pages rebuilt
2021-03-31T13:03:55.231Z - info: Website regeneration complete! Total build time: 2.65s
2021-03-31T13:04:22.026Z - info: [9:04:22 PM] Reload for file change: C:\repos\nus-cs2103-AY2021S1\cs2103-website\admin\tp-tasks.mbdf
2021-03-31T13:04:23.035Z - info: Rebuilding 1 pages
2021-03-31T13:04:25.666Z - info: Site data built
2021-03-31T13:04:25.668Z - info: Pages rebuilt
2021-03-31T13:04:25.668Z - info: Website regeneration complete! Total build time: 2.636s
2021-03-31T13:04:56.812Z - info: [9:04:56 PM] Reload for file change: C:\repos\nus-cs2103-AY2021S1\cs2103-website\admin\tp-tasks.mbdf
2021-03-31T13:04:57.821Z - info: Rebuilding 1 pages
2021-03-31T13:05:00.770Z - info: Site data built
2021-03-31T13:05:00.770Z - info: Pages rebuilt
2021-03-31T13:05:00.771Z - info: Website regeneration complete! Total build time: 2.954s
2021-03-31T13:05:11.121Z - info: [9:05:11 PM] Reload for file change: C:\repos\nus-cs2103-AY2021S1\cs2103-website\admin\tp-tasks.mbdf
2021-03-31T13:05:12.126Z - info: Rebuilding 1 pages
2021-03-31T13:05:14.974Z - info: Site data built
2021-03-31T13:05:14.975Z - info: Pages rebuilt
2021-03-31T13:05:14.975Z - info: Website regeneration complete! Total build time: 2.85s
2021-03-31T13:05:39.804Z - info: [9:05:39 PM] Reload for file change: C:\repos\nus-cs2103-AY2021S1\cs2103-website\admin\tp-tasks.mbdf
2021-03-31T13:05:40.814Z - info: Rebuilding 1 pages
2021-03-31T13:05:43.685Z - info: Site data built
2021-03-31T13:05:43.687Z - info: Pages rebuilt
2021-03-31T13:05:43.688Z - info: Website regeneration complete! Total build time: 2.877s
2021-03-31T13:05:48.312Z - info: [9:05:48 PM] Reload for file change: C:\repos\nus-cs2103-AY2021S1\cs2103-website\admin\tp-tasks.mbdf
2021-03-31T13:05:49.317Z - info: Rebuilding 1 pages
2021-03-31T13:05:52.127Z - info: Site data built
2021-03-31T13:05:52.131Z - info: Pages rebuilt
2021-03-31T13:05:52.131Z - info: Website regeneration complete! Total build time: 2.815s
2021-03-31T13:06:23.544Z - info: [9:06:23 PM] Reload for file change: C:\repos\nus-cs2103-AY2021S1\cs2103-website\admin\tp-tasks.mbdf
2021-03-31T13:06:24.598Z - info: Rebuilding 1 pages
2021-03-31T13:06:27.832Z - info: Site data built
2021-03-31T13:06:27.833Z - info: Pages rebuilt
2021-03-31T13:06:27.833Z - info: Website regeneration complete! Total build time: 3.238s
2021-03-31T13:07:04.071Z - info: [9:07:04 PM] Reload for file change: C:\repos\nus-cs2103-AY2021S1\cs2103-website\admin\tp-tasks.mbdf
2021-03-31T13:07:05.079Z - info: Rebuilding 1 pages
2021-03-31T13:07:08.416Z - info: Site data built
2021-03-31T13:07:08.418Z - info: Pages rebuilt
2021-03-31T13:07:08.418Z - info: Website regeneration complete! Total build time: 3.341s
2021-03-31T13:07:32.968Z - info: [9:07:32 PM] Reload for file change: C:\repos\nus-cs2103-AY2021S1\cs2103-website\admin\tp-tasks.mbdf
2021-03-31T13:07:33.976Z - info: Rebuilding 1 pages
2021-03-31T13:07:36.925Z - info: Site data built
2021-03-31T13:07:36.926Z - info: Pages rebuilt
2021-03-31T13:07:36.926Z - info: Website regeneration complete! Total build time: 2.951s
2021-03-31T13:09:43.696Z - info: [9:09:43 PM] Reload for file change: C:\repos\nus-cs2103-AY2021S1\cs2103-website\admin\tp-tasks.mbdf
2021-03-31T13:09:44.709Z - info: Rebuilding 1 pages
2021-03-31T13:09:47.903Z - info: Site data built
2021-03-31T13:09:47.906Z - info: Pages rebuilt
2021-03-31T13:09:47.906Z - info: Website regeneration complete! Total build time: 3.201s
2021-03-31T13:10:57.873Z - info: [9:10:57 PM] Reload for file change: C:\repos\nus-cs2103-AY2021S1\cs2103-website\admin\tp-tasks.mbdf
2021-03-31T13:10:58.881Z - info: Rebuilding 1 pages
2021-03-31T13:11:01.906Z - info: Site data built
2021-03-31T13:11:01.912Z - info: Pages rebuilt
2021-03-31T13:11:01.913Z - info: Website regeneration complete! Total build time: 3.032s
2021-03-31T13:11:08.367Z - info: [9:11:08 PM] Reload for file change: C:\repos\nus-cs2103-AY2021S1\cs2103-website\admin\tp-tasks.mbdf
2021-03-31T13:11:09.378Z - info: Rebuilding 1 pages
2021-03-31T13:11:11.695Z - info: Site data built
2021-03-31T13:11:11.696Z - info: Pages rebuilt
2021-03-31T13:11:11.696Z - info: Website regeneration complete! Total build time: 2.323s
2021-03-31T13:11:30.797Z - info: [9:11:30 PM] Reload for file change: C:\repos\nus-cs2103-AY2021S1\cs2103-website\admin\tp-tasks.mbdf
2021-03-31T13:11:31.814Z - info: Rebuilding 1 pages
2021-03-31T13:11:34.361Z - info: Site data built
2021-03-31T13:11:34.363Z - info: Pages rebuilt
2021-03-31T13:11:34.363Z - info: Website regeneration complete! Total build time: 2.554s
2021-03-31T13:11:48.224Z - info: Building C:\repos\nus-cs2103-AY2021S1\cs2103-website\schedule\week13\project as some of its dependencies were changed since the last visit
2021-03-31T13:11:50.134Z - info: Site data built
2021-03-31T13:11:50.135Z - info: Lazy website regeneration complete! Total build time: 1.911s
2021-03-31T13:13:08.468Z - info: [9:13:08 PM] Reload for file change: C:\repos\nus-cs2103-AY2021S1\cs2103-website\admin\tp-tasks.mbdf
2021-03-31T13:13:09.480Z - info: Rebuilding 1 pages
2021-03-31T13:13:12.555Z - info: Site data built
2021-03-31T13:13:12.556Z - info: Pages rebuilt
2021-03-31T13:13:12.556Z - info: Website regeneration complete! Total build time: 3.08s
2021-03-31T13:13:53.506Z - info: Website generation started at 9:13:50 PM
2021-03-31T13:14:04.958Z - info: Building assets...
2021-03-31T13:14:13.594Z - info: Assets built
2021-03-31T13:14:13.595Z - info: Generating pages...
2021-03-31T13:14:29.662Z - debug:  
2021-03-31T13:14:29.662Z - debug:  
2021-03-31T13:14:29.662Z - debug:  
2021-03-31T13:14:29.663Z - debug:  
2021-03-31T13:14:29.663Z - debug:  
2021-03-31T13:14:29.663Z - debug:  
2021-03-31T13:15:19.559Z - warn: You might have an invalid intra-link! Ignore this warning if it was intended.
'/website/book/about/usage.html' found in file 'C:\repos\nus-cs2103-AY2021S1\cs2103-website\book\index.md'
2021-03-31T13:15:19.562Z - warn: You might have an invalid intra-link! Ignore this warning if it was intended.
'/website/book/softwareEngineering/print.html' found in file 'C:\repos\nus-cs2103-AY2021S1\cs2103-website\book\index.md'
2021-03-31T13:15:19.564Z - warn: You might have an invalid intra-link! Ignore this warning if it was intended.
'/website/book/oop/print.html' found in file 'C:\repos\nus-cs2103-AY2021S1\cs2103-website\book\index.md'
2021-03-31T13:15:19.565Z - warn: You might have an invalid intra-link! Ignore this warning if it was intended.
'/website/book/requirements/print.html' found in file 'C:\repos\nus-cs2103-AY2021S1\cs2103-website\book\index.md'
2021-03-31T13:15:19.566Z - warn: You might have an invalid intra-link! Ignore this warning if it was intended.
'/website/book/gatheringRequirements/print.html' found in file 'C:\repos\nus-cs2103-AY2021S1\cs2103-website\book\index.md'
2021-03-31T13:15:19.567Z - warn: You might have an invalid intra-link! Ignore this warning if it was intended.
'/website/book/specifyingRequirements/print.html' found in file 'C:\repos\nus-cs2103-AY2021S1\cs2103-website\book\index.md'
2021-03-31T13:15:19.569Z - warn: You might have an invalid intra-link! Ignore this warning if it was intended.
'/website/book/design/print.html' found in file 'C:\repos\nus-cs2103-AY2021S1\cs2103-website\book\index.md'
2021-03-31T13:15:19.570Z - warn: You might have an invalid intra-link! Ignore this warning if it was intended.
'/website/book/designFundamentals/print.html' found in file 'C:\repos\nus-cs2103-AY2021S1\cs2103-website\book\index.md'
2021-03-31T13:15:19.571Z - warn: You might have an invalid intra-link! Ignore this warning if it was intended.
'/website/book/modeling/print.html' found in file 'C:\repos\nus-cs2103-AY2021S1\cs2103-website\book\index.md'
2021-03-31T13:15:19.576Z - warn: You might have an invalid intra-link! Ignore this warning if it was intended.
'/website/book/architecture/print.html' found in file 'C:\repos\nus-cs2103-AY2021S1\cs2103-website\book\index.md'
2021-03-31T13:15:19.577Z - warn: You might have an invalid intra-link! Ignore this warning if it was intended.
'/website/book/designPatterns/print.html' found in file 'C:\repos\nus-cs2103-AY2021S1\cs2103-website\book\index.md'
2021-03-31T13:15:19.578Z - warn: You might have an invalid intra-link! Ignore this warning if it was intended.
'/website/book/designApproaches/print.html' found in file 'C:\repos\nus-cs2103-AY2021S1\cs2103-website\book\index.md'
2021-03-31T13:15:19.579Z - warn: You might have an invalid intra-link! Ignore this warning if it was intended.
'/website/book/ides/print.html' found in file 'C:\repos\nus-cs2103-AY2021S1\cs2103-website\book\index.md'
2021-03-31T13:15:19.580Z - warn: You might have an invalid intra-link! Ignore this warning if it was intended.
'/website/book/codeQuality/print.html' found in file 'C:\repos\nus-cs2103-AY2021S1\cs2103-website\book\index.md'
2021-03-31T13:15:19.581Z - warn: You might have an invalid intra-link! Ignore this warning if it was intended.
'/website/book/refactoring/print.html' found in file 'C:\repos\nus-cs2103-AY2021S1\cs2103-website\book\index.md'
2021-03-31T13:15:19.582Z - warn: You might have an invalid intra-link! Ignore this warning if it was intended.
'/website/book/documentation/print.html' found in file 'C:\repos\nus-cs2103-AY2021S1\cs2103-website\book\index.md'
2021-03-31T13:15:19.582Z - warn: You might have an invalid intra-link! Ignore this warning if it was intended.
'/website/book/errorHandling/print.html' found in file 'C:\repos\nus-cs2103-AY2021S1\cs2103-website\book\index.md'
2021-03-31T13:15:19.583Z - warn: You might have an invalid intra-link! Ignore this warning if it was intended.
'/website/book/integration/print.html' found in file 'C:\repos\nus-cs2103-AY2021S1\cs2103-website\book\index.md'
2021-03-31T13:15:19.584Z - warn: You might have an invalid intra-link! Ignore this warning if it was intended.
'/website/book/reuse/print.html' found in file 'C:\repos\nus-cs2103-AY2021S1\cs2103-website\book\index.md'
2021-03-31T13:15:19.585Z - warn: You might have an invalid intra-link! Ignore this warning if it was intended.
'/website/book/qualityAssurance/print.html' found in file 'C:\repos\nus-cs2103-AY2021S1\cs2103-website\book\index.md'
2021-03-31T13:15:19.587Z - warn: You might have an invalid intra-link! Ignore this warning if it was intended.
'/website/book/testing/print.html' found in file 'C:\repos\nus-cs2103-AY2021S1\cs2103-website\book\index.md'
2021-03-31T13:15:19.588Z - warn: You might have an invalid intra-link! Ignore this warning if it was intended.
'/website/book/testCaseDesign/print.html' found in file 'C:\repos\nus-cs2103-AY2021S1\cs2103-website\book\index.md'
2021-03-31T13:15:19.590Z - warn: You might have an invalid intra-link! Ignore this warning if it was intended.
'/website/book/revisionControl/print.html' found in file 'C:\repos\nus-cs2103-AY2021S1\cs2103-website\book\index.md'
2021-03-31T13:15:19.591Z - warn: You might have an invalid intra-link! Ignore this warning if it was intended.
'/website/book/projectPlanning/print.html' found in file 'C:\repos\nus-cs2103-AY2021S1\cs2103-website\book\index.md'
2021-03-31T13:15:19.591Z - warn: You might have an invalid intra-link! Ignore this warning if it was intended.
'/website/book/teamwork/print.html' found in file 'C:\repos\nus-cs2103-AY2021S1\cs2103-website\book\index.md'
2021-03-31T13:15:19.592Z - warn: You might have an invalid intra-link! Ignore this warning if it was intended.
'/website/book/processModels/print.html' found in file 'C:\repos\nus-cs2103-AY2021S1\cs2103-website\book\index.md'
2021-03-31T13:15:19.594Z - warn: You might have an invalid intra-link! Ignore this warning if it was intended.
'/website/book/uml/print.html' found in file 'C:\repos\nus-cs2103-AY2021S1\cs2103-website\book\index.md'
2021-03-31T13:15:19.595Z - warn: You might have an invalid intra-link! Ignore this warning if it was intended.
'/website/book/intellij/print.html' found in file 'C:\repos\nus-cs2103-AY2021S1\cs2103-website\book\index.md'
2021-03-31T13:15:19.595Z - warn: You might have an invalid intra-link! Ignore this warning if it was intended.
'/website/book/gitAndGithub/print.html' found in file 'C:\repos\nus-cs2103-AY2021S1\cs2103-website\book\index.md'
2021-03-31T13:15:19.597Z - warn: You might have an invalid intra-link! Ignore this warning if it was intended.
'/website/book/principles/print.html' found in file 'C:\repos\nus-cs2103-AY2021S1\cs2103-website\book\index.md'
2021-03-31T13:15:19.598Z - warn: You might have an invalid intra-link! Ignore this warning if it was intended.
'/website/book/cppToJava/print.html' found in file 'C:\repos\nus-cs2103-AY2021S1\cs2103-website\book\index.md'
2021-03-31T13:15:19.599Z - warn: You might have an invalid intra-link! Ignore this warning if it was intended.
'/website/book/common/definitions.html' found in file 'C:\repos\nus-cs2103-AY2021S1\cs2103-website\book\index.md'
2021-03-31T13:15:19.600Z - warn: You might have an invalid intra-link! Ignore this warning if it was intended.
'/website/book/common/references.html' found in file 'C:\repos\nus-cs2103-AY2021S1\cs2103-website\book\index.md'
2021-03-31T13:15:19.600Z - warn: You might have an invalid intra-link! Ignore this warning if it was intended.
'/website/book/common/outcomes.html' found in file 'C:\repos\nus-cs2103-AY2021S1\cs2103-website\book\index.md'
2021-03-31T13:15:19.601Z - warn: You might have an invalid intra-link! Ignore this warning if it was intended.
'/website/book/common/print.html' found in file 'C:\repos\nus-cs2103-AY2021S1\cs2103-website\book\index.md'
2021-03-31T13:17:46.901Z - debug:  
2021-03-31T13:18:03.193Z - debug:  
2021-03-31T13:18:03.194Z - debug:  
2021-03-31T13:18:14.922Z - info: Pages built
2021-03-31T13:18:15.506Z - info: Site data built
2021-03-31T13:18:15.506Z - info: Website generation complete! Total build time: 264.934s
2021-03-31T13:18:15.507Z - info: Build success!
2021-03-31T13:18:25.927Z - info: Deployed at https://nus-cs2103-ay2021s2.github.io/website!
