2021-01-22T17:21:17.840Z - info: Website generation started at 1:21:09 AM
2021-01-22T17:21:39.962Z - info: Building assets...
2021-01-22T17:22:00.070Z - info: Assets built
2021-01-22T17:22:00.070Z - info: Generating pages...
2021-01-22T17:22:19.638Z - debug:  
2021-01-22T17:22:19.638Z - debug:  
2021-01-22T17:22:19.639Z - debug:  
2021-01-22T17:22:19.639Z - debug:  
2021-01-22T17:22:19.639Z - debug:  
2021-01-22T17:22:19.910Z - debug:  
2021-01-22T17:22:56.603Z - warn: You might have an invalid intra-link! Ignore this warning if it was intended.
'/website/book/about/usage.html' found in file 'C:\repos\nus-cs2103-AY2021S1\cs2103-website\book\index.md'
2021-01-22T17:22:56.606Z - warn: You might have an invalid intra-link! Ignore this warning if it was intended.
'/website/book/softwareEngineering/print.html' found in file 'C:\repos\nus-cs2103-AY2021S1\cs2103-website\book\index.md'
2021-01-22T17:22:56.607Z - warn: You might have an invalid intra-link! Ignore this warning if it was intended.
'/website/book/oop/print.html' found in file 'C:\repos\nus-cs2103-AY2021S1\cs2103-website\book\index.md'
2021-01-22T17:22:56.608Z - warn: You might have an invalid intra-link! Ignore this warning if it was intended.
'/website/book/requirements/print.html' found in file 'C:\repos\nus-cs2103-AY2021S1\cs2103-website\book\index.md'
2021-01-22T17:22:56.609Z - warn: You might have an invalid intra-link! Ignore this warning if it was intended.
'/website/book/gatheringRequirements/print.html' found in file 'C:\repos\nus-cs2103-AY2021S1\cs2103-website\book\index.md'
2021-01-22T17:22:56.609Z - warn: You might have an invalid intra-link! Ignore this warning if it was intended.
'/website/book/specifyingRequirements/print.html' found in file 'C:\repos\nus-cs2103-AY2021S1\cs2103-website\book\index.md'
2021-01-22T17:22:56.611Z - warn: You might have an invalid intra-link! Ignore this warning if it was intended.
'/website/book/design/print.html' found in file 'C:\repos\nus-cs2103-AY2021S1\cs2103-website\book\index.md'
2021-01-22T17:22:56.612Z - warn: You might have an invalid intra-link! Ignore this warning if it was intended.
'/website/book/designFundamentals/print.html' found in file 'C:\repos\nus-cs2103-AY2021S1\cs2103-website\book\index.md'
2021-01-22T17:22:56.612Z - warn: You might have an invalid intra-link! Ignore this warning if it was intended.
'/website/book/modeling/print.html' found in file 'C:\repos\nus-cs2103-AY2021S1\cs2103-website\book\index.md'
2021-01-22T17:22:56.613Z - warn: You might have an invalid intra-link! Ignore this warning if it was intended.
'/website/book/architecture/print.html' found in file 'C:\repos\nus-cs2103-AY2021S1\cs2103-website\book\index.md'
2021-01-22T17:22:56.614Z - warn: You might have an invalid intra-link! Ignore this warning if it was intended.
'/website/book/designPatterns/print.html' found in file 'C:\repos\nus-cs2103-AY2021S1\cs2103-website\book\index.md'
2021-01-22T17:22:56.614Z - warn: You might have an invalid intra-link! Ignore this warning if it was intended.
'/website/book/designApproaches/print.html' found in file 'C:\repos\nus-cs2103-AY2021S1\cs2103-website\book\index.md'
2021-01-22T17:22:56.615Z - warn: You might have an invalid intra-link! Ignore this warning if it was intended.
'/website/book/ides/print.html' found in file 'C:\repos\nus-cs2103-AY2021S1\cs2103-website\book\index.md'
2021-01-22T17:22:56.616Z - warn: You might have an invalid intra-link! Ignore this warning if it was intended.
'/website/book/codeQuality/print.html' found in file 'C:\repos\nus-cs2103-AY2021S1\cs2103-website\book\index.md'
2021-01-22T17:22:56.617Z - warn: You might have an invalid intra-link! Ignore this warning if it was intended.
'/website/book/refactoring/print.html' found in file 'C:\repos\nus-cs2103-AY2021S1\cs2103-website\book\index.md'
2021-01-22T17:22:56.618Z - warn: You might have an invalid intra-link! Ignore this warning if it was intended.
'/website/book/documentation/print.html' found in file 'C:\repos\nus-cs2103-AY2021S1\cs2103-website\book\index.md'
2021-01-22T17:22:56.618Z - warn: You might have an invalid intra-link! Ignore this warning if it was intended.
'/website/book/errorHandling/print.html' found in file 'C:\repos\nus-cs2103-AY2021S1\cs2103-website\book\index.md'
2021-01-22T17:22:56.619Z - warn: You might have an invalid intra-link! Ignore this warning if it was intended.
'/website/book/integration/print.html' found in file 'C:\repos\nus-cs2103-AY2021S1\cs2103-website\book\index.md'
2021-01-22T17:22:56.620Z - warn: You might have an invalid intra-link! Ignore this warning if it was intended.
'/website/book/reuse/print.html' found in file 'C:\repos\nus-cs2103-AY2021S1\cs2103-website\book\index.md'
2021-01-22T17:22:56.621Z - warn: You might have an invalid intra-link! Ignore this warning if it was intended.
'/website/book/qualityAssurance/print.html' found in file 'C:\repos\nus-cs2103-AY2021S1\cs2103-website\book\index.md'
2021-01-22T17:22:56.621Z - warn: You might have an invalid intra-link! Ignore this warning if it was intended.
'/website/book/testing/print.html' found in file 'C:\repos\nus-cs2103-AY2021S1\cs2103-website\book\index.md'
2021-01-22T17:22:56.622Z - warn: You might have an invalid intra-link! Ignore this warning if it was intended.
'/website/book/testCaseDesign/print.html' found in file 'C:\repos\nus-cs2103-AY2021S1\cs2103-website\book\index.md'
2021-01-22T17:22:56.623Z - warn: You might have an invalid intra-link! Ignore this warning if it was intended.
'/website/book/revisionControl/print.html' found in file 'C:\repos\nus-cs2103-AY2021S1\cs2103-website\book\index.md'
2021-01-22T17:22:56.624Z - warn: You might have an invalid intra-link! Ignore this warning if it was intended.
'/website/book/projectPlanning/print.html' found in file 'C:\repos\nus-cs2103-AY2021S1\cs2103-website\book\index.md'
2021-01-22T17:22:56.625Z - warn: You might have an invalid intra-link! Ignore this warning if it was intended.
'/website/book/teamwork/print.html' found in file 'C:\repos\nus-cs2103-AY2021S1\cs2103-website\book\index.md'
2021-01-22T17:22:56.626Z - warn: You might have an invalid intra-link! Ignore this warning if it was intended.
'/website/book/processModels/print.html' found in file 'C:\repos\nus-cs2103-AY2021S1\cs2103-website\book\index.md'
2021-01-22T17:22:56.627Z - warn: You might have an invalid intra-link! Ignore this warning if it was intended.
'/website/book/uml/print.html' found in file 'C:\repos\nus-cs2103-AY2021S1\cs2103-website\book\index.md'
2021-01-22T17:22:56.628Z - warn: You might have an invalid intra-link! Ignore this warning if it was intended.
'/website/book/intellij/print.html' found in file 'C:\repos\nus-cs2103-AY2021S1\cs2103-website\book\index.md'
2021-01-22T17:22:56.628Z - warn: You might have an invalid intra-link! Ignore this warning if it was intended.
'/website/book/gitAndGithub/print.html' found in file 'C:\repos\nus-cs2103-AY2021S1\cs2103-website\book\index.md'
2021-01-22T17:22:56.629Z - warn: You might have an invalid intra-link! Ignore this warning if it was intended.
'/website/book/principles/print.html' found in file 'C:\repos\nus-cs2103-AY2021S1\cs2103-website\book\index.md'
2021-01-22T17:22:56.630Z - warn: You might have an invalid intra-link! Ignore this warning if it was intended.
'/website/book/cppToJava/print.html' found in file 'C:\repos\nus-cs2103-AY2021S1\cs2103-website\book\index.md'
2021-01-22T17:22:56.631Z - warn: You might have an invalid intra-link! Ignore this warning if it was intended.
'/website/book/common/definitions.html' found in file 'C:\repos\nus-cs2103-AY2021S1\cs2103-website\book\index.md'
2021-01-22T17:22:56.632Z - warn: You might have an invalid intra-link! Ignore this warning if it was intended.
'/website/book/common/references.html' found in file 'C:\repos\nus-cs2103-AY2021S1\cs2103-website\book\index.md'
2021-01-22T17:22:56.632Z - warn: You might have an invalid intra-link! Ignore this warning if it was intended.
'/website/book/common/outcomes.html' found in file 'C:\repos\nus-cs2103-AY2021S1\cs2103-website\book\index.md'
2021-01-22T17:22:56.633Z - warn: You might have an invalid intra-link! Ignore this warning if it was intended.
'/website/book/common/print.html' found in file 'C:\repos\nus-cs2103-AY2021S1\cs2103-website\book\index.md'
2021-01-22T17:24:22.853Z - debug:  
2021-01-22T17:24:36.806Z - debug:  
2021-01-22T17:24:36.806Z - debug:  
2021-01-22T17:24:42.744Z - info: Pages built
2021-01-22T17:24:43.306Z - info: Site data built
2021-01-22T17:24:43.307Z - info: Website generation complete! Total build time: 213.862s
2021-01-22T17:24:43.307Z - info: Build success!
2021-01-22T17:24:48.709Z - info: Deployed at https://nus-tic4002-ay2021s2.github.io/website!
2021-01-23T08:29:53.048Z - info: Website generation (lazy) started at 4:29:46 PM
2021-01-23T08:30:12.377Z - info: Building assets...
2021-01-23T08:30:31.415Z - info: Assets built
2021-01-23T08:30:31.416Z - info: Generating landing page...
2021-01-23T08:30:33.199Z - info: Landing page built, other pages will be built as you navigate to them!
2021-01-23T08:30:33.661Z - info: Site data built
2021-01-23T08:30:33.661Z - info: Website generation (lazy) complete! Total build time: 47.575s
2021-01-23T08:30:34.582Z - info: Serving "C:\repos\nus-cs2103-AY2021S1\cs2103-website\_site" at http://127.0.0.1:8080
2021-01-23T08:30:34.582Z - info: Press CTRL+C to stop ...
2021-01-23T08:31:10.671Z - info: Building C:\repos\nus-cs2103-AY2021S1\cs2103-website\admin\index as some of its dependencies were changed since the last visit
2021-01-23T08:31:11.395Z - info: Site data built
2021-01-23T08:31:11.395Z - info: Lazy website regeneration complete! Total build time: 0.724s
2021-01-23T08:31:27.660Z - info: Building C:\repos\nus-cs2103-AY2021S1\cs2103-website\admin\gradeBreakdown as some of its dependencies were changed since the last visit
2021-01-23T08:31:29.701Z - info: Site data built
2021-01-23T08:31:29.702Z - info: Lazy website regeneration complete! Total build time: 2.043s
2021-01-23T08:31:30.207Z - debug:  
2021-01-23T08:31:46.704Z - info: Website generation started at 4:31:43 PM
2021-01-23T08:32:14.017Z - info: Building assets...
