2021-01-29T10:04:43.104Z - info: Website generation started at 6:04:36 PM
2021-01-29T10:04:54.219Z - info: Building assets...
2021-01-29T10:05:01.638Z - info: Assets built
2021-01-29T10:05:01.639Z - info: Generating pages...
2021-01-29T10:05:19.783Z - debug:  
2021-01-29T10:05:19.784Z - debug:  
2021-01-29T10:05:19.784Z - debug:  
2021-01-29T10:05:19.784Z - debug:  
2021-01-29T10:05:19.788Z - debug:  
2021-01-29T10:05:21.758Z - debug:  
2021-01-29T10:06:10.833Z - warn: You might have an invalid intra-link! Ignore this warning if it was intended.
'/website/book/about/usage.html' found in file 'C:\repos\nus-cs2103-AY2021S1\cs2103-website\book\index.md'
2021-01-29T10:06:10.835Z - warn: You might have an invalid intra-link! Ignore this warning if it was intended.
'/website/book/softwareEngineering/print.html' found in file 'C:\repos\nus-cs2103-AY2021S1\cs2103-website\book\index.md'
2021-01-29T10:06:10.837Z - warn: You might have an invalid intra-link! Ignore this warning if it was intended.
'/website/book/oop/print.html' found in file 'C:\repos\nus-cs2103-AY2021S1\cs2103-website\book\index.md'
2021-01-29T10:06:10.838Z - warn: You might have an invalid intra-link! Ignore this warning if it was intended.
'/website/book/requirements/print.html' found in file 'C:\repos\nus-cs2103-AY2021S1\cs2103-website\book\index.md'
2021-01-29T10:06:10.839Z - warn: You might have an invalid intra-link! Ignore this warning if it was intended.
'/website/book/gatheringRequirements/print.html' found in file 'C:\repos\nus-cs2103-AY2021S1\cs2103-website\book\index.md'
2021-01-29T10:06:10.839Z - warn: You might have an invalid intra-link! Ignore this warning if it was intended.
'/website/book/specifyingRequirements/print.html' found in file 'C:\repos\nus-cs2103-AY2021S1\cs2103-website\book\index.md'
2021-01-29T10:06:10.840Z - warn: You might have an invalid intra-link! Ignore this warning if it was intended.
'/website/book/design/print.html' found in file 'C:\repos\nus-cs2103-AY2021S1\cs2103-website\book\index.md'
2021-01-29T10:06:10.841Z - warn: You might have an invalid intra-link! Ignore this warning if it was intended.
'/website/book/designFundamentals/print.html' found in file 'C:\repos\nus-cs2103-AY2021S1\cs2103-website\book\index.md'
2021-01-29T10:06:10.841Z - warn: You might have an invalid intra-link! Ignore this warning if it was intended.
'/website/book/modeling/print.html' found in file 'C:\repos\nus-cs2103-AY2021S1\cs2103-website\book\index.md'
2021-01-29T10:06:10.842Z - warn: You might have an invalid intra-link! Ignore this warning if it was intended.
'/website/book/architecture/print.html' found in file 'C:\repos\nus-cs2103-AY2021S1\cs2103-website\book\index.md'
2021-01-29T10:06:10.843Z - warn: You might have an invalid intra-link! Ignore this warning if it was intended.
'/website/book/designPatterns/print.html' found in file 'C:\repos\nus-cs2103-AY2021S1\cs2103-website\book\index.md'
2021-01-29T10:06:10.844Z - warn: You might have an invalid intra-link! Ignore this warning if it was intended.
'/website/book/designApproaches/print.html' found in file 'C:\repos\nus-cs2103-AY2021S1\cs2103-website\book\index.md'
2021-01-29T10:06:10.845Z - warn: You might have an invalid intra-link! Ignore this warning if it was intended.
'/website/book/ides/print.html' found in file 'C:\repos\nus-cs2103-AY2021S1\cs2103-website\book\index.md'
2021-01-29T10:06:10.846Z - warn: You might have an invalid intra-link! Ignore this warning if it was intended.
'/website/book/codeQuality/print.html' found in file 'C:\repos\nus-cs2103-AY2021S1\cs2103-website\book\index.md'
2021-01-29T10:06:10.847Z - warn: You might have an invalid intra-link! Ignore this warning if it was intended.
'/website/book/refactoring/print.html' found in file 'C:\repos\nus-cs2103-AY2021S1\cs2103-website\book\index.md'
2021-01-29T10:06:10.847Z - warn: You might have an invalid intra-link! Ignore this warning if it was intended.
'/website/book/documentation/print.html' found in file 'C:\repos\nus-cs2103-AY2021S1\cs2103-website\book\index.md'
2021-01-29T10:06:10.848Z - warn: You might have an invalid intra-link! Ignore this warning if it was intended.
'/website/book/errorHandling/print.html' found in file 'C:\repos\nus-cs2103-AY2021S1\cs2103-website\book\index.md'
2021-01-29T10:06:10.849Z - warn: You might have an invalid intra-link! Ignore this warning if it was intended.
'/website/book/integration/print.html' found in file 'C:\repos\nus-cs2103-AY2021S1\cs2103-website\book\index.md'
2021-01-29T10:06:10.850Z - warn: You might have an invalid intra-link! Ignore this warning if it was intended.
'/website/book/reuse/print.html' found in file 'C:\repos\nus-cs2103-AY2021S1\cs2103-website\book\index.md'
2021-01-29T10:06:10.851Z - warn: You might have an invalid intra-link! Ignore this warning if it was intended.
'/website/book/qualityAssurance/print.html' found in file 'C:\repos\nus-cs2103-AY2021S1\cs2103-website\book\index.md'
2021-01-29T10:06:10.852Z - warn: You might have an invalid intra-link! Ignore this warning if it was intended.
'/website/book/testing/print.html' found in file 'C:\repos\nus-cs2103-AY2021S1\cs2103-website\book\index.md'
2021-01-29T10:06:10.853Z - warn: You might have an invalid intra-link! Ignore this warning if it was intended.
'/website/book/testCaseDesign/print.html' found in file 'C:\repos\nus-cs2103-AY2021S1\cs2103-website\book\index.md'
2021-01-29T10:06:10.853Z - warn: You might have an invalid intra-link! Ignore this warning if it was intended.
'/website/book/revisionControl/print.html' found in file 'C:\repos\nus-cs2103-AY2021S1\cs2103-website\book\index.md'
2021-01-29T10:06:10.854Z - warn: You might have an invalid intra-link! Ignore this warning if it was intended.
'/website/book/projectPlanning/print.html' found in file 'C:\repos\nus-cs2103-AY2021S1\cs2103-website\book\index.md'
2021-01-29T10:06:10.855Z - warn: You might have an invalid intra-link! Ignore this warning if it was intended.
'/website/book/teamwork/print.html' found in file 'C:\repos\nus-cs2103-AY2021S1\cs2103-website\book\index.md'
2021-01-29T10:06:10.855Z - warn: You might have an invalid intra-link! Ignore this warning if it was intended.
'/website/book/processModels/print.html' found in file 'C:\repos\nus-cs2103-AY2021S1\cs2103-website\book\index.md'
2021-01-29T10:06:10.856Z - warn: You might have an invalid intra-link! Ignore this warning if it was intended.
'/website/book/uml/print.html' found in file 'C:\repos\nus-cs2103-AY2021S1\cs2103-website\book\index.md'
2021-01-29T10:06:10.857Z - warn: You might have an invalid intra-link! Ignore this warning if it was intended.
'/website/book/intellij/print.html' found in file 'C:\repos\nus-cs2103-AY2021S1\cs2103-website\book\index.md'
2021-01-29T10:06:10.857Z - warn: You might have an invalid intra-link! Ignore this warning if it was intended.
'/website/book/gitAndGithub/print.html' found in file 'C:\repos\nus-cs2103-AY2021S1\cs2103-website\book\index.md'
2021-01-29T10:06:10.859Z - warn: You might have an invalid intra-link! Ignore this warning if it was intended.
'/website/book/principles/print.html' found in file 'C:\repos\nus-cs2103-AY2021S1\cs2103-website\book\index.md'
2021-01-29T10:06:10.860Z - warn: You might have an invalid intra-link! Ignore this warning if it was intended.
'/website/book/cppToJava/print.html' found in file 'C:\repos\nus-cs2103-AY2021S1\cs2103-website\book\index.md'
2021-01-29T10:06:10.860Z - warn: You might have an invalid intra-link! Ignore this warning if it was intended.
'/website/book/common/definitions.html' found in file 'C:\repos\nus-cs2103-AY2021S1\cs2103-website\book\index.md'
2021-01-29T10:06:10.861Z - warn: You might have an invalid intra-link! Ignore this warning if it was intended.
'/website/book/common/references.html' found in file 'C:\repos\nus-cs2103-AY2021S1\cs2103-website\book\index.md'
2021-01-29T10:06:10.861Z - warn: You might have an invalid intra-link! Ignore this warning if it was intended.
'/website/book/common/outcomes.html' found in file 'C:\repos\nus-cs2103-AY2021S1\cs2103-website\book\index.md'
2021-01-29T10:06:10.862Z - warn: You might have an invalid intra-link! Ignore this warning if it was intended.
'/website/book/common/print.html' found in file 'C:\repos\nus-cs2103-AY2021S1\cs2103-website\book\index.md'
2021-01-29T10:08:26.079Z - debug:  
2021-01-29T10:08:43.423Z - debug:  
2021-01-29T10:08:43.424Z - debug:  
2021-01-29T10:08:53.900Z - info: Pages built
2021-01-29T10:08:54.506Z - info: Site data built
2021-01-29T10:08:54.506Z - info: Website generation complete! Total build time: 258.189s
2021-01-29T10:08:54.506Z - info: Build success!
2021-01-29T10:09:00.881Z - info: Deployed at https://nus-cs2103-ay2021s2.github.io/website!
2021-01-29T10:13:31.754Z - info: Website generation (lazy) started at 6:13:25 PM
2021-01-29T10:13:43.434Z - info: Building assets...
2021-01-29T10:13:50.314Z - info: Assets built
2021-01-29T10:13:50.315Z - info: Generating landing page...
2021-01-29T10:13:51.387Z - info: Landing page built, other pages will be built as you navigate to them!
2021-01-29T10:13:51.808Z - info: Site data built
2021-01-29T10:13:51.808Z - info: Website generation (lazy) complete! Total build time: 26.36s
2021-01-29T10:13:53.440Z - info: Serving "C:\repos\nus-cs2103-AY2021S1\cs2103-website\_site" at http://127.0.0.1:8080
2021-01-29T10:13:53.441Z - info: Press CTRL+C to stop ...
2021-01-29T10:17:09.740Z - info: Building C:\repos\nus-cs2103-AY2021S1\cs2103-website\admin\teamList as some of its dependencies were changed since the last visit
2021-01-29T10:17:10.528Z - info: Site data built
2021-01-29T10:17:10.528Z - info: Lazy website regeneration complete! Total build time: 0.79s
2021-01-29T10:19:43.089Z - info: [6:19:43 PM] Reload for file change: C:\repos\nus-cs2103-AY2021S1\cs2103-website\_module-TIC4002\studentData.mbdf
2021-01-29T10:19:44.100Z - info: Rebuilding 1 pages
2021-01-29T10:19:44.613Z - info: Site data built
2021-01-29T10:19:44.613Z - info: Pages rebuilt
2021-01-29T10:19:44.613Z - info: Website regeneration complete! Total build time: 0.519s
2021-01-29T10:19:54.854Z - info: [6:19:54 PM] Reload for file change: C:\repos\nus-cs2103-AY2021S1\cs2103-website\_module-TIC2002\studentData.mbdf
2021-01-29T10:19:55.886Z - info: Assets built
2021-01-29T10:21:05.432Z - info: Website generation (lazy) started at 6:21:01 PM
2021-01-29T10:21:16.929Z - info: Building assets...
2021-01-29T10:21:24.611Z - info: Assets built
2021-01-29T10:21:24.611Z - info: Generating landing page...
2021-01-29T10:21:25.773Z - info: Landing page built, other pages will be built as you navigate to them!
2021-01-29T10:21:26.241Z - info: Site data built
2021-01-29T10:21:26.241Z - info: Website generation (lazy) complete! Total build time: 24.412s
2021-01-29T10:21:27.196Z - info: Serving "C:\repos\nus-cs2103-AY2021S1\cs2103-website\_site" at http://127.0.0.1:8080
2021-01-29T10:21:27.196Z - info: Press CTRL+C to stop ...
2021-01-29T10:21:35.860Z - info: Building C:\repos\nus-cs2103-AY2021S1\cs2103-website\admin\teamList as some of its dependencies were changed since the last visit
2021-01-29T10:21:38.417Z - info: Site data built
2021-01-29T10:21:38.417Z - info: Lazy website regeneration complete! Total build time: 2.557s
2021-01-29T10:22:09.629Z - info: [6:22:09 PM] Reload for file change: C:\repos\nus-cs2103-AY2021S1\cs2103-website\_module-TIC4002\studentData.mbdf
2021-01-29T10:22:10.639Z - info: Rebuilding 1 pages
2021-01-29T10:22:11.183Z - info: Site data built
2021-01-29T10:22:11.183Z - info: Pages rebuilt
2021-01-29T10:22:11.183Z - info: Website regeneration complete! Total build time: 0.548s
2021-01-29T10:22:12.339Z - info: Building C:\repos\nus-cs2103-AY2021S1\cs2103-website\index as some of its dependencies were changed since the last visit
2021-01-29T10:22:13.276Z - info: Site data built
2021-01-29T10:22:13.277Z - info: Lazy website regeneration complete! Total build time: 0.937s
2021-01-29T10:23:24.193Z - info: Website generation started at 6:23:20 PM
2021-01-29T10:23:37.177Z - info: Building assets...
