2020-12-27T16:02:13.900Z - info: [12:02:13 AM] Reload for file change: C:\repos\nus-cs2103-AY2021S1\cs2103-website\admin\tp-testing.mbdf
2020-12-27T16:02:13.954Z - info: [12:02:13 AM] Reload for file change: C:\repos\nus-cs2103-AY2021S1\cs2103-website\admin\tp-testing.mbdf
2020-12-27T16:02:14.945Z - info: Rebuilding 1 pages
2020-12-27T16:02:16.780Z - info: Site data built
2020-12-27T16:02:16.783Z - info: Pages rebuilt
2020-12-27T16:02:16.783Z - info: Website regeneration complete! Total build time: 1.847s
2020-12-27T16:03:09.674Z - info: [12:03:09 AM] Reload for file change: C:\repos\nus-cs2103-AY2021S1\cs2103-website\admin\tp-testing.mbdf
2020-12-27T16:03:10.686Z - info: Rebuilding 1 pages
2020-12-27T16:03:12.619Z - info: Site data built
2020-12-27T16:03:12.620Z - info: Pages rebuilt
2020-12-27T16:03:12.620Z - info: Website regeneration complete! Total build time: 1.94s
2020-12-27T16:03:19.432Z - info: [12:03:19 AM] Reload for file change: C:\repos\nus-cs2103-AY2021S1\cs2103-website\admin\tp-testing.mbdf
2020-12-27T16:03:20.443Z - info: Rebuilding 1 pages
2020-12-27T16:03:21.886Z - info: Site data built
2020-12-27T16:03:21.886Z - info: Pages rebuilt
2020-12-27T16:03:21.886Z - info: Website regeneration complete! Total build time: 1.448s
2020-12-27T16:03:30.172Z - info: [12:03:30 AM] Reload for file change: C:\repos\nus-cs2103-AY2021S1\cs2103-website\admin\tp-testing.mbdf
2020-12-27T16:03:31.183Z - info: Rebuilding 1 pages
2020-12-27T16:03:32.608Z - info: Site data built
2020-12-27T16:03:32.608Z - info: Pages rebuilt
2020-12-27T16:03:32.608Z - info: Website regeneration complete! Total build time: 1.426s
2020-12-27T16:04:02.206Z - info: [12:04:02 AM] Reload for file change: C:\repos\nus-cs2103-AY2021S1\cs2103-website\admin\tp-testing.mbdf
2020-12-27T16:04:03.216Z - info: Rebuilding 1 pages
2020-12-27T16:04:04.889Z - info: Site data built
2020-12-27T16:04:04.890Z - info: Pages rebuilt
2020-12-27T16:04:04.890Z - info: Website regeneration complete! Total build time: 1.675s
2020-12-27T16:04:20.408Z - info: [12:04:20 AM] Reload for file change: C:\repos\nus-cs2103-AY2021S1\cs2103-website\admin\tp-testing.mbdf
2020-12-27T16:04:21.424Z - info: Rebuilding 1 pages
2020-12-27T16:04:22.875Z - info: Site data built
2020-12-27T16:04:22.876Z - info: Pages rebuilt
2020-12-27T16:04:22.876Z - info: Website regeneration complete! Total build time: 1.455s
2020-12-27T16:05:27.257Z - info: [12:05:27 AM] Reload for file change: C:\repos\nus-cs2103-AY2021S1\cs2103-website\admin\tp-testing.mbdf
2020-12-27T16:05:28.266Z - info: Rebuilding 1 pages
2020-12-27T16:05:30.013Z - info: Site data built
2020-12-27T16:05:30.014Z - info: Pages rebuilt
2020-12-27T16:05:30.016Z - info: Website regeneration complete! Total build time: 1.755s
2020-12-27T16:05:46.411Z - info: [12:05:46 AM] Reload for file change: C:\repos\nus-cs2103-AY2021S1\cs2103-website\admin\tp-testing.mbdf
2020-12-27T16:05:47.414Z - info: Rebuilding 1 pages
2020-12-27T16:05:48.997Z - info: Site data built
2020-12-27T16:05:48.998Z - info: Pages rebuilt
2020-12-27T16:05:48.999Z - info: Website regeneration complete! Total build time: 1.586s
2020-12-27T16:05:54.218Z - info: [12:05:54 AM] Reload for file change: C:\repos\nus-cs2103-AY2021S1\cs2103-website\admin\tp-testing.mbdf
2020-12-27T16:05:55.232Z - info: Rebuilding 1 pages
2020-12-27T16:05:56.579Z - info: Site data built
2020-12-27T16:05:56.579Z - info: Pages rebuilt
2020-12-27T16:05:56.580Z - info: Website regeneration complete! Total build time: 1.352s
2020-12-27T16:06:09.500Z - info: [12:06:09 AM] Reload for file change: C:\repos\nus-cs2103-AY2021S1\cs2103-website\admin\tp-testing.mbdf
2020-12-27T16:06:10.518Z - info: Rebuilding 1 pages
2020-12-27T16:06:11.915Z - info: Site data built
2020-12-27T16:06:11.916Z - info: Pages rebuilt
2020-12-27T16:06:11.916Z - info: Website regeneration complete! Total build time: 1.402s
2020-12-27T16:06:49.460Z - info: [12:06:49 AM] Reload for file change: C:\repos\nus-cs2103-AY2021S1\cs2103-website\admin\tp-testing.mbdf
2020-12-27T16:06:50.467Z - info: Rebuilding 1 pages
2020-12-27T16:06:51.915Z - info: Site data built
2020-12-27T16:06:51.916Z - info: Pages rebuilt
2020-12-27T16:06:51.916Z - info: Website regeneration complete! Total build time: 1.451s
2020-12-27T16:06:57.749Z - info: [12:06:57 AM] Reload for file change: C:\repos\nus-cs2103-AY2021S1\cs2103-website\admin\tp-testing.mbdf
2020-12-27T16:06:58.766Z - info: Rebuilding 1 pages
2020-12-27T16:07:00.515Z - info: Site data built
2020-12-27T16:07:00.516Z - info: Pages rebuilt
2020-12-27T16:07:00.516Z - info: Website regeneration complete! Total build time: 1.751s
2020-12-27T16:07:45.410Z - info: [12:07:45 AM] Reload for file change: C:\repos\nus-cs2103-AY2021S1\cs2103-website\admin\tp-testing.mbdf
2020-12-27T16:07:46.424Z - info: Rebuilding 1 pages
2020-12-27T16:07:47.839Z - info: Site data built
2020-12-27T16:07:47.840Z - info: Pages rebuilt
2020-12-27T16:07:47.840Z - info: Website regeneration complete! Total build time: 1.425s
2020-12-27T16:09:19.567Z - info: [12:09:19 AM] Reload for file change: C:\repos\nus-cs2103-AY2021S1\cs2103-website\admin\tp-testing.mbdf
2020-12-27T16:09:20.593Z - info: Rebuilding 1 pages
2020-12-27T16:09:22.128Z - info: Site data built
2020-12-27T16:09:22.128Z - info: Pages rebuilt
2020-12-27T16:09:22.128Z - info: Website regeneration complete! Total build time: 1.537s
2020-12-27T16:14:33.937Z - info: [12:14:33 AM] Reload for file change: C:\repos\nus-cs2103-AY2021S1\cs2103-website\admin\tp-testing.mbdf
2020-12-27T16:14:34.950Z - info: Rebuilding 1 pages
2020-12-27T16:14:36.377Z - info: Site data built
2020-12-27T16:14:36.378Z - info: Pages rebuilt
2020-12-27T16:14:36.378Z - info: Website regeneration complete! Total build time: 1.432s
2020-12-27T16:17:39.060Z - info: [12:17:39 AM] Reload for file change: C:\repos\nus-cs2103-AY2021S1\cs2103-website\admin\tp-testing.mbdf
2020-12-27T16:17:40.067Z - info: Rebuilding 1 pages
2020-12-27T16:17:41.364Z - info: Site data built
2020-12-27T16:17:41.365Z - info: Pages rebuilt
2020-12-27T16:17:41.365Z - info: Website regeneration complete! Total build time: 1.299s
2020-12-27T16:20:27.410Z - info: [12:20:27 AM] Reload for file change: C:\repos\nus-cs2103-AY2021S1\cs2103-website\admin\tp-ped.mbdf
2020-12-27T16:20:28.417Z - info: Rebuilding 1 pages
2020-12-27T16:20:29.659Z - info: Site data built
2020-12-27T16:20:29.659Z - info: Pages rebuilt
2020-12-27T16:20:29.659Z - info: Website regeneration complete! Total build time: 1.246s
2020-12-27T16:20:44.282Z - info: [12:20:44 AM] Reload for file change: C:\repos\nus-cs2103-AY2021S1\cs2103-website\admin\tp-ped.mbdf
2020-12-27T16:20:45.302Z - info: Rebuilding 1 pages
2020-12-27T16:20:46.576Z - info: Site data built
2020-12-27T16:20:46.581Z - info: Pages rebuilt
2020-12-27T16:20:46.581Z - info: Website regeneration complete! Total build time: 1.283s
2020-12-27T16:22:18.800Z - info: Building C:\repos\nus-cs2103-AY2021S1\cs2103-website\admin\tutorials as some of its dependencies were changed since the last visit
2020-12-27T16:22:19.269Z - info: Site data built
2020-12-27T16:22:19.270Z - info: Lazy website regeneration complete! Total build time: 0.47s
2020-12-27T16:23:12.282Z - info: Building C:\repos\nus-cs2103-AY2021S1\cs2103-website\admin\tp-supervision as some of its dependencies were changed since the last visit
2020-12-27T16:23:12.604Z - info: Site data built
2020-12-27T16:23:12.604Z - info: Lazy website regeneration complete! Total build time: 0.322s
2020-12-27T16:24:10.214Z - info: [12:24:10 AM] Reload for file change: C:\repos\nus-cs2103-AY2021S1\cs2103-website\admin\tp-supervision.md
2020-12-27T16:24:11.232Z - info: Rebuilding 1 pages
2020-12-27T16:24:11.534Z - info: Site data built
2020-12-27T16:24:11.534Z - info: Pages rebuilt
2020-12-27T16:24:11.534Z - info: Website regeneration complete! Total build time: 0.308s
2020-12-27T16:25:01.936Z - info: [12:25:01 AM] Reload for file change: C:\repos\nus-cs2103-AY2021S1\cs2103-website\admin\tp-supervision.md
2020-12-27T16:25:02.949Z - info: Rebuilding 1 pages
2020-12-27T16:25:03.237Z - info: Site data built
2020-12-27T16:25:03.238Z - info: Pages rebuilt
2020-12-27T16:25:03.238Z - info: Website regeneration complete! Total build time: 0.293s
2020-12-27T16:25:41.793Z - info: [12:25:41 AM] Reload for file change: C:\repos\nus-cs2103-AY2021S1\cs2103-website\admin\tp-supervision.md
2020-12-27T16:25:42.824Z - info: Rebuilding 1 pages
2020-12-27T16:25:43.166Z - info: Site data built
2020-12-27T16:25:43.166Z - info: Pages rebuilt
2020-12-27T16:25:43.166Z - info: Website regeneration complete! Total build time: 0.343s
2020-12-27T16:39:23.836Z - info: Building C:\repos\nus-cs2103-AY2021S1\cs2103-website\admin\ip-overview as some of its dependencies were changed since the last visit
2020-12-27T16:39:24.318Z - info: Site data built
2020-12-27T16:39:24.318Z - info: Lazy website regeneration complete! Total build time: 0.492s
2020-12-27T16:39:30.173Z - info: Building C:\repos\nus-cs2103-AY2021S1\cs2103-website\se-book-adapted\projectDuke\index as some of its dependencies were changed since the last visit
2020-12-27T16:39:31.157Z - info: Site data built
2020-12-27T16:39:31.157Z - info: Lazy website regeneration complete! Total build time: 0.985s
2020-12-27T16:40:59.981Z - info: [12:40:59 AM] Reload for file change: C:\repos\nus-cs2103-AY2021S1\cs2103-website\programming\monty\monty.mbdf
2020-12-27T16:40:59.997Z - info: [12:40:59 AM] Reload for file change: C:\repos\nus-cs2103-AY2021S1\cs2103-website\book\projectDuke\text.md
2020-12-27T16:41:01.010Z - info: Rebuilding 1 pages
2020-12-27T16:41:01.740Z - info: Assets built
2020-12-27T16:41:01.743Z - info: Site data built
2020-12-27T16:41:01.743Z - info: Pages rebuilt
2020-12-27T16:41:01.743Z - info: Website regeneration complete! Total build time: 0.737s
2020-12-27T16:42:06.839Z - info: [12:42:06 AM] Reload for file change: C:\repos\nus-cs2103-AY2021S1\cs2103-website\programming\monty\monty.mbdf
2020-12-27T16:42:06.841Z - info: [12:42:06 AM] Reload for file change: C:\repos\nus-cs2103-AY2021S1\cs2103-website\book\projectDuke\text.md
2020-12-27T16:42:07.849Z - info: Rebuilding 1 pages
2020-12-27T16:42:08.614Z - info: Site data built
2020-12-27T16:42:08.616Z - info: Pages rebuilt
2020-12-27T16:42:08.616Z - info: Website regeneration complete! Total build time: 0.769s
2020-12-27T16:42:08.618Z - info: Assets built
2020-12-27T16:47:05.869Z - info: Building C:\repos\nus-cs2103-AY2021S1\cs2103-website\admin\index as some of its dependencies were changed since the last visit
2020-12-27T16:47:06.751Z - info: Site data built
2020-12-27T16:47:06.752Z - info: Lazy website regeneration complete! Total build time: 0.883s
2020-12-27T16:47:13.004Z - info: Building C:\repos\nus-cs2103-AY2021S1\cs2103-website\admin\tp-expectations as some of its dependencies were changed since the last visit
2020-12-27T16:47:13.476Z - info: Site data built
2020-12-27T16:47:13.476Z - info: Lazy website regeneration complete! Total build time: 0.473s
2020-12-27T16:50:25.992Z - info: [12:50:25 AM] Reload for file change: C:\repos\nus-cs2103-AY2021S1\cs2103-website\admin\tp-expectations.md
2020-12-27T16:50:27.000Z - info: Rebuilding 1 pages
2020-12-27T16:50:27.491Z - info: Site data built
2020-12-27T16:50:27.492Z - info: Pages rebuilt
2020-12-27T16:50:27.492Z - info: Website regeneration complete! Total build time: 0.493s
2020-12-27T16:56:45.360Z - info: [12:56:45 AM] Reload for file change: C:\repos\nus-cs2103-AY2021S1\cs2103-website\admin\tp-expectations.md
2020-12-27T16:56:46.368Z - info: Rebuilding 1 pages
2020-12-27T16:56:46.808Z - info: Site data built
2020-12-27T16:56:46.808Z - info: Pages rebuilt
2020-12-27T16:56:46.808Z - info: Website regeneration complete! Total build time: 0.442s
2020-12-27T16:56:53.341Z - info: [12:56:53 AM] Reload for file change: C:\repos\nus-cs2103-AY2021S1\cs2103-website\admin\tp-expectations.md
2020-12-27T16:56:54.352Z - info: Rebuilding 1 pages
2020-12-27T16:56:54.882Z - info: Site data built
2020-12-27T16:56:54.882Z - info: Pages rebuilt
2020-12-27T16:56:54.882Z - info: Website regeneration complete! Total build time: 0.533s
2020-12-27T16:57:42.513Z - info: [12:57:42 AM] Reload for file change: C:\repos\nus-cs2103-AY2021S1\cs2103-website\admin\tp-expectations.md
2020-12-27T16:57:43.521Z - info: Rebuilding 1 pages
2020-12-27T16:57:43.924Z - info: Site data built
2020-12-27T16:57:43.925Z - info: Pages rebuilt
2020-12-27T16:57:43.925Z - info: Website regeneration complete! Total build time: 0.406s
2020-12-27T16:59:12.553Z - info: [12:59:12 AM] Reload for file change: C:\repos\nus-cs2103-AY2021S1\cs2103-website\admin\tp-expectations.md
2020-12-27T16:59:13.586Z - info: Rebuilding 1 pages
2020-12-27T16:59:14.049Z - info: Site data built
2020-12-27T16:59:14.050Z - info: Pages rebuilt
2020-12-27T16:59:14.050Z - info: Website regeneration complete! Total build time: 0.468s
2020-12-27T17:01:13.231Z - info: [1:01:13 AM] Reload for file change: C:\repos\nus-cs2103-AY2021S1\cs2103-website\admin\tp-expectations.md
2020-12-27T17:01:14.240Z - info: Rebuilding 1 pages
2020-12-27T17:01:14.677Z - info: Site data built
2020-12-27T17:01:14.677Z - info: Pages rebuilt
2020-12-27T17:01:14.677Z - info: Website regeneration complete! Total build time: 0.44s
2020-12-27T17:02:28.157Z - info: [1:02:28 AM] Reload for file change: C:\repos\nus-cs2103-AY2021S1\cs2103-website\admin\tp-expectations.md
2020-12-27T17:02:29.165Z - info: Rebuilding 1 pages
2020-12-27T17:02:29.830Z - info: Site data built
2020-12-27T17:02:29.831Z - info: Pages rebuilt
2020-12-27T17:02:29.831Z - info: Website regeneration complete! Total build time: 0.669s
2020-12-27T17:06:28.123Z - info: [1:06:28 AM] Reload for file change: C:\repos\nus-cs2103-AY2021S1\cs2103-website\admin\tp-expectations.md
2020-12-27T17:06:29.128Z - info: Rebuilding 1 pages
2020-12-27T17:06:29.486Z - info: Site data built
2020-12-27T17:06:29.486Z - info: Pages rebuilt
2020-12-27T17:06:29.486Z - info: Website regeneration complete! Total build time: 0.359s
2020-12-27T17:07:02.677Z - info: [1:07:02 AM] Reload for file change: C:\repos\nus-cs2103-AY2021S1\cs2103-website\admin\tp-expectations.md
2020-12-27T17:07:03.686Z - info: Rebuilding 1 pages
2020-12-27T17:07:04.214Z - info: Site data built
2020-12-27T17:07:04.214Z - info: Pages rebuilt
2020-12-27T17:07:04.214Z - info: Website regeneration complete! Total build time: 0.529s
2020-12-27T17:11:35.111Z - info: [1:11:35 AM] Reload for file change: C:\repos\nus-cs2103-AY2021S1\cs2103-website\admin\tp-expectations.md
2020-12-27T17:11:36.125Z - info: Rebuilding 1 pages
2020-12-27T17:11:36.634Z - info: Site data built
2020-12-27T17:11:36.634Z - info: Pages rebuilt
2020-12-27T17:11:36.634Z - info: Website regeneration complete! Total build time: 0.513s
2020-12-27T17:12:03.378Z - info: [1:12:03 AM] Reload for file change: C:\repos\nus-cs2103-AY2021S1\cs2103-website\admin\tp-expectations.md
2020-12-27T17:12:04.390Z - info: Rebuilding 1 pages
2020-12-27T17:12:04.867Z - info: Site data built
2020-12-27T17:12:04.867Z - info: Pages rebuilt
2020-12-27T17:12:04.867Z - info: Website regeneration complete! Total build time: 0.48s
2020-12-27T17:12:36.388Z - info: [1:12:36 AM] Reload for file change: C:\repos\nus-cs2103-AY2021S1\cs2103-website\admin\tp-expectations.md
2020-12-27T17:12:37.406Z - info: Rebuilding 1 pages
2020-12-27T17:12:37.846Z - info: Site data built
2020-12-27T17:12:37.847Z - info: Pages rebuilt
2020-12-27T17:12:37.847Z - info: Website regeneration complete! Total build time: 0.449s
2020-12-27T17:14:18.476Z - info: [1:14:18 AM] Reload for file change: C:\repos\nus-cs2103-AY2021S1\cs2103-website\admin\tp-expectations.md
2020-12-27T17:14:19.485Z - info: Rebuilding 1 pages
2020-12-27T17:14:19.940Z - info: Site data built
2020-12-27T17:14:19.940Z - info: Pages rebuilt
2020-12-27T17:14:19.940Z - info: Website regeneration complete! Total build time: 0.458s
2020-12-27T17:14:56.897Z - info: [1:14:56 AM] Reload for file change: C:\repos\nus-cs2103-AY2021S1\cs2103-website\admin\tp-expectations.md
2020-12-27T17:14:57.907Z - info: Rebuilding 1 pages
2020-12-27T17:14:58.507Z - info: Site data built
2020-12-27T17:14:58.507Z - info: Pages rebuilt
2020-12-27T17:14:58.507Z - info: Website regeneration complete! Total build time: 0.603s
2020-12-27T17:15:35.707Z - info: Building C:\repos\nus-cs2103-AY2021S1\cs2103-website\admin\tp-grading as some of its dependencies were changed since the last visit
2020-12-27T17:15:36.374Z - info: Site data built
2020-12-27T17:15:36.374Z - info: Lazy website regeneration complete! Total build time: 0.668s
2020-12-27T17:21:19.014Z - info: Building C:\repos\nus-cs2103-AY2021S1\cs2103-website\admin\tp-w3 as some of its dependencies were changed since the last visit
2020-12-27T17:21:19.988Z - info: Site data built
2020-12-27T17:21:19.989Z - info: Lazy website regeneration complete! Total build time: 0.976s
2020-12-27T17:21:26.061Z - info: Building C:\repos\nus-cs2103-AY2021S1\cs2103-website\admin\tp-w4 as some of its dependencies were changed since the last visit
2020-12-27T17:21:27.161Z - info: Site data built
2020-12-27T17:21:27.162Z - info: Lazy website regeneration complete! Total build time: 1.102s
2020-12-27T17:22:44.436Z - info: [1:22:44 AM] Reload for file change: C:\repos\nus-cs2103-AY2021S1\cs2103-website\admin\tp-expectations.md
2020-12-27T17:22:45.457Z - info: Rebuilding 1 pages
2020-12-27T17:22:46.673Z - info: Site data built
2020-12-27T17:22:46.673Z - info: Pages rebuilt
2020-12-27T17:22:46.673Z - info: Website regeneration complete! Total build time: 1.221s
2020-12-27T17:25:38.219Z - info: Website generation started at 1:25:34 AM
2020-12-27T17:25:49.469Z - info: Building assets...
2020-12-27T17:25:55.938Z - info: Assets built
2020-12-27T17:25:55.938Z - info: Generating pages...
2020-12-27T17:26:10.693Z - debug:  
2020-12-27T17:26:10.693Z - debug:  
2020-12-27T17:26:10.693Z - debug:  
2020-12-27T17:26:10.694Z - debug:  
2020-12-27T17:26:10.694Z - debug:  
2020-12-27T17:26:12.691Z - debug:  
2020-12-27T17:26:50.731Z - warn: You might have an invalid intra-link! Ignore this warning if it was intended.
'/website/book/about/usage.html' found in file 'C:\repos\nus-cs2103-AY2021S1\cs2103-website\book\index.md'
2020-12-27T17:26:50.738Z - warn: You might have an invalid intra-link! Ignore this warning if it was intended.
'/website/book/softwareEngineering/print.html' found in file 'C:\repos\nus-cs2103-AY2021S1\cs2103-website\book\index.md'
2020-12-27T17:26:50.740Z - warn: You might have an invalid intra-link! Ignore this warning if it was intended.
'/website/book/oop/print.html' found in file 'C:\repos\nus-cs2103-AY2021S1\cs2103-website\book\index.md'
2020-12-27T17:26:50.741Z - warn: You might have an invalid intra-link! Ignore this warning if it was intended.
'/website/book/requirements/print.html' found in file 'C:\repos\nus-cs2103-AY2021S1\cs2103-website\book\index.md'
2020-12-27T17:26:50.743Z - warn: You might have an invalid intra-link! Ignore this warning if it was intended.
'/website/book/gatheringRequirements/print.html' found in file 'C:\repos\nus-cs2103-AY2021S1\cs2103-website\book\index.md'
2020-12-27T17:26:50.744Z - warn: You might have an invalid intra-link! Ignore this warning if it was intended.
'/website/book/specifyingRequirements/print.html' found in file 'C:\repos\nus-cs2103-AY2021S1\cs2103-website\book\index.md'
2020-12-27T17:26:50.745Z - warn: You might have an invalid intra-link! Ignore this warning if it was intended.
'/website/book/design/print.html' found in file 'C:\repos\nus-cs2103-AY2021S1\cs2103-website\book\index.md'
2020-12-27T17:26:50.746Z - warn: You might have an invalid intra-link! Ignore this warning if it was intended.
'/website/book/designFundamentals/print.html' found in file 'C:\repos\nus-cs2103-AY2021S1\cs2103-website\book\index.md'
2020-12-27T17:26:50.747Z - warn: You might have an invalid intra-link! Ignore this warning if it was intended.
'/website/book/modeling/print.html' found in file 'C:\repos\nus-cs2103-AY2021S1\cs2103-website\book\index.md'
2020-12-27T17:26:50.749Z - warn: You might have an invalid intra-link! Ignore this warning if it was intended.
'/website/book/architecture/print.html' found in file 'C:\repos\nus-cs2103-AY2021S1\cs2103-website\book\index.md'
2020-12-27T17:26:50.751Z - warn: You might have an invalid intra-link! Ignore this warning if it was intended.
'/website/book/designPatterns/print.html' found in file 'C:\repos\nus-cs2103-AY2021S1\cs2103-website\book\index.md'
2020-12-27T17:26:50.752Z - warn: You might have an invalid intra-link! Ignore this warning if it was intended.
'/website/book/designApproaches/print.html' found in file 'C:\repos\nus-cs2103-AY2021S1\cs2103-website\book\index.md'
2020-12-27T17:26:50.754Z - warn: You might have an invalid intra-link! Ignore this warning if it was intended.
'/website/book/ides/print.html' found in file 'C:\repos\nus-cs2103-AY2021S1\cs2103-website\book\index.md'
2020-12-27T17:26:50.755Z - warn: You might have an invalid intra-link! Ignore this warning if it was intended.
'/website/book/codeQuality/print.html' found in file 'C:\repos\nus-cs2103-AY2021S1\cs2103-website\book\index.md'
2020-12-27T17:26:50.756Z - warn: You might have an invalid intra-link! Ignore this warning if it was intended.
'/website/book/refactoring/print.html' found in file 'C:\repos\nus-cs2103-AY2021S1\cs2103-website\book\index.md'
2020-12-27T17:26:50.757Z - warn: You might have an invalid intra-link! Ignore this warning if it was intended.
'/website/book/documentation/print.html' found in file 'C:\repos\nus-cs2103-AY2021S1\cs2103-website\book\index.md'
2020-12-27T17:26:50.759Z - warn: You might have an invalid intra-link! Ignore this warning if it was intended.
'/website/book/errorHandling/print.html' found in file 'C:\repos\nus-cs2103-AY2021S1\cs2103-website\book\index.md'
2020-12-27T17:26:50.760Z - warn: You might have an invalid intra-link! Ignore this warning if it was intended.
'/website/book/integration/print.html' found in file 'C:\repos\nus-cs2103-AY2021S1\cs2103-website\book\index.md'
2020-12-27T17:26:50.761Z - warn: You might have an invalid intra-link! Ignore this warning if it was intended.
'/website/book/reuse/print.html' found in file 'C:\repos\nus-cs2103-AY2021S1\cs2103-website\book\index.md'
2020-12-27T17:26:50.762Z - warn: You might have an invalid intra-link! Ignore this warning if it was intended.
'/website/book/qualityAssurance/print.html' found in file 'C:\repos\nus-cs2103-AY2021S1\cs2103-website\book\index.md'
2020-12-27T17:26:50.764Z - warn: You might have an invalid intra-link! Ignore this warning if it was intended.
'/website/book/testing/print.html' found in file 'C:\repos\nus-cs2103-AY2021S1\cs2103-website\book\index.md'
2020-12-27T17:26:50.765Z - warn: You might have an invalid intra-link! Ignore this warning if it was intended.
'/website/book/testCaseDesign/print.html' found in file 'C:\repos\nus-cs2103-AY2021S1\cs2103-website\book\index.md'
2020-12-27T17:26:50.773Z - warn: You might have an invalid intra-link! Ignore this warning if it was intended.
'/website/book/revisionControl/print.html' found in file 'C:\repos\nus-cs2103-AY2021S1\cs2103-website\book\index.md'
2020-12-27T17:26:50.776Z - warn: You might have an invalid intra-link! Ignore this warning if it was intended.
'/website/book/projectPlanning/print.html' found in file 'C:\repos\nus-cs2103-AY2021S1\cs2103-website\book\index.md'
2020-12-27T17:26:50.778Z - warn: You might have an invalid intra-link! Ignore this warning if it was intended.
'/website/book/teamwork/print.html' found in file 'C:\repos\nus-cs2103-AY2021S1\cs2103-website\book\index.md'
2020-12-27T17:26:50.779Z - warn: You might have an invalid intra-link! Ignore this warning if it was intended.
'/website/book/processModels/print.html' found in file 'C:\repos\nus-cs2103-AY2021S1\cs2103-website\book\index.md'
2020-12-27T17:26:50.781Z - warn: You might have an invalid intra-link! Ignore this warning if it was intended.
'/website/book/uml/print.html' found in file 'C:\repos\nus-cs2103-AY2021S1\cs2103-website\book\index.md'
2020-12-27T17:26:50.786Z - warn: You might have an invalid intra-link! Ignore this warning if it was intended.
'/website/book/intellij/print.html' found in file 'C:\repos\nus-cs2103-AY2021S1\cs2103-website\book\index.md'
2020-12-27T17:26:50.787Z - warn: You might have an invalid intra-link! Ignore this warning if it was intended.
'/website/book/gitAndGithub/print.html' found in file 'C:\repos\nus-cs2103-AY2021S1\cs2103-website\book\index.md'
2020-12-27T17:26:50.790Z - warn: You might have an invalid intra-link! Ignore this warning if it was intended.
'/website/book/principles/print.html' found in file 'C:\repos\nus-cs2103-AY2021S1\cs2103-website\book\index.md'
2020-12-27T17:26:50.791Z - warn: You might have an invalid intra-link! Ignore this warning if it was intended.
'/website/book/cppToJava/print.html' found in file 'C:\repos\nus-cs2103-AY2021S1\cs2103-website\book\index.md'
2020-12-27T17:26:50.793Z - warn: You might have an invalid intra-link! Ignore this warning if it was intended.
'/website/book/common/definitions.html' found in file 'C:\repos\nus-cs2103-AY2021S1\cs2103-website\book\index.md'
2020-12-27T17:26:50.794Z - warn: You might have an invalid intra-link! Ignore this warning if it was intended.
'/website/book/common/references.html' found in file 'C:\repos\nus-cs2103-AY2021S1\cs2103-website\book\index.md'
2020-12-27T17:26:50.795Z - warn: You might have an invalid intra-link! Ignore this warning if it was intended.
'/website/book/common/outcomes.html' found in file 'C:\repos\nus-cs2103-AY2021S1\cs2103-website\book\index.md'
2020-12-27T17:26:50.795Z - warn: You might have an invalid intra-link! Ignore this warning if it was intended.
'/website/book/common/print.html' found in file 'C:\repos\nus-cs2103-AY2021S1\cs2103-website\book\index.md'
2020-12-27T17:28:41.544Z - warn: You might have an invalid intra-link! Ignore this warning if it was intended.
'/website/admin/x' found in file 'C:\repos\nus-cs2103-AY2021S1\cs2103-website\admin\tools.md'
2020-12-27T17:28:43.545Z - warn: You might have an invalid intra-link! Ignore this warning if it was intended.
'/website/admin/x' found in file 'C:\repos\nus-cs2103-AY2021S1\cs2103-website\admin\tools.md'
2020-12-27T17:28:50.176Z - debug:  
2020-12-27T17:29:05.300Z - debug:  
2020-12-27T17:29:05.301Z - debug:  
2020-12-27T17:29:07.077Z - warn: You might have an invalid intra-link! Ignore this warning if it was intended.
'/website/admin/x' found in file 'C:\repos\nus-cs2103-AY2021S1\cs2103-website\admin\tools.md'
2020-12-27T17:29:21.796Z - info: Pages built
2020-12-27T17:29:22.427Z - info: Site data built
2020-12-27T17:29:22.428Z - info: Website generation complete! Total build time: 227.835s
2020-12-27T17:29:22.428Z - info: Build success!
2020-12-27T17:29:29.017Z - info: Deployed at https://nus-cs2103-ay2021s2.github.io/website!
2020-12-27T17:31:25.552Z - info: Website generation (lazy) started at 1:31:19 AM
2020-12-27T17:31:39.016Z - info: Building assets...
2020-12-27T17:31:47.634Z - info: Assets built
2020-12-27T17:31:47.635Z - info: Generating landing page...
2020-12-27T17:31:48.549Z - info: Landing page built, other pages will be built as you navigate to them!
2020-12-27T17:31:49.055Z - info: Site data built
2020-12-27T17:31:49.055Z - info: Website generation (lazy) complete! Total build time: 29.927s
2020-12-27T17:31:50.029Z - info: Serving "C:\repos\nus-cs2103-AY2021S1\cs2103-website\_site" at http://127.0.0.1:8080
2020-12-27T17:31:50.030Z - info: Press CTRL+C to stop ...
2020-12-27T17:33:26.201Z - info: Website generation started at 1:33:22 AM
2020-12-27T17:33:36.988Z - info: Building assets...
2020-12-27T17:33:44.497Z - info: Assets built
2020-12-27T17:33:44.498Z - info: Generating pages...
2020-12-27T17:33:57.574Z - debug:  
2020-12-27T17:33:57.574Z - debug:  
2020-12-27T17:33:57.574Z - debug:  
2020-12-27T17:33:57.575Z - debug:  
2020-12-27T17:33:57.575Z - debug:  
2020-12-27T17:33:57.575Z - debug:  
2020-12-27T17:34:35.596Z - warn: You might have an invalid intra-link! Ignore this warning if it was intended.
'/website/book/about/usage.html' found in file 'C:\repos\nus-cs2103-AY2021S1\cs2103-website\book\index.md'
2020-12-27T17:34:35.600Z - warn: You might have an invalid intra-link! Ignore this warning if it was intended.
'/website/book/softwareEngineering/print.html' found in file 'C:\repos\nus-cs2103-AY2021S1\cs2103-website\book\index.md'
2020-12-27T17:34:35.602Z - warn: You might have an invalid intra-link! Ignore this warning if it was intended.
'/website/book/oop/print.html' found in file 'C:\repos\nus-cs2103-AY2021S1\cs2103-website\book\index.md'
2020-12-27T17:34:35.604Z - warn: You might have an invalid intra-link! Ignore this warning if it was intended.
'/website/book/requirements/print.html' found in file 'C:\repos\nus-cs2103-AY2021S1\cs2103-website\book\index.md'
2020-12-27T17:34:35.605Z - warn: You might have an invalid intra-link! Ignore this warning if it was intended.
'/website/book/gatheringRequirements/print.html' found in file 'C:\repos\nus-cs2103-AY2021S1\cs2103-website\book\index.md'
2020-12-27T17:34:35.606Z - warn: You might have an invalid intra-link! Ignore this warning if it was intended.
'/website/book/specifyingRequirements/print.html' found in file 'C:\repos\nus-cs2103-AY2021S1\cs2103-website\book\index.md'
2020-12-27T17:34:35.608Z - warn: You might have an invalid intra-link! Ignore this warning if it was intended.
'/website/book/design/print.html' found in file 'C:\repos\nus-cs2103-AY2021S1\cs2103-website\book\index.md'
2020-12-27T17:34:35.609Z - warn: You might have an invalid intra-link! Ignore this warning if it was intended.
'/website/book/designFundamentals/print.html' found in file 'C:\repos\nus-cs2103-AY2021S1\cs2103-website\book\index.md'
2020-12-27T17:34:35.610Z - warn: You might have an invalid intra-link! Ignore this warning if it was intended.
'/website/book/modeling/print.html' found in file 'C:\repos\nus-cs2103-AY2021S1\cs2103-website\book\index.md'
2020-12-27T17:34:35.611Z - warn: You might have an invalid intra-link! Ignore this warning if it was intended.
'/website/book/architecture/print.html' found in file 'C:\repos\nus-cs2103-AY2021S1\cs2103-website\book\index.md'
2020-12-27T17:34:35.612Z - warn: You might have an invalid intra-link! Ignore this warning if it was intended.
'/website/book/designPatterns/print.html' found in file 'C:\repos\nus-cs2103-AY2021S1\cs2103-website\book\index.md'
2020-12-27T17:34:35.614Z - warn: You might have an invalid intra-link! Ignore this warning if it was intended.
'/website/book/designApproaches/print.html' found in file 'C:\repos\nus-cs2103-AY2021S1\cs2103-website\book\index.md'
2020-12-27T17:34:35.615Z - warn: You might have an invalid intra-link! Ignore this warning if it was intended.
'/website/book/ides/print.html' found in file 'C:\repos\nus-cs2103-AY2021S1\cs2103-website\book\index.md'
2020-12-27T17:34:35.616Z - warn: You might have an invalid intra-link! Ignore this warning if it was intended.
'/website/book/codeQuality/print.html' found in file 'C:\repos\nus-cs2103-AY2021S1\cs2103-website\book\index.md'
2020-12-27T17:34:35.617Z - warn: You might have an invalid intra-link! Ignore this warning if it was intended.
'/website/book/refactoring/print.html' found in file 'C:\repos\nus-cs2103-AY2021S1\cs2103-website\book\index.md'
2020-12-27T17:34:35.619Z - warn: You might have an invalid intra-link! Ignore this warning if it was intended.
'/website/book/documentation/print.html' found in file 'C:\repos\nus-cs2103-AY2021S1\cs2103-website\book\index.md'
2020-12-27T17:34:35.620Z - warn: You might have an invalid intra-link! Ignore this warning if it was intended.
'/website/book/errorHandling/print.html' found in file 'C:\repos\nus-cs2103-AY2021S1\cs2103-website\book\index.md'
2020-12-27T17:34:35.621Z - warn: You might have an invalid intra-link! Ignore this warning if it was intended.
'/website/book/integration/print.html' found in file 'C:\repos\nus-cs2103-AY2021S1\cs2103-website\book\index.md'
2020-12-27T17:34:35.622Z - warn: You might have an invalid intra-link! Ignore this warning if it was intended.
'/website/book/reuse/print.html' found in file 'C:\repos\nus-cs2103-AY2021S1\cs2103-website\book\index.md'
2020-12-27T17:34:35.623Z - warn: You might have an invalid intra-link! Ignore this warning if it was intended.
'/website/book/qualityAssurance/print.html' found in file 'C:\repos\nus-cs2103-AY2021S1\cs2103-website\book\index.md'
2020-12-27T17:34:35.624Z - warn: You might have an invalid intra-link! Ignore this warning if it was intended.
'/website/book/testing/print.html' found in file 'C:\repos\nus-cs2103-AY2021S1\cs2103-website\book\index.md'
2020-12-27T17:34:35.626Z - warn: You might have an invalid intra-link! Ignore this warning if it was intended.
'/website/book/testCaseDesign/print.html' found in file 'C:\repos\nus-cs2103-AY2021S1\cs2103-website\book\index.md'
2020-12-27T17:34:35.628Z - warn: You might have an invalid intra-link! Ignore this warning if it was intended.
'/website/book/revisionControl/print.html' found in file 'C:\repos\nus-cs2103-AY2021S1\cs2103-website\book\index.md'
2020-12-27T17:34:35.629Z - warn: You might have an invalid intra-link! Ignore this warning if it was intended.
'/website/book/projectPlanning/print.html' found in file 'C:\repos\nus-cs2103-AY2021S1\cs2103-website\book\index.md'
2020-12-27T17:34:35.630Z - warn: You might have an invalid intra-link! Ignore this warning if it was intended.
'/website/book/teamwork/print.html' found in file 'C:\repos\nus-cs2103-AY2021S1\cs2103-website\book\index.md'
2020-12-27T17:34:35.631Z - warn: You might have an invalid intra-link! Ignore this warning if it was intended.
'/website/book/processModels/print.html' found in file 'C:\repos\nus-cs2103-AY2021S1\cs2103-website\book\index.md'
2020-12-27T17:34:35.632Z - warn: You might have an invalid intra-link! Ignore this warning if it was intended.
'/website/book/uml/print.html' found in file 'C:\repos\nus-cs2103-AY2021S1\cs2103-website\book\index.md'
2020-12-27T17:34:35.634Z - warn: You might have an invalid intra-link! Ignore this warning if it was intended.
'/website/book/intellij/print.html' found in file 'C:\repos\nus-cs2103-AY2021S1\cs2103-website\book\index.md'
2020-12-27T17:34:35.635Z - warn: You might have an invalid intra-link! Ignore this warning if it was intended.
'/website/book/gitAndGithub/print.html' found in file 'C:\repos\nus-cs2103-AY2021S1\cs2103-website\book\index.md'
2020-12-27T17:34:35.636Z - warn: You might have an invalid intra-link! Ignore this warning if it was intended.
'/website/book/principles/print.html' found in file 'C:\repos\nus-cs2103-AY2021S1\cs2103-website\book\index.md'
2020-12-27T17:34:35.638Z - warn: You might have an invalid intra-link! Ignore this warning if it was intended.
'/website/book/cppToJava/print.html' found in file 'C:\repos\nus-cs2103-AY2021S1\cs2103-website\book\index.md'
2020-12-27T17:34:35.639Z - warn: You might have an invalid intra-link! Ignore this warning if it was intended.
'/website/book/common/definitions.html' found in file 'C:\repos\nus-cs2103-AY2021S1\cs2103-website\book\index.md'
2020-12-27T17:34:35.639Z - warn: You might have an invalid intra-link! Ignore this warning if it was intended.
'/website/book/common/references.html' found in file 'C:\repos\nus-cs2103-AY2021S1\cs2103-website\book\index.md'
2020-12-27T17:34:35.640Z - warn: You might have an invalid intra-link! Ignore this warning if it was intended.
'/website/book/common/outcomes.html' found in file 'C:\repos\nus-cs2103-AY2021S1\cs2103-website\book\index.md'
2020-12-27T17:34:35.641Z - warn: You might have an invalid intra-link! Ignore this warning if it was intended.
'/website/book/common/print.html' found in file 'C:\repos\nus-cs2103-AY2021S1\cs2103-website\book\index.md'
2020-12-27T17:35:57.239Z - warn: You might have an invalid intra-link! Ignore this warning if it was intended.
'/website/week7/topics.html' found in file 'C:\repos\nus-cs2103-AY2021S1\cs2103-website\admin\common-commentary.mbdf'
2020-12-27T17:36:25.874Z - warn: You might have an invalid intra-link! Ignore this warning if it was intended.
'/website/admin/x' found in file 'C:\repos\nus-cs2103-AY2021S1\cs2103-website\admin\tools.md'
2020-12-27T17:36:29.355Z - warn: You might have an invalid intra-link! Ignore this warning if it was intended.
'/website/admin/x' found in file 'C:\repos\nus-cs2103-AY2021S1\cs2103-website\admin\tools.md'
2020-12-27T17:36:38.238Z - debug:  
2020-12-27T17:36:54.254Z - debug:  
2020-12-27T17:36:54.254Z - debug:  
2020-12-27T17:36:56.067Z - warn: You might have an invalid intra-link! Ignore this warning if it was intended.
'/website/admin/x' found in file 'C:\repos\nus-cs2103-AY2021S1\cs2103-website\admin\tools.md'
2020-12-27T17:37:06.278Z - info: Pages built
2020-12-27T17:37:06.866Z - info: Site data built
2020-12-27T17:37:06.866Z - info: Website generation complete! Total build time: 223.995s
2020-12-27T17:37:06.866Z - info: Build success!
2020-12-27T17:37:14.635Z - info: Deployed at https://nus-cs2113-ay2021s2.github.io/website!
2020-12-28T12:35:00.382Z - info: Website generation (lazy) started at 8:34:53 PM
2020-12-28T12:35:13.504Z - info: Building assets...
2020-12-28T12:35:25.511Z - info: Assets built
2020-12-28T12:35:25.512Z - info: Generating landing page...
2020-12-28T12:35:26.454Z - info: Landing page built, other pages will be built as you navigate to them!
2020-12-28T12:35:27.234Z - info: Site data built
2020-12-28T12:35:27.234Z - info: Website generation (lazy) complete! Total build time: 33.619s
2020-12-28T12:35:28.104Z - info: Serving "C:\repos\nus-cs2103-AY2021S1\cs2103-website\_site" at http://127.0.0.1:8080
2020-12-28T12:35:28.104Z - info: Press CTRL+C to stop ...
2020-12-28T12:38:34.836Z - info: [8:38:34 PM] Reload for file change: C:\repos\nus-cs2103-AY2021S1\cs2103-website\admin\tp-tasks.mbdf
2020-12-28T12:38:35.881Z - info: Assets built
2020-12-28T12:38:46.792Z - info: Building C:\repos\nus-cs2103-AY2021S1\cs2103-website\admin\tp-w11 as some of its dependencies were changed since the last visit
2020-12-28T12:38:48.737Z - info: Site data built
2020-12-28T12:38:48.737Z - info: Lazy website regeneration complete! Total build time: 1.947s
2020-12-28T12:38:58.921Z - info: Building C:\repos\nus-cs2103-AY2021S1\cs2103-website\admin\tp-w10 as some of its dependencies were changed since the last visit
2020-12-28T12:39:00.154Z - info: Site data built
2020-12-28T12:39:00.155Z - info: Lazy website regeneration complete! Total build time: 1.236s
2020-12-28T12:39:50.621Z - info: [8:39:50 PM] Reload for file change: C:\repos\nus-cs2103-AY2021S1\cs2103-website\admin\tp-tasks.mbdf
2020-12-28T12:39:51.626Z - info: Rebuilding 1 pages
2020-12-28T12:39:53.090Z - info: Site data built
2020-12-28T12:39:53.090Z - info: Pages rebuilt
2020-12-28T12:39:53.091Z - info: Website regeneration complete! Total build time: 1.466s
2020-12-28T12:40:32.768Z - info: [8:40:32 PM] Reload for file change: C:\repos\nus-cs2103-AY2021S1\cs2103-website\admin\tp-tasks.mbdf
2020-12-28T12:40:33.781Z - info: Rebuilding 1 pages
2020-12-28T12:40:35.476Z - info: Site data built
2020-12-28T12:40:35.476Z - info: Pages rebuilt
2020-12-28T12:40:35.476Z - info: Website regeneration complete! Total build time: 1.699s
2020-12-28T12:45:55.953Z - info: [8:45:55 PM] Reload for file change: C:\repos\nus-cs2103-AY2021S1\cs2103-website\admin\tp-tasks.mbdf
2020-12-28T12:45:55.975Z - info: [8:45:55 PM] Reload for file change: C:\repos\nus-cs2103-AY2021S1\cs2103-website\admin\tp-timeline.md
2020-12-28T12:45:56.976Z - info: Rebuilding 1 pages
2020-12-28T12:45:56.988Z - info: Assets built
2020-12-28T12:45:58.647Z - info: Site data built
2020-12-28T12:45:58.648Z - info: Pages rebuilt
2020-12-28T12:45:58.648Z - info: Website regeneration complete! Total build time: 1.681s
2020-12-28T12:46:03.422Z - info: Building C:\repos\nus-cs2103-AY2021S1\cs2103-website\admin\tp-timeline as some of its dependencies were changed since the last visit
2020-12-28T12:46:03.864Z - info: Site data built
2020-12-28T12:46:03.864Z - info: Lazy website regeneration complete! Total build time: 0.443s
2020-12-28T12:46:06.679Z - debug:  
2020-12-28T12:46:06.680Z - debug:  
2020-12-28T12:51:46.554Z - info: [8:51:46 PM] Reload for file change: C:\repos\nus-cs2103-AY2021S1\cs2103-website\admin\tp-timeline.md
2020-12-28T12:51:47.563Z - info: Rebuilding 1 pages
2020-12-28T12:51:48.951Z - info: Site data built
2020-12-28T12:51:48.951Z - info: Pages rebuilt
2020-12-28T12:51:48.951Z - info: Website regeneration complete! Total build time: 1.393s
2020-12-28T12:51:51.415Z - debug:  
2020-12-28T12:51:51.438Z - debug:  
2020-12-28T12:57:24.135Z - info: Building C:\repos\nus-cs2103-AY2021S1\cs2103-website\admin\tp-deliverables as some of its dependencies were changed since the last visit
2020-12-28T12:57:24.907Z - info: Site data built
2020-12-28T12:57:24.907Z - info: Lazy website regeneration complete! Total build time: 0.773s
2020-12-28T12:59:30.274Z - info: [8:59:30 PM] Reload for file change: C:\repos\nus-cs2103-AY2021S1\cs2103-website\admin\tp-deliverables-dg.mbdf
2020-12-28T12:59:31.284Z - info: Rebuilding 1 pages
2020-12-28T12:59:32.073Z - info: Site data built
2020-12-28T12:59:32.073Z - info: Pages rebuilt
2020-12-28T12:59:32.073Z - info: Website regeneration complete! Total build time: 0.794s
2020-12-28T13:02:59.445Z - info: [9:02:59 PM] Reload for file change: C:\repos\nus-cs2103-AY2021S1\cs2103-website\admin\tp-deliverables-dg.mbdf
2020-12-28T13:03:00.451Z - info: Rebuilding 1 pages
2020-12-28T13:03:01.424Z - info: Site data built
2020-12-28T13:03:01.425Z - info: Pages rebuilt
2020-12-28T13:03:01.425Z - info: Website regeneration complete! Total build time: 0.975s
2020-12-28T13:04:44.315Z - info: [9:04:44 PM] Reload for file change: C:\repos\nus-cs2103-AY2021S1\cs2103-website\admin\tp-deliverables-dg.mbdf
2020-12-28T13:04:45.320Z - info: Rebuilding 1 pages
2020-12-28T13:04:45.994Z - info: Site data built
2020-12-28T13:04:45.995Z - info: Pages rebuilt
2020-12-28T13:04:45.995Z - info: Website regeneration complete! Total build time: 0.68s
2020-12-28T13:05:27.707Z - info: Building C:\repos\nus-cs2103-AY2021S1\cs2103-website\admin\tp-pe as some of its dependencies were changed since the last visit
2020-12-28T13:05:29.697Z - info: Site data built
2020-12-28T13:05:29.698Z - info: Lazy website regeneration complete! Total build time: 1.992s
2020-12-28T13:10:15.218Z - info: [9:10:15 PM] Reload for file change: C:\repos\nus-cs2103-AY2021S1\cs2103-website\admin\tp-ped.mbdf
2020-12-28T13:10:16.228Z - info: Rebuilding 1 pages
2020-12-28T13:10:18.409Z - info: Site data built
2020-12-28T13:10:18.410Z - info: Pages rebuilt
2020-12-28T13:10:18.410Z - info: Website regeneration complete! Total build time: 2.184s
2020-12-28T13:10:36.825Z - info: [9:10:36 PM] Reload for file change: C:\repos\nus-cs2103-AY2021S1\cs2103-website\admin\tp-ped.mbdf
2020-12-28T13:10:37.841Z - info: Rebuilding 1 pages
2020-12-28T13:10:39.580Z - info: Site data built
2020-12-28T13:10:39.581Z - info: Pages rebuilt
2020-12-28T13:10:39.581Z - info: Website regeneration complete! Total build time: 1.743s
2020-12-28T13:11:08.171Z - info: [9:11:08 PM] Reload for file change: C:\repos\nus-cs2103-AY2021S1\cs2103-website\admin\tp-ped.mbdf
2020-12-28T13:11:09.177Z - info: Rebuilding 1 pages
2020-12-28T13:11:10.948Z - info: Site data built
2020-12-28T13:11:10.949Z - info: Pages rebuilt
2020-12-28T13:11:10.949Z - info: Website regeneration complete! Total build time: 1.774s
2020-12-28T13:12:40.140Z - info: [9:12:40 PM] Reload for file change: C:\repos\nus-cs2103-AY2021S1\cs2103-website\admin\tp-ped.mbdf
2020-12-28T13:12:41.144Z - info: Rebuilding 1 pages
2020-12-28T13:12:42.559Z - info: Site data built
2020-12-28T13:12:42.559Z - info: Pages rebuilt
2020-12-28T13:12:42.560Z - info: Website regeneration complete! Total build time: 1.418s
2020-12-28T13:13:01.378Z - info: [9:13:01 PM] Reload for file change: C:\repos\nus-cs2103-AY2021S1\cs2103-website\admin\tp-ped.mbdf
2020-12-28T13:13:02.392Z - info: Rebuilding 1 pages
2020-12-28T13:13:03.916Z - info: Site data built
2020-12-28T13:13:03.916Z - info: Pages rebuilt
2020-12-28T13:13:03.916Z - info: Website regeneration complete! Total build time: 1.528s
2020-12-28T13:17:32.824Z - info: Building C:\repos\nus-cs2103-AY2021S1\cs2103-website\admin\tp-w12 as some of its dependencies were changed since the last visit
2020-12-28T13:17:35.250Z - info: Site data built
2020-12-28T13:17:35.251Z - info: Lazy website regeneration complete! Total build time: 2.428s
2020-12-28T13:20:47.290Z - info: [9:20:47 PM] Reload for file change: C:\repos\nus-cs2103-AY2021S1\cs2103-website\admin\tp-tasks.mbdf
2020-12-28T13:20:48.305Z - info: Rebuilding 1 pages
2020-12-28T13:20:50.780Z - info: Site data built
2020-12-28T13:20:50.783Z - info: Pages rebuilt
2020-12-28T13:20:50.783Z - info: Website regeneration complete! Total build time: 2.481s
2020-12-28T13:21:29.507Z - info: [9:21:29 PM] Reload for file change: C:\repos\nus-cs2103-AY2021S1\cs2103-website\admin\tp-tasks.mbdf
2020-12-28T13:21:30.515Z - info: Rebuilding 1 pages
2020-12-28T13:21:33.140Z - info: Site data built
2020-12-28T13:21:33.143Z - info: Pages rebuilt
2020-12-28T13:21:33.143Z - info: Website regeneration complete! Total build time: 2.631s
2020-12-28T13:24:55.111Z - info: [9:24:55 PM] Reload for file change: C:\repos\nus-cs2103-AY2021S1\cs2103-website\admin\tp-ped.mbdf
2020-12-28T13:24:56.115Z - info: Rebuilding 1 pages
2020-12-28T13:24:58.598Z - info: Site data built
2020-12-28T13:24:58.601Z - info: Pages rebuilt
2020-12-28T13:24:58.601Z - info: Website regeneration complete! Total build time: 2.489s
2020-12-28T13:25:14.018Z - info: [9:25:14 PM] Reload for file change: C:\repos\nus-cs2103-AY2021S1\cs2103-website\admin\tp-ped.mbdf
2020-12-28T13:25:15.033Z - info: Rebuilding 1 pages
2020-12-28T13:25:17.509Z - info: Site data built
2020-12-28T13:25:17.512Z - info: Pages rebuilt
2020-12-28T13:25:17.512Z - info: Website regeneration complete! Total build time: 2.482s
2020-12-28T13:29:48.968Z - info: [9:29:48 PM] Reload for file change: C:\repos\nus-cs2103-AY2021S1\cs2103-website\admin\tp-ped.mbdf
2020-12-28T13:29:49.991Z - info: Rebuilding 1 pages
2020-12-28T13:29:53.280Z - info: Site data built
2020-12-28T13:29:53.280Z - info: Pages rebuilt
2020-12-28T13:29:53.281Z - info: Website regeneration complete! Total build time: 3.295s
2020-12-28T13:30:26.305Z - info: [9:30:26 PM] Reload for file change: C:\repos\nus-cs2103-AY2021S1\cs2103-website\admin\tp-ped.mbdf
2020-12-28T13:30:27.323Z - info: Rebuilding 1 pages
2020-12-28T13:30:30.644Z - info: Site data built
2020-12-28T13:30:30.648Z - info: Pages rebuilt
2020-12-28T13:30:30.648Z - info: Website regeneration complete! Total build time: 3.329s
2020-12-28T13:30:37.754Z - info: [9:30:37 PM] Reload for file change: C:\repos\nus-cs2103-AY2021S1\cs2103-website\admin\tp-ped.mbdf
2020-12-28T13:30:38.773Z - info: Rebuilding 1 pages
2020-12-28T13:30:41.111Z - info: Site data built
2020-12-28T13:30:41.114Z - info: Pages rebuilt
2020-12-28T13:30:41.114Z - info: Website regeneration complete! Total build time: 2.345s
2020-12-28T13:31:17.791Z - info: [9:31:17 PM] Reload for file change: C:\repos\nus-cs2103-AY2021S1\cs2103-website\admin\tp-ped.mbdf
2020-12-28T13:31:18.800Z - info: Rebuilding 1 pages
2020-12-28T13:31:21.775Z - info: Site data built
2020-12-28T13:31:21.778Z - info: Pages rebuilt
2020-12-28T13:31:21.779Z - info: Website regeneration complete! Total build time: 2.982s
2020-12-28T13:31:34.353Z - info: [9:31:34 PM] Reload for file change: C:\repos\nus-cs2103-AY2021S1\cs2103-website\admin\tp-ped.mbdf
2020-12-28T13:31:35.365Z - info: Rebuilding 1 pages
2020-12-28T13:31:37.777Z - info: Site data built
2020-12-28T13:31:37.782Z - info: Pages rebuilt
2020-12-28T13:31:37.782Z - info: Website regeneration complete! Total build time: 2.422s
2020-12-28T13:31:48.591Z - info: [9:31:48 PM] Reload for file change: C:\repos\nus-cs2103-AY2021S1\cs2103-website\admin\tp-ped.mbdf
2020-12-28T13:31:49.602Z - info: Rebuilding 1 pages
2020-12-28T13:31:51.955Z - info: Site data built
2020-12-28T13:31:51.956Z - info: Pages rebuilt
2020-12-28T13:31:51.956Z - info: Website regeneration complete! Total build time: 2.355s
2020-12-28T13:36:29.453Z - info: Building C:\repos\nus-cs2103-AY2021S1\cs2103-website\admin\tutorials as some of its dependencies were changed since the last visit
2020-12-28T13:36:30.017Z - info: Site data built
2020-12-28T13:36:30.017Z - info: Lazy website regeneration complete! Total build time: 0.567s
2020-12-28T13:39:00.725Z - info: [9:39:00 PM] Reload for file change: C:\repos\nus-cs2103-AY2021S1\cs2103-website\admin\tutorials.md
2020-12-28T13:39:01.738Z - info: Rebuilding 1 pages
2020-12-28T13:39:02.213Z - info: Site data built
2020-12-28T13:39:02.213Z - info: Pages rebuilt
2020-12-28T13:39:02.214Z - info: Website regeneration complete! Total build time: 0.481s
2020-12-28T13:39:21.700Z - info: [9:39:21 PM] Reload for file change: C:\repos\nus-cs2103-AY2021S1\cs2103-website\admin\tutorials.md
2020-12-28T13:39:22.708Z - info: Rebuilding 1 pages
2020-12-28T13:39:23.103Z - info: Site data built
2020-12-28T13:39:23.105Z - info: Pages rebuilt
2020-12-28T13:39:23.105Z - info: Website regeneration complete! Total build time: 0.4s
2020-12-28T13:40:02.202Z - info: [9:40:02 PM] Reload for file change: C:\repos\nus-cs2103-AY2021S1\cs2103-website\admin\tutorials.md
2020-12-28T13:40:03.219Z - info: Rebuilding 1 pages
2020-12-28T13:40:03.625Z - info: Site data built
2020-12-28T13:40:03.625Z - info: Pages rebuilt
2020-12-28T13:40:03.626Z - info: Website regeneration complete! Total build time: 0.408s
2020-12-28T13:42:45.093Z - info: [9:42:45 PM] Reload for file change: C:\repos\nus-cs2103-AY2021S1\cs2103-website\admin\tutorials.md
2020-12-28T13:42:46.100Z - info: Rebuilding 1 pages
2020-12-28T13:42:46.445Z - info: Site data built
2020-12-28T13:42:46.445Z - info: Pages rebuilt
2020-12-28T13:42:46.445Z - info: Website regeneration complete! Total build time: 0.348s
2020-12-28T13:50:39.835Z - info: [9:50:39 PM] Reload for file change: C:\repos\nus-cs2103-AY2021S1\cs2103-website\admin\tutorials.md
2020-12-28T13:50:40.840Z - info: Rebuilding 1 pages
2020-12-28T13:50:41.222Z - info: Site data built
2020-12-28T13:50:41.223Z - info: Pages rebuilt
2020-12-28T13:50:41.223Z - info: Website regeneration complete! Total build time: 0.385s
2020-12-28T13:50:53.187Z - info: [9:50:53 PM] Reload for file change: C:\repos\nus-cs2103-AY2021S1\cs2103-website\admin\tutorials.md
2020-12-28T13:50:54.208Z - info: Rebuilding 1 pages
2020-12-28T13:50:54.596Z - info: Site data built
2020-12-28T13:50:54.596Z - info: Pages rebuilt
2020-12-28T13:50:54.596Z - info: Website regeneration complete! Total build time: 0.391s
2020-12-28T13:51:43.024Z - info: [9:51:43 PM] Reload for file change: C:\repos\nus-cs2103-AY2021S1\cs2103-website\admin\tutorials.md
2020-12-28T13:51:44.049Z - info: Rebuilding 1 pages
2020-12-28T13:51:44.440Z - info: Site data built
2020-12-28T13:51:44.441Z - info: Pages rebuilt
2020-12-28T13:51:44.441Z - info: Website regeneration complete! Total build time: 0.395s
2020-12-28T13:51:56.599Z - info: [9:51:56 PM] Reload for file change: C:\repos\nus-cs2103-AY2021S1\cs2103-website\admin\tutorials.md
2020-12-28T13:51:57.602Z - info: Rebuilding 1 pages
2020-12-28T13:51:57.916Z - info: Site data built
2020-12-28T13:51:57.916Z - info: Pages rebuilt
2020-12-28T13:51:57.916Z - info: Website regeneration complete! Total build time: 0.316s
2020-12-28T13:54:27.244Z - info: [9:54:27 PM] Reload for file change: C:\repos\nus-cs2103-AY2021S1\cs2103-website\admin\tutorials.md
2020-12-28T13:54:28.254Z - info: Rebuilding 1 pages
2020-12-28T13:54:28.642Z - info: Site data built
2020-12-28T13:54:28.642Z - info: Pages rebuilt
2020-12-28T13:54:28.643Z - info: Website regeneration complete! Total build time: 0.393s
2020-12-28T14:31:16.307Z - info: [10:31:16 PM] Reload for file change: C:\repos\nus-cs2103-AY2021S1\cs2103-website\admin\tutorials.md
2020-12-28T14:31:17.330Z - info: Rebuilding 1 pages
2020-12-28T14:31:18.054Z - info: Site data built
2020-12-28T14:31:18.055Z - info: Pages rebuilt
2020-12-28T14:31:18.055Z - info: Website regeneration complete! Total build time: 0.737s
2020-12-28T14:31:47.754Z - info: [10:31:47 PM] Reload for file change: C:\repos\nus-cs2103-AY2021S1\cs2103-website\admin\tutorials.md
2020-12-28T14:31:48.757Z - info: Rebuilding 1 pages
2020-12-28T14:31:49.213Z - info: Site data built
2020-12-28T14:31:49.215Z - info: Pages rebuilt
2020-12-28T14:31:49.215Z - info: Website regeneration complete! Total build time: 0.459s
2020-12-28T14:50:53.717Z - info: Building C:\repos\nus-cs2103-AY2021S1\cs2103-website\schedule\timeline as some of its dependencies were changed since the last visit
2020-12-28T14:51:01.421Z - info: Site data built
2020-12-28T14:51:01.423Z - info: Lazy website regeneration complete! Total build time: 7.714s
2020-12-28T14:57:31.239Z - info: Building C:\repos\nus-cs2103-AY2021S1\cs2103-website\schedule\week3\project as some of its dependencies were changed since the last visit
2020-12-28T14:57:32.937Z - info: Site data built
2020-12-28T14:57:32.937Z - info: Lazy website regeneration complete! Total build time: 1.699s
2020-12-28T14:58:36.567Z - info: [10:58:36 PM] Reload for file change: C:\repos\nus-cs2103-AY2021S1\cs2103-website\admin\ip-tasks.mbdf
2020-12-28T14:58:37.578Z - info: Rebuilding 1 pages
2020-12-28T14:58:39.367Z - info: Site data built
2020-12-28T14:58:39.367Z - info: Pages rebuilt
2020-12-28T14:58:39.367Z - info: Website regeneration complete! Total build time: 1.794s
2020-12-28T14:58:49.054Z - info: [10:58:49 PM] Reload for file change: C:\repos\nus-cs2103-AY2021S1\cs2103-website\admin\ip-tasks.mbdf
2020-12-28T14:58:50.061Z - info: Rebuilding 1 pages
2020-12-28T14:58:51.360Z - info: Site data built
2020-12-28T14:58:51.361Z - info: Pages rebuilt
2020-12-28T14:58:51.361Z - info: Website regeneration complete! Total build time: 1.302s
2020-12-28T14:59:55.049Z - info: [10:59:55 PM] Reload for file change: C:\repos\nus-cs2103-AY2021S1\cs2103-website\admin\ip-tasks.mbdf
2020-12-28T14:59:56.055Z - info: Rebuilding 1 pages
2020-12-28T14:59:57.772Z - info: Site data built
2020-12-28T14:59:57.773Z - info: Pages rebuilt
2020-12-28T14:59:57.773Z - info: Website regeneration complete! Total build time: 1.72s
2020-12-28T15:01:52.123Z - info: [11:01:52 PM] Reload for file change: C:\repos\nus-cs2103-AY2021S1\cs2103-website\admin\ip-tasks.mbdf
2020-12-28T15:01:53.143Z - info: Rebuilding 1 pages
2020-12-28T15:01:55.226Z - info: Site data built
2020-12-28T15:01:55.227Z - info: Pages rebuilt
2020-12-28T15:01:55.227Z - info: Website regeneration complete! Total build time: 2.091s
2020-12-28T15:03:46.271Z - info: [11:03:46 PM] Reload for file change: C:\repos\nus-cs2103-AY2021S1\cs2103-website\admin\ip-tasks.mbdf
2020-12-28T15:03:47.286Z - info: Rebuilding 1 pages
2020-12-28T15:03:49.229Z - info: Site data built
2020-12-28T15:03:49.230Z - info: Pages rebuilt
2020-12-28T15:03:49.230Z - info: Website regeneration complete! Total build time: 1.946s
2020-12-28T15:12:33.567Z - info: [11:12:33 PM] Reload for file change: C:\repos\nus-cs2103-AY2021S1\cs2103-website\admin\ip-tasks.mbdf
2020-12-28T15:12:34.594Z - info: Rebuilding 1 pages
2020-12-28T15:12:36.595Z - info: Site data built
2020-12-28T15:12:36.596Z - info: Pages rebuilt
2020-12-28T15:12:36.596Z - info: Website regeneration complete! Total build time: 2.016s
2020-12-28T15:14:35.739Z - info: [11:14:35 PM] Reload for file change: C:\repos\nus-cs2103-AY2021S1\cs2103-website\admin\ip-tasks.mbdf
2020-12-28T15:14:36.754Z - info: Rebuilding 1 pages
2020-12-28T15:14:38.576Z - info: Site data built
2020-12-28T15:14:38.576Z - info: Pages rebuilt
2020-12-28T15:14:38.576Z - info: Website regeneration complete! Total build time: 1.829s
2020-12-28T15:14:54.846Z - info: [11:14:54 PM] Reload for file change: C:\repos\nus-cs2103-AY2021S1\cs2103-website\admin\ip-tasks.mbdf
2020-12-28T15:14:55.855Z - info: Rebuilding 1 pages
2020-12-28T15:14:57.258Z - info: Site data built
2020-12-28T15:14:57.259Z - info: Pages rebuilt
2020-12-28T15:14:57.259Z - info: Website regeneration complete! Total build time: 1.408s
2020-12-28T15:16:47.581Z - info: [11:16:47 PM] Reload for file change: C:\repos\nus-cs2103-AY2021S1\cs2103-website\admin\ip-tasks.mbdf
2020-12-28T15:16:48.586Z - info: Rebuilding 1 pages
2020-12-28T15:16:50.712Z - info: Site data built
2020-12-28T15:16:50.713Z - info: Pages rebuilt
2020-12-28T15:16:50.713Z - info: Website regeneration complete! Total build time: 2.129s
2020-12-28T15:18:43.655Z - info: [11:18:43 PM] Reload for file change: C:\repos\nus-cs2103-AY2021S1\cs2103-website\admin\ip-tasks.mbdf
2020-12-28T15:18:44.664Z - info: Rebuilding 1 pages
2020-12-28T15:18:46.585Z - info: Site data built
2020-12-28T15:18:46.585Z - info: Pages rebuilt
2020-12-28T15:18:46.585Z - info: Website regeneration complete! Total build time: 1.924s
2020-12-28T15:19:01.506Z - info: [11:19:01 PM] Reload for file change: C:\repos\nus-cs2103-AY2021S1\cs2103-website\admin\ip-tasks.mbdf
2020-12-28T15:19:02.509Z - info: Rebuilding 1 pages
2020-12-28T15:19:04.103Z - info: Site data built
2020-12-28T15:19:04.103Z - info: Pages rebuilt
2020-12-28T15:19:04.103Z - info: Website regeneration complete! Total build time: 1.596s
2020-12-28T15:21:29.375Z - info: [11:21:29 PM] Reload for file change: C:\repos\nus-cs2103-AY2021S1\cs2103-website\admin\ip-tasks.mbdf
2020-12-28T15:21:30.393Z - info: Rebuilding 1 pages
2020-12-28T15:21:32.414Z - info: Site data built
2020-12-28T15:21:32.415Z - info: Pages rebuilt
2020-12-28T15:21:32.415Z - info: Website regeneration complete! Total build time: 2.023s
2020-12-28T15:22:58.803Z - info: [11:22:58 PM] Reload for file change: C:\repos\nus-cs2103-AY2021S1\cs2103-website\admin\ip-tasks.mbdf
2020-12-28T15:22:59.828Z - info: Rebuilding 1 pages
2020-12-28T15:23:01.873Z - info: Site data built
2020-12-28T15:23:01.874Z - info: Pages rebuilt
2020-12-28T15:23:01.874Z - info: Website regeneration complete! Total build time: 2.055s
2020-12-28T15:43:50.083Z - info: Building C:\repos\nus-cs2103-AY2021S1\cs2103-website\admin\index as some of its dependencies were changed since the last visit
2020-12-28T15:43:51.284Z - info: Site data built
2020-12-28T15:43:51.284Z - info: Lazy website regeneration complete! Total build time: 1.213s
2020-12-28T15:43:57.177Z - info: Building C:\repos\nus-cs2103-AY2021S1\cs2103-website\admin\tp-pe as some of its dependencies were changed since the last visit
2020-12-28T15:43:58.819Z - info: Site data built
2020-12-28T15:43:58.819Z - info: Lazy website regeneration complete! Total build time: 1.643s
2020-12-28T15:44:54.477Z - info: [11:44:54 PM] Reload for file change: C:\repos\nus-cs2103-AY2021S1\cs2103-website\admin\tp-ped.mbdf
2020-12-28T15:44:55.491Z - info: Rebuilding 1 pages
2020-12-28T15:44:57.714Z - info: Site data built
2020-12-28T15:44:57.715Z - info: Pages rebuilt
2020-12-28T15:44:57.715Z - info: Website regeneration complete! Total build time: 2.225s
2020-12-28T15:46:23.259Z - info: [11:46:23 PM] Reload for file change: C:\repos\nus-cs2103-AY2021S1\cs2103-website\admin\tp-ped.mbdf
2020-12-28T15:46:24.273Z - info: Rebuilding 1 pages
2020-12-28T15:46:26.175Z - info: Site data built
2020-12-28T15:46:26.178Z - info: Pages rebuilt
2020-12-28T15:46:26.179Z - info: Website regeneration complete! Total build time: 1.91s
2020-12-28T15:46:42.866Z - info: [11:46:42 PM] Reload for file change: C:\repos\nus-cs2103-AY2021S1\cs2103-website\admin\tp-ped.mbdf
2020-12-28T15:46:43.872Z - info: Rebuilding 1 pages
2020-12-28T15:46:45.446Z - info: Site data built
2020-12-28T15:46:45.447Z - info: Pages rebuilt
2020-12-28T15:46:45.448Z - info: Website regeneration complete! Total build time: 1.576s
2020-12-28T15:47:58.046Z - info: [11:47:58 PM] Reload for file change: C:\repos\nus-cs2103-AY2021S1\cs2103-website\admin\tp-ped.mbdf
2020-12-28T15:47:59.062Z - info: Rebuilding 1 pages
2020-12-28T15:48:00.976Z - info: Site data built
2020-12-28T15:48:00.977Z - info: Pages rebuilt
2020-12-28T15:48:00.977Z - info: Website regeneration complete! Total build time: 1.919s
2020-12-28T15:48:13.209Z - info: [11:48:13 PM] Reload for file change: C:\repos\nus-cs2103-AY2021S1\cs2103-website\admin\tp-ped.mbdf
2020-12-28T15:48:14.234Z - info: Rebuilding 1 pages
2020-12-28T15:48:15.669Z - info: Site data built
2020-12-28T15:48:15.670Z - info: Pages rebuilt
2020-12-28T15:48:15.670Z - info: Website regeneration complete! Total build time: 1.437s
2020-12-28T15:50:15.852Z - info: [11:50:15 PM] Reload for file change: C:\repos\nus-cs2103-AY2021S1\cs2103-website\admin\tp-ped.mbdf
2020-12-28T15:50:16.862Z - info: Rebuilding 1 pages
2020-12-28T15:50:18.797Z - info: Site data built
2020-12-28T15:50:18.799Z - info: Pages rebuilt
2020-12-28T15:50:18.799Z - info: Website regeneration complete! Total build time: 1.939s
2020-12-28T15:51:12.644Z - info: [11:51:12 PM] Reload for file change: C:\repos\nus-cs2103-AY2021S1\cs2103-website\admin\tp-ped.mbdf
2020-12-28T15:51:13.662Z - info: Rebuilding 1 pages
2020-12-28T15:51:15.521Z - info: Site data built
2020-12-28T15:51:15.522Z - info: Pages rebuilt
2020-12-28T15:51:15.522Z - info: Website regeneration complete! Total build time: 1.864s
2020-12-28T15:54:28.200Z - info: [11:54:28 PM] Reload for file change: C:\repos\nus-cs2103-AY2021S1\cs2103-website\admin\tp-ped.mbdf
2020-12-28T15:54:29.210Z - info: Rebuilding 1 pages
2020-12-28T15:54:32.643Z - info: Site data built
2020-12-28T15:54:32.700Z - info: Pages rebuilt
2020-12-28T15:54:32.700Z - info: Website regeneration complete! Total build time: 3.494s
