2021-04-14T16:20:00.124Z - info: Website generation (lazy) started at 12:19:50 AM
2021-04-14T16:20:12.190Z - info: Building assets...
2021-04-14T16:20:19.491Z - info: Assets built
2021-04-14T16:20:19.492Z - info: Generating landing page...
2021-04-14T16:20:20.892Z - info: Landing page built, other pages will be built as you navigate to them!
2021-04-14T16:20:21.608Z - info: Site data built
2021-04-14T16:20:21.608Z - info: Website generation (lazy) complete! Total build time: 31.153s
2021-04-14T16:20:22.783Z - info: Serving "C:\repos\nus-cs2103-AY2021S1\cs2103-website\_site" at http://127.0.0.1:8080
2021-04-14T16:20:22.783Z - info: Press CTRL+C to stop ...
2021-04-14T16:21:05.119Z - info: Building C:\repos\nus-cs2103-AY2021S1\cs2103-website\admin\index as some of its dependencies were changed since the last visit
2021-04-14T16:21:05.854Z - info: Site data built
2021-04-14T16:21:05.854Z - info: Lazy website regeneration complete! Total build time: 0.736s
2021-04-14T16:21:16.450Z - info: Building C:\repos\nus-cs2103-AY2021S1\cs2103-website\admin\tp-pe as some of its dependencies were changed since the last visit
2021-04-14T16:21:18.728Z - info: Site data built
2021-04-14T16:21:18.729Z - info: Lazy website regeneration complete! Total build time: 2.279s
2021-04-14T16:22:06.982Z - info: [12:22:06 AM] Reload for file change: C:\repos\nus-cs2103-AY2021S1\cs2103-website\admin\tp-pe.mbdf
2021-04-14T16:22:07.988Z - info: Rebuilding 1 pages
2021-04-14T16:22:10.571Z - info: Site data built
2021-04-14T16:22:10.572Z - info: Pages rebuilt
2021-04-14T16:22:10.572Z - info: Website regeneration complete! Total build time: 2.586s
2021-04-14T16:24:04.652Z - info: [12:24:04 AM] Reload for file change: C:\repos\nus-cs2103-AY2021S1\cs2103-website\admin\tp-pe.mbdf
2021-04-14T16:24:05.658Z - info: Rebuilding 1 pages
2021-04-14T16:24:08.102Z - info: Site data built
2021-04-14T16:24:08.112Z - info: Pages rebuilt
2021-04-14T16:24:08.112Z - info: Website regeneration complete! Total build time: 2.456s
2021-04-14T16:26:44.452Z - info: [12:26:44 AM] Reload for file change: C:\repos\nus-cs2103-AY2021S1\cs2103-website\admin\tp-ped.mbdf
2021-04-14T16:26:45.471Z - info: Rebuilding 1 pages
2021-04-14T16:26:47.468Z - info: Site data built
2021-04-14T16:26:47.470Z - info: Pages rebuilt
2021-04-14T16:26:47.470Z - info: Website regeneration complete! Total build time: 2.001s
2021-04-14T16:29:41.129Z - info: [12:29:41 AM] Reload for file change: C:\repos\nus-cs2103-AY2021S1\cs2103-website\admin\tp-ped.mbdf
2021-04-14T16:29:42.139Z - info: Rebuilding 1 pages
2021-04-14T16:29:44.426Z - info: Site data built
2021-04-14T16:29:44.428Z - info: Pages rebuilt
2021-04-14T16:29:44.428Z - info: Website regeneration complete! Total build time: 2.293s
2021-04-14T16:30:31.961Z - info: Website generation started at 12:30:28 AM
2021-04-14T16:30:42.231Z - info: Building assets...
2021-04-14T16:30:54.003Z - info: Assets built
2021-04-14T16:30:54.004Z - info: Generating pages...
2021-04-14T16:31:22.019Z - debug:  
2021-04-14T16:31:22.019Z - debug:  
2021-04-14T16:31:22.020Z - debug:  
2021-04-14T16:31:22.020Z - debug:  
2021-04-14T16:31:22.020Z - debug:  
2021-04-14T16:31:23.584Z - debug:  
2021-04-14T16:32:03.798Z - warn: You might have an invalid intra-link! Ignore this warning if it was intended.
'/website/book/about/usage.html' found in file 'C:\repos\nus-cs2103-AY2021S1\cs2103-website\book\index.md'
2021-04-14T16:32:03.801Z - warn: You might have an invalid intra-link! Ignore this warning if it was intended.
'/website/book/softwareEngineering/print.html' found in file 'C:\repos\nus-cs2103-AY2021S1\cs2103-website\book\index.md'
2021-04-14T16:32:03.802Z - warn: You might have an invalid intra-link! Ignore this warning if it was intended.
'/website/book/oop/print.html' found in file 'C:\repos\nus-cs2103-AY2021S1\cs2103-website\book\index.md'
2021-04-14T16:32:03.804Z - warn: You might have an invalid intra-link! Ignore this warning if it was intended.
'/website/book/requirements/print.html' found in file 'C:\repos\nus-cs2103-AY2021S1\cs2103-website\book\index.md'
2021-04-14T16:32:03.805Z - warn: You might have an invalid intra-link! Ignore this warning if it was intended.
'/website/book/gatheringRequirements/print.html' found in file 'C:\repos\nus-cs2103-AY2021S1\cs2103-website\book\index.md'
2021-04-14T16:32:03.806Z - warn: You might have an invalid intra-link! Ignore this warning if it was intended.
'/website/book/specifyingRequirements/print.html' found in file 'C:\repos\nus-cs2103-AY2021S1\cs2103-website\book\index.md'
2021-04-14T16:32:03.808Z - warn: You might have an invalid intra-link! Ignore this warning if it was intended.
'/website/book/design/print.html' found in file 'C:\repos\nus-cs2103-AY2021S1\cs2103-website\book\index.md'
2021-04-14T16:32:03.809Z - warn: You might have an invalid intra-link! Ignore this warning if it was intended.
'/website/book/designFundamentals/print.html' found in file 'C:\repos\nus-cs2103-AY2021S1\cs2103-website\book\index.md'
2021-04-14T16:32:03.810Z - warn: You might have an invalid intra-link! Ignore this warning if it was intended.
'/website/book/modeling/print.html' found in file 'C:\repos\nus-cs2103-AY2021S1\cs2103-website\book\index.md'
2021-04-14T16:32:03.811Z - warn: You might have an invalid intra-link! Ignore this warning if it was intended.
'/website/book/architecture/print.html' found in file 'C:\repos\nus-cs2103-AY2021S1\cs2103-website\book\index.md'
2021-04-14T16:32:03.811Z - warn: You might have an invalid intra-link! Ignore this warning if it was intended.
'/website/book/designPatterns/print.html' found in file 'C:\repos\nus-cs2103-AY2021S1\cs2103-website\book\index.md'
2021-04-14T16:32:03.812Z - warn: You might have an invalid intra-link! Ignore this warning if it was intended.
'/website/book/designApproaches/print.html' found in file 'C:\repos\nus-cs2103-AY2021S1\cs2103-website\book\index.md'
2021-04-14T16:32:03.813Z - warn: You might have an invalid intra-link! Ignore this warning if it was intended.
'/website/book/ides/print.html' found in file 'C:\repos\nus-cs2103-AY2021S1\cs2103-website\book\index.md'
2021-04-14T16:32:03.814Z - warn: You might have an invalid intra-link! Ignore this warning if it was intended.
'/website/book/codeQuality/print.html' found in file 'C:\repos\nus-cs2103-AY2021S1\cs2103-website\book\index.md'
2021-04-14T16:32:03.814Z - warn: You might have an invalid intra-link! Ignore this warning if it was intended.
'/website/book/refactoring/print.html' found in file 'C:\repos\nus-cs2103-AY2021S1\cs2103-website\book\index.md'
2021-04-14T16:32:03.815Z - warn: You might have an invalid intra-link! Ignore this warning if it was intended.
'/website/book/documentation/print.html' found in file 'C:\repos\nus-cs2103-AY2021S1\cs2103-website\book\index.md'
2021-04-14T16:32:03.816Z - warn: You might have an invalid intra-link! Ignore this warning if it was intended.
'/website/book/errorHandling/print.html' found in file 'C:\repos\nus-cs2103-AY2021S1\cs2103-website\book\index.md'
2021-04-14T16:32:03.828Z - warn: You might have an invalid intra-link! Ignore this warning if it was intended.
'/website/book/integration/print.html' found in file 'C:\repos\nus-cs2103-AY2021S1\cs2103-website\book\index.md'
2021-04-14T16:32:03.829Z - warn: You might have an invalid intra-link! Ignore this warning if it was intended.
'/website/book/reuse/print.html' found in file 'C:\repos\nus-cs2103-AY2021S1\cs2103-website\book\index.md'
2021-04-14T16:32:03.830Z - warn: You might have an invalid intra-link! Ignore this warning if it was intended.
'/website/book/qualityAssurance/print.html' found in file 'C:\repos\nus-cs2103-AY2021S1\cs2103-website\book\index.md'
2021-04-14T16:32:03.830Z - warn: You might have an invalid intra-link! Ignore this warning if it was intended.
'/website/book/testing/print.html' found in file 'C:\repos\nus-cs2103-AY2021S1\cs2103-website\book\index.md'
2021-04-14T16:32:03.831Z - warn: You might have an invalid intra-link! Ignore this warning if it was intended.
'/website/book/testCaseDesign/print.html' found in file 'C:\repos\nus-cs2103-AY2021S1\cs2103-website\book\index.md'
2021-04-14T16:32:03.832Z - warn: You might have an invalid intra-link! Ignore this warning if it was intended.
'/website/book/revisionControl/print.html' found in file 'C:\repos\nus-cs2103-AY2021S1\cs2103-website\book\index.md'
2021-04-14T16:32:03.833Z - warn: You might have an invalid intra-link! Ignore this warning if it was intended.
'/website/book/projectPlanning/print.html' found in file 'C:\repos\nus-cs2103-AY2021S1\cs2103-website\book\index.md'
2021-04-14T16:32:03.833Z - warn: You might have an invalid intra-link! Ignore this warning if it was intended.
'/website/book/teamwork/print.html' found in file 'C:\repos\nus-cs2103-AY2021S1\cs2103-website\book\index.md'
2021-04-14T16:32:03.834Z - warn: You might have an invalid intra-link! Ignore this warning if it was intended.
'/website/book/processModels/print.html' found in file 'C:\repos\nus-cs2103-AY2021S1\cs2103-website\book\index.md'
2021-04-14T16:32:03.835Z - warn: You might have an invalid intra-link! Ignore this warning if it was intended.
'/website/book/uml/print.html' found in file 'C:\repos\nus-cs2103-AY2021S1\cs2103-website\book\index.md'
2021-04-14T16:32:03.836Z - warn: You might have an invalid intra-link! Ignore this warning if it was intended.
'/website/book/intellij/print.html' found in file 'C:\repos\nus-cs2103-AY2021S1\cs2103-website\book\index.md'
2021-04-14T16:32:03.836Z - warn: You might have an invalid intra-link! Ignore this warning if it was intended.
'/website/book/gitAndGithub/print.html' found in file 'C:\repos\nus-cs2103-AY2021S1\cs2103-website\book\index.md'
2021-04-14T16:32:03.837Z - warn: You might have an invalid intra-link! Ignore this warning if it was intended.
'/website/book/principles/print.html' found in file 'C:\repos\nus-cs2103-AY2021S1\cs2103-website\book\index.md'
2021-04-14T16:32:03.838Z - warn: You might have an invalid intra-link! Ignore this warning if it was intended.
'/website/book/cppToJava/print.html' found in file 'C:\repos\nus-cs2103-AY2021S1\cs2103-website\book\index.md'
2021-04-14T16:32:03.839Z - warn: You might have an invalid intra-link! Ignore this warning if it was intended.
'/website/book/common/definitions.html' found in file 'C:\repos\nus-cs2103-AY2021S1\cs2103-website\book\index.md'
2021-04-14T16:32:03.840Z - warn: You might have an invalid intra-link! Ignore this warning if it was intended.
'/website/book/common/references.html' found in file 'C:\repos\nus-cs2103-AY2021S1\cs2103-website\book\index.md'
2021-04-14T16:32:03.840Z - warn: You might have an invalid intra-link! Ignore this warning if it was intended.
'/website/book/common/outcomes.html' found in file 'C:\repos\nus-cs2103-AY2021S1\cs2103-website\book\index.md'
2021-04-14T16:32:03.841Z - warn: You might have an invalid intra-link! Ignore this warning if it was intended.
'/website/book/common/print.html' found in file 'C:\repos\nus-cs2103-AY2021S1\cs2103-website\book\index.md'
2021-04-14T16:34:18.821Z - debug:  
2021-04-14T16:34:34.556Z - debug:  
2021-04-14T16:34:34.557Z - debug:  
2021-04-14T16:34:46.066Z - info: Pages built
2021-04-14T16:34:46.736Z - info: Site data built
2021-04-14T16:34:46.736Z - info: Website generation complete! Total build time: 258.03s
2021-04-14T16:34:46.737Z - info: Build success!
2021-04-14T16:34:54.345Z - info: Deployed at https://nus-cs2103-ay2021s2.github.io/website!
2021-04-14T16:45:26.390Z - info: Website generation (lazy) started at 12:45:19 AM
2021-04-14T16:45:37.586Z - info: Building assets...
2021-04-14T16:45:44.294Z - info: Assets built
2021-04-14T16:45:44.295Z - info: Generating landing page...
2021-04-14T16:45:45.577Z - info: Landing page built, other pages will be built as you navigate to them!
2021-04-14T16:45:46.080Z - info: Site data built
2021-04-14T16:45:46.080Z - info: Website generation (lazy) complete! Total build time: 26.797s
2021-04-14T16:45:47.025Z - info: Serving "C:\repos\nus-cs2103-AY2021S1\cs2103-website\_site" at http://127.0.0.1:8080
2021-04-14T16:45:47.025Z - info: Press CTRL+C to stop ...
2021-04-14T16:46:09.589Z - info: Website generation started at 12:46:06 AM
2021-04-14T16:46:20.758Z - info: Building assets...
